<?xml version="1.0" encoding="UTF-8"?>
<!-- Generated by org.testng.reporters.JUnitXMLReporter -->
<testsuite ignored="0" hostname="Pratik" failures="0" tests="33" name="Default test" time="22.827" errors="0" timestamp="2025-03-18T14:49:17 IST">
  <testcase classname="Pays.posfinaltesting.BaseTest" name="@BeforeClass ConfigureAppium" time="22.4">
    <failure type="org.openqa.selenium.SessionNotCreatedException" message="Could not start a new session. Response code 500. Message: An unknown server-side error occurred while processing the command. Original error: Could not find a connected Android device in 20000ms 
Host info: host: &amp;apos;PRATIK&amp;apos;, ip: &amp;apos;192.168.0.234&amp;apos;
Build info: version: &amp;apos;4.29.0&amp;apos;, revision: &amp;apos;5fc1ec94cb&amp;apos;
System info: os.name: &amp;apos;Windows 11&amp;apos;, os.arch: &amp;apos;amd64&amp;apos;, os.version: &amp;apos;10.0&amp;apos;, java.version: &amp;apos;21.0.6&amp;apos;
Driver info: io.appium.java_client.android.AndroidDriver
Command: [null, newSession {capabilities=[Capabilities {appium:app: E:\EclipseWorkspace\Framewo..., appium:appActivity: com.pays.pos.ui.activities...., appium:appPackage: com.pays.pos, appium:autoGrantPermissions: true, appium:automationName: UIAutomator2, appium:deviceName: LANDI C20pro, appium:newCommandTimeout: 300, platformName: ANDROID}]}]
Capabilities {appium:app: E:\EclipseWorkspace\Framewo..., appium:appActivity: com.pays.pos.ui.activities...., appium:appPackage: com.pays.pos, appium:autoGrantPermissions: true, appium:automationName: UIAutomator2, appium:deviceName: LANDI C20pro, appium:newCommandTimeout: 300, platformName: ANDROID}">
      <![CDATA[org.openqa.selenium.SessionNotCreatedException: Could not start a new session. Response code 500. Message: An unknown server-side error occurred while processing the command. Original error: Could not find a connected Android device in 20000ms 
Host info: host: 'PRATIK', ip: '192.168.0.234'
Build info: version: '4.29.0', revision: '5fc1ec94cb'
System info: os.name: 'Windows 11', os.arch: 'amd64', os.version: '10.0', java.version: '21.0.6'
Driver info: io.appium.java_client.android.AndroidDriver
Command: [null, newSession {capabilities=[Capabilities {appium:app: E:\EclipseWorkspace\Framewo..., appium:appActivity: com.pays.pos.ui.activities...., appium:appPackage: com.pays.pos, appium:autoGrantPermissions: true, appium:automationName: UIAutomator2, appium:deviceName: LANDI C20pro, appium:newCommandTimeout: 300, platformName: ANDROID}]}]
Capabilities {appium:app: E:\EclipseWorkspace\Framewo..., appium:appActivity: com.pays.pos.ui.activities...., appium:appPackage: com.pays.pos, appium:autoGrantPermissions: true, appium:automationName: UIAutomator2, appium:deviceName: LANDI C20pro, appium:newCommandTimeout: 300, platformName: ANDROID}
at org.openqa.selenium.remote.ProtocolHandshake.createSession(ProtocolHandshake.java:114)
at org.openqa.selenium.remote.ProtocolHandshake.createSession(ProtocolHandshake.java:75)
at org.openqa.selenium.remote.ProtocolHandshake.createSession(ProtocolHandshake.java:61)
at io.appium.java_client.remote.AppiumCommandExecutor.createSession(AppiumCommandExecutor.java:178)
at io.appium.java_client.remote.AppiumCommandExecutor.execute(AppiumCommandExecutor.java:243)
at org.openqa.selenium.remote.RemoteWebDriver.execute(RemoteWebDriver.java:545)
at io.appium.java_client.AppiumDriver.startSession(AppiumDriver.java:313)
at org.openqa.selenium.remote.RemoteWebDriver.<init>(RemoteWebDriver.java:174)
at io.appium.java_client.AppiumDriver.<init>(AppiumDriver.java:101)
at io.appium.java_client.AppiumDriver.<init>(AppiumDriver.java:113)
at io.appium.java_client.android.AndroidDriver.<init>(AndroidDriver.java:109)
at Pays.posfinaltesting.BaseTest.ConfigureAppium(BaseTest.java:46)
at java.base/jdk.internal.reflect.DirectMethodHandleAccessor.invoke(DirectMethodHandleAccessor.java:103)
at java.base/java.lang.reflect.Method.invoke(Method.java:580)
at org.testng.internal.invokers.MethodInvocationHelper.invokeMethod(MethodInvocationHelper.java:141)
at org.testng.internal.invokers.MethodInvocationHelper.invokeMethodConsideringTimeout(MethodInvocationHelper.java:71)
at org.testng.internal.invokers.ConfigInvoker.invokeConfigurationMethod(ConfigInvoker.java:400)
at org.testng.internal.invokers.ConfigInvoker.invokeConfigurations(ConfigInvoker.java:333)
at org.testng.internal.invokers.TestMethodWorker.invokeBeforeClassMethods(TestMethodWorker.java:188)
at org.testng.internal.invokers.TestMethodWorker.run(TestMethodWorker.java:128)
at java.base/java.util.ArrayList.forEach(ArrayList.java:1596)
at org.testng.TestRunner.privateRun(TestRunner.java:739)
at org.testng.TestRunner.run(TestRunner.java:614)
at org.testng.SuiteRunner.runTest(SuiteRunner.java:421)
at org.testng.SuiteRunner.runSequentially(SuiteRunner.java:413)
at org.testng.SuiteRunner.privateRun(SuiteRunner.java:373)
at org.testng.SuiteRunner.run(SuiteRunner.java:312)
at org.testng.SuiteRunnerWorker.runSuite(SuiteRunnerWorker.java:52)
at org.testng.SuiteRunnerWorker.run(SuiteRunnerWorker.java:95)
at org.testng.TestNG.runSuitesSequentially(TestNG.java:1274)
at org.testng.TestNG.runSuitesLocally(TestNG.java:1208)
at org.testng.TestNG.runSuites(TestNG.java:1112)
at org.testng.TestNG.run(TestNG.java:1079)
at org.testng.remote.AbstractRemoteTestNG.run(AbstractRemoteTestNG.java:115)
at org.testng.remote.RemoteTestNG.initAndRun(RemoteTestNG.java:293)
at org.testng.remote.RemoteTestNG.main(RemoteTestNG.java:91)
]]>
    </failure>
  </testcase> <!-- @BeforeClass ConfigureAppium -->
  <testcase classname="Pays.posfinaltesting.OpenOderTest" name="@BeforeMethod Login" time="0.0">
    <skipped/>
  </testcase> <!-- @BeforeMethod Login -->
  <testcase classname="Pays.posfinaltesting.OpenOderTest" name="OpenOrder_Setup" time="0.0">
    <skipped/>
  </testcase> <!-- OpenOrder_Setup -->
  <testcase classname="Pays.posfinaltesting.OpenOderTest" name="OpenOrder_Card_ConnecttoPax" time="0.0">
    <skipped/>
  </testcase> <!-- OpenOrder_Card_ConnecttoPax -->
  <testcase classname="Pays.posfinaltesting.OpenOderTest" name="OpenOrder_SelectOpenOrder" time="0.0">
    <skipped/>
  </testcase> <!-- OpenOrder_SelectOpenOrder -->
  <testcase classname="Pays.posfinaltesting.OpenOderTest" name="OpenOrder_ItemSelection" time="0.0">
    <skipped/>
  </testcase> <!-- OpenOrder_ItemSelection -->
  <testcase classname="Pays.posfinaltesting.OpenOderTest" name="OpenOrder_AddManualItems" time="0.0">
    <skipped/>
  </testcase> <!-- OpenOrder_AddManualItems -->
  <testcase classname="Pays.posfinaltesting.OpenOderTest" name="OpenOrder_UpdateItem" time="0.001">
    <skipped/>
  </testcase> <!-- OpenOrder_UpdateItem -->
  <testcase classname="Pays.posfinaltesting.OpenOderTest" name="OpenOrder_RemoveItem" time="0.0">
    <skipped/>
  </testcase> <!-- OpenOrder_RemoveItem -->
  <testcase classname="Pays.posfinaltesting.OpenOderTest" name="OpenOrder_SaveOrder" time="0.0">
    <skipped/>
  </testcase> <!-- OpenOrder_SaveOrder -->
  <testcase classname="Pays.posfinaltesting.OpenOderTest" name="OpenOrder_CheckOrderType" time="0.0">
    <skipped/>
  </testcase> <!-- OpenOrder_CheckOrderType -->
  <testcase classname="Pays.posfinaltesting.OpenOderTest" name="OpenOrder_UpdateOrder" time="0.0">
    <skipped/>
  </testcase> <!-- OpenOrder_UpdateOrder -->
  <testcase classname="Pays.posfinaltesting.OpenOderTest" name="OpenOrder_AddDiscount" time="0.0">
    <skipped/>
  </testcase> <!-- OpenOrder_AddDiscount -->
  <testcase classname="Pays.posfinaltesting.OpenOderTest" name="OpenOrder_AddOrderNote" time="0.0">
    <skipped/>
  </testcase> <!-- OpenOrder_AddOrderNote -->
  <testcase classname="Pays.posfinaltesting.OpenOderTest" name="OpenOrder_ChangeOrderType" time="0.0">
    <skipped/>
  </testcase> <!-- OpenOrder_ChangeOrderType -->
  <testcase classname="Pays.posfinaltesting.OpenOderTest" name="OpenOrder_AddCustomer" time="0.0">
    <skipped/>
  </testcase> <!-- OpenOrder_AddCustomer -->
  <testcase classname="Pays.posfinaltesting.OpenOderTest" name="OpenOrder_Transaction" time="0.001">
    <skipped/>
  </testcase> <!-- OpenOrder_Transaction -->
  <testcase classname="Pays.posfinaltesting.OpenOderTest" name="OpenOrder_Split_SelectSplit" time="0.0">
    <skipped/>
  </testcase> <!-- OpenOrder_Split_SelectSplit -->
  <testcase classname="Pays.posfinaltesting.OpenOderTest" name="OpenOrder_Split_SelectCash" time="0.0">
    <skipped/>
  </testcase> <!-- OpenOrder_Split_SelectCash -->
  <testcase classname="Pays.posfinaltesting.OpenOderTest" name="OpenOrder_Split_SelectNextPayment" time="0.0">
    <skipped/>
  </testcase> <!-- OpenOrder_Split_SelectNextPayment -->
  <testcase classname="Pays.posfinaltesting.OpenOderTest" name="OpenOrder_Split_FinalWayPayment" time="0.0">
    <skipped/>
  </testcase> <!-- OpenOrder_Split_FinalWayPayment -->
  <testcase classname="Pays.posfinaltesting.OpenOderTest" name="OpenOrder_Split_Refund_SelectRefund" time="0.0">
    <skipped/>
  </testcase> <!-- OpenOrder_Split_Refund_SelectRefund -->
  <testcase classname="Pays.posfinaltesting.OpenOderTest" name="OpenOrder_Split_Refund_PrintReceipt" time="0.001">
    <skipped/>
  </testcase> <!-- OpenOrder_Split_Refund_PrintReceipt -->
  <testcase classname="Pays.posfinaltesting.OpenOderTest" name="OpenOrder_Tip_AddTip" time="0.0">
    <skipped/>
  </testcase> <!-- OpenOrder_Tip_AddTip -->
  <testcase classname="Pays.posfinaltesting.OpenOderTest" name="OpenOrder_Card_FinalWayPayment" time="0.0">
    <skipped/>
  </testcase> <!-- OpenOrder_Card_FinalWayPayment -->
  <testcase classname="Pays.posfinaltesting.OpenOderTest" name="OpenOrder_Card_Refund_SelectRefund" time="0.0">
    <skipped/>
  </testcase> <!-- OpenOrder_Card_Refund_SelectRefund -->
  <testcase classname="Pays.posfinaltesting.OpenOderTest" name="OpenOrder_Card_Refund_PrintReceipt" time="0.0">
    <skipped/>
  </testcase> <!-- OpenOrder_Card_Refund_PrintReceipt -->
  <testcase classname="Pays.posfinaltesting.OpenOderTest" name="OpenOrder_Cash_FullRefund_Payment" time="0.0">
    <skipped/>
  </testcase> <!-- OpenOrder_Cash_FullRefund_Payment -->
  <testcase classname="Pays.posfinaltesting.OpenOderTest" name="OpenOrder_Cash_FullRefund_SelectRefund" time="0.0">
    <skipped/>
  </testcase> <!-- OpenOrder_Cash_FullRefund_SelectRefund -->
  <testcase classname="Pays.posfinaltesting.OpenOderTest" name="OpenOrder_Cash_FullRefund_PrintReceipt" time="0.0">
    <skipped/>
  </testcase> <!-- OpenOrder_Cash_FullRefund_PrintReceipt -->
  <testcase classname="Pays.posfinaltesting.OpenOderTest" name="OpenOrder_Cash_FullRefund_CheckCashLog" time="0.0">
    <skipped/>
  </testcase> <!-- OpenOrder_Cash_FullRefund_CheckCashLog -->
  <testcase classname="Pays.posfinaltesting.OpenOderTest" name="OpenOrder_Cash_RefundItemWise_Payment" time="0.0">
    <skipped/>
  </testcase> <!-- OpenOrder_Cash_RefundItemWise_Payment -->
  <testcase classname="Pays.posfinaltesting.OpenOderTest" name="OpenOrder_Cash_RefundItemWise_SelectRefund" time="0.002">
    <skipped/>
  </testcase> <!-- OpenOrder_Cash_RefundItemWise_SelectRefund -->
  <testcase classname="Pays.posfinaltesting.OpenOderTest" name="OpenOrder_Cash_RefundItemWise_PrintReceipt" time="0.0">
    <skipped/>
  </testcase> <!-- OpenOrder_Cash_RefundItemWise_PrintReceipt -->
  <testcase classname="Pays.posfinaltesting.OpenOderTest" name="OpenOrder_Cash_RefundItemWise_CheckCashLog" time="0.0">
    <skipped/>
  </testcase> <!-- OpenOrder_Cash_RefundItemWise_CheckCashLog -->
</testsuite> <!-- Default test -->
