<?xml version="1.0" encoding="UTF-8"?>
<!-- Generated by org.testng.reporters.JUnitXMLReporter -->
<testsuite ignored="9" hostname="Pratik" failures="1" tests="19" name="Card_Refund" time="241.063" errors="0" timestamp="2025-03-20T17:20:14 IST">
  <testcase classname="Pays.posfinaltesting.TakeOutTest" name="TakeOut_Setup" time="2.286"/>
  <testcase classname="Pays.posfinaltesting.TakeOutTest" name="TakeOut_SelectTakeout" time="12.459"/>
  <testcase classname="Pays.posfinaltesting.TakeOutTest" name="TakeOut_ItemSelection" time="19.269"/>
  <testcase classname="Pays.posfinaltesting.TakeOutTest" name="TakeOut_AddManualItems" time="15.655"/>
  <testcase classname="Pays.posfinaltesting.TakeOutTest" name="TakeOut_UpdateItem" time="25.447"/>
  <testcase classname="Pays.posfinaltesting.TakeOutTest" name="TakeOut_RemoveItem" time="9.813"/>
  <testcase classname="Pays.posfinaltesting.TakeOutTest" name="TakeOut_SaveOrder" time="3.198"/>
  <testcase classname="Pays.posfinaltesting.TakeOutTest" name="TakeOut_CheckOrderType" time="7.26"/>
  <testcase classname="Pays.posfinaltesting.TakeOutTest" name="Takeout_UpdateOrder" time="2.584"/>
  <testcase classname="Pays.posfinaltesting.TakeOutTest" name="TakeOut_AddOrderNote" time="10.031"/>
  <testcase classname="Pays.posfinaltesting.TakeOutTest" name="TakeOut_AddDiscount" time="12.497"/>
  <testcase classname="Pays.posfinaltesting.TakeOutTest" name="TakeOut_ChangeOrderType" time="7.947"/>
  <testcase classname="Pays.posfinaltesting.TakeOutTest" name="TakeOut_AddCustomer" time="48.312"/>
  <testcase classname="Pays.posfinaltesting.TakeOutTest" name="TakeOut_AppliedLoyaltyPoint" time="8.224"/>
  <testcase classname="Pays.posfinaltesting.TakeOutTest" name="TakeOut_Transaction" time="2.434"/>
  <testcase classname="Pays.posfinaltesting.TakeOutTest" name="TakeOut_AddTip" time="5.819"/>
  <testcase classname="Pays.posfinaltesting.TakeOutTest" name="TakeOut_Card_FinalWayPayment" time="10.418">
    <failure type="java.lang.AssertionError" message="Card Transaction failed expected [true] but found [false]">
      <![CDATA[java.lang.AssertionError: Card Transaction failed expected [true] but found [false]
at Pays.posfinaltesting.TakeOutTest.TakeOut_Card_FinalWayPayment(TakeOutTest.java:360)
at java.base/java.util.ArrayList.forEach(ArrayList.java:1596)
... Removed 28 stack frames]]>
    </failure>
  </testcase> <!-- TakeOut_Card_FinalWayPayment -->
  <testcase classname="Pays.posfinaltesting.TakeOutTest" name="TakeOut_Card_Refund_SelectRefund" time="0.0">
    <skipped/>
  </testcase> <!-- TakeOut_Card_Refund_SelectRefund -->
  <testcase classname="Pays.posfinaltesting.TakeOutTest" name="TakeOut_Card_Refund_PrintReceipt" time="0.0">
    <skipped/>
  </testcase> <!-- TakeOut_Card_Refund_PrintReceipt -->
  <testcase classname="Pays.posfinaltesting.TakeOutTest" name="TakeOut_Cash_FullRefund_PrintReceipt" time="0.0">
    <ignored/>
  </testcase> <!-- TakeOut_Cash_FullRefund_PrintReceipt -->
  <testcase classname="Pays.posfinaltesting.TakeOutTest" name="TakeOut_Cash_FullRefund_SelectRefund" time="0.0">
    <ignored/>
  </testcase> <!-- TakeOut_Cash_FullRefund_SelectRefund -->
  <testcase classname="Pays.posfinaltesting.TakeOutTest" name="TakeOut_Card_ConnecttoPax" time="0.0">
    <ignored/>
  </testcase> <!-- TakeOut_Card_ConnecttoPax -->
  <testcase classname="Pays.posfinaltesting.TakeOutTest" name="TakeOut_Cash_FullRefund_CheckCashLog" time="0.0">
    <ignored/>
  </testcase> <!-- TakeOut_Cash_FullRefund_CheckCashLog -->
  <testcase classname="Pays.posfinaltesting.TakeOutTest" name="TakeOut_Cash_RefundItemWise_PrintReceipt" time="0.0">
    <ignored/>
  </testcase> <!-- TakeOut_Cash_RefundItemWise_PrintReceipt -->
  <testcase classname="Pays.posfinaltesting.TakeOutTest" name="TakeOut_Cash_RefundItemWise_Payment" time="0.0">
    <ignored/>
  </testcase> <!-- TakeOut_Cash_RefundItemWise_Payment -->
  <testcase classname="Pays.posfinaltesting.TakeOutTest" name="TakeOut_Cash_FullRefund_Payment" time="0.0">
    <ignored/>
  </testcase> <!-- TakeOut_Cash_FullRefund_Payment -->
  <testcase classname="Pays.posfinaltesting.TakeOutTest" name="TakeOut_Cash_RefundItemWise_CheckCashLog" time="0.0">
    <ignored/>
  </testcase> <!-- TakeOut_Cash_RefundItemWise_CheckCashLog -->
  <testcase classname="Pays.posfinaltesting.TakeOutTest" name="TakeOut_Cash_RefundItemWise_SelectRefund" time="0.0">
    <ignored/>
  </testcase> <!-- TakeOut_Cash_RefundItemWise_SelectRefund -->
</testsuite> <!-- Card_Refund -->
