<html>
<head>
<title>TestNG:  Cash_ItemWiseRefund</title>
<link href="../testng.css" rel="stylesheet" type="text/css" />
<link href="../my-testng.css" rel="stylesheet" type="text/css" />

<style type="text/css">
.log { display: none;} 
.stack-trace { display: none;} 
</style>
<script type="text/javascript">
<!--
function flip(e) {
  current = e.style.display;
  if (current == 'block') {
    e.style.display = 'none';
    return 0;
  }
  else {
    e.style.display = 'block';
    return 1;
  }
}

function toggleBox(szDivId, elem, msg1, msg2)
{
  var res = -1;  if (document.getElementById) {
    res = flip(document.getElementById(szDivId));
  }
  else if (document.all) {
    // this is the way old msie versions work
    res = flip(document.all[szDivId]);
  }
  if(elem) {
    if(res == 0) elem.innerHTML = msg1; else elem.innerHTML = msg2;
  }

}

function toggleAllBoxes() {
  if (document.getElementsByTagName) {
    d = document.getElementsByTagName('div');
    for (i = 0; i < d.length; i++) {
      if (d[i].className == 'log') {
        flip(d[i]);
      }
    }
  }
}

// -->
</script>

</head>
<body>
<h2 align='center'>Cash_ItemWiseRefund</h2><table border='1' align="center">
<tr>
<td>Tests passed/Failed/Skipped:</td><td>7/1/12</td>
</tr><tr>
<td>Started on:</td><td>Thu Mar 20 07:42:12 IST 2025</td>
</tr>
<tr><td>Total time:</td><td>110 seconds (110135 ms)</td>
</tr><tr>
<td>Included groups:</td><td></td>
</tr><tr>
<td>Excluded groups:</td><td></td>
</tr>
</table><p/>
<small><i>(Hover the method name to see the test class name)</i></small><p/>
<table width='100%' border='1' class='invocation-failed'>
<tr><td colspan='4' align='center'><b>FAILED TESTS</b></td></tr>
<tr><td><b>Test method</b></td>
<td><b>Attribute(s)</b></td>
<td width="30%"><b>Exception</b></td>
<td width="10%"><b>Time (seconds)</b></td>
<td><b>Instance</b></td>
</tr>
<tr>
<td title='Pays.posfinaltesting.TakeOutTest.TakeOut_CheckOrderType()'><b>TakeOut_CheckOrderType</b><br>Test class: Pays.posfinaltesting.TakeOutTest</td>
<td><div><pre>org.openqa.selenium.TimeoutException: Expected condition failed: waiting for visibility of Located by By.chained({By.xpath: (//android.widget.TextView[@resource-id=&quot;com.pays.pos:id/txtOrderType&quot;])[1]}) (tried for 10 second(s) with 500 milliseconds interval)
	at org.openqa.selenium.support.ui.WebDriverWait.timeoutException(WebDriverWait.java:84)
	at org.openqa.selenium.support.ui.FluentWait.until(FluentWait.java:228)
	at Pays.posfinaltesting.actions.TakeOutClass.getOrderTypeText(TakeOutClass.java:329)
	at Pays.posfinaltesting.TakeOutTest.TakeOut_CheckOrderType(TakeOutTest.java:166)
	at java.base/java.util.ArrayList.forEach(ArrayList.java:1596)
Caused by: org.openqa.selenium.NoSuchElementException: Can&apos;t locate an element by this strategy: By.chained({By.xpath: (//android.widget.TextView[@resource-id=&quot;com.pays.pos:id/txtOrderType&quot;])[1]})
	at io.appium.java_client.pagefactory.AppiumElementLocator.findElement(AppiumElementLocator.java:166)
	at io.appium.java_client.pagefactory.interceptors.InterceptorOfASingleElement.call(InterceptorOfASingleElement.java:75)
	at io.appium.java_client.proxy.Interceptor.intercept(Interceptor.java:78)
	at org.openqa.selenium.remote.RemoteWebElement$ByteBuddy$mIOn6qFV.isDisplayed(Unknown Source)
	at org.openqa.selenium.support.ui.ExpectedConditions.elementIfVisible(ExpectedConditions.java:304)
	at org.openqa.selenium.support.ui.ExpectedConditions$10.apply(ExpectedConditions.java:290)
	at org.openqa.selenium.support.ui.ExpectedConditions$10.apply(ExpectedConditions.java:287)
	at org.openqa.selenium.support.ui.FluentWait.until(FluentWait.java:203)
	... 28 more
Caused by: org.openqa.selenium.TimeoutException: Expected condition failed: waiting for io.appium.java_client.pagefactory.AppiumElementLocator$WaitingFunction@42add6ba (tried for 1 second(s) with 500 milliseconds interval)
	at org.openqa.selenium.support.ui.FluentWait.timeoutException(FluentWait.java:265)
	at org.openqa.selenium.support.ui.FluentWait.until(FluentWait.java:228)
	at io.appium.java_client.pagefactory.AppiumElementLocator.waitFor(AppiumElementLocator.java:135)
	at io.appium.java_client.pagefactory.AppiumElementLocator.findElement(AppiumElementLocator.java:160)
	... 35 more
Caused by: org.openqa.selenium.NoSuchElementException: Cannot locate an element using By.chained({By.xpath: (//android.widget.TextView[@resource-id=&quot;com.pays.pos:id/txtOrderType&quot;])[1]})
For documentation on this error, please visit: https://www.selenium.dev/documentation/webdriver/troubleshooting/errors#no-such-element-exception
Build info: version: &apos;4.29.0&apos;, revision: &apos;5fc1ec94cb&apos;
System info: os.name: &apos;Windows 11&apos;, os.arch: &apos;amd64&apos;, os.version: &apos;10.0&apos;, java.version: &apos;21.0.6&apos;
Driver info: driver.version: RemoteWebDriver
	at io.appium.java_client.pagefactory.bys.builder.ByChained.findElement(ByChained.java:74)
	at org.openqa.selenium.remote.ElementLocation$ElementFinder$1.findElement(ElementLocation.java:139)
	at org.openqa.selenium.remote.ElementLocation.findElement(ElementLocation.java:59)
	at org.openqa.selenium.remote.RemoteWebDriver.findElement(RemoteWebDriver.java:368)
	at org.openqa.selenium.remote.RemoteWebDriver.findElement(RemoteWebDriver.java:362)
	at io.appium.java_client.pagefactory.bys.ContentMappedBy.findElement(ContentMappedBy.java:54)
	at org.openqa.selenium.remote.ElementLocation$ElementFinder$1.findElement(ElementLocation.java:139)
	at org.openqa.selenium.remote.ElementLocation.findElement(ElementLocation.java:59)
	at org.openqa.selenium.remote.RemoteWebDriver.findElement(RemoteWebDriver.java:368)
	at org.openqa.selenium.remote.RemoteWebDriver.findElement(RemoteWebDriver.java:362)
	at io.appium.java_client.pagefactory.AppiumElementLocator.lambda$findElement$1(AppiumElementLocator.java:160)
	at io.appium.java_client.pagefactory.AppiumElementLocator$WaitingFunction.apply(AppiumElementLocator.java:217)
	at io.appium.java_client.pagefactory.AppiumElementLocator$WaitingFunction.apply(AppiumElementLocator.java:210)
	at org.openqa.selenium.support.ui.FluentWait.until(FluentWait.java:203)
	... 37 more
... Removed 25 stack frames</pre></div><a href='#' onClick='toggleBox("stack-trace51320008", this, "Click to show all stack frames", "Click to hide stack frames")'>Click to show all stack frames</a>
<div class='stack-trace' id='stack-trace51320008'><pre>org.openqa.selenium.TimeoutException: Expected condition failed: waiting for visibility of Located by By.chained({By.xpath: (//android.widget.TextView[@resource-id=&quot;com.pays.pos:id/txtOrderType&quot;])[1]}) (tried for 10 second(s) with 500 milliseconds interval)
	at org.openqa.selenium.support.ui.WebDriverWait.timeoutException(WebDriverWait.java:84)
	at org.openqa.selenium.support.ui.FluentWait.until(FluentWait.java:228)
	at Pays.posfinaltesting.actions.TakeOutClass.getOrderTypeText(TakeOutClass.java:329)
	at Pays.posfinaltesting.TakeOutTest.TakeOut_CheckOrderType(TakeOutTest.java:166)
	at java.base/jdk.internal.reflect.DirectMethodHandleAccessor.invoke(DirectMethodHandleAccessor.java:103)
	at java.base/java.lang.reflect.Method.invoke(Method.java:580)
	at org.testng.internal.invokers.MethodInvocationHelper.invokeMethod(MethodInvocationHelper.java:141)
	at org.testng.internal.invokers.TestInvoker.invokeMethod(TestInvoker.java:686)
	at org.testng.internal.invokers.TestInvoker.invokeTestMethod(TestInvoker.java:230)
	at org.testng.internal.invokers.MethodRunner.runInSequence(MethodRunner.java:63)
	at org.testng.internal.invokers.TestInvoker$MethodInvocationAgent.invoke(TestInvoker.java:992)
	at org.testng.internal.invokers.TestInvoker.invokeTestMethods(TestInvoker.java:203)
	at org.testng.internal.invokers.TestMethodWorker.invokeTestMethods(TestMethodWorker.java:154)
	at org.testng.internal.invokers.TestMethodWorker.run(TestMethodWorker.java:134)
	at java.base/java.util.ArrayList.forEach(ArrayList.java:1596)
	at org.testng.TestRunner.privateRun(TestRunner.java:739)
	at org.testng.TestRunner.run(TestRunner.java:614)
	at org.testng.SuiteRunner.runTest(SuiteRunner.java:421)
	at org.testng.SuiteRunner.runSequentially(SuiteRunner.java:413)
	at org.testng.SuiteRunner.privateRun(SuiteRunner.java:373)
	at org.testng.SuiteRunner.run(SuiteRunner.java:312)
	at org.testng.SuiteRunnerWorker.runSuite(SuiteRunnerWorker.java:52)
	at org.testng.SuiteRunnerWorker.run(SuiteRunnerWorker.java:95)
	at org.testng.TestNG.runSuitesSequentially(TestNG.java:1274)
	at org.testng.TestNG.runSuitesLocally(TestNG.java:1208)
	at org.testng.TestNG.runSuites(TestNG.java:1112)
	at org.testng.TestNG.run(TestNG.java:1079)
	at org.testng.remote.AbstractRemoteTestNG.run(AbstractRemoteTestNG.java:115)
	at org.testng.remote.RemoteTestNG.initAndRun(RemoteTestNG.java:293)
	at org.testng.remote.RemoteTestNG.main(RemoteTestNG.java:91)
Caused by: org.openqa.selenium.NoSuchElementException: Can&apos;t locate an element by this strategy: By.chained({By.xpath: (//android.widget.TextView[@resource-id=&quot;com.pays.pos:id/txtOrderType&quot;])[1]})
	at io.appium.java_client.pagefactory.AppiumElementLocator.findElement(AppiumElementLocator.java:166)
	at io.appium.java_client.pagefactory.interceptors.InterceptorOfASingleElement.call(InterceptorOfASingleElement.java:75)
	at io.appium.java_client.proxy.Interceptor.intercept(Interceptor.java:78)
	at org.openqa.selenium.remote.RemoteWebElement$ByteBuddy$mIOn6qFV.isDisplayed(Unknown Source)
	at org.openqa.selenium.support.ui.ExpectedConditions.elementIfVisible(ExpectedConditions.java:304)
	at org.openqa.selenium.support.ui.ExpectedConditions$10.apply(ExpectedConditions.java:290)
	at org.openqa.selenium.support.ui.ExpectedConditions$10.apply(ExpectedConditions.java:287)
	at org.openqa.selenium.support.ui.FluentWait.until(FluentWait.java:203)
	... 28 more
Caused by: org.openqa.selenium.TimeoutException: Expected condition failed: waiting for io.appium.java_client.pagefactory.AppiumElementLocator$WaitingFunction@42add6ba (tried for 1 second(s) with 500 milliseconds interval)
	at org.openqa.selenium.support.ui.FluentWait.timeoutException(FluentWait.java:265)
	at org.openqa.selenium.support.ui.FluentWait.until(FluentWait.java:228)
	at io.appium.java_client.pagefactory.AppiumElementLocator.waitFor(AppiumElementLocator.java:135)
	at io.appium.java_client.pagefactory.AppiumElementLocator.findElement(AppiumElementLocator.java:160)
	... 35 more
Caused by: org.openqa.selenium.NoSuchElementException: Cannot locate an element using By.chained({By.xpath: (//android.widget.TextView[@resource-id=&quot;com.pays.pos:id/txtOrderType&quot;])[1]})
For documentation on this error, please visit: https://www.selenium.dev/documentation/webdriver/troubleshooting/errors#no-such-element-exception
Build info: version: &apos;4.29.0&apos;, revision: &apos;5fc1ec94cb&apos;
System info: os.name: &apos;Windows 11&apos;, os.arch: &apos;amd64&apos;, os.version: &apos;10.0&apos;, java.version: &apos;21.0.6&apos;
Driver info: driver.version: RemoteWebDriver
	at io.appium.java_client.pagefactory.bys.builder.ByChained.findElement(ByChained.java:74)
	at org.openqa.selenium.remote.ElementLocation$ElementFinder$1.findElement(ElementLocation.java:139)
	at org.openqa.selenium.remote.ElementLocation.findElement(ElementLocation.java:59)
	at org.openqa.selenium.remote.RemoteWebDriver.findElement(RemoteWebDriver.java:368)
	at org.openqa.selenium.remote.RemoteWebDriver.findElement(RemoteWebDriver.java:362)
	at io.appium.java_client.pagefactory.bys.ContentMappedBy.findElement(ContentMappedBy.java:54)
	at org.openqa.selenium.remote.ElementLocation$ElementFinder$1.findElement(ElementLocation.java:139)
	at org.openqa.selenium.remote.ElementLocation.findElement(ElementLocation.java:59)
	at org.openqa.selenium.remote.RemoteWebDriver.findElement(RemoteWebDriver.java:368)
	at org.openqa.selenium.remote.RemoteWebDriver.findElement(RemoteWebDriver.java:362)
	at io.appium.java_client.pagefactory.AppiumElementLocator.lambda$findElement$1(AppiumElementLocator.java:160)
	at io.appium.java_client.pagefactory.AppiumElementLocator$WaitingFunction.apply(AppiumElementLocator.java:217)
	at io.appium.java_client.pagefactory.AppiumElementLocator$WaitingFunction.apply(AppiumElementLocator.java:210)
	at org.openqa.selenium.support.ui.FluentWait.until(FluentWait.java:203)
	... 37 more
</pre></div></td>
<td>10</td>
<td>Pays.posfinaltesting.TakeOutTest@68ead359</td></tr>
</table><p>
<table width='100%' border='1' class='invocation-passed'>
<tr><td colspan='4' align='center'><b>PASSED TESTS</b></td></tr>
<tr><td><b>Test method</b></td>
<td><b>Attribute(s)</b></td>
<td width="30%"><b>Exception</b></td>
<td width="10%"><b>Time (seconds)</b></td>
<td><b>Instance</b></td>
</tr>
<tr>
<td title='Pays.posfinaltesting.TakeOutTest.TakeOut_AddManualItems()'><b>TakeOut_AddManualItems</b><br>Test class: Pays.posfinaltesting.TakeOutTest</td>
<td></td>
<td>14</td>
<td>Pays.posfinaltesting.TakeOutTest@68ead359</td></tr>
<tr>
<td title='Pays.posfinaltesting.TakeOutTest.TakeOut_UpdateItem()'><b>TakeOut_UpdateItem</b><br>Test class: Pays.posfinaltesting.TakeOutTest</td>
<td></td>
<td>14</td>
<td>Pays.posfinaltesting.TakeOutTest@68ead359</td></tr>
<tr>
<td title='Pays.posfinaltesting.TakeOutTest.TakeOut_Setup()'><b>TakeOut_Setup</b><br>Test class: Pays.posfinaltesting.TakeOutTest</td>
<td></td>
<td>2</td>
<td>Pays.posfinaltesting.TakeOutTest@68ead359</td></tr>
<tr>
<td title='Pays.posfinaltesting.TakeOutTest.TakeOut_SaveOrder()'><b>TakeOut_SaveOrder</b><br>Test class: Pays.posfinaltesting.TakeOutTest</td>
<td></td>
<td>1</td>
<td>Pays.posfinaltesting.TakeOutTest@68ead359</td></tr>
<tr>
<td title='Pays.posfinaltesting.TakeOutTest.TakeOut_SelectTakeout()'><b>TakeOut_SelectTakeout</b><br>Test class: Pays.posfinaltesting.TakeOutTest</td>
<td></td>
<td>15</td>
<td>Pays.posfinaltesting.TakeOutTest@68ead359</td></tr>
<tr>
<td title='Pays.posfinaltesting.TakeOutTest.TakeOut_ItemSelection()'><b>TakeOut_ItemSelection</b><br>Test class: Pays.posfinaltesting.TakeOutTest</td>
<td></td>
<td>14</td>
<td>Pays.posfinaltesting.TakeOutTest@68ead359</td></tr>
<tr>
<td title='Pays.posfinaltesting.TakeOutTest.TakeOut_RemoveItem()'><b>TakeOut_RemoveItem</b><br>Test class: Pays.posfinaltesting.TakeOutTest</td>
<td></td>
<td>2</td>
<td>Pays.posfinaltesting.TakeOutTest@68ead359</td></tr>
</table><p>
<table width='100%' border='1' class='invocation-skipped'>
<tr><td colspan='4' align='center'><b>SKIPPED TESTS</b></td></tr>
<tr><td><b>Test method</b></td>
<td><b>Attribute(s)</b></td>
<td width="30%"><b>Exception</b></td>
<td width="10%"><b>Time (seconds)</b></td>
<td><b>Instance</b></td>
</tr>
<tr>
<td title='Pays.posfinaltesting.TakeOutTest.TakeOut_AddTip()'><b>TakeOut_AddTip</b><br>Test class: Pays.posfinaltesting.TakeOutTest</td>
<td><div><pre>java.lang.Throwable: Method Pays.posfinaltesting.TakeOutTest.TakeOut_AddTip() on instance Pays.posfinaltesting.TakeOutTest@68ead359 depends on not successfully finished methods 
[Pays.posfinaltesting.TakeOutTest.TakeOut_Transaction() on instance Pays.posfinaltesting.TakeOutTest@68ead359]
	at java.base/java.util.ArrayList.forEach(ArrayList.java:1596)
... Removed 18 stack frames</pre></div><a href='#' onClick='toggleBox("stack-trace846165862", this, "Click to show all stack frames", "Click to hide stack frames")'>Click to show all stack frames</a>
<div class='stack-trace' id='stack-trace846165862'><pre>java.lang.Throwable: Method Pays.posfinaltesting.TakeOutTest.TakeOut_AddTip() on instance Pays.posfinaltesting.TakeOutTest@68ead359 depends on not successfully finished methods 
[Pays.posfinaltesting.TakeOutTest.TakeOut_Transaction() on instance Pays.posfinaltesting.TakeOutTest@68ead359]
	at org.testng.internal.invokers.TestInvoker.invokeTestMethods(TestInvoker.java:159)
	at org.testng.internal.invokers.TestMethodWorker.invokeTestMethods(TestMethodWorker.java:154)
	at org.testng.internal.invokers.TestMethodWorker.run(TestMethodWorker.java:134)
	at java.base/java.util.ArrayList.forEach(ArrayList.java:1596)
	at org.testng.TestRunner.privateRun(TestRunner.java:739)
	at org.testng.TestRunner.run(TestRunner.java:614)
	at org.testng.SuiteRunner.runTest(SuiteRunner.java:421)
	at org.testng.SuiteRunner.runSequentially(SuiteRunner.java:413)
	at org.testng.SuiteRunner.privateRun(SuiteRunner.java:373)
	at org.testng.SuiteRunner.run(SuiteRunner.java:312)
	at org.testng.SuiteRunnerWorker.runSuite(SuiteRunnerWorker.java:52)
	at org.testng.SuiteRunnerWorker.run(SuiteRunnerWorker.java:95)
	at org.testng.TestNG.runSuitesSequentially(TestNG.java:1274)
	at org.testng.TestNG.runSuitesLocally(TestNG.java:1208)
	at org.testng.TestNG.runSuites(TestNG.java:1112)
	at org.testng.TestNG.run(TestNG.java:1079)
	at org.testng.remote.AbstractRemoteTestNG.run(AbstractRemoteTestNG.java:115)
	at org.testng.remote.RemoteTestNG.initAndRun(RemoteTestNG.java:293)
	at org.testng.remote.RemoteTestNG.main(RemoteTestNG.java:91)
</pre></div></td>
<td>0</td>
<td>Pays.posfinaltesting.TakeOutTest@68ead359</td></tr>
<tr>
<td title='Pays.posfinaltesting.TakeOutTest.TakeOut_Cash_RefundItemWise_Payment()'><b>TakeOut_Cash_RefundItemWise_Payment</b><br>Test class: Pays.posfinaltesting.TakeOutTest</td>
<td><div><pre>java.lang.Throwable: Method Pays.posfinaltesting.TakeOutTest.TakeOut_Cash_RefundItemWise_Payment() on instance Pays.posfinaltesting.TakeOutTest@68ead359 depends on not successfully finished methods 
[Pays.posfinaltesting.TakeOutTest.TakeOut_AddTip() on instance Pays.posfinaltesting.TakeOutTest@68ead359]
	at java.base/java.util.ArrayList.forEach(ArrayList.java:1596)
... Removed 18 stack frames</pre></div><a href='#' onClick='toggleBox("stack-trace618427061", this, "Click to show all stack frames", "Click to hide stack frames")'>Click to show all stack frames</a>
<div class='stack-trace' id='stack-trace618427061'><pre>java.lang.Throwable: Method Pays.posfinaltesting.TakeOutTest.TakeOut_Cash_RefundItemWise_Payment() on instance Pays.posfinaltesting.TakeOutTest@68ead359 depends on not successfully finished methods 
[Pays.posfinaltesting.TakeOutTest.TakeOut_AddTip() on instance Pays.posfinaltesting.TakeOutTest@68ead359]
	at org.testng.internal.invokers.TestInvoker.invokeTestMethods(TestInvoker.java:159)
	at org.testng.internal.invokers.TestMethodWorker.invokeTestMethods(TestMethodWorker.java:154)
	at org.testng.internal.invokers.TestMethodWorker.run(TestMethodWorker.java:134)
	at java.base/java.util.ArrayList.forEach(ArrayList.java:1596)
	at org.testng.TestRunner.privateRun(TestRunner.java:739)
	at org.testng.TestRunner.run(TestRunner.java:614)
	at org.testng.SuiteRunner.runTest(SuiteRunner.java:421)
	at org.testng.SuiteRunner.runSequentially(SuiteRunner.java:413)
	at org.testng.SuiteRunner.privateRun(SuiteRunner.java:373)
	at org.testng.SuiteRunner.run(SuiteRunner.java:312)
	at org.testng.SuiteRunnerWorker.runSuite(SuiteRunnerWorker.java:52)
	at org.testng.SuiteRunnerWorker.run(SuiteRunnerWorker.java:95)
	at org.testng.TestNG.runSuitesSequentially(TestNG.java:1274)
	at org.testng.TestNG.runSuitesLocally(TestNG.java:1208)
	at org.testng.TestNG.runSuites(TestNG.java:1112)
	at org.testng.TestNG.run(TestNG.java:1079)
	at org.testng.remote.AbstractRemoteTestNG.run(AbstractRemoteTestNG.java:115)
	at org.testng.remote.RemoteTestNG.initAndRun(RemoteTestNG.java:293)
	at org.testng.remote.RemoteTestNG.main(RemoteTestNG.java:91)
</pre></div></td>
<td>0</td>
<td>Pays.posfinaltesting.TakeOutTest@68ead359</td></tr>
<tr>
<td title='Pays.posfinaltesting.TakeOutTest.TakeOut_ChangeOrderType()'><b>TakeOut_ChangeOrderType</b><br>Test class: Pays.posfinaltesting.TakeOutTest</td>
<td><div><pre>java.lang.Throwable: Method Pays.posfinaltesting.TakeOutTest.TakeOut_ChangeOrderType() on instance Pays.posfinaltesting.TakeOutTest@68ead359 depends on not successfully finished methods 
[Pays.posfinaltesting.TakeOutTest.TakeOut_AddOrderNote() on instance Pays.posfinaltesting.TakeOutTest@68ead359]
	at java.base/java.util.ArrayList.forEach(ArrayList.java:1596)
... Removed 18 stack frames</pre></div><a href='#' onClick='toggleBox("stack-trace2077310493", this, "Click to show all stack frames", "Click to hide stack frames")'>Click to show all stack frames</a>
<div class='stack-trace' id='stack-trace2077310493'><pre>java.lang.Throwable: Method Pays.posfinaltesting.TakeOutTest.TakeOut_ChangeOrderType() on instance Pays.posfinaltesting.TakeOutTest@68ead359 depends on not successfully finished methods 
[Pays.posfinaltesting.TakeOutTest.TakeOut_AddOrderNote() on instance Pays.posfinaltesting.TakeOutTest@68ead359]
	at org.testng.internal.invokers.TestInvoker.invokeTestMethods(TestInvoker.java:159)
	at org.testng.internal.invokers.TestMethodWorker.invokeTestMethods(TestMethodWorker.java:154)
	at org.testng.internal.invokers.TestMethodWorker.run(TestMethodWorker.java:134)
	at java.base/java.util.ArrayList.forEach(ArrayList.java:1596)
	at org.testng.TestRunner.privateRun(TestRunner.java:739)
	at org.testng.TestRunner.run(TestRunner.java:614)
	at org.testng.SuiteRunner.runTest(SuiteRunner.java:421)
	at org.testng.SuiteRunner.runSequentially(SuiteRunner.java:413)
	at org.testng.SuiteRunner.privateRun(SuiteRunner.java:373)
	at org.testng.SuiteRunner.run(SuiteRunner.java:312)
	at org.testng.SuiteRunnerWorker.runSuite(SuiteRunnerWorker.java:52)
	at org.testng.SuiteRunnerWorker.run(SuiteRunnerWorker.java:95)
	at org.testng.TestNG.runSuitesSequentially(TestNG.java:1274)
	at org.testng.TestNG.runSuitesLocally(TestNG.java:1208)
	at org.testng.TestNG.runSuites(TestNG.java:1112)
	at org.testng.TestNG.run(TestNG.java:1079)
	at org.testng.remote.AbstractRemoteTestNG.run(AbstractRemoteTestNG.java:115)
	at org.testng.remote.RemoteTestNG.initAndRun(RemoteTestNG.java:293)
	at org.testng.remote.RemoteTestNG.main(RemoteTestNG.java:91)
</pre></div></td>
<td>0</td>
<td>Pays.posfinaltesting.TakeOutTest@68ead359</td></tr>
<tr>
<td title='Pays.posfinaltesting.TakeOutTest.TakeOut_Transaction()'><b>TakeOut_Transaction</b><br>Test class: Pays.posfinaltesting.TakeOutTest</td>
<td><div><pre>java.lang.Throwable: Method Pays.posfinaltesting.TakeOutTest.TakeOut_Transaction() on instance Pays.posfinaltesting.TakeOutTest@68ead359 depends on not successfully finished methods 
[Pays.posfinaltesting.TakeOutTest.TakeOut_AppliedLoyaltyPoint() on instance Pays.posfinaltesting.TakeOutTest@68ead359]
	at java.base/java.util.ArrayList.forEach(ArrayList.java:1596)
... Removed 18 stack frames</pre></div><a href='#' onClick='toggleBox("stack-trace1600803590", this, "Click to show all stack frames", "Click to hide stack frames")'>Click to show all stack frames</a>
<div class='stack-trace' id='stack-trace1600803590'><pre>java.lang.Throwable: Method Pays.posfinaltesting.TakeOutTest.TakeOut_Transaction() on instance Pays.posfinaltesting.TakeOutTest@68ead359 depends on not successfully finished methods 
[Pays.posfinaltesting.TakeOutTest.TakeOut_AppliedLoyaltyPoint() on instance Pays.posfinaltesting.TakeOutTest@68ead359]
	at org.testng.internal.invokers.TestInvoker.invokeTestMethods(TestInvoker.java:159)
	at org.testng.internal.invokers.TestMethodWorker.invokeTestMethods(TestMethodWorker.java:154)
	at org.testng.internal.invokers.TestMethodWorker.run(TestMethodWorker.java:134)
	at java.base/java.util.ArrayList.forEach(ArrayList.java:1596)
	at org.testng.TestRunner.privateRun(TestRunner.java:739)
	at org.testng.TestRunner.run(TestRunner.java:614)
	at org.testng.SuiteRunner.runTest(SuiteRunner.java:421)
	at org.testng.SuiteRunner.runSequentially(SuiteRunner.java:413)
	at org.testng.SuiteRunner.privateRun(SuiteRunner.java:373)
	at org.testng.SuiteRunner.run(SuiteRunner.java:312)
	at org.testng.SuiteRunnerWorker.runSuite(SuiteRunnerWorker.java:52)
	at org.testng.SuiteRunnerWorker.run(SuiteRunnerWorker.java:95)
	at org.testng.TestNG.runSuitesSequentially(TestNG.java:1274)
	at org.testng.TestNG.runSuitesLocally(TestNG.java:1208)
	at org.testng.TestNG.runSuites(TestNG.java:1112)
	at org.testng.TestNG.run(TestNG.java:1079)
	at org.testng.remote.AbstractRemoteTestNG.run(AbstractRemoteTestNG.java:115)
	at org.testng.remote.RemoteTestNG.initAndRun(RemoteTestNG.java:293)
	at org.testng.remote.RemoteTestNG.main(RemoteTestNG.java:91)
</pre></div></td>
<td>0</td>
<td>Pays.posfinaltesting.TakeOutTest@68ead359</td></tr>
<tr>
<td title='Pays.posfinaltesting.TakeOutTest.TakeOut_Cash_RefundItemWise_CheckCashLog()'><b>TakeOut_Cash_RefundItemWise_CheckCashLog</b><br>Test class: Pays.posfinaltesting.TakeOutTest</td>
<td><div><pre>java.lang.Throwable: Method Pays.posfinaltesting.TakeOutTest.TakeOut_Cash_RefundItemWise_CheckCashLog() on instance Pays.posfinaltesting.TakeOutTest@68ead359 depends on not successfully finished methods 
[Pays.posfinaltesting.TakeOutTest.TakeOut_Cash_RefundItemWise_PrintReceipt() on instance Pays.posfinaltesting.TakeOutTest@68ead359]
	at java.base/java.util.ArrayList.forEach(ArrayList.java:1596)
... Removed 18 stack frames</pre></div><a href='#' onClick='toggleBox("stack-trace447875586", this, "Click to show all stack frames", "Click to hide stack frames")'>Click to show all stack frames</a>
<div class='stack-trace' id='stack-trace447875586'><pre>java.lang.Throwable: Method Pays.posfinaltesting.TakeOutTest.TakeOut_Cash_RefundItemWise_CheckCashLog() on instance Pays.posfinaltesting.TakeOutTest@68ead359 depends on not successfully finished methods 
[Pays.posfinaltesting.TakeOutTest.TakeOut_Cash_RefundItemWise_PrintReceipt() on instance Pays.posfinaltesting.TakeOutTest@68ead359]
	at org.testng.internal.invokers.TestInvoker.invokeTestMethods(TestInvoker.java:159)
	at org.testng.internal.invokers.TestMethodWorker.invokeTestMethods(TestMethodWorker.java:154)
	at org.testng.internal.invokers.TestMethodWorker.run(TestMethodWorker.java:134)
	at java.base/java.util.ArrayList.forEach(ArrayList.java:1596)
	at org.testng.TestRunner.privateRun(TestRunner.java:739)
	at org.testng.TestRunner.run(TestRunner.java:614)
	at org.testng.SuiteRunner.runTest(SuiteRunner.java:421)
	at org.testng.SuiteRunner.runSequentially(SuiteRunner.java:413)
	at org.testng.SuiteRunner.privateRun(SuiteRunner.java:373)
	at org.testng.SuiteRunner.run(SuiteRunner.java:312)
	at org.testng.SuiteRunnerWorker.runSuite(SuiteRunnerWorker.java:52)
	at org.testng.SuiteRunnerWorker.run(SuiteRunnerWorker.java:95)
	at org.testng.TestNG.runSuitesSequentially(TestNG.java:1274)
	at org.testng.TestNG.runSuitesLocally(TestNG.java:1208)
	at org.testng.TestNG.runSuites(TestNG.java:1112)
	at org.testng.TestNG.run(TestNG.java:1079)
	at org.testng.remote.AbstractRemoteTestNG.run(AbstractRemoteTestNG.java:115)
	at org.testng.remote.RemoteTestNG.initAndRun(RemoteTestNG.java:293)
	at org.testng.remote.RemoteTestNG.main(RemoteTestNG.java:91)
</pre></div></td>
<td>0</td>
<td>Pays.posfinaltesting.TakeOutTest@68ead359</td></tr>
<tr>
<td title='Pays.posfinaltesting.TakeOutTest.TakeOut_AddOrderNote()'><b>TakeOut_AddOrderNote</b><br>Test class: Pays.posfinaltesting.TakeOutTest</td>
<td><div><pre>java.lang.Throwable: Method Pays.posfinaltesting.TakeOutTest.TakeOut_AddOrderNote() on instance Pays.posfinaltesting.TakeOutTest@68ead359 depends on not successfully finished methods 
[Pays.posfinaltesting.TakeOutTest.Takeout_UpdateOrder() on instance Pays.posfinaltesting.TakeOutTest@68ead359]
	at java.base/java.util.ArrayList.forEach(ArrayList.java:1596)
... Removed 18 stack frames</pre></div><a href='#' onClick='toggleBox("stack-trace159158795", this, "Click to show all stack frames", "Click to hide stack frames")'>Click to show all stack frames</a>
<div class='stack-trace' id='stack-trace159158795'><pre>java.lang.Throwable: Method Pays.posfinaltesting.TakeOutTest.TakeOut_AddOrderNote() on instance Pays.posfinaltesting.TakeOutTest@68ead359 depends on not successfully finished methods 
[Pays.posfinaltesting.TakeOutTest.Takeout_UpdateOrder() on instance Pays.posfinaltesting.TakeOutTest@68ead359]
	at org.testng.internal.invokers.TestInvoker.invokeTestMethods(TestInvoker.java:159)
	at org.testng.internal.invokers.TestMethodWorker.invokeTestMethods(TestMethodWorker.java:154)
	at org.testng.internal.invokers.TestMethodWorker.run(TestMethodWorker.java:134)
	at java.base/java.util.ArrayList.forEach(ArrayList.java:1596)
	at org.testng.TestRunner.privateRun(TestRunner.java:739)
	at org.testng.TestRunner.run(TestRunner.java:614)
	at org.testng.SuiteRunner.runTest(SuiteRunner.java:421)
	at org.testng.SuiteRunner.runSequentially(SuiteRunner.java:413)
	at org.testng.SuiteRunner.privateRun(SuiteRunner.java:373)
	at org.testng.SuiteRunner.run(SuiteRunner.java:312)
	at org.testng.SuiteRunnerWorker.runSuite(SuiteRunnerWorker.java:52)
	at org.testng.SuiteRunnerWorker.run(SuiteRunnerWorker.java:95)
	at org.testng.TestNG.runSuitesSequentially(TestNG.java:1274)
	at org.testng.TestNG.runSuitesLocally(TestNG.java:1208)
	at org.testng.TestNG.runSuites(TestNG.java:1112)
	at org.testng.TestNG.run(TestNG.java:1079)
	at org.testng.remote.AbstractRemoteTestNG.run(AbstractRemoteTestNG.java:115)
	at org.testng.remote.RemoteTestNG.initAndRun(RemoteTestNG.java:293)
	at org.testng.remote.RemoteTestNG.main(RemoteTestNG.java:91)
</pre></div></td>
<td>0</td>
<td>Pays.posfinaltesting.TakeOutTest@68ead359</td></tr>
<tr>
<td title='Pays.posfinaltesting.TakeOutTest.TakeOut_AppliedLoyaltyPoint()'><b>TakeOut_AppliedLoyaltyPoint</b><br>Test class: Pays.posfinaltesting.TakeOutTest</td>
<td><div><pre>java.lang.Throwable: Method Pays.posfinaltesting.TakeOutTest.TakeOut_AppliedLoyaltyPoint() on instance Pays.posfinaltesting.TakeOutTest@68ead359 depends on not successfully finished methods 
[Pays.posfinaltesting.TakeOutTest.TakeOut_AddCustomer() on instance Pays.posfinaltesting.TakeOutTest@68ead359]
	at java.base/java.util.ArrayList.forEach(ArrayList.java:1596)
... Removed 18 stack frames</pre></div><a href='#' onClick='toggleBox("stack-trace2000195585", this, "Click to show all stack frames", "Click to hide stack frames")'>Click to show all stack frames</a>
<div class='stack-trace' id='stack-trace2000195585'><pre>java.lang.Throwable: Method Pays.posfinaltesting.TakeOutTest.TakeOut_AppliedLoyaltyPoint() on instance Pays.posfinaltesting.TakeOutTest@68ead359 depends on not successfully finished methods 
[Pays.posfinaltesting.TakeOutTest.TakeOut_AddCustomer() on instance Pays.posfinaltesting.TakeOutTest@68ead359]
	at org.testng.internal.invokers.TestInvoker.invokeTestMethods(TestInvoker.java:159)
	at org.testng.internal.invokers.TestMethodWorker.invokeTestMethods(TestMethodWorker.java:154)
	at org.testng.internal.invokers.TestMethodWorker.run(TestMethodWorker.java:134)
	at java.base/java.util.ArrayList.forEach(ArrayList.java:1596)
	at org.testng.TestRunner.privateRun(TestRunner.java:739)
	at org.testng.TestRunner.run(TestRunner.java:614)
	at org.testng.SuiteRunner.runTest(SuiteRunner.java:421)
	at org.testng.SuiteRunner.runSequentially(SuiteRunner.java:413)
	at org.testng.SuiteRunner.privateRun(SuiteRunner.java:373)
	at org.testng.SuiteRunner.run(SuiteRunner.java:312)
	at org.testng.SuiteRunnerWorker.runSuite(SuiteRunnerWorker.java:52)
	at org.testng.SuiteRunnerWorker.run(SuiteRunnerWorker.java:95)
	at org.testng.TestNG.runSuitesSequentially(TestNG.java:1274)
	at org.testng.TestNG.runSuitesLocally(TestNG.java:1208)
	at org.testng.TestNG.runSuites(TestNG.java:1112)
	at org.testng.TestNG.run(TestNG.java:1079)
	at org.testng.remote.AbstractRemoteTestNG.run(AbstractRemoteTestNG.java:115)
	at org.testng.remote.RemoteTestNG.initAndRun(RemoteTestNG.java:293)
	at org.testng.remote.RemoteTestNG.main(RemoteTestNG.java:91)
</pre></div></td>
<td>0</td>
<td>Pays.posfinaltesting.TakeOutTest@68ead359</td></tr>
<tr>
<td title='Pays.posfinaltesting.TakeOutTest.TakeOut_AddCustomer()'><b>TakeOut_AddCustomer</b><br>Test class: Pays.posfinaltesting.TakeOutTest</td>
<td><div><pre>java.lang.Throwable: Method Pays.posfinaltesting.TakeOutTest.TakeOut_AddCustomer() on instance Pays.posfinaltesting.TakeOutTest@68ead359 depends on not successfully finished methods 
[Pays.posfinaltesting.TakeOutTest.TakeOut_ChangeOrderType() on instance Pays.posfinaltesting.TakeOutTest@68ead359]
	at java.base/java.util.ArrayList.forEach(ArrayList.java:1596)
... Removed 18 stack frames</pre></div><a href='#' onClick='toggleBox("stack-trace327016356", this, "Click to show all stack frames", "Click to hide stack frames")'>Click to show all stack frames</a>
<div class='stack-trace' id='stack-trace327016356'><pre>java.lang.Throwable: Method Pays.posfinaltesting.TakeOutTest.TakeOut_AddCustomer() on instance Pays.posfinaltesting.TakeOutTest@68ead359 depends on not successfully finished methods 
[Pays.posfinaltesting.TakeOutTest.TakeOut_ChangeOrderType() on instance Pays.posfinaltesting.TakeOutTest@68ead359]
	at org.testng.internal.invokers.TestInvoker.invokeTestMethods(TestInvoker.java:159)
	at org.testng.internal.invokers.TestMethodWorker.invokeTestMethods(TestMethodWorker.java:154)
	at org.testng.internal.invokers.TestMethodWorker.run(TestMethodWorker.java:134)
	at java.base/java.util.ArrayList.forEach(ArrayList.java:1596)
	at org.testng.TestRunner.privateRun(TestRunner.java:739)
	at org.testng.TestRunner.run(TestRunner.java:614)
	at org.testng.SuiteRunner.runTest(SuiteRunner.java:421)
	at org.testng.SuiteRunner.runSequentially(SuiteRunner.java:413)
	at org.testng.SuiteRunner.privateRun(SuiteRunner.java:373)
	at org.testng.SuiteRunner.run(SuiteRunner.java:312)
	at org.testng.SuiteRunnerWorker.runSuite(SuiteRunnerWorker.java:52)
	at org.testng.SuiteRunnerWorker.run(SuiteRunnerWorker.java:95)
	at org.testng.TestNG.runSuitesSequentially(TestNG.java:1274)
	at org.testng.TestNG.runSuitesLocally(TestNG.java:1208)
	at org.testng.TestNG.runSuites(TestNG.java:1112)
	at org.testng.TestNG.run(TestNG.java:1079)
	at org.testng.remote.AbstractRemoteTestNG.run(AbstractRemoteTestNG.java:115)
	at org.testng.remote.RemoteTestNG.initAndRun(RemoteTestNG.java:293)
	at org.testng.remote.RemoteTestNG.main(RemoteTestNG.java:91)
</pre></div></td>
<td>0</td>
<td>Pays.posfinaltesting.TakeOutTest@68ead359</td></tr>
<tr>
<td title='Pays.posfinaltesting.TakeOutTest.TakeOut_AddDiscount()'><b>TakeOut_AddDiscount</b><br>Test class: Pays.posfinaltesting.TakeOutTest</td>
<td><div><pre>java.lang.Throwable: Method Pays.posfinaltesting.TakeOutTest.TakeOut_AddDiscount() on instance Pays.posfinaltesting.TakeOutTest@68ead359 depends on not successfully finished methods 
[Pays.posfinaltesting.TakeOutTest.TakeOut_AddOrderNote() on instance Pays.posfinaltesting.TakeOutTest@68ead359]
	at java.base/java.util.ArrayList.forEach(ArrayList.java:1596)
... Removed 18 stack frames</pre></div><a href='#' onClick='toggleBox("stack-trace401688907", this, "Click to show all stack frames", "Click to hide stack frames")'>Click to show all stack frames</a>
<div class='stack-trace' id='stack-trace401688907'><pre>java.lang.Throwable: Method Pays.posfinaltesting.TakeOutTest.TakeOut_AddDiscount() on instance Pays.posfinaltesting.TakeOutTest@68ead359 depends on not successfully finished methods 
[Pays.posfinaltesting.TakeOutTest.TakeOut_AddOrderNote() on instance Pays.posfinaltesting.TakeOutTest@68ead359]
	at org.testng.internal.invokers.TestInvoker.invokeTestMethods(TestInvoker.java:159)
	at org.testng.internal.invokers.TestMethodWorker.invokeTestMethods(TestMethodWorker.java:154)
	at org.testng.internal.invokers.TestMethodWorker.run(TestMethodWorker.java:134)
	at java.base/java.util.ArrayList.forEach(ArrayList.java:1596)
	at org.testng.TestRunner.privateRun(TestRunner.java:739)
	at org.testng.TestRunner.run(TestRunner.java:614)
	at org.testng.SuiteRunner.runTest(SuiteRunner.java:421)
	at org.testng.SuiteRunner.runSequentially(SuiteRunner.java:413)
	at org.testng.SuiteRunner.privateRun(SuiteRunner.java:373)
	at org.testng.SuiteRunner.run(SuiteRunner.java:312)
	at org.testng.SuiteRunnerWorker.runSuite(SuiteRunnerWorker.java:52)
	at org.testng.SuiteRunnerWorker.run(SuiteRunnerWorker.java:95)
	at org.testng.TestNG.runSuitesSequentially(TestNG.java:1274)
	at org.testng.TestNG.runSuitesLocally(TestNG.java:1208)
	at org.testng.TestNG.runSuites(TestNG.java:1112)
	at org.testng.TestNG.run(TestNG.java:1079)
	at org.testng.remote.AbstractRemoteTestNG.run(AbstractRemoteTestNG.java:115)
	at org.testng.remote.RemoteTestNG.initAndRun(RemoteTestNG.java:293)
	at org.testng.remote.RemoteTestNG.main(RemoteTestNG.java:91)
</pre></div></td>
<td>0</td>
<td>Pays.posfinaltesting.TakeOutTest@68ead359</td></tr>
<tr>
<td title='Pays.posfinaltesting.TakeOutTest.TakeOut_Cash_RefundItemWise_PrintReceipt()'><b>TakeOut_Cash_RefundItemWise_PrintReceipt</b><br>Test class: Pays.posfinaltesting.TakeOutTest</td>
<td><div><pre>java.lang.Throwable: Method Pays.posfinaltesting.TakeOutTest.TakeOut_Cash_RefundItemWise_PrintReceipt() on instance Pays.posfinaltesting.TakeOutTest@68ead359 depends on not successfully finished methods 
[Pays.posfinaltesting.TakeOutTest.TakeOut_Cash_RefundItemWise_SelectRefund() on instance Pays.posfinaltesting.TakeOutTest@68ead359]
	at java.base/java.util.ArrayList.forEach(ArrayList.java:1596)
... Removed 18 stack frames</pre></div><a href='#' onClick='toggleBox("stack-trace1066678126", this, "Click to show all stack frames", "Click to hide stack frames")'>Click to show all stack frames</a>
<div class='stack-trace' id='stack-trace1066678126'><pre>java.lang.Throwable: Method Pays.posfinaltesting.TakeOutTest.TakeOut_Cash_RefundItemWise_PrintReceipt() on instance Pays.posfinaltesting.TakeOutTest@68ead359 depends on not successfully finished methods 
[Pays.posfinaltesting.TakeOutTest.TakeOut_Cash_RefundItemWise_SelectRefund() on instance Pays.posfinaltesting.TakeOutTest@68ead359]
	at org.testng.internal.invokers.TestInvoker.invokeTestMethods(TestInvoker.java:159)
	at org.testng.internal.invokers.TestMethodWorker.invokeTestMethods(TestMethodWorker.java:154)
	at org.testng.internal.invokers.TestMethodWorker.run(TestMethodWorker.java:134)
	at java.base/java.util.ArrayList.forEach(ArrayList.java:1596)
	at org.testng.TestRunner.privateRun(TestRunner.java:739)
	at org.testng.TestRunner.run(TestRunner.java:614)
	at org.testng.SuiteRunner.runTest(SuiteRunner.java:421)
	at org.testng.SuiteRunner.runSequentially(SuiteRunner.java:413)
	at org.testng.SuiteRunner.privateRun(SuiteRunner.java:373)
	at org.testng.SuiteRunner.run(SuiteRunner.java:312)
	at org.testng.SuiteRunnerWorker.runSuite(SuiteRunnerWorker.java:52)
	at org.testng.SuiteRunnerWorker.run(SuiteRunnerWorker.java:95)
	at org.testng.TestNG.runSuitesSequentially(TestNG.java:1274)
	at org.testng.TestNG.runSuitesLocally(TestNG.java:1208)
	at org.testng.TestNG.runSuites(TestNG.java:1112)
	at org.testng.TestNG.run(TestNG.java:1079)
	at org.testng.remote.AbstractRemoteTestNG.run(AbstractRemoteTestNG.java:115)
	at org.testng.remote.RemoteTestNG.initAndRun(RemoteTestNG.java:293)
	at org.testng.remote.RemoteTestNG.main(RemoteTestNG.java:91)
</pre></div></td>
<td>0</td>
<td>Pays.posfinaltesting.TakeOutTest@68ead359</td></tr>
<tr>
<td title='Pays.posfinaltesting.TakeOutTest.Takeout_UpdateOrder()'><b>Takeout_UpdateOrder</b><br>Test class: Pays.posfinaltesting.TakeOutTest</td>
<td><div><pre>java.lang.Throwable: Method Pays.posfinaltesting.TakeOutTest.Takeout_UpdateOrder() on instance Pays.posfinaltesting.TakeOutTest@68ead359 depends on not successfully finished methods 
[Pays.posfinaltesting.TakeOutTest.TakeOut_CheckOrderType() on instance Pays.posfinaltesting.TakeOutTest@68ead359]
	at java.base/java.util.ArrayList.forEach(ArrayList.java:1596)
... Removed 18 stack frames</pre></div><a href='#' onClick='toggleBox("stack-trace745615791", this, "Click to show all stack frames", "Click to hide stack frames")'>Click to show all stack frames</a>
<div class='stack-trace' id='stack-trace745615791'><pre>java.lang.Throwable: Method Pays.posfinaltesting.TakeOutTest.Takeout_UpdateOrder() on instance Pays.posfinaltesting.TakeOutTest@68ead359 depends on not successfully finished methods 
[Pays.posfinaltesting.TakeOutTest.TakeOut_CheckOrderType() on instance Pays.posfinaltesting.TakeOutTest@68ead359]
	at org.testng.internal.invokers.TestInvoker.invokeTestMethods(TestInvoker.java:159)
	at org.testng.internal.invokers.TestMethodWorker.invokeTestMethods(TestMethodWorker.java:154)
	at org.testng.internal.invokers.TestMethodWorker.run(TestMethodWorker.java:134)
	at java.base/java.util.ArrayList.forEach(ArrayList.java:1596)
	at org.testng.TestRunner.privateRun(TestRunner.java:739)
	at org.testng.TestRunner.run(TestRunner.java:614)
	at org.testng.SuiteRunner.runTest(SuiteRunner.java:421)
	at org.testng.SuiteRunner.runSequentially(SuiteRunner.java:413)
	at org.testng.SuiteRunner.privateRun(SuiteRunner.java:373)
	at org.testng.SuiteRunner.run(SuiteRunner.java:312)
	at org.testng.SuiteRunnerWorker.runSuite(SuiteRunnerWorker.java:52)
	at org.testng.SuiteRunnerWorker.run(SuiteRunnerWorker.java:95)
	at org.testng.TestNG.runSuitesSequentially(TestNG.java:1274)
	at org.testng.TestNG.runSuitesLocally(TestNG.java:1208)
	at org.testng.TestNG.runSuites(TestNG.java:1112)
	at org.testng.TestNG.run(TestNG.java:1079)
	at org.testng.remote.AbstractRemoteTestNG.run(AbstractRemoteTestNG.java:115)
	at org.testng.remote.RemoteTestNG.initAndRun(RemoteTestNG.java:293)
	at org.testng.remote.RemoteTestNG.main(RemoteTestNG.java:91)
</pre></div></td>
<td>0</td>
<td>Pays.posfinaltesting.TakeOutTest@68ead359</td></tr>
<tr>
<td title='Pays.posfinaltesting.TakeOutTest.TakeOut_Cash_RefundItemWise_SelectRefund()'><b>TakeOut_Cash_RefundItemWise_SelectRefund</b><br>Test class: Pays.posfinaltesting.TakeOutTest</td>
<td><div><pre>java.lang.Throwable: Method Pays.posfinaltesting.TakeOutTest.TakeOut_Cash_RefundItemWise_SelectRefund() on instance Pays.posfinaltesting.TakeOutTest@68ead359 depends on not successfully finished methods 
[Pays.posfinaltesting.TakeOutTest.TakeOut_Cash_RefundItemWise_Payment() on instance Pays.posfinaltesting.TakeOutTest@68ead359]
	at java.base/java.util.ArrayList.forEach(ArrayList.java:1596)
... Removed 18 stack frames</pre></div><a href='#' onClick='toggleBox("stack-trace1320710375", this, "Click to show all stack frames", "Click to hide stack frames")'>Click to show all stack frames</a>
<div class='stack-trace' id='stack-trace1320710375'><pre>java.lang.Throwable: Method Pays.posfinaltesting.TakeOutTest.TakeOut_Cash_RefundItemWise_SelectRefund() on instance Pays.posfinaltesting.TakeOutTest@68ead359 depends on not successfully finished methods 
[Pays.posfinaltesting.TakeOutTest.TakeOut_Cash_RefundItemWise_Payment() on instance Pays.posfinaltesting.TakeOutTest@68ead359]
	at org.testng.internal.invokers.TestInvoker.invokeTestMethods(TestInvoker.java:159)
	at org.testng.internal.invokers.TestMethodWorker.invokeTestMethods(TestMethodWorker.java:154)
	at org.testng.internal.invokers.TestMethodWorker.run(TestMethodWorker.java:134)
	at java.base/java.util.ArrayList.forEach(ArrayList.java:1596)
	at org.testng.TestRunner.privateRun(TestRunner.java:739)
	at org.testng.TestRunner.run(TestRunner.java:614)
	at org.testng.SuiteRunner.runTest(SuiteRunner.java:421)
	at org.testng.SuiteRunner.runSequentially(SuiteRunner.java:413)
	at org.testng.SuiteRunner.privateRun(SuiteRunner.java:373)
	at org.testng.SuiteRunner.run(SuiteRunner.java:312)
	at org.testng.SuiteRunnerWorker.runSuite(SuiteRunnerWorker.java:52)
	at org.testng.SuiteRunnerWorker.run(SuiteRunnerWorker.java:95)
	at org.testng.TestNG.runSuitesSequentially(TestNG.java:1274)
	at org.testng.TestNG.runSuitesLocally(TestNG.java:1208)
	at org.testng.TestNG.runSuites(TestNG.java:1112)
	at org.testng.TestNG.run(TestNG.java:1079)
	at org.testng.remote.AbstractRemoteTestNG.run(AbstractRemoteTestNG.java:115)
	at org.testng.remote.RemoteTestNG.initAndRun(RemoteTestNG.java:293)
	at org.testng.remote.RemoteTestNG.main(RemoteTestNG.java:91)
</pre></div></td>
<td>0</td>
<td>Pays.posfinaltesting.TakeOutTest@68ead359</td></tr>
</table><p>
</body>
</html>