<?xml version="1.0" encoding="UTF-8"?>
<!-- Generated by org.testng.reporters.JUnitXMLReporter -->
<testsuite ignored="8" hostname="Pratik" failures="1" tests="20" name="Cash_ItemWiseRefund" time="110.135" errors="0" timestamp="2025-03-20T07:44:02 IST">
  <testcase classname="Pays.posfinaltesting.TakeOutTest" name="TakeOut_Setup" time="2.225"/>
  <testcase classname="Pays.posfinaltesting.TakeOutTest" name="TakeOut_SelectTakeout" time="15.267"/>
  <testcase classname="Pays.posfinaltesting.TakeOutTest" name="TakeOut_ItemSelection" time="14.316"/>
  <testcase classname="Pays.posfinaltesting.TakeOutTest" name="TakeOut_AddManualItems" time="14.767"/>
  <testcase classname="Pays.posfinaltesting.TakeOutTest" name="TakeOut_UpdateItem" time="14.488"/>
  <testcase classname="Pays.posfinaltesting.TakeOutTest" name="TakeOut_RemoveItem" time="2.881"/>
  <testcase classname="Pays.posfinaltesting.TakeOutTest" name="TakeOut_SaveOrder" time="1.719"/>
  <testcase classname="Pays.posfinaltesting.TakeOutTest" name="TakeOut_CheckOrderType" time="10.512">
    <failure type="org.openqa.selenium.TimeoutException" message="Expected condition failed: waiting for visibility of Located by By.chained({By.xpath: (//android.widget.TextView[@resource-id=&amp;quot;com.pays.pos:id/txtOrderType&amp;quot;])[1]}) (tried for 10 second(s) with 500 milliseconds interval)">
      <![CDATA[org.openqa.selenium.TimeoutException: Expected condition failed: waiting for visibility of Located by By.chained({By.xpath: (//android.widget.TextView[@resource-id="com.pays.pos:id/txtOrderType"])[1]}) (tried for 10 second(s) with 500 milliseconds interval)
at org.openqa.selenium.support.ui.WebDriverWait.timeoutException(WebDriverWait.java:84)
at org.openqa.selenium.support.ui.FluentWait.until(FluentWait.java:228)
at Pays.posfinaltesting.actions.TakeOutClass.getOrderTypeText(TakeOutClass.java:329)
at Pays.posfinaltesting.TakeOutTest.TakeOut_CheckOrderType(TakeOutTest.java:166)
at java.base/java.util.ArrayList.forEach(ArrayList.java:1596)
Caused by: org.openqa.selenium.NoSuchElementException: Can't locate an element by this strategy: By.chained({By.xpath: (//android.widget.TextView[@resource-id="com.pays.pos:id/txtOrderType"])[1]})
at io.appium.java_client.pagefactory.AppiumElementLocator.findElement(AppiumElementLocator.java:166)
at io.appium.java_client.pagefactory.interceptors.InterceptorOfASingleElement.call(InterceptorOfASingleElement.java:75)
at io.appium.java_client.proxy.Interceptor.intercept(Interceptor.java:78)
at org.openqa.selenium.remote.RemoteWebElement$ByteBuddy$mIOn6qFV.isDisplayed(Unknown Source)
at org.openqa.selenium.support.ui.ExpectedConditions.elementIfVisible(ExpectedConditions.java:304)
at org.openqa.selenium.support.ui.ExpectedConditions$10.apply(ExpectedConditions.java:290)
at org.openqa.selenium.support.ui.ExpectedConditions$10.apply(ExpectedConditions.java:287)
at org.openqa.selenium.support.ui.FluentWait.until(FluentWait.java:203)
... 28 more
Caused by: org.openqa.selenium.TimeoutException: Expected condition failed: waiting for io.appium.java_client.pagefactory.AppiumElementLocator$WaitingFunction@42add6ba (tried for 1 second(s) with 500 milliseconds interval)
at org.openqa.selenium.support.ui.FluentWait.timeoutException(FluentWait.java:265)
at org.openqa.selenium.support.ui.FluentWait.until(FluentWait.java:228)
at io.appium.java_client.pagefactory.AppiumElementLocator.waitFor(AppiumElementLocator.java:135)
at io.appium.java_client.pagefactory.AppiumElementLocator.findElement(AppiumElementLocator.java:160)
... 35 more
Caused by: org.openqa.selenium.NoSuchElementException: Cannot locate an element using By.chained({By.xpath: (//android.widget.TextView[@resource-id="com.pays.pos:id/txtOrderType"])[1]})
For documentation on this error, please visit: https://www.selenium.dev/documentation/webdriver/troubleshooting/errors#no-such-element-exception
Build info: version: '4.29.0', revision: '5fc1ec94cb'
System info: os.name: 'Windows 11', os.arch: 'amd64', os.version: '10.0', java.version: '21.0.6'
Driver info: driver.version: RemoteWebDriver
at io.appium.java_client.pagefactory.bys.builder.ByChained.findElement(ByChained.java:74)
at org.openqa.selenium.remote.ElementLocation$ElementFinder$1.findElement(ElementLocation.java:139)
at org.openqa.selenium.remote.ElementLocation.findElement(ElementLocation.java:59)
at org.openqa.selenium.remote.RemoteWebDriver.findElement(RemoteWebDriver.java:368)
at org.openqa.selenium.remote.RemoteWebDriver.findElement(RemoteWebDriver.java:362)
at io.appium.java_client.pagefactory.bys.ContentMappedBy.findElement(ContentMappedBy.java:54)
at org.openqa.selenium.remote.ElementLocation$ElementFinder$1.findElement(ElementLocation.java:139)
at org.openqa.selenium.remote.ElementLocation.findElement(ElementLocation.java:59)
at org.openqa.selenium.remote.RemoteWebDriver.findElement(RemoteWebDriver.java:368)
at org.openqa.selenium.remote.RemoteWebDriver.findElement(RemoteWebDriver.java:362)
at io.appium.java_client.pagefactory.AppiumElementLocator.lambda$findElement$1(AppiumElementLocator.java:160)
at io.appium.java_client.pagefactory.AppiumElementLocator$WaitingFunction.apply(AppiumElementLocator.java:217)
at io.appium.java_client.pagefactory.AppiumElementLocator$WaitingFunction.apply(AppiumElementLocator.java:210)
at org.openqa.selenium.support.ui.FluentWait.until(FluentWait.java:203)
... 37 more
... Removed 25 stack frames]]>
    </failure>
  </testcase> <!-- TakeOut_CheckOrderType -->
  <testcase classname="Pays.posfinaltesting.TakeOutTest" name="Takeout_UpdateOrder" time="0.0">
    <skipped/>
  </testcase> <!-- Takeout_UpdateOrder -->
  <testcase classname="Pays.posfinaltesting.TakeOutTest" name="TakeOut_AddOrderNote" time="0.0">
    <skipped/>
  </testcase> <!-- TakeOut_AddOrderNote -->
  <testcase classname="Pays.posfinaltesting.TakeOutTest" name="TakeOut_AddDiscount" time="0.0">
    <skipped/>
  </testcase> <!-- TakeOut_AddDiscount -->
  <testcase classname="Pays.posfinaltesting.TakeOutTest" name="TakeOut_ChangeOrderType" time="0.0">
    <skipped/>
  </testcase> <!-- TakeOut_ChangeOrderType -->
  <testcase classname="Pays.posfinaltesting.TakeOutTest" name="TakeOut_AddCustomer" time="0.0">
    <skipped/>
  </testcase> <!-- TakeOut_AddCustomer -->
  <testcase classname="Pays.posfinaltesting.TakeOutTest" name="TakeOut_AppliedLoyaltyPoint" time="0.0">
    <skipped/>
  </testcase> <!-- TakeOut_AppliedLoyaltyPoint -->
  <testcase classname="Pays.posfinaltesting.TakeOutTest" name="TakeOut_Transaction" time="0.0">
    <skipped/>
  </testcase> <!-- TakeOut_Transaction -->
  <testcase classname="Pays.posfinaltesting.TakeOutTest" name="TakeOut_AddTip" time="0.0">
    <skipped/>
  </testcase> <!-- TakeOut_AddTip -->
  <testcase classname="Pays.posfinaltesting.TakeOutTest" name="TakeOut_Cash_RefundItemWise_Payment" time="0.0">
    <skipped/>
  </testcase> <!-- TakeOut_Cash_RefundItemWise_Payment -->
  <testcase classname="Pays.posfinaltesting.TakeOutTest" name="TakeOut_Cash_RefundItemWise_SelectRefund" time="0.0">
    <skipped/>
  </testcase> <!-- TakeOut_Cash_RefundItemWise_SelectRefund -->
  <testcase classname="Pays.posfinaltesting.TakeOutTest" name="TakeOut_Cash_RefundItemWise_PrintReceipt" time="0.0">
    <skipped/>
  </testcase> <!-- TakeOut_Cash_RefundItemWise_PrintReceipt -->
  <testcase classname="Pays.posfinaltesting.TakeOutTest" name="TakeOut_Cash_RefundItemWise_CheckCashLog" time="0.0">
    <skipped/>
  </testcase> <!-- TakeOut_Cash_RefundItemWise_CheckCashLog -->
  <testcase classname="Pays.posfinaltesting.TakeOutTest" name="TakeOut_Cash_FullRefund_SelectRefund" time="0.0">
    <ignored/>
  </testcase> <!-- TakeOut_Cash_FullRefund_SelectRefund -->
  <testcase classname="Pays.posfinaltesting.TakeOutTest" name="TakeOut_Cash_FullRefund_Payment" time="0.0">
    <ignored/>
  </testcase> <!-- TakeOut_Cash_FullRefund_Payment -->
  <testcase classname="Pays.posfinaltesting.TakeOutTest" name="TakeOut_Card_ConnecttoPax" time="0.0">
    <ignored/>
  </testcase> <!-- TakeOut_Card_ConnecttoPax -->
  <testcase classname="Pays.posfinaltesting.TakeOutTest" name="TakeOut_Cash_FullRefund_PrintReceipt" time="0.0">
    <ignored/>
  </testcase> <!-- TakeOut_Cash_FullRefund_PrintReceipt -->
  <testcase classname="Pays.posfinaltesting.TakeOutTest" name="TakeOut_Cash_FullRefund_CheckCashLog" time="0.0">
    <ignored/>
  </testcase> <!-- TakeOut_Cash_FullRefund_CheckCashLog -->
  <testcase classname="Pays.posfinaltesting.TakeOutTest" name="TakeOut_Card_Refund_PrintReceipt" time="0.0">
    <ignored/>
  </testcase> <!-- TakeOut_Card_Refund_PrintReceipt -->
  <testcase classname="Pays.posfinaltesting.TakeOutTest" name="TakeOut_Card_FinalWayPayment" time="0.0">
    <ignored/>
  </testcase> <!-- TakeOut_Card_FinalWayPayment -->
  <testcase classname="Pays.posfinaltesting.TakeOutTest" name="TakeOut_Card_Refund_SelectRefund" time="0.0">
    <ignored/>
  </testcase> <!-- TakeOut_Card_Refund_SelectRefund -->
</testsuite> <!-- Cash_ItemWiseRefund -->
