<?xml version="1.0" encoding="UTF-8"?>
<!-- Generated by org.testng.reporters.JUnitXMLReporter -->
<testsuite ignored="7" hostname="Pratik" failures="1" tests="21" name="Cash_FullRefund" time="225.82" errors="0" timestamp="2025-03-13T18:37:46 IST">
  <testcase classname="Pays.posfinaltesting.TakeOutTest" name="TakeOut_Setup" time="8.224"/>
  <testcase classname="Pays.posfinaltesting.TakeOutTest" name="TakeOut_ConnecttoPax" time="10.73"/>
  <testcase classname="Pays.posfinaltesting.TakeOutTest" name="TakeOut_SelectTakeout" time="3.307"/>
  <testcase classname="Pays.posfinaltesting.TakeOutTest" name="TakeOut_ItemSelection" time="99.528"/>
  <testcase classname="Pays.posfinaltesting.TakeOutTest" name="TakeOut_AddManualItems" time="19.286"/>
  <testcase classname="Pays.posfinaltesting.TakeOutTest" name="TakeOut_UpdateItem" time="17.56"/>
  <testcase classname="Pays.posfinaltesting.TakeOutTest" name="TakeOut_RemoveItem" time="5.58"/>
  <testcase classname="Pays.posfinaltesting.TakeOutTest" name="TakeOut_SaveOrder" time="2.371"/>
  <testcase classname="Pays.posfinaltesting.TakeOutTest" name="TakeOut_CheckOrderType" time="5.87"/>
  <testcase classname="Pays.posfinaltesting.TakeOutTest" name="Takeout_UpdateOrder" time="4.121"/>
  <testcase classname="Pays.posfinaltesting.TakeOutTest" name="TakeOut_AddOrderNote" time="6.475">
    <failure type="org.openqa.selenium.NoSuchElementException" message="An element could not be located on the page using the given search parameters.
For documentation on this error, please visit: https://www.selenium.dev/documentation/webdriver/troubleshooting/errors#no-such-element-exception
Build info: version: &amp;apos;4.29.0&amp;apos;, revision: &amp;apos;5fc1ec94cb&amp;apos;
System info: os.name: &amp;apos;Windows 11&amp;apos;, os.arch: &amp;apos;amd64&amp;apos;, os.version: &amp;apos;10.0&amp;apos;, java.version: &amp;apos;21.0.6&amp;apos;
Driver info: io.appium.java_client.android.AndroidDriver
Command: [bc9fe20a-670c-4d2c-bb2c-17a894b975c2, findChildElement {using=xpath, id=00000000-0000-002f-ffff-ffff00001756, value=.//android.widget.TextView[@text=&amp;apos;Extra Spicy&amp;apos;]}]
Capabilities {appium:app: E:\EclipseWorkspace\posfina..., appium:appActivity: com.pays.pos.ui.activities...., appium:appPackage: com.pays.pos, appium:autoGrantPermissions: true, appium:automationName: UIAutomator2, appium:databaseEnabled: false, appium:desired: {app: E:\EclipseWorkspace\posfina..., appActivity: com.pays.pos.ui.activities...., appPackage: com.pays.pos, autoGrantPermissions: true, automationName: UIAutomator2, deviceName: LANDI C20pro, platformName: ANDROID}, appium:deviceApiLevel: 33, appium:deviceManufacturer: LANDI, appium:deviceModel: C20Pro, appium:deviceName: 245WCCM00240, appium:deviceScreenDensity: 240, appium:deviceScreenSize: 1920x1080, appium:deviceUDID: 245WCCM00240, appium:javascriptEnabled: true, appium:locationContextEnabled: false, appium:networkConnectionEnabled: true, appium:pixelRatio: 1.5, appium:platformVersion: 13, appium:statBarHeight: 36, appium:takesScreenshot: true, appium:viewportRect: {height: 1044, left: 0, top: 36, width: 1920}, appium:warnings: {}, appium:webStorageEnabled: false, platformName: ANDROID}
Session ID: bc9fe20a-670c-4d2c-bb2c-17a894b975c2">
      <![CDATA[org.openqa.selenium.NoSuchElementException: An element could not be located on the page using the given search parameters.
For documentation on this error, please visit: https://www.selenium.dev/documentation/webdriver/troubleshooting/errors#no-such-element-exception
Build info: version: '4.29.0', revision: '5fc1ec94cb'
System info: os.name: 'Windows 11', os.arch: 'amd64', os.version: '10.0', java.version: '21.0.6'
Driver info: io.appium.java_client.android.AndroidDriver
Command: [bc9fe20a-670c-4d2c-bb2c-17a894b975c2, findChildElement {using=xpath, id=00000000-0000-002f-ffff-ffff00001756, value=.//android.widget.TextView[@text='Extra Spicy']}]
Capabilities {appium:app: E:\EclipseWorkspace\posfina..., appium:appActivity: com.pays.pos.ui.activities...., appium:appPackage: com.pays.pos, appium:autoGrantPermissions: true, appium:automationName: UIAutomator2, appium:databaseEnabled: false, appium:desired: {app: E:\EclipseWorkspace\posfina..., appActivity: com.pays.pos.ui.activities...., appPackage: com.pays.pos, autoGrantPermissions: true, automationName: UIAutomator2, deviceName: LANDI C20pro, platformName: ANDROID}, appium:deviceApiLevel: 33, appium:deviceManufacturer: LANDI, appium:deviceModel: C20Pro, appium:deviceName: 245WCCM00240, appium:deviceScreenDensity: 240, appium:deviceScreenSize: 1920x1080, appium:deviceUDID: 245WCCM00240, appium:javascriptEnabled: true, appium:locationContextEnabled: false, appium:networkConnectionEnabled: true, appium:pixelRatio: 1.5, appium:platformVersion: 13, appium:statBarHeight: 36, appium:takesScreenshot: true, appium:viewportRect: {height: 1044, left: 0, top: 36, width: 1920}, appium:warnings: {}, appium:webStorageEnabled: false, platformName: ANDROID}
Session ID: bc9fe20a-670c-4d2c-bb2c-17a894b975c2
at org.openqa.selenium.remote.ErrorCodec.decode(ErrorCodec.java:167)
at org.openqa.selenium.remote.codec.w3c.W3CHttpResponseCodec.decode(W3CHttpResponseCodec.java:138)
at org.openqa.selenium.remote.codec.w3c.W3CHttpResponseCodec.decode(W3CHttpResponseCodec.java:50)
at org.openqa.selenium.remote.HttpCommandExecutor.execute(HttpCommandExecutor.java:215)
at io.appium.java_client.remote.AppiumCommandExecutor.execute(AppiumCommandExecutor.java:243)
at org.openqa.selenium.remote.RemoteWebDriver.execute(RemoteWebDriver.java:545)
at org.openqa.selenium.remote.ElementLocation$ElementFinder$2.findElement(ElementLocation.java:165)
at org.openqa.selenium.remote.ElementLocation.findElement(ElementLocation.java:59)
at org.openqa.selenium.remote.RemoteWebDriver.findElement(RemoteWebDriver.java:368)
at org.openqa.selenium.remote.RemoteWebElement.findElement(RemoteWebElement.java:211)
at Pays.posfinaltesting.actions.SetupClass.SelectONote(SetupClass.java:598)
at Pays.posfinaltesting.TakeOutTest.TakeOut_AddOrderNote(TakeOutTest.java:133)
at java.base/java.util.ArrayList.forEach(ArrayList.java:1596)
... Removed 28 stack frames]]>
    </failure>
  </testcase> <!-- TakeOut_AddOrderNote -->
  <testcase classname="Pays.posfinaltesting.TakeOutTest" name="TakeOut_AddDiscount" time="0.0">
    <skipped/>
  </testcase> <!-- TakeOut_AddDiscount -->
  <testcase classname="Pays.posfinaltesting.TakeOutTest" name="TakeOut_ChangeOrderType" time="0.001">
    <skipped/>
  </testcase> <!-- TakeOut_ChangeOrderType -->
  <testcase classname="Pays.posfinaltesting.TakeOutTest" name="TakeOut_AddCustomer" time="0.0">
    <skipped/>
  </testcase> <!-- TakeOut_AddCustomer -->
  <testcase classname="Pays.posfinaltesting.TakeOutTest" name="TakeOut_AppliedLoyaltyPoint" time="0.0">
    <skipped/>
  </testcase> <!-- TakeOut_AppliedLoyaltyPoint -->
  <testcase classname="Pays.posfinaltesting.TakeOutTest" name="TakeOut_Transaction" time="0.0">
    <skipped/>
  </testcase> <!-- TakeOut_Transaction -->
  <testcase classname="Pays.posfinaltesting.TakeOutTest" name="TakeOut_AddTip" time="0.0">
    <skipped/>
  </testcase> <!-- TakeOut_AddTip -->
  <testcase classname="Pays.posfinaltesting.TakeOutTest" name="TakeOut_Cash_FullRefund_Payment" time="0.0">
    <skipped/>
  </testcase> <!-- TakeOut_Cash_FullRefund_Payment -->
  <testcase classname="Pays.posfinaltesting.TakeOutTest" name="TakeOut_Cash_FullRefund_SelectRefund" time="0.001">
    <skipped/>
  </testcase> <!-- TakeOut_Cash_FullRefund_SelectRefund -->
  <testcase classname="Pays.posfinaltesting.TakeOutTest" name="TakeOut_Cash_FullRefund_PrintReceipt" time="0.0">
    <skipped/>
  </testcase> <!-- TakeOut_Cash_FullRefund_PrintReceipt -->
  <testcase classname="Pays.posfinaltesting.TakeOutTest" name="TakeOut_Cash_FullRefund_CheckCashLog" time="0.0">
    <skipped/>
  </testcase> <!-- TakeOut_Cash_FullRefund_CheckCashLog -->
  <testcase classname="Pays.posfinaltesting.TakeOutTest" name="TakeOut_Cash_RefundItemWise_CheckCashLog" time="0.0">
    <ignored/>
  </testcase> <!-- TakeOut_Cash_RefundItemWise_CheckCashLog -->
  <testcase classname="Pays.posfinaltesting.TakeOutTest" name="TakeOut_Card_Refund_SelectRefund" time="0.0">
    <ignored/>
  </testcase> <!-- TakeOut_Card_Refund_SelectRefund -->
  <testcase classname="Pays.posfinaltesting.TakeOutTest" name="TakeOut_Cash_RefundItemWise_SelectRefund" time="0.0">
    <ignored/>
  </testcase> <!-- TakeOut_Cash_RefundItemWise_SelectRefund -->
  <testcase classname="Pays.posfinaltesting.TakeOutTest" name="TakeOut_Card_FinalWayPayment" time="0.0">
    <ignored/>
  </testcase> <!-- TakeOut_Card_FinalWayPayment -->
  <testcase classname="Pays.posfinaltesting.TakeOutTest" name="TakeOut_Cash_RefundItemWise_PrintReceipt" time="0.0">
    <ignored/>
  </testcase> <!-- TakeOut_Cash_RefundItemWise_PrintReceipt -->
  <testcase classname="Pays.posfinaltesting.TakeOutTest" name="TakeOut_Card_Refund_PrintReceipt" time="0.0">
    <ignored/>
  </testcase> <!-- TakeOut_Card_Refund_PrintReceipt -->
  <testcase classname="Pays.posfinaltesting.TakeOutTest" name="TakeOut_Cash_RefundItemWise_Payment" time="0.0">
    <ignored/>
  </testcase> <!-- TakeOut_Cash_RefundItemWise_Payment -->
</testsuite> <!-- Cash_FullRefund -->
