<?xml version="1.0" encoding="UTF-8"?>
<!-- Generated by org.testng.reporters.JUnitXMLReporter -->
<testsuite ignored="14" hostname="Pratik" failures="1" tests="20" name="Split Payment_Test" time="108.042" errors="0" timestamp="2025-03-20T07:47:01 IST">
  <testcase classname="Pays.posfinaltesting.OpenOderTest" name="OpenOrder_Setup" time="1.64"/>
  <testcase classname="Pays.posfinaltesting.OpenOderTest" name="OpenOrder_SelectOpenOrder" time="9.058"/>
  <testcase classname="Pays.posfinaltesting.OpenOderTest" name="OpenOrder_ItemSelection" time="11.441"/>
  <testcase classname="Pays.posfinaltesting.OpenOderTest" name="OpenOrder_AddManualItems" time="14.781"/>
  <testcase classname="Pays.posfinaltesting.OpenOderTest" name="OpenOrder_UpdateItem" time="22.06"/>
  <testcase classname="Pays.posfinaltesting.OpenOderTest" name="OpenOrder_RemoveItem" time="3.417"/>
  <testcase classname="Pays.posfinaltesting.OpenOderTest" name="OpenOrder_SaveOrder" time="1.259"/>
  <testcase classname="Pays.posfinaltesting.OpenOderTest" name="OpenOrder_CheckOrderType" time="10.235">
    <failure type="org.openqa.selenium.TimeoutException" message="Expected condition failed: waiting for visibility of Located by By.chained({By.xpath: (//android.widget.TextView[@resource-id=&amp;quot;com.pays.pos:id/txtOrderType&amp;quot;])[1]}) (tried for 10 second(s) with 500 milliseconds interval)">
      <![CDATA[org.openqa.selenium.TimeoutException: Expected condition failed: waiting for visibility of Located by By.chained({By.xpath: (//android.widget.TextView[@resource-id="com.pays.pos:id/txtOrderType"])[1]}) (tried for 10 second(s) with 500 milliseconds interval)
at org.openqa.selenium.support.ui.WebDriverWait.timeoutException(WebDriverWait.java:84)
at org.openqa.selenium.support.ui.FluentWait.until(FluentWait.java:228)
at Pays.posfinaltesting.actions.OpenOrderClass.getOrderTypeText(OpenOrderClass.java:304)
at Pays.posfinaltesting.OpenOderTest.OpenOrder_CheckOrderType(OpenOderTest.java:148)
at java.base/java.util.ArrayList.forEach(ArrayList.java:1596)
Caused by: org.openqa.selenium.NoSuchElementException: Can't locate an element by this strategy: By.chained({By.xpath: (//android.widget.TextView[@resource-id="com.pays.pos:id/txtOrderType"])[1]})
at io.appium.java_client.pagefactory.AppiumElementLocator.findElement(AppiumElementLocator.java:166)
at io.appium.java_client.pagefactory.interceptors.InterceptorOfASingleElement.call(InterceptorOfASingleElement.java:75)
at io.appium.java_client.proxy.Interceptor.intercept(Interceptor.java:78)
at org.openqa.selenium.remote.RemoteWebElement$ByteBuddy$M6Y3PcmP.isDisplayed(Unknown Source)
at org.openqa.selenium.support.ui.ExpectedConditions.elementIfVisible(ExpectedConditions.java:304)
at org.openqa.selenium.support.ui.ExpectedConditions$10.apply(ExpectedConditions.java:290)
at org.openqa.selenium.support.ui.ExpectedConditions$10.apply(ExpectedConditions.java:287)
at org.openqa.selenium.support.ui.FluentWait.until(FluentWait.java:203)
... 28 more
Caused by: org.openqa.selenium.TimeoutException: Expected condition failed: waiting for io.appium.java_client.pagefactory.AppiumElementLocator$WaitingFunction@2de9b854 (tried for 1 second(s) with 500 milliseconds interval)
at org.openqa.selenium.support.ui.FluentWait.timeoutException(FluentWait.java:265)
at org.openqa.selenium.support.ui.FluentWait.until(FluentWait.java:228)
at io.appium.java_client.pagefactory.AppiumElementLocator.waitFor(AppiumElementLocator.java:135)
at io.appium.java_client.pagefactory.AppiumElementLocator.findElement(AppiumElementLocator.java:160)
... 35 more
Caused by: org.openqa.selenium.NoSuchElementException: Cannot locate an element using By.chained({By.xpath: (//android.widget.TextView[@resource-id="com.pays.pos:id/txtOrderType"])[1]})
For documentation on this error, please visit: https://www.selenium.dev/documentation/webdriver/troubleshooting/errors#no-such-element-exception
Build info: version: '4.29.0', revision: '5fc1ec94cb'
System info: os.name: 'Windows 11', os.arch: 'amd64', os.version: '10.0', java.version: '21.0.6'
Driver info: driver.version: RemoteWebDriver
at io.appium.java_client.pagefactory.bys.builder.ByChained.findElement(ByChained.java:74)
at org.openqa.selenium.remote.ElementLocation$ElementFinder$1.findElement(ElementLocation.java:139)
at org.openqa.selenium.remote.ElementLocation.findElement(ElementLocation.java:59)
at org.openqa.selenium.remote.RemoteWebDriver.findElement(RemoteWebDriver.java:368)
at org.openqa.selenium.remote.RemoteWebDriver.findElement(RemoteWebDriver.java:362)
at io.appium.java_client.pagefactory.bys.ContentMappedBy.findElement(ContentMappedBy.java:54)
at org.openqa.selenium.remote.ElementLocation$ElementFinder$1.findElement(ElementLocation.java:139)
at org.openqa.selenium.remote.ElementLocation.findElement(ElementLocation.java:59)
at org.openqa.selenium.remote.RemoteWebDriver.findElement(RemoteWebDriver.java:368)
at org.openqa.selenium.remote.RemoteWebDriver.findElement(RemoteWebDriver.java:362)
at io.appium.java_client.pagefactory.AppiumElementLocator.lambda$findElement$1(AppiumElementLocator.java:160)
at io.appium.java_client.pagefactory.AppiumElementLocator$WaitingFunction.apply(AppiumElementLocator.java:217)
at io.appium.java_client.pagefactory.AppiumElementLocator$WaitingFunction.apply(AppiumElementLocator.java:210)
at org.openqa.selenium.support.ui.FluentWait.until(FluentWait.java:203)
... 37 more
... Removed 25 stack frames]]>
    </failure>
  </testcase> <!-- OpenOrder_CheckOrderType -->
  <testcase classname="Pays.posfinaltesting.OpenOderTest" name="OpenOrder_UpdateOrder" time="0.0">
    <skipped/>
  </testcase> <!-- OpenOrder_UpdateOrder -->
  <testcase classname="Pays.posfinaltesting.OpenOderTest" name="OpenOrder_AddDiscount" time="0.0">
    <skipped/>
  </testcase> <!-- OpenOrder_AddDiscount -->
  <testcase classname="Pays.posfinaltesting.OpenOderTest" name="OpenOrder_AddOrderNote" time="0.0">
    <skipped/>
  </testcase> <!-- OpenOrder_AddOrderNote -->
  <testcase classname="Pays.posfinaltesting.OpenOderTest" name="OpenOrder_ChangeOrderType" time="0.0">
    <skipped/>
  </testcase> <!-- OpenOrder_ChangeOrderType -->
  <testcase classname="Pays.posfinaltesting.OpenOderTest" name="OpenOrder_AddCustomer" time="0.0">
    <skipped/>
  </testcase> <!-- OpenOrder_AddCustomer -->
  <testcase classname="Pays.posfinaltesting.OpenOderTest" name="OpenOrder_Transaction" time="0.0">
    <skipped/>
  </testcase> <!-- OpenOrder_Transaction -->
  <testcase classname="Pays.posfinaltesting.OpenOderTest" name="OpenOrder_Split_SelectSplit" time="0.0">
    <skipped/>
  </testcase> <!-- OpenOrder_Split_SelectSplit -->
  <testcase classname="Pays.posfinaltesting.OpenOderTest" name="OpenOrder_Split_SelectCash" time="0.0">
    <skipped/>
  </testcase> <!-- OpenOrder_Split_SelectCash -->
  <testcase classname="Pays.posfinaltesting.OpenOderTest" name="OpenOrder_Split_SelectNextPayment" time="0.0">
    <skipped/>
  </testcase> <!-- OpenOrder_Split_SelectNextPayment -->
  <testcase classname="Pays.posfinaltesting.OpenOderTest" name="OpenOrder_Split_FinalWayPayment" time="0.0">
    <skipped/>
  </testcase> <!-- OpenOrder_Split_FinalWayPayment -->
  <testcase classname="Pays.posfinaltesting.OpenOderTest" name="OpenOrder_Split_Refund_SelectRefund" time="0.0">
    <skipped/>
  </testcase> <!-- OpenOrder_Split_Refund_SelectRefund -->
  <testcase classname="Pays.posfinaltesting.OpenOderTest" name="OpenOrder_Split_Refund_PrintReceipt" time="0.0">
    <skipped/>
  </testcase> <!-- OpenOrder_Split_Refund_PrintReceipt -->
  <testcase classname="Pays.posfinaltesting.OpenOderTest" name="OpenOrder_Card_Refund_PrintReceipt" time="0.0">
    <ignored/>
  </testcase> <!-- OpenOrder_Card_Refund_PrintReceipt -->
  <testcase classname="Pays.posfinaltesting.OpenOderTest" name="OpenOrder_Card_Refund_SelectRefund" time="0.0">
    <ignored/>
  </testcase> <!-- OpenOrder_Card_Refund_SelectRefund -->
  <testcase classname="Pays.posfinaltesting.OpenOderTest" name="OpenOrder_Cash_RefundItemWise_CheckCashLog" time="0.0">
    <ignored/>
  </testcase> <!-- OpenOrder_Cash_RefundItemWise_CheckCashLog -->
  <testcase classname="Pays.posfinaltesting.OpenOderTest" name="OpenOrder_Cash_RefundItemWise_PrintReceipt" time="0.0">
    <ignored/>
  </testcase> <!-- OpenOrder_Cash_RefundItemWise_PrintReceipt -->
  <testcase classname="Pays.posfinaltesting.OpenOderTest" name="OpenOrder_Cash_RefundItemWise_SelectRefund" time="0.0">
    <ignored/>
  </testcase> <!-- OpenOrder_Cash_RefundItemWise_SelectRefund -->
  <testcase classname="Pays.posfinaltesting.OpenOderTest" name="OpenOrder_Cash_RefundItemWise_Payment" time="0.0">
    <ignored/>
  </testcase> <!-- OpenOrder_Cash_RefundItemWise_Payment -->
  <testcase classname="Pays.posfinaltesting.OpenOderTest" name="OpenOrder_Card_ConnecttoPax" time="0.0">
    <ignored/>
  </testcase> <!-- OpenOrder_Card_ConnecttoPax -->
  <testcase classname="Pays.posfinaltesting.OpenOderTest" name="OpenOrder_Cash_FullRefund_PrintReceipt" time="0.0">
    <ignored/>
  </testcase> <!-- OpenOrder_Cash_FullRefund_PrintReceipt -->
  <testcase classname="Pays.posfinaltesting.OpenOderTest" name="OpenOrder_Cash_FullRefund_Payment" time="0.0">
    <ignored/>
  </testcase> <!-- OpenOrder_Cash_FullRefund_Payment -->
  <testcase classname="Pays.posfinaltesting.OpenOderTest" name="OpenOrder_Cash_FullRefund_SelectRefund" time="0.0">
    <ignored/>
  </testcase> <!-- OpenOrder_Cash_FullRefund_SelectRefund -->
  <testcase classname="Pays.posfinaltesting.OpenOderTest" name="OpenOrder_Loyalty_AppliedLoyaltyPoint" time="0.0">
    <ignored/>
  </testcase> <!-- OpenOrder_Loyalty_AppliedLoyaltyPoint -->
  <testcase classname="Pays.posfinaltesting.OpenOderTest" name="OpenOrder_Cash_FullRefund_CheckCashLog" time="0.0">
    <ignored/>
  </testcase> <!-- OpenOrder_Cash_FullRefund_CheckCashLog -->
  <testcase classname="Pays.posfinaltesting.OpenOderTest" name="OpenOrder_Card_FinalWayPayment" time="0.0">
    <ignored/>
  </testcase> <!-- OpenOrder_Card_FinalWayPayment -->
  <testcase classname="Pays.posfinaltesting.OpenOderTest" name="OpenOrder_Tip_AddTip" time="0.0">
    <ignored/>
  </testcase> <!-- OpenOrder_Tip_AddTip -->
</testsuite> <!-- Split Payment_Test -->
