<html>
<head>
<title>TestNG:  TakeOut_Cash_ItemWiseRefund</title>
<link href="../testng.css" rel="stylesheet" type="text/css" />
<link href="../my-testng.css" rel="stylesheet" type="text/css" />

<style type="text/css">
.log { display: none;} 
.stack-trace { display: none;} 
</style>
<script type="text/javascript">
<!--
function flip(e) {
  current = e.style.display;
  if (current == 'block') {
    e.style.display = 'none';
    return 0;
  }
  else {
    e.style.display = 'block';
    return 1;
  }
}

function toggleBox(szDivId, elem, msg1, msg2)
{
  var res = -1;  if (document.getElementById) {
    res = flip(document.getElementById(szDivId));
  }
  else if (document.all) {
    // this is the way old msie versions work
    res = flip(document.all[szDivId]);
  }
  if(elem) {
    if(res == 0) elem.innerHTML = msg1; else elem.innerHTML = msg2;
  }

}

function toggleAllBoxes() {
  if (document.getElementsByTagName) {
    d = document.getElementsByTagName('div');
    for (i = 0; i < d.length; i++) {
      if (d[i].className == 'log') {
        flip(d[i]);
      }
    }
  }
}

// -->
</script>

</head>
<body>
<h2 align='center'>TakeOut_Cash_ItemWiseRefund</h2><table border='1' align="center">
<tr>
<td>Tests passed/Failed/Skipped:</td><td>9/1/10</td>
</tr><tr>
<td>Started on:</td><td>Thu Apr 03 21:04:07 IST 2025</td>
</tr>
<tr><td>Total time:</td><td>149 seconds (149297 ms)</td>
</tr><tr>
<td>Included groups:</td><td></td>
</tr><tr>
<td>Excluded groups:</td><td></td>
</tr>
</table><p/>
<small><i>(Hover the method name to see the test class name)</i></small><p/>
<table width='100%' border='1' class='invocation-failed'>
<tr><td colspan='4' align='center'><b>FAILED TESTS</b></td></tr>
<tr><td><b>Test method</b></td>
<td><b>Attribute(s)</b></td>
<td width="30%"><b>Exception</b></td>
<td width="10%"><b>Time (seconds)</b></td>
<td><b>Instance</b></td>
</tr>
<tr>
<td title='Pays.posfinaltesting.TakeOutTest.TakeOut_AddOrderNote()'><b>TakeOut_AddOrderNote</b><br>Test class: Pays.posfinaltesting.TakeOutTest</td>
<td><div><pre>org.openqa.selenium.TimeoutException: Expected condition failed: waiting for presence of element located by: By.xpath: //androidx.recyclerview.widget.RecyclerView[@resource-id=&apos;com.pays.pos:id/rvNotes&apos;]/androidx.appcompat.widget.LinearLayoutCompat[4]/androidx.appcompat.widget.LinearLayoutCompat (tried for 10 second(s) with 500 milliseconds interval)
	at org.openqa.selenium.support.ui.WebDriverWait.timeoutException(WebDriverWait.java:84)
	at org.openqa.selenium.support.ui.FluentWait.until(FluentWait.java:228)
	at Pays.posfinaltesting.actions.SetupClass.SelectONote(SetupClass.java:624)
	at Pays.posfinaltesting.TakeOutTest.TakeOut_AddOrderNote(TakeOutTest.java:187)
	at java.base/java.util.ArrayList.forEach(ArrayList.java:1596)
Caused by: org.openqa.selenium.NoSuchElementException: An element could not be located on the page using the given search parameters.
For documentation on this error, please visit: https://www.selenium.dev/documentation/webdriver/troubleshooting/errors#no-such-element-exception
Build info: version: &apos;4.30.0&apos;, revision: &apos;509c7f17cc*&apos;
System info: os.name: &apos;Windows 11&apos;, os.arch: &apos;amd64&apos;, os.version: &apos;10.0&apos;, java.version: &apos;21.0.6&apos;
Driver info: io.appium.java_client.android.AndroidDriver
Command: [cf1f5a2f-a70e-45e3-b3d2-c1bb804cd444, findElement {using=xpath, value=//androidx.recyclerview.widget.RecyclerView[@resource-id=&apos;com.pays.pos:id/rvNotes&apos;]/androidx.appcompat.widget.LinearLayoutCompat[4]/androidx.appcompat.widget.LinearLayoutCompat}]
Capabilities {appium:app: E:\EclipseWorkspace\posfina..., appium:appActivity: com.pays.pos.ui.activities...., appium:appPackage: com.pays.pos, appium:autoGrantPermissions: true, appium:automationName: UIAutomator2, appium:databaseEnabled: false, appium:desired: {app: E:\EclipseWorkspace\posfina..., appActivity: com.pays.pos.ui.activities...., appPackage: com.pays.pos, autoGrantPermissions: true, automationName: UIAutomator2, deviceName: LANDI C20pro, newCommandTimeout: 10000, platformName: ANDROID}, appium:deviceApiLevel: 33, appium:deviceManufacturer: Google, appium:deviceModel: sdk_gphone64_x86_64, appium:deviceName: emulator-5554, appium:deviceScreenDensity: 320, appium:deviceScreenSize: 2560x1600, appium:deviceUDID: emulator-5554, appium:javascriptEnabled: true, appium:locationContextEnabled: false, appium:networkConnectionEnabled: true, appium:newCommandTimeout: 10000, appium:pixelRatio: 2, appium:platformVersion: 13, appium:statBarHeight: 48, appium:takesScreenshot: true, appium:viewportRect: {height: 1552, left: 0, top: 48, width: 2560}, appium:warnings: {}, appium:webStorageEnabled: false, platformName: ANDROID}
Session ID: cf1f5a2f-a70e-45e3-b3d2-c1bb804cd444
	at org.openqa.selenium.remote.ErrorCodec.decode(ErrorCodec.java:167)
	at org.openqa.selenium.remote.codec.w3c.W3CHttpResponseCodec.decode(W3CHttpResponseCodec.java:138)
	at org.openqa.selenium.remote.codec.w3c.W3CHttpResponseCodec.decode(W3CHttpResponseCodec.java:50)
	at org.openqa.selenium.remote.HttpCommandExecutor.execute(HttpCommandExecutor.java:215)
	at io.appium.java_client.remote.AppiumCommandExecutor.execute(AppiumCommandExecutor.java:243)
	at org.openqa.selenium.remote.RemoteWebDriver.execute(RemoteWebDriver.java:545)
	at org.openqa.selenium.remote.ElementLocation$ElementFinder$2.findElement(ElementLocation.java:165)
	at org.openqa.selenium.remote.ElementLocation.findElement(ElementLocation.java:59)
	at org.openqa.selenium.remote.RemoteWebDriver.findElement(RemoteWebDriver.java:368)
	at org.openqa.selenium.remote.RemoteWebDriver.findElement(RemoteWebDriver.java:362)
	at org.openqa.selenium.support.ui.ExpectedConditions$6.apply(ExpectedConditions.java:171)
	at org.openqa.selenium.support.ui.ExpectedConditions$6.apply(ExpectedConditions.java:168)
	at org.openqa.selenium.support.ui.FluentWait.until(FluentWait.java:203)
	... 28 more
... Removed 28 stack frames</pre></div><a href='#' onClick='toggleBox("stack-trace63178138", this, "Click to show all stack frames", "Click to hide stack frames")'>Click to show all stack frames</a>
<div class='stack-trace' id='stack-trace63178138'><pre>org.openqa.selenium.TimeoutException: Expected condition failed: waiting for presence of element located by: By.xpath: //androidx.recyclerview.widget.RecyclerView[@resource-id=&apos;com.pays.pos:id/rvNotes&apos;]/androidx.appcompat.widget.LinearLayoutCompat[4]/androidx.appcompat.widget.LinearLayoutCompat (tried for 10 second(s) with 500 milliseconds interval)
	at org.openqa.selenium.support.ui.WebDriverWait.timeoutException(WebDriverWait.java:84)
	at org.openqa.selenium.support.ui.FluentWait.until(FluentWait.java:228)
	at Pays.posfinaltesting.actions.SetupClass.SelectONote(SetupClass.java:624)
	at Pays.posfinaltesting.TakeOutTest.TakeOut_AddOrderNote(TakeOutTest.java:187)
	at java.base/jdk.internal.reflect.DirectMethodHandleAccessor.invoke(DirectMethodHandleAccessor.java:103)
	at java.base/java.lang.reflect.Method.invoke(Method.java:580)
	at org.testng.internal.invokers.MethodInvocationHelper.invokeMethod(MethodInvocationHelper.java:141)
	at org.testng.internal.invokers.TestInvoker.invokeMethod(TestInvoker.java:686)
	at org.testng.internal.invokers.TestInvoker.invokeTestMethod(TestInvoker.java:230)
	at org.testng.internal.invokers.MethodRunner.runInSequence(MethodRunner.java:63)
	at org.testng.internal.invokers.TestInvoker$MethodInvocationAgent.invoke(TestInvoker.java:992)
	at org.testng.internal.invokers.TestInvoker.invokeTestMethods(TestInvoker.java:203)
	at org.testng.internal.invokers.TestMethodWorker.invokeTestMethods(TestMethodWorker.java:154)
	at org.testng.internal.invokers.TestMethodWorker.run(TestMethodWorker.java:134)
	at java.base/java.util.ArrayList.forEach(ArrayList.java:1596)
	at org.testng.TestRunner.privateRun(TestRunner.java:739)
	at org.testng.TestRunner.run(TestRunner.java:614)
	at org.testng.SuiteRunner.runTest(SuiteRunner.java:421)
	at org.testng.SuiteRunner.runSequentially(SuiteRunner.java:413)
	at org.testng.SuiteRunner.privateRun(SuiteRunner.java:373)
	at org.testng.SuiteRunner.run(SuiteRunner.java:312)
	at org.testng.SuiteRunnerWorker.runSuite(SuiteRunnerWorker.java:52)
	at org.testng.SuiteRunnerWorker.run(SuiteRunnerWorker.java:95)
	at org.testng.TestNG.runSuitesSequentially(TestNG.java:1274)
	at org.testng.TestNG.runSuitesLocally(TestNG.java:1208)
	at org.testng.TestNG.runSuites(TestNG.java:1112)
	at org.testng.TestNG.run(TestNG.java:1079)
	at org.testng.remote.AbstractRemoteTestNG.run(AbstractRemoteTestNG.java:115)
	at org.testng.remote.RemoteTestNG.initAndRun(RemoteTestNG.java:293)
	at org.testng.remote.RemoteTestNG.main(RemoteTestNG.java:91)
Caused by: org.openqa.selenium.NoSuchElementException: An element could not be located on the page using the given search parameters.
For documentation on this error, please visit: https://www.selenium.dev/documentation/webdriver/troubleshooting/errors#no-such-element-exception
Build info: version: &apos;4.30.0&apos;, revision: &apos;509c7f17cc*&apos;
System info: os.name: &apos;Windows 11&apos;, os.arch: &apos;amd64&apos;, os.version: &apos;10.0&apos;, java.version: &apos;21.0.6&apos;
Driver info: io.appium.java_client.android.AndroidDriver
Command: [cf1f5a2f-a70e-45e3-b3d2-c1bb804cd444, findElement {using=xpath, value=//androidx.recyclerview.widget.RecyclerView[@resource-id=&apos;com.pays.pos:id/rvNotes&apos;]/androidx.appcompat.widget.LinearLayoutCompat[4]/androidx.appcompat.widget.LinearLayoutCompat}]
Capabilities {appium:app: E:\EclipseWorkspace\posfina..., appium:appActivity: com.pays.pos.ui.activities...., appium:appPackage: com.pays.pos, appium:autoGrantPermissions: true, appium:automationName: UIAutomator2, appium:databaseEnabled: false, appium:desired: {app: E:\EclipseWorkspace\posfina..., appActivity: com.pays.pos.ui.activities...., appPackage: com.pays.pos, autoGrantPermissions: true, automationName: UIAutomator2, deviceName: LANDI C20pro, newCommandTimeout: 10000, platformName: ANDROID}, appium:deviceApiLevel: 33, appium:deviceManufacturer: Google, appium:deviceModel: sdk_gphone64_x86_64, appium:deviceName: emulator-5554, appium:deviceScreenDensity: 320, appium:deviceScreenSize: 2560x1600, appium:deviceUDID: emulator-5554, appium:javascriptEnabled: true, appium:locationContextEnabled: false, appium:networkConnectionEnabled: true, appium:newCommandTimeout: 10000, appium:pixelRatio: 2, appium:platformVersion: 13, appium:statBarHeight: 48, appium:takesScreenshot: true, appium:viewportRect: {height: 1552, left: 0, top: 48, width: 2560}, appium:warnings: {}, appium:webStorageEnabled: false, platformName: ANDROID}
Session ID: cf1f5a2f-a70e-45e3-b3d2-c1bb804cd444
	at java.base/jdk.internal.reflect.DirectConstructorHandleAccessor.newInstance(DirectConstructorHandleAccessor.java:62)
	at java.base/java.lang.reflect.Constructor.newInstanceWithCaller(Constructor.java:502)
	at java.base/java.lang.reflect.Constructor.newInstance(Constructor.java:486)
	at org.openqa.selenium.remote.ErrorCodec.decode(ErrorCodec.java:167)
	at org.openqa.selenium.remote.codec.w3c.W3CHttpResponseCodec.decode(W3CHttpResponseCodec.java:138)
	at org.openqa.selenium.remote.codec.w3c.W3CHttpResponseCodec.decode(W3CHttpResponseCodec.java:50)
	at org.openqa.selenium.remote.HttpCommandExecutor.execute(HttpCommandExecutor.java:215)
	at io.appium.java_client.remote.AppiumCommandExecutor.execute(AppiumCommandExecutor.java:243)
	at org.openqa.selenium.remote.RemoteWebDriver.execute(RemoteWebDriver.java:545)
	at org.openqa.selenium.remote.ElementLocation$ElementFinder$2.findElement(ElementLocation.java:165)
	at org.openqa.selenium.remote.ElementLocation.findElement(ElementLocation.java:59)
	at org.openqa.selenium.remote.RemoteWebDriver.findElement(RemoteWebDriver.java:368)
	at org.openqa.selenium.remote.RemoteWebDriver.findElement(RemoteWebDriver.java:362)
	at org.openqa.selenium.support.ui.ExpectedConditions$6.apply(ExpectedConditions.java:171)
	at org.openqa.selenium.support.ui.ExpectedConditions$6.apply(ExpectedConditions.java:168)
	at org.openqa.selenium.support.ui.FluentWait.until(FluentWait.java:203)
	... 28 more
</pre></div></td>
<td>16</td>
<td>Pays.posfinaltesting.TakeOutTest@1d2bd371</td></tr>
</table><p>
<table width='100%' border='1' class='invocation-passed'>
<tr><td colspan='4' align='center'><b>PASSED TESTS</b></td></tr>
<tr><td><b>Test method</b></td>
<td><b>Attribute(s)</b></td>
<td width="30%"><b>Exception</b></td>
<td width="10%"><b>Time (seconds)</b></td>
<td><b>Instance</b></td>
</tr>
<tr>
<td title='Pays.posfinaltesting.TakeOutTest.TakeOut_UpdateItem()'><b>TakeOut_UpdateItem</b><br>Test class: Pays.posfinaltesting.TakeOutTest</td>
<td></td>
<td>18</td>
<td>Pays.posfinaltesting.TakeOutTest@1d2bd371</td></tr>
<tr>
<td title='Pays.posfinaltesting.TakeOutTest.TakeOut_AddManualItems()'><b>TakeOut_AddManualItems</b><br>Test class: Pays.posfinaltesting.TakeOutTest</td>
<td></td>
<td>14</td>
<td>Pays.posfinaltesting.TakeOutTest@1d2bd371</td></tr>
<tr>
<td title='Pays.posfinaltesting.TakeOutTest.TakeOut_ItemSelection()'><b>TakeOut_ItemSelection</b><br>Test class: Pays.posfinaltesting.TakeOutTest</td>
<td></td>
<td>39</td>
<td>Pays.posfinaltesting.TakeOutTest@1d2bd371</td></tr>
<tr>
<td title='Pays.posfinaltesting.TakeOutTest.TakeOut_SelectTakeout()'><b>TakeOut_SelectTakeout</b><br>Test class: Pays.posfinaltesting.TakeOutTest</td>
<td></td>
<td>9</td>
<td>Pays.posfinaltesting.TakeOutTest@1d2bd371</td></tr>
<tr>
<td title='Pays.posfinaltesting.TakeOutTest.TakeOut_RemoveItem()'><b>TakeOut_RemoveItem</b><br>Test class: Pays.posfinaltesting.TakeOutTest</td>
<td></td>
<td>5</td>
<td>Pays.posfinaltesting.TakeOutTest@1d2bd371</td></tr>
<tr>
<td title='Pays.posfinaltesting.TakeOutTest.Takeout_UpdateOrder()'><b>Takeout_UpdateOrder</b><br>Test class: Pays.posfinaltesting.TakeOutTest</td>
<td></td>
<td>2</td>
<td>Pays.posfinaltesting.TakeOutTest@1d2bd371</td></tr>
<tr>
<td title='Pays.posfinaltesting.TakeOutTest.TakeOut_Setup()'><b>TakeOut_Setup</b><br>Test class: Pays.posfinaltesting.TakeOutTest</td>
<td></td>
<td>0</td>
<td>Pays.posfinaltesting.TakeOutTest@1d2bd371</td></tr>
<tr>
<td title='Pays.posfinaltesting.TakeOutTest.TakeOut_SaveOrder()'><b>TakeOut_SaveOrder</b><br>Test class: Pays.posfinaltesting.TakeOutTest</td>
<td></td>
<td>1</td>
<td>Pays.posfinaltesting.TakeOutTest@1d2bd371</td></tr>
<tr>
<td title='Pays.posfinaltesting.TakeOutTest.TakeOut_CheckOrderType()'><b>TakeOut_CheckOrderType</b><br>Test class: Pays.posfinaltesting.TakeOutTest</td>
<td></td>
<td>5</td>
<td>Pays.posfinaltesting.TakeOutTest@1d2bd371</td></tr>
</table><p>
<table width='100%' border='1' class='invocation-skipped'>
<tr><td colspan='4' align='center'><b>SKIPPED TESTS</b></td></tr>
<tr><td><b>Test method</b></td>
<td><b>Attribute(s)</b></td>
<td width="30%"><b>Exception</b></td>
<td width="10%"><b>Time (seconds)</b></td>
<td><b>Instance</b></td>
</tr>
<tr>
<td title='Pays.posfinaltesting.TakeOutTest.TakeOut_AppliedLoyaltyPoint()'><b>TakeOut_AppliedLoyaltyPoint</b><br>Test class: Pays.posfinaltesting.TakeOutTest</td>
<td><div><pre>java.lang.Throwable: Method Pays.posfinaltesting.TakeOutTest.TakeOut_AppliedLoyaltyPoint() on instance Pays.posfinaltesting.TakeOutTest@1d2bd371 depends on not successfully finished methods 
[Pays.posfinaltesting.TakeOutTest.TakeOut_AddCustomer() on instance Pays.posfinaltesting.TakeOutTest@1d2bd371]
	at java.base/java.util.ArrayList.forEach(ArrayList.java:1596)
... Removed 18 stack frames</pre></div><a href='#' onClick='toggleBox("stack-trace2130906226", this, "Click to show all stack frames", "Click to hide stack frames")'>Click to show all stack frames</a>
<div class='stack-trace' id='stack-trace2130906226'><pre>java.lang.Throwable: Method Pays.posfinaltesting.TakeOutTest.TakeOut_AppliedLoyaltyPoint() on instance Pays.posfinaltesting.TakeOutTest@1d2bd371 depends on not successfully finished methods 
[Pays.posfinaltesting.TakeOutTest.TakeOut_AddCustomer() on instance Pays.posfinaltesting.TakeOutTest@1d2bd371]
	at org.testng.internal.invokers.TestInvoker.invokeTestMethods(TestInvoker.java:159)
	at org.testng.internal.invokers.TestMethodWorker.invokeTestMethods(TestMethodWorker.java:154)
	at org.testng.internal.invokers.TestMethodWorker.run(TestMethodWorker.java:134)
	at java.base/java.util.ArrayList.forEach(ArrayList.java:1596)
	at org.testng.TestRunner.privateRun(TestRunner.java:739)
	at org.testng.TestRunner.run(TestRunner.java:614)
	at org.testng.SuiteRunner.runTest(SuiteRunner.java:421)
	at org.testng.SuiteRunner.runSequentially(SuiteRunner.java:413)
	at org.testng.SuiteRunner.privateRun(SuiteRunner.java:373)
	at org.testng.SuiteRunner.run(SuiteRunner.java:312)
	at org.testng.SuiteRunnerWorker.runSuite(SuiteRunnerWorker.java:52)
	at org.testng.SuiteRunnerWorker.run(SuiteRunnerWorker.java:95)
	at org.testng.TestNG.runSuitesSequentially(TestNG.java:1274)
	at org.testng.TestNG.runSuitesLocally(TestNG.java:1208)
	at org.testng.TestNG.runSuites(TestNG.java:1112)
	at org.testng.TestNG.run(TestNG.java:1079)
	at org.testng.remote.AbstractRemoteTestNG.run(AbstractRemoteTestNG.java:115)
	at org.testng.remote.RemoteTestNG.initAndRun(RemoteTestNG.java:293)
	at org.testng.remote.RemoteTestNG.main(RemoteTestNG.java:91)
</pre></div></td>
<td>0</td>
<td>Pays.posfinaltesting.TakeOutTest@1d2bd371</td></tr>
<tr>
<td title='Pays.posfinaltesting.TakeOutTest.TakeOut_Transaction()'><b>TakeOut_Transaction</b><br>Test class: Pays.posfinaltesting.TakeOutTest</td>
<td><div><pre>java.lang.Throwable: Method Pays.posfinaltesting.TakeOutTest.TakeOut_Transaction() on instance Pays.posfinaltesting.TakeOutTest@1d2bd371 depends on not successfully finished methods 
[Pays.posfinaltesting.TakeOutTest.TakeOut_AppliedLoyaltyPoint() on instance Pays.posfinaltesting.TakeOutTest@1d2bd371]
	at java.base/java.util.ArrayList.forEach(ArrayList.java:1596)
... Removed 18 stack frames</pre></div><a href='#' onClick='toggleBox("stack-trace407976995", this, "Click to show all stack frames", "Click to hide stack frames")'>Click to show all stack frames</a>
<div class='stack-trace' id='stack-trace407976995'><pre>java.lang.Throwable: Method Pays.posfinaltesting.TakeOutTest.TakeOut_Transaction() on instance Pays.posfinaltesting.TakeOutTest@1d2bd371 depends on not successfully finished methods 
[Pays.posfinaltesting.TakeOutTest.TakeOut_AppliedLoyaltyPoint() on instance Pays.posfinaltesting.TakeOutTest@1d2bd371]
	at org.testng.internal.invokers.TestInvoker.invokeTestMethods(TestInvoker.java:159)
	at org.testng.internal.invokers.TestMethodWorker.invokeTestMethods(TestMethodWorker.java:154)
	at org.testng.internal.invokers.TestMethodWorker.run(TestMethodWorker.java:134)
	at java.base/java.util.ArrayList.forEach(ArrayList.java:1596)
	at org.testng.TestRunner.privateRun(TestRunner.java:739)
	at org.testng.TestRunner.run(TestRunner.java:614)
	at org.testng.SuiteRunner.runTest(SuiteRunner.java:421)
	at org.testng.SuiteRunner.runSequentially(SuiteRunner.java:413)
	at org.testng.SuiteRunner.privateRun(SuiteRunner.java:373)
	at org.testng.SuiteRunner.run(SuiteRunner.java:312)
	at org.testng.SuiteRunnerWorker.runSuite(SuiteRunnerWorker.java:52)
	at org.testng.SuiteRunnerWorker.run(SuiteRunnerWorker.java:95)
	at org.testng.TestNG.runSuitesSequentially(TestNG.java:1274)
	at org.testng.TestNG.runSuitesLocally(TestNG.java:1208)
	at org.testng.TestNG.runSuites(TestNG.java:1112)
	at org.testng.TestNG.run(TestNG.java:1079)
	at org.testng.remote.AbstractRemoteTestNG.run(AbstractRemoteTestNG.java:115)
	at org.testng.remote.RemoteTestNG.initAndRun(RemoteTestNG.java:293)
	at org.testng.remote.RemoteTestNG.main(RemoteTestNG.java:91)
</pre></div></td>
<td>0</td>
<td>Pays.posfinaltesting.TakeOutTest@1d2bd371</td></tr>
<tr>
<td title='Pays.posfinaltesting.TakeOutTest.TakeOut_Cash_RefundItemWise_CheckCashLog()'><b>TakeOut_Cash_RefundItemWise_CheckCashLog</b><br>Test class: Pays.posfinaltesting.TakeOutTest</td>
<td><div><pre>java.lang.Throwable: Method Pays.posfinaltesting.TakeOutTest.TakeOut_Cash_RefundItemWise_CheckCashLog() on instance Pays.posfinaltesting.TakeOutTest@1d2bd371 depends on not successfully finished methods 
[Pays.posfinaltesting.TakeOutTest.TakeOut_Cash_RefundItemWise_PrintReceipt() on instance Pays.posfinaltesting.TakeOutTest@1d2bd371]
	at java.base/java.util.ArrayList.forEach(ArrayList.java:1596)
... Removed 18 stack frames</pre></div><a href='#' onClick='toggleBox("stack-trace228972001", this, "Click to show all stack frames", "Click to hide stack frames")'>Click to show all stack frames</a>
<div class='stack-trace' id='stack-trace228972001'><pre>java.lang.Throwable: Method Pays.posfinaltesting.TakeOutTest.TakeOut_Cash_RefundItemWise_CheckCashLog() on instance Pays.posfinaltesting.TakeOutTest@1d2bd371 depends on not successfully finished methods 
[Pays.posfinaltesting.TakeOutTest.TakeOut_Cash_RefundItemWise_PrintReceipt() on instance Pays.posfinaltesting.TakeOutTest@1d2bd371]
	at org.testng.internal.invokers.TestInvoker.invokeTestMethods(TestInvoker.java:159)
	at org.testng.internal.invokers.TestMethodWorker.invokeTestMethods(TestMethodWorker.java:154)
	at org.testng.internal.invokers.TestMethodWorker.run(TestMethodWorker.java:134)
	at java.base/java.util.ArrayList.forEach(ArrayList.java:1596)
	at org.testng.TestRunner.privateRun(TestRunner.java:739)
	at org.testng.TestRunner.run(TestRunner.java:614)
	at org.testng.SuiteRunner.runTest(SuiteRunner.java:421)
	at org.testng.SuiteRunner.runSequentially(SuiteRunner.java:413)
	at org.testng.SuiteRunner.privateRun(SuiteRunner.java:373)
	at org.testng.SuiteRunner.run(SuiteRunner.java:312)
	at org.testng.SuiteRunnerWorker.runSuite(SuiteRunnerWorker.java:52)
	at org.testng.SuiteRunnerWorker.run(SuiteRunnerWorker.java:95)
	at org.testng.TestNG.runSuitesSequentially(TestNG.java:1274)
	at org.testng.TestNG.runSuitesLocally(TestNG.java:1208)
	at org.testng.TestNG.runSuites(TestNG.java:1112)
	at org.testng.TestNG.run(TestNG.java:1079)
	at org.testng.remote.AbstractRemoteTestNG.run(AbstractRemoteTestNG.java:115)
	at org.testng.remote.RemoteTestNG.initAndRun(RemoteTestNG.java:293)
	at org.testng.remote.RemoteTestNG.main(RemoteTestNG.java:91)
</pre></div></td>
<td>0</td>
<td>Pays.posfinaltesting.TakeOutTest@1d2bd371</td></tr>
<tr>
<td title='Pays.posfinaltesting.TakeOutTest.TakeOut_AddTip()'><b>TakeOut_AddTip</b><br>Test class: Pays.posfinaltesting.TakeOutTest</td>
<td><div><pre>java.lang.Throwable: Method Pays.posfinaltesting.TakeOutTest.TakeOut_AddTip() on instance Pays.posfinaltesting.TakeOutTest@1d2bd371 depends on not successfully finished methods 
[Pays.posfinaltesting.TakeOutTest.TakeOut_Transaction() on instance Pays.posfinaltesting.TakeOutTest@1d2bd371]
	at java.base/java.util.ArrayList.forEach(ArrayList.java:1596)
... Removed 18 stack frames</pre></div><a href='#' onClick='toggleBox("stack-trace216197799", this, "Click to show all stack frames", "Click to hide stack frames")'>Click to show all stack frames</a>
<div class='stack-trace' id='stack-trace216197799'><pre>java.lang.Throwable: Method Pays.posfinaltesting.TakeOutTest.TakeOut_AddTip() on instance Pays.posfinaltesting.TakeOutTest@1d2bd371 depends on not successfully finished methods 
[Pays.posfinaltesting.TakeOutTest.TakeOut_Transaction() on instance Pays.posfinaltesting.TakeOutTest@1d2bd371]
	at org.testng.internal.invokers.TestInvoker.invokeTestMethods(TestInvoker.java:159)
	at org.testng.internal.invokers.TestMethodWorker.invokeTestMethods(TestMethodWorker.java:154)
	at org.testng.internal.invokers.TestMethodWorker.run(TestMethodWorker.java:134)
	at java.base/java.util.ArrayList.forEach(ArrayList.java:1596)
	at org.testng.TestRunner.privateRun(TestRunner.java:739)
	at org.testng.TestRunner.run(TestRunner.java:614)
	at org.testng.SuiteRunner.runTest(SuiteRunner.java:421)
	at org.testng.SuiteRunner.runSequentially(SuiteRunner.java:413)
	at org.testng.SuiteRunner.privateRun(SuiteRunner.java:373)
	at org.testng.SuiteRunner.run(SuiteRunner.java:312)
	at org.testng.SuiteRunnerWorker.runSuite(SuiteRunnerWorker.java:52)
	at org.testng.SuiteRunnerWorker.run(SuiteRunnerWorker.java:95)
	at org.testng.TestNG.runSuitesSequentially(TestNG.java:1274)
	at org.testng.TestNG.runSuitesLocally(TestNG.java:1208)
	at org.testng.TestNG.runSuites(TestNG.java:1112)
	at org.testng.TestNG.run(TestNG.java:1079)
	at org.testng.remote.AbstractRemoteTestNG.run(AbstractRemoteTestNG.java:115)
	at org.testng.remote.RemoteTestNG.initAndRun(RemoteTestNG.java:293)
	at org.testng.remote.RemoteTestNG.main(RemoteTestNG.java:91)
</pre></div></td>
<td>0</td>
<td>Pays.posfinaltesting.TakeOutTest@1d2bd371</td></tr>
<tr>
<td title='Pays.posfinaltesting.TakeOutTest.TakeOut_AddDiscount()'><b>TakeOut_AddDiscount</b><br>Test class: Pays.posfinaltesting.TakeOutTest</td>
<td><div><pre>java.lang.Throwable: Method Pays.posfinaltesting.TakeOutTest.TakeOut_AddDiscount() on instance Pays.posfinaltesting.TakeOutTest@1d2bd371 depends on not successfully finished methods 
[Pays.posfinaltesting.TakeOutTest.TakeOut_AddOrderNote() on instance Pays.posfinaltesting.TakeOutTest@1d2bd371]
	at java.base/java.util.ArrayList.forEach(ArrayList.java:1596)
... Removed 18 stack frames</pre></div><a href='#' onClick='toggleBox("stack-trace628142870", this, "Click to show all stack frames", "Click to hide stack frames")'>Click to show all stack frames</a>
<div class='stack-trace' id='stack-trace628142870'><pre>java.lang.Throwable: Method Pays.posfinaltesting.TakeOutTest.TakeOut_AddDiscount() on instance Pays.posfinaltesting.TakeOutTest@1d2bd371 depends on not successfully finished methods 
[Pays.posfinaltesting.TakeOutTest.TakeOut_AddOrderNote() on instance Pays.posfinaltesting.TakeOutTest@1d2bd371]
	at org.testng.internal.invokers.TestInvoker.invokeTestMethods(TestInvoker.java:159)
	at org.testng.internal.invokers.TestMethodWorker.invokeTestMethods(TestMethodWorker.java:154)
	at org.testng.internal.invokers.TestMethodWorker.run(TestMethodWorker.java:134)
	at java.base/java.util.ArrayList.forEach(ArrayList.java:1596)
	at org.testng.TestRunner.privateRun(TestRunner.java:739)
	at org.testng.TestRunner.run(TestRunner.java:614)
	at org.testng.SuiteRunner.runTest(SuiteRunner.java:421)
	at org.testng.SuiteRunner.runSequentially(SuiteRunner.java:413)
	at org.testng.SuiteRunner.privateRun(SuiteRunner.java:373)
	at org.testng.SuiteRunner.run(SuiteRunner.java:312)
	at org.testng.SuiteRunnerWorker.runSuite(SuiteRunnerWorker.java:52)
	at org.testng.SuiteRunnerWorker.run(SuiteRunnerWorker.java:95)
	at org.testng.TestNG.runSuitesSequentially(TestNG.java:1274)
	at org.testng.TestNG.runSuitesLocally(TestNG.java:1208)
	at org.testng.TestNG.runSuites(TestNG.java:1112)
	at org.testng.TestNG.run(TestNG.java:1079)
	at org.testng.remote.AbstractRemoteTestNG.run(AbstractRemoteTestNG.java:115)
	at org.testng.remote.RemoteTestNG.initAndRun(RemoteTestNG.java:293)
	at org.testng.remote.RemoteTestNG.main(RemoteTestNG.java:91)
</pre></div></td>
<td>0</td>
<td>Pays.posfinaltesting.TakeOutTest@1d2bd371</td></tr>
<tr>
<td title='Pays.posfinaltesting.TakeOutTest.TakeOut_Cash_RefundItemWise_Payment()'><b>TakeOut_Cash_RefundItemWise_Payment</b><br>Test class: Pays.posfinaltesting.TakeOutTest</td>
<td><div><pre>java.lang.Throwable: Method Pays.posfinaltesting.TakeOutTest.TakeOut_Cash_RefundItemWise_Payment() on instance Pays.posfinaltesting.TakeOutTest@1d2bd371 depends on not successfully finished methods 
[Pays.posfinaltesting.TakeOutTest.TakeOut_AddTip() on instance Pays.posfinaltesting.TakeOutTest@1d2bd371]
	at java.base/java.util.ArrayList.forEach(ArrayList.java:1596)
... Removed 18 stack frames</pre></div><a href='#' onClick='toggleBox("stack-trace809976993", this, "Click to show all stack frames", "Click to hide stack frames")'>Click to show all stack frames</a>
<div class='stack-trace' id='stack-trace809976993'><pre>java.lang.Throwable: Method Pays.posfinaltesting.TakeOutTest.TakeOut_Cash_RefundItemWise_Payment() on instance Pays.posfinaltesting.TakeOutTest@1d2bd371 depends on not successfully finished methods 
[Pays.posfinaltesting.TakeOutTest.TakeOut_AddTip() on instance Pays.posfinaltesting.TakeOutTest@1d2bd371]
	at org.testng.internal.invokers.TestInvoker.invokeTestMethods(TestInvoker.java:159)
	at org.testng.internal.invokers.TestMethodWorker.invokeTestMethods(TestMethodWorker.java:154)
	at org.testng.internal.invokers.TestMethodWorker.run(TestMethodWorker.java:134)
	at java.base/java.util.ArrayList.forEach(ArrayList.java:1596)
	at org.testng.TestRunner.privateRun(TestRunner.java:739)
	at org.testng.TestRunner.run(TestRunner.java:614)
	at org.testng.SuiteRunner.runTest(SuiteRunner.java:421)
	at org.testng.SuiteRunner.runSequentially(SuiteRunner.java:413)
	at org.testng.SuiteRunner.privateRun(SuiteRunner.java:373)
	at org.testng.SuiteRunner.run(SuiteRunner.java:312)
	at org.testng.SuiteRunnerWorker.runSuite(SuiteRunnerWorker.java:52)
	at org.testng.SuiteRunnerWorker.run(SuiteRunnerWorker.java:95)
	at org.testng.TestNG.runSuitesSequentially(TestNG.java:1274)
	at org.testng.TestNG.runSuitesLocally(TestNG.java:1208)
	at org.testng.TestNG.runSuites(TestNG.java:1112)
	at org.testng.TestNG.run(TestNG.java:1079)
	at org.testng.remote.AbstractRemoteTestNG.run(AbstractRemoteTestNG.java:115)
	at org.testng.remote.RemoteTestNG.initAndRun(RemoteTestNG.java:293)
	at org.testng.remote.RemoteTestNG.main(RemoteTestNG.java:91)
</pre></div></td>
<td>0</td>
<td>Pays.posfinaltesting.TakeOutTest@1d2bd371</td></tr>
<tr>
<td title='Pays.posfinaltesting.TakeOutTest.TakeOut_AddCustomer()'><b>TakeOut_AddCustomer</b><br>Test class: Pays.posfinaltesting.TakeOutTest</td>
<td><div><pre>java.lang.Throwable: Method Pays.posfinaltesting.TakeOutTest.TakeOut_AddCustomer() on instance Pays.posfinaltesting.TakeOutTest@1d2bd371 depends on not successfully finished methods 
[Pays.posfinaltesting.TakeOutTest.TakeOut_ChangeOrderType() on instance Pays.posfinaltesting.TakeOutTest@1d2bd371]
	at java.base/java.util.ArrayList.forEach(ArrayList.java:1596)
... Removed 18 stack frames</pre></div><a href='#' onClick='toggleBox("stack-trace93241065", this, "Click to show all stack frames", "Click to hide stack frames")'>Click to show all stack frames</a>
<div class='stack-trace' id='stack-trace93241065'><pre>java.lang.Throwable: Method Pays.posfinaltesting.TakeOutTest.TakeOut_AddCustomer() on instance Pays.posfinaltesting.TakeOutTest@1d2bd371 depends on not successfully finished methods 
[Pays.posfinaltesting.TakeOutTest.TakeOut_ChangeOrderType() on instance Pays.posfinaltesting.TakeOutTest@1d2bd371]
	at org.testng.internal.invokers.TestInvoker.invokeTestMethods(TestInvoker.java:159)
	at org.testng.internal.invokers.TestMethodWorker.invokeTestMethods(TestMethodWorker.java:154)
	at org.testng.internal.invokers.TestMethodWorker.run(TestMethodWorker.java:134)
	at java.base/java.util.ArrayList.forEach(ArrayList.java:1596)
	at org.testng.TestRunner.privateRun(TestRunner.java:739)
	at org.testng.TestRunner.run(TestRunner.java:614)
	at org.testng.SuiteRunner.runTest(SuiteRunner.java:421)
	at org.testng.SuiteRunner.runSequentially(SuiteRunner.java:413)
	at org.testng.SuiteRunner.privateRun(SuiteRunner.java:373)
	at org.testng.SuiteRunner.run(SuiteRunner.java:312)
	at org.testng.SuiteRunnerWorker.runSuite(SuiteRunnerWorker.java:52)
	at org.testng.SuiteRunnerWorker.run(SuiteRunnerWorker.java:95)
	at org.testng.TestNG.runSuitesSequentially(TestNG.java:1274)
	at org.testng.TestNG.runSuitesLocally(TestNG.java:1208)
	at org.testng.TestNG.runSuites(TestNG.java:1112)
	at org.testng.TestNG.run(TestNG.java:1079)
	at org.testng.remote.AbstractRemoteTestNG.run(AbstractRemoteTestNG.java:115)
	at org.testng.remote.RemoteTestNG.initAndRun(RemoteTestNG.java:293)
	at org.testng.remote.RemoteTestNG.main(RemoteTestNG.java:91)
</pre></div></td>
<td>0</td>
<td>Pays.posfinaltesting.TakeOutTest@1d2bd371</td></tr>
<tr>
<td title='Pays.posfinaltesting.TakeOutTest.TakeOut_Cash_RefundItemWise_SelectRefund()'><b>TakeOut_Cash_RefundItemWise_SelectRefund</b><br>Test class: Pays.posfinaltesting.TakeOutTest</td>
<td><div><pre>java.lang.Throwable: Method Pays.posfinaltesting.TakeOutTest.TakeOut_Cash_RefundItemWise_SelectRefund() on instance Pays.posfinaltesting.TakeOutTest@1d2bd371 depends on not successfully finished methods 
[Pays.posfinaltesting.TakeOutTest.TakeOut_Cash_RefundItemWise_Payment() on instance Pays.posfinaltesting.TakeOutTest@1d2bd371]
	at java.base/java.util.ArrayList.forEach(ArrayList.java:1596)
... Removed 18 stack frames</pre></div><a href='#' onClick='toggleBox("stack-trace1746150957", this, "Click to show all stack frames", "Click to hide stack frames")'>Click to show all stack frames</a>
<div class='stack-trace' id='stack-trace1746150957'><pre>java.lang.Throwable: Method Pays.posfinaltesting.TakeOutTest.TakeOut_Cash_RefundItemWise_SelectRefund() on instance Pays.posfinaltesting.TakeOutTest@1d2bd371 depends on not successfully finished methods 
[Pays.posfinaltesting.TakeOutTest.TakeOut_Cash_RefundItemWise_Payment() on instance Pays.posfinaltesting.TakeOutTest@1d2bd371]
	at org.testng.internal.invokers.TestInvoker.invokeTestMethods(TestInvoker.java:159)
	at org.testng.internal.invokers.TestMethodWorker.invokeTestMethods(TestMethodWorker.java:154)
	at org.testng.internal.invokers.TestMethodWorker.run(TestMethodWorker.java:134)
	at java.base/java.util.ArrayList.forEach(ArrayList.java:1596)
	at org.testng.TestRunner.privateRun(TestRunner.java:739)
	at org.testng.TestRunner.run(TestRunner.java:614)
	at org.testng.SuiteRunner.runTest(SuiteRunner.java:421)
	at org.testng.SuiteRunner.runSequentially(SuiteRunner.java:413)
	at org.testng.SuiteRunner.privateRun(SuiteRunner.java:373)
	at org.testng.SuiteRunner.run(SuiteRunner.java:312)
	at org.testng.SuiteRunnerWorker.runSuite(SuiteRunnerWorker.java:52)
	at org.testng.SuiteRunnerWorker.run(SuiteRunnerWorker.java:95)
	at org.testng.TestNG.runSuitesSequentially(TestNG.java:1274)
	at org.testng.TestNG.runSuitesLocally(TestNG.java:1208)
	at org.testng.TestNG.runSuites(TestNG.java:1112)
	at org.testng.TestNG.run(TestNG.java:1079)
	at org.testng.remote.AbstractRemoteTestNG.run(AbstractRemoteTestNG.java:115)
	at org.testng.remote.RemoteTestNG.initAndRun(RemoteTestNG.java:293)
	at org.testng.remote.RemoteTestNG.main(RemoteTestNG.java:91)
</pre></div></td>
<td>0</td>
<td>Pays.posfinaltesting.TakeOutTest@1d2bd371</td></tr>
<tr>
<td title='Pays.posfinaltesting.TakeOutTest.TakeOut_ChangeOrderType()'><b>TakeOut_ChangeOrderType</b><br>Test class: Pays.posfinaltesting.TakeOutTest</td>
<td><div><pre>java.lang.Throwable: Method Pays.posfinaltesting.TakeOutTest.TakeOut_ChangeOrderType() on instance Pays.posfinaltesting.TakeOutTest@1d2bd371 depends on not successfully finished methods 
[Pays.posfinaltesting.TakeOutTest.TakeOut_AddOrderNote() on instance Pays.posfinaltesting.TakeOutTest@1d2bd371]
	at java.base/java.util.ArrayList.forEach(ArrayList.java:1596)
... Removed 18 stack frames</pre></div><a href='#' onClick='toggleBox("stack-trace1975727624", this, "Click to show all stack frames", "Click to hide stack frames")'>Click to show all stack frames</a>
<div class='stack-trace' id='stack-trace1975727624'><pre>java.lang.Throwable: Method Pays.posfinaltesting.TakeOutTest.TakeOut_ChangeOrderType() on instance Pays.posfinaltesting.TakeOutTest@1d2bd371 depends on not successfully finished methods 
[Pays.posfinaltesting.TakeOutTest.TakeOut_AddOrderNote() on instance Pays.posfinaltesting.TakeOutTest@1d2bd371]
	at org.testng.internal.invokers.TestInvoker.invokeTestMethods(TestInvoker.java:159)
	at org.testng.internal.invokers.TestMethodWorker.invokeTestMethods(TestMethodWorker.java:154)
	at org.testng.internal.invokers.TestMethodWorker.run(TestMethodWorker.java:134)
	at java.base/java.util.ArrayList.forEach(ArrayList.java:1596)
	at org.testng.TestRunner.privateRun(TestRunner.java:739)
	at org.testng.TestRunner.run(TestRunner.java:614)
	at org.testng.SuiteRunner.runTest(SuiteRunner.java:421)
	at org.testng.SuiteRunner.runSequentially(SuiteRunner.java:413)
	at org.testng.SuiteRunner.privateRun(SuiteRunner.java:373)
	at org.testng.SuiteRunner.run(SuiteRunner.java:312)
	at org.testng.SuiteRunnerWorker.runSuite(SuiteRunnerWorker.java:52)
	at org.testng.SuiteRunnerWorker.run(SuiteRunnerWorker.java:95)
	at org.testng.TestNG.runSuitesSequentially(TestNG.java:1274)
	at org.testng.TestNG.runSuitesLocally(TestNG.java:1208)
	at org.testng.TestNG.runSuites(TestNG.java:1112)
	at org.testng.TestNG.run(TestNG.java:1079)
	at org.testng.remote.AbstractRemoteTestNG.run(AbstractRemoteTestNG.java:115)
	at org.testng.remote.RemoteTestNG.initAndRun(RemoteTestNG.java:293)
	at org.testng.remote.RemoteTestNG.main(RemoteTestNG.java:91)
</pre></div></td>
<td>0</td>
<td>Pays.posfinaltesting.TakeOutTest@1d2bd371</td></tr>
<tr>
<td title='Pays.posfinaltesting.TakeOutTest.TakeOut_Cash_RefundItemWise_PrintReceipt()'><b>TakeOut_Cash_RefundItemWise_PrintReceipt</b><br>Test class: Pays.posfinaltesting.TakeOutTest</td>
<td><div><pre>java.lang.Throwable: Method Pays.posfinaltesting.TakeOutTest.TakeOut_Cash_RefundItemWise_PrintReceipt() on instance Pays.posfinaltesting.TakeOutTest@1d2bd371 depends on not successfully finished methods 
[Pays.posfinaltesting.TakeOutTest.TakeOut_Cash_RefundItemWise_SelectRefund() on instance Pays.posfinaltesting.TakeOutTest@1d2bd371]
	at java.base/java.util.ArrayList.forEach(ArrayList.java:1596)
... Removed 18 stack frames</pre></div><a href='#' onClick='toggleBox("stack-trace1974062116", this, "Click to show all stack frames", "Click to hide stack frames")'>Click to show all stack frames</a>
<div class='stack-trace' id='stack-trace1974062116'><pre>java.lang.Throwable: Method Pays.posfinaltesting.TakeOutTest.TakeOut_Cash_RefundItemWise_PrintReceipt() on instance Pays.posfinaltesting.TakeOutTest@1d2bd371 depends on not successfully finished methods 
[Pays.posfinaltesting.TakeOutTest.TakeOut_Cash_RefundItemWise_SelectRefund() on instance Pays.posfinaltesting.TakeOutTest@1d2bd371]
	at org.testng.internal.invokers.TestInvoker.invokeTestMethods(TestInvoker.java:159)
	at org.testng.internal.invokers.TestMethodWorker.invokeTestMethods(TestMethodWorker.java:154)
	at org.testng.internal.invokers.TestMethodWorker.run(TestMethodWorker.java:134)
	at java.base/java.util.ArrayList.forEach(ArrayList.java:1596)
	at org.testng.TestRunner.privateRun(TestRunner.java:739)
	at org.testng.TestRunner.run(TestRunner.java:614)
	at org.testng.SuiteRunner.runTest(SuiteRunner.java:421)
	at org.testng.SuiteRunner.runSequentially(SuiteRunner.java:413)
	at org.testng.SuiteRunner.privateRun(SuiteRunner.java:373)
	at org.testng.SuiteRunner.run(SuiteRunner.java:312)
	at org.testng.SuiteRunnerWorker.runSuite(SuiteRunnerWorker.java:52)
	at org.testng.SuiteRunnerWorker.run(SuiteRunnerWorker.java:95)
	at org.testng.TestNG.runSuitesSequentially(TestNG.java:1274)
	at org.testng.TestNG.runSuitesLocally(TestNG.java:1208)
	at org.testng.TestNG.runSuites(TestNG.java:1112)
	at org.testng.TestNG.run(TestNG.java:1079)
	at org.testng.remote.AbstractRemoteTestNG.run(AbstractRemoteTestNG.java:115)
	at org.testng.remote.RemoteTestNG.initAndRun(RemoteTestNG.java:293)
	at org.testng.remote.RemoteTestNG.main(RemoteTestNG.java:91)
</pre></div></td>
<td>0</td>
<td>Pays.posfinaltesting.TakeOutTest@1d2bd371</td></tr>
</table><p>
</body>
</html>