<?xml version="1.0" encoding="UTF-8"?>
<!-- Generated by org.testng.reporters.JUnitXMLReporter -->
<testsuite ignored="0" hostname="Pratik" failures="1" tests="11" name="Test3" time="189.29" errors="0" timestamp="2025-03-16T09:35:05 IST">
  <testcase classname="Pays.posfinaltesting.OpenOderTest" name="OpenOrder_SelectRefund" time="0.008"/>
  <testcase classname="Pays.posfinaltesting.OpenOderTest" name="OpenOrder_Setup" time="3.541"/>
  <testcase classname="Pays.posfinaltesting.OpenOderTest" name="OpenOrder_SelectOpenOrder" time="5.514"/>
  <testcase classname="Pays.posfinaltesting.OpenOderTest" name="OpenOrder_ItemSelection" time="128.569"/>
  <testcase classname="Pays.posfinaltesting.OpenOderTest" name="OpenOrder_AddOrderNote" time="5.384">
    <failure type="org.openqa.selenium.NoSuchElementException" message="An element could not be located on the page using the given search parameters.
For documentation on this error, please visit: https://www.selenium.dev/documentation/webdriver/troubleshooting/errors#no-such-element-exception
Build info: version: &amp;apos;4.29.0&amp;apos;, revision: &amp;apos;5fc1ec94cb&amp;apos;
System info: os.name: &amp;apos;Windows 11&amp;apos;, os.arch: &amp;apos;amd64&amp;apos;, os.version: &amp;apos;10.0&amp;apos;, java.version: &amp;apos;21.0.6&amp;apos;
Driver info: io.appium.java_client.android.AndroidDriver
Command: [17dc2386-d272-45cd-9c1e-554d9926a4c1, findChildElement {id=00000000-0000-095d-ffff-ffff00000295, value=.//android.widget.TextView[@text=&amp;apos;Extra Spicy&amp;apos;], using=xpath}]
Capabilities {appium:app: E:\EclipseWorkspace\Framewo..., appium:appActivity: com.pays.pos.ui.activities...., appium:appPackage: com.pays.pos, appium:autoGrantPermissions: true, appium:automationName: UIAutomator2, appium:databaseEnabled: false, appium:desired: {app: E:\EclipseWorkspace\Framewo..., appActivity: com.pays.pos.ui.activities...., appPackage: com.pays.pos, autoGrantPermissions: true, automationName: UIAutomator2, deviceName: LANDI C20pro, platformName: ANDROID}, appium:deviceApiLevel: 33, appium:deviceManufacturer: Google, appium:deviceModel: sdk_gphone64_x86_64, appium:deviceName: emulator-5554, appium:deviceScreenDensity: 320, appium:deviceScreenSize: 2560x1600, appium:deviceUDID: emulator-5554, appium:javascriptEnabled: true, appium:locationContextEnabled: false, appium:networkConnectionEnabled: true, appium:pixelRatio: 2, appium:platformVersion: 13, appium:statBarHeight: 48, appium:takesScreenshot: true, appium:viewportRect: {height: 1552, left: 0, top: 48, width: 2560}, appium:warnings: {}, appium:webStorageEnabled: false, platformName: ANDROID}
Session ID: 17dc2386-d272-45cd-9c1e-554d9926a4c1">
      <![CDATA[org.openqa.selenium.NoSuchElementException: An element could not be located on the page using the given search parameters.
For documentation on this error, please visit: https://www.selenium.dev/documentation/webdriver/troubleshooting/errors#no-such-element-exception
Build info: version: '4.29.0', revision: '5fc1ec94cb'
System info: os.name: 'Windows 11', os.arch: 'amd64', os.version: '10.0', java.version: '21.0.6'
Driver info: io.appium.java_client.android.AndroidDriver
Command: [17dc2386-d272-45cd-9c1e-554d9926a4c1, findChildElement {id=00000000-0000-095d-ffff-ffff00000295, value=.//android.widget.TextView[@text='Extra Spicy'], using=xpath}]
Capabilities {appium:app: E:\EclipseWorkspace\Framewo..., appium:appActivity: com.pays.pos.ui.activities...., appium:appPackage: com.pays.pos, appium:autoGrantPermissions: true, appium:automationName: UIAutomator2, appium:databaseEnabled: false, appium:desired: {app: E:\EclipseWorkspace\Framewo..., appActivity: com.pays.pos.ui.activities...., appPackage: com.pays.pos, autoGrantPermissions: true, automationName: UIAutomator2, deviceName: LANDI C20pro, platformName: ANDROID}, appium:deviceApiLevel: 33, appium:deviceManufacturer: Google, appium:deviceModel: sdk_gphone64_x86_64, appium:deviceName: emulator-5554, appium:deviceScreenDensity: 320, appium:deviceScreenSize: 2560x1600, appium:deviceUDID: emulator-5554, appium:javascriptEnabled: true, appium:locationContextEnabled: false, appium:networkConnectionEnabled: true, appium:pixelRatio: 2, appium:platformVersion: 13, appium:statBarHeight: 48, appium:takesScreenshot: true, appium:viewportRect: {height: 1552, left: 0, top: 48, width: 2560}, appium:warnings: {}, appium:webStorageEnabled: false, platformName: ANDROID}
Session ID: 17dc2386-d272-45cd-9c1e-554d9926a4c1
at org.openqa.selenium.remote.ErrorCodec.decode(ErrorCodec.java:167)
at org.openqa.selenium.remote.codec.w3c.W3CHttpResponseCodec.decode(W3CHttpResponseCodec.java:138)
at org.openqa.selenium.remote.codec.w3c.W3CHttpResponseCodec.decode(W3CHttpResponseCodec.java:50)
at org.openqa.selenium.remote.HttpCommandExecutor.execute(HttpCommandExecutor.java:215)
at io.appium.java_client.remote.AppiumCommandExecutor.execute(AppiumCommandExecutor.java:243)
at org.openqa.selenium.remote.RemoteWebDriver.execute(RemoteWebDriver.java:545)
at org.openqa.selenium.remote.ElementLocation$ElementFinder$2.findElement(ElementLocation.java:165)
at org.openqa.selenium.remote.ElementLocation.findElement(ElementLocation.java:59)
at org.openqa.selenium.remote.RemoteWebDriver.findElement(RemoteWebDriver.java:368)
at org.openqa.selenium.remote.RemoteWebElement.findElement(RemoteWebElement.java:211)
at Pays.posfinaltesting.actions.SetupClass.SelectONote(SetupClass.java:598)
at Pays.posfinaltesting.OpenOderTest.OpenOrder_AddOrderNote(OpenOderTest.java:83)
at java.base/java.util.ArrayList.forEach(ArrayList.java:1596)
... Removed 28 stack frames]]>
    </failure>
  </testcase> <!-- OpenOrder_AddOrderNote -->
  <testcase classname="Pays.posfinaltesting.OpenOderTest" name="OpenOrder_AddDiscount" time="0.0">
    <skipped/>
  </testcase> <!-- OpenOrder_AddDiscount -->
  <testcase classname="Pays.posfinaltesting.OpenOderTest" name="OpenOrder_Transaction" time="0.0">
    <skipped/>
  </testcase> <!-- OpenOrder_Transaction -->
  <testcase classname="Pays.posfinaltesting.OpenOderTest" name="OpenOrder_SelectSplit" time="0.002">
    <skipped/>
  </testcase> <!-- OpenOrder_SelectSplit -->
  <testcase classname="Pays.posfinaltesting.OpenOderTest" name="OpenOrder_SelectCash" time="0.001">
    <skipped/>
  </testcase> <!-- OpenOrder_SelectCash -->
  <testcase classname="Pays.posfinaltesting.OpenOderTest" name="OpenOrder_SelectNextPayment" time="0.001">
    <skipped/>
  </testcase> <!-- OpenOrder_SelectNextPayment -->
  <testcase classname="Pays.posfinaltesting.OpenOderTest" name="OpenOrder_FinalWayPayment" time="0.001">
    <skipped/>
  </testcase> <!-- OpenOrder_FinalWayPayment -->
</testsuite> <!-- Test3 -->
