<html>
<head>
<title>TestNG:  Test4</title>
<link href="../testng.css" rel="stylesheet" type="text/css" />
<link href="../my-testng.css" rel="stylesheet" type="text/css" />

<style type="text/css">
.log { display: none;} 
.stack-trace { display: none;} 
</style>
<script type="text/javascript">
<!--
function flip(e) {
  current = e.style.display;
  if (current == 'block') {
    e.style.display = 'none';
    return 0;
  }
  else {
    e.style.display = 'block';
    return 1;
  }
}

function toggleBox(szDivId, elem, msg1, msg2)
{
  var res = -1;  if (document.getElementById) {
    res = flip(document.getElementById(szDivId));
  }
  else if (document.all) {
    // this is the way old msie versions work
    res = flip(document.all[szDivId]);
  }
  if(elem) {
    if(res == 0) elem.innerHTML = msg1; else elem.innerHTML = msg2;
  }

}

function toggleAllBoxes() {
  if (document.getElementsByTagName) {
    d = document.getElementsByTagName('div');
    for (i = 0; i < d.length; i++) {
      if (d[i].className == 'log') {
        flip(d[i]);
      }
    }
  }
}

// -->
</script>

</head>
<body>
<h2 align='center'>Test4</h2><table border='1' align="center">
<tr>
<td>Tests passed/Failed/Skipped:</td><td>4/1/9</td>
</tr><tr>
<td>Started on:</td><td>Sun Mar 16 12:53:22 IST 2025</td>
</tr>
<tr><td>Total time:</td><td>47 seconds (47058 ms)</td>
</tr><tr>
<td>Included groups:</td><td></td>
</tr><tr>
<td>Excluded groups:</td><td></td>
</tr>
</table><p/>
<small><i>(Hover the method name to see the test class name)</i></small><p/>
<table width='100%' border='1' class='invocation-failed'>
<tr><td colspan='4' align='center'><b>FAILED TESTS</b></td></tr>
<tr><td><b>Test method</b></td>
<td><b>Attribute(s)</b></td>
<td width="30%"><b>Exception</b></td>
<td width="10%"><b>Time (seconds)</b></td>
<td><b>Instance</b></td>
</tr>
<tr>
<td title='Pays.posfinaltesting.CategoriesandItemsTest.Categories_SaveCategory()'><b>Categories_SaveCategory</b><br>Test class: Pays.posfinaltesting.CategoriesandItemsTest</td>
<td><div><pre>java.lang.AssertionError: Category not Created. expected [true] but found [false]
	at Pays.posfinaltesting.actions.Categories_ItemsClass.SaveCategory(Categories_ItemsClass.java:139)
	at Pays.posfinaltesting.CategoriesandItemsTest.Categories_SaveCategory(CategoriesandItemsTest.java:90)
	at java.base/java.util.ArrayList.forEach(ArrayList.java:1596)
... Removed 28 stack frames</pre></div><a href='#' onClick='toggleBox("stack-trace376528576", this, "Click to show all stack frames", "Click to hide stack frames")'>Click to show all stack frames</a>
<div class='stack-trace' id='stack-trace376528576'><pre>java.lang.AssertionError: Category not Created. expected [true] but found [false]
	at org.testng.Assert.fail(Assert.java:111)
	at org.testng.Assert.failNotEquals(Assert.java:1578)
	at org.testng.Assert.assertTrue(Assert.java:57)
	at Pays.posfinaltesting.actions.Categories_ItemsClass.SaveCategory(Categories_ItemsClass.java:139)
	at Pays.posfinaltesting.CategoriesandItemsTest.Categories_SaveCategory(CategoriesandItemsTest.java:90)
	at java.base/jdk.internal.reflect.DirectMethodHandleAccessor.invoke(DirectMethodHandleAccessor.java:103)
	at java.base/java.lang.reflect.Method.invoke(Method.java:580)
	at org.testng.internal.invokers.MethodInvocationHelper.invokeMethod(MethodInvocationHelper.java:141)
	at org.testng.internal.invokers.TestInvoker.invokeMethod(TestInvoker.java:686)
	at org.testng.internal.invokers.TestInvoker.invokeTestMethod(TestInvoker.java:230)
	at org.testng.internal.invokers.MethodRunner.runInSequence(MethodRunner.java:63)
	at org.testng.internal.invokers.TestInvoker$MethodInvocationAgent.invoke(TestInvoker.java:992)
	at org.testng.internal.invokers.TestInvoker.invokeTestMethods(TestInvoker.java:203)
	at org.testng.internal.invokers.TestMethodWorker.invokeTestMethods(TestMethodWorker.java:154)
	at org.testng.internal.invokers.TestMethodWorker.run(TestMethodWorker.java:134)
	at java.base/java.util.ArrayList.forEach(ArrayList.java:1596)
	at org.testng.TestRunner.privateRun(TestRunner.java:739)
	at org.testng.TestRunner.run(TestRunner.java:614)
	at org.testng.SuiteRunner.runTest(SuiteRunner.java:421)
	at org.testng.SuiteRunner.runSequentially(SuiteRunner.java:413)
	at org.testng.SuiteRunner.privateRun(SuiteRunner.java:373)
	at org.testng.SuiteRunner.run(SuiteRunner.java:312)
	at org.testng.SuiteRunnerWorker.runSuite(SuiteRunnerWorker.java:52)
	at org.testng.SuiteRunnerWorker.run(SuiteRunnerWorker.java:95)
	at org.testng.TestNG.runSuitesSequentially(TestNG.java:1274)
	at org.testng.TestNG.runSuitesLocally(TestNG.java:1208)
	at org.testng.TestNG.runSuites(TestNG.java:1112)
	at org.testng.TestNG.run(TestNG.java:1079)
	at org.testng.remote.AbstractRemoteTestNG.run(AbstractRemoteTestNG.java:115)
	at org.testng.remote.RemoteTestNG.initAndRun(RemoteTestNG.java:293)
	at org.testng.remote.RemoteTestNG.main(RemoteTestNG.java:91)
</pre></div></td>
<td>2</td>
<td>Pays.posfinaltesting.CategoriesandItemsTest@753432a2</td></tr>
</table><p>
<table width='100%' border='1' class='invocation-passed'>
<tr><td colspan='4' align='center'><b>PASSED TESTS</b></td></tr>
<tr><td><b>Test method</b></td>
<td><b>Attribute(s)</b></td>
<td width="30%"><b>Exception</b></td>
<td width="10%"><b>Time (seconds)</b></td>
<td><b>Instance</b></td>
</tr>
<tr>
<td title='Pays.posfinaltesting.CategoriesandItemsTest.Categories_SetCategoryname()'><b>Categories_SetCategoryname</b><br>Test class: Pays.posfinaltesting.CategoriesandItemsTest</td>
<td></td>
<td>0</td>
<td>Pays.posfinaltesting.CategoriesandItemsTest@753432a2</td></tr>
<tr>
<td title='Pays.posfinaltesting.CategoriesandItemsTest.Categories_Select_Categories()'><b>Categories_Select_Categories</b><br>Test class: Pays.posfinaltesting.CategoriesandItemsTest</td>
<td></td>
<td>11</td>
<td>Pays.posfinaltesting.CategoriesandItemsTest@753432a2</td></tr>
<tr>
<td title='Pays.posfinaltesting.CategoriesandItemsTest.Login()'><b>Login</b><br>Test class: Pays.posfinaltesting.CategoriesandItemsTest</td>
<td></td>
<td>15</td>
<td>Pays.posfinaltesting.CategoriesandItemsTest@753432a2</td></tr>
<tr>
<td title='Pays.posfinaltesting.CategoriesandItemsTest.Categories_CreateCategoriesClick()'><b>Categories_CreateCategoriesClick</b><br>Test class: Pays.posfinaltesting.CategoriesandItemsTest</td>
<td></td>
<td>0</td>
<td>Pays.posfinaltesting.CategoriesandItemsTest@753432a2</td></tr>
</table><p>
<table width='100%' border='1' class='invocation-skipped'>
<tr><td colspan='4' align='center'><b>SKIPPED TESTS</b></td></tr>
<tr><td><b>Test method</b></td>
<td><b>Attribute(s)</b></td>
<td width="30%"><b>Exception</b></td>
<td width="10%"><b>Time (seconds)</b></td>
<td><b>Instance</b></td>
</tr>
<tr>
<td title='Pays.posfinaltesting.CategoriesandItemsTest.Categories_CheckIfCategoryIsAdded()'><b>Categories_CheckIfCategoryIsAdded</b><br>Test class: Pays.posfinaltesting.CategoriesandItemsTest</td>
<td><div><pre>java.lang.Throwable: Method Pays.posfinaltesting.CategoriesandItemsTest.Categories_CheckIfCategoryIsAdded() on instance Pays.posfinaltesting.CategoriesandItemsTest@753432a2 depends on not successfully finished methods 
[Pays.posfinaltesting.CategoriesandItemsTest.Categories_SaveCategory() on instance Pays.posfinaltesting.CategoriesandItemsTest@753432a2]
	at java.base/java.util.ArrayList.forEach(ArrayList.java:1596)
... Removed 18 stack frames</pre></div><a href='#' onClick='toggleBox("stack-trace1469753961", this, "Click to show all stack frames", "Click to hide stack frames")'>Click to show all stack frames</a>
<div class='stack-trace' id='stack-trace1469753961'><pre>java.lang.Throwable: Method Pays.posfinaltesting.CategoriesandItemsTest.Categories_CheckIfCategoryIsAdded() on instance Pays.posfinaltesting.CategoriesandItemsTest@753432a2 depends on not successfully finished methods 
[Pays.posfinaltesting.CategoriesandItemsTest.Categories_SaveCategory() on instance Pays.posfinaltesting.CategoriesandItemsTest@753432a2]
	at org.testng.internal.invokers.TestInvoker.invokeTestMethods(TestInvoker.java:159)
	at org.testng.internal.invokers.TestMethodWorker.invokeTestMethods(TestMethodWorker.java:154)
	at org.testng.internal.invokers.TestMethodWorker.run(TestMethodWorker.java:134)
	at java.base/java.util.ArrayList.forEach(ArrayList.java:1596)
	at org.testng.TestRunner.privateRun(TestRunner.java:739)
	at org.testng.TestRunner.run(TestRunner.java:614)
	at org.testng.SuiteRunner.runTest(SuiteRunner.java:421)
	at org.testng.SuiteRunner.runSequentially(SuiteRunner.java:413)
	at org.testng.SuiteRunner.privateRun(SuiteRunner.java:373)
	at org.testng.SuiteRunner.run(SuiteRunner.java:312)
	at org.testng.SuiteRunnerWorker.runSuite(SuiteRunnerWorker.java:52)
	at org.testng.SuiteRunnerWorker.run(SuiteRunnerWorker.java:95)
	at org.testng.TestNG.runSuitesSequentially(TestNG.java:1274)
	at org.testng.TestNG.runSuitesLocally(TestNG.java:1208)
	at org.testng.TestNG.runSuites(TestNG.java:1112)
	at org.testng.TestNG.run(TestNG.java:1079)
	at org.testng.remote.AbstractRemoteTestNG.run(AbstractRemoteTestNG.java:115)
	at org.testng.remote.RemoteTestNG.initAndRun(RemoteTestNG.java:293)
	at org.testng.remote.RemoteTestNG.main(RemoteTestNG.java:91)
</pre></div></td>
<td>0</td>
<td>Pays.posfinaltesting.CategoriesandItemsTest@753432a2</td></tr>
<tr>
<td title='Pays.posfinaltesting.CategoriesandItemsTest.Modifiers_SetModifiersInfo()'><b>Modifiers_SetModifiersInfo</b><br>Test class: Pays.posfinaltesting.CategoriesandItemsTest</td>
<td><div><pre>java.lang.Throwable: Method Pays.posfinaltesting.CategoriesandItemsTest.Modifiers_SetModifiersInfo() on instance Pays.posfinaltesting.CategoriesandItemsTest@753432a2 depends on not successfully finished methods 
[Pays.posfinaltesting.CategoriesandItemsTest.Modifiers_ClickCreate() on instance Pays.posfinaltesting.CategoriesandItemsTest@753432a2]
	at java.base/java.util.ArrayList.forEach(ArrayList.java:1596)
... Removed 18 stack frames</pre></div><a href='#' onClick='toggleBox("stack-trace1539368483", this, "Click to show all stack frames", "Click to hide stack frames")'>Click to show all stack frames</a>
<div class='stack-trace' id='stack-trace1539368483'><pre>java.lang.Throwable: Method Pays.posfinaltesting.CategoriesandItemsTest.Modifiers_SetModifiersInfo() on instance Pays.posfinaltesting.CategoriesandItemsTest@753432a2 depends on not successfully finished methods 
[Pays.posfinaltesting.CategoriesandItemsTest.Modifiers_ClickCreate() on instance Pays.posfinaltesting.CategoriesandItemsTest@753432a2]
	at org.testng.internal.invokers.TestInvoker.invokeTestMethods(TestInvoker.java:159)
	at org.testng.internal.invokers.TestMethodWorker.invokeTestMethods(TestMethodWorker.java:154)
	at org.testng.internal.invokers.TestMethodWorker.run(TestMethodWorker.java:134)
	at java.base/java.util.ArrayList.forEach(ArrayList.java:1596)
	at org.testng.TestRunner.privateRun(TestRunner.java:739)
	at org.testng.TestRunner.run(TestRunner.java:614)
	at org.testng.SuiteRunner.runTest(SuiteRunner.java:421)
	at org.testng.SuiteRunner.runSequentially(SuiteRunner.java:413)
	at org.testng.SuiteRunner.privateRun(SuiteRunner.java:373)
	at org.testng.SuiteRunner.run(SuiteRunner.java:312)
	at org.testng.SuiteRunnerWorker.runSuite(SuiteRunnerWorker.java:52)
	at org.testng.SuiteRunnerWorker.run(SuiteRunnerWorker.java:95)
	at org.testng.TestNG.runSuitesSequentially(TestNG.java:1274)
	at org.testng.TestNG.runSuitesLocally(TestNG.java:1208)
	at org.testng.TestNG.runSuites(TestNG.java:1112)
	at org.testng.TestNG.run(TestNG.java:1079)
	at org.testng.remote.AbstractRemoteTestNG.run(AbstractRemoteTestNG.java:115)
	at org.testng.remote.RemoteTestNG.initAndRun(RemoteTestNG.java:293)
	at org.testng.remote.RemoteTestNG.main(RemoteTestNG.java:91)
</pre></div></td>
<td>0</td>
<td>Pays.posfinaltesting.CategoriesandItemsTest@753432a2</td></tr>
<tr>
<td title='Pays.posfinaltesting.CategoriesandItemsTest.Items_AddItems()'><b>Items_AddItems</b><br>Test class: Pays.posfinaltesting.CategoriesandItemsTest</td>
<td><div><pre>java.lang.Throwable: Method Pays.posfinaltesting.CategoriesandItemsTest.Items_AddItems() on instance Pays.posfinaltesting.CategoriesandItemsTest@753432a2 depends on not successfully finished methods 
[Pays.posfinaltesting.CategoriesandItemsTest.Modifiers_SetModifiersInfo() on instance Pays.posfinaltesting.CategoriesandItemsTest@753432a2]
	at java.base/java.util.ArrayList.forEach(ArrayList.java:1596)
... Removed 18 stack frames</pre></div><a href='#' onClick='toggleBox("stack-trace1086089640", this, "Click to show all stack frames", "Click to hide stack frames")'>Click to show all stack frames</a>
<div class='stack-trace' id='stack-trace1086089640'><pre>java.lang.Throwable: Method Pays.posfinaltesting.CategoriesandItemsTest.Items_AddItems() on instance Pays.posfinaltesting.CategoriesandItemsTest@753432a2 depends on not successfully finished methods 
[Pays.posfinaltesting.CategoriesandItemsTest.Modifiers_SetModifiersInfo() on instance Pays.posfinaltesting.CategoriesandItemsTest@753432a2]
	at org.testng.internal.invokers.TestInvoker.invokeTestMethods(TestInvoker.java:159)
	at org.testng.internal.invokers.TestMethodWorker.invokeTestMethods(TestMethodWorker.java:154)
	at org.testng.internal.invokers.TestMethodWorker.run(TestMethodWorker.java:134)
	at java.base/java.util.ArrayList.forEach(ArrayList.java:1596)
	at org.testng.TestRunner.privateRun(TestRunner.java:739)
	at org.testng.TestRunner.run(TestRunner.java:614)
	at org.testng.SuiteRunner.runTest(SuiteRunner.java:421)
	at org.testng.SuiteRunner.runSequentially(SuiteRunner.java:413)
	at org.testng.SuiteRunner.privateRun(SuiteRunner.java:373)
	at org.testng.SuiteRunner.run(SuiteRunner.java:312)
	at org.testng.SuiteRunnerWorker.runSuite(SuiteRunnerWorker.java:52)
	at org.testng.SuiteRunnerWorker.run(SuiteRunnerWorker.java:95)
	at org.testng.TestNG.runSuitesSequentially(TestNG.java:1274)
	at org.testng.TestNG.runSuitesLocally(TestNG.java:1208)
	at org.testng.TestNG.runSuites(TestNG.java:1112)
	at org.testng.TestNG.run(TestNG.java:1079)
	at org.testng.remote.AbstractRemoteTestNG.run(AbstractRemoteTestNG.java:115)
	at org.testng.remote.RemoteTestNG.initAndRun(RemoteTestNG.java:293)
	at org.testng.remote.RemoteTestNG.main(RemoteTestNG.java:91)
</pre></div></td>
<td>0</td>
<td>Pays.posfinaltesting.CategoriesandItemsTest@753432a2</td></tr>
<tr>
<td title='Pays.posfinaltesting.CategoriesandItemsTest.Items_Transaction()'><b>Items_Transaction</b><br>Test class: Pays.posfinaltesting.CategoriesandItemsTest</td>
<td><div><pre>java.lang.Throwable: Method Pays.posfinaltesting.CategoriesandItemsTest.Items_Transaction() on instance Pays.posfinaltesting.CategoriesandItemsTest@753432a2 depends on not successfully finished methods 
[Pays.posfinaltesting.CategoriesandItemsTest.Items_SelectPay() on instance Pays.posfinaltesting.CategoriesandItemsTest@753432a2]
	at java.base/java.util.ArrayList.forEach(ArrayList.java:1596)
... Removed 18 stack frames</pre></div><a href='#' onClick='toggleBox("stack-trace1792171750", this, "Click to show all stack frames", "Click to hide stack frames")'>Click to show all stack frames</a>
<div class='stack-trace' id='stack-trace1792171750'><pre>java.lang.Throwable: Method Pays.posfinaltesting.CategoriesandItemsTest.Items_Transaction() on instance Pays.posfinaltesting.CategoriesandItemsTest@753432a2 depends on not successfully finished methods 
[Pays.posfinaltesting.CategoriesandItemsTest.Items_SelectPay() on instance Pays.posfinaltesting.CategoriesandItemsTest@753432a2]
	at org.testng.internal.invokers.TestInvoker.invokeTestMethods(TestInvoker.java:159)
	at org.testng.internal.invokers.TestMethodWorker.invokeTestMethods(TestMethodWorker.java:154)
	at org.testng.internal.invokers.TestMethodWorker.run(TestMethodWorker.java:134)
	at java.base/java.util.ArrayList.forEach(ArrayList.java:1596)
	at org.testng.TestRunner.privateRun(TestRunner.java:739)
	at org.testng.TestRunner.run(TestRunner.java:614)
	at org.testng.SuiteRunner.runTest(SuiteRunner.java:421)
	at org.testng.SuiteRunner.runSequentially(SuiteRunner.java:413)
	at org.testng.SuiteRunner.privateRun(SuiteRunner.java:373)
	at org.testng.SuiteRunner.run(SuiteRunner.java:312)
	at org.testng.SuiteRunnerWorker.runSuite(SuiteRunnerWorker.java:52)
	at org.testng.SuiteRunnerWorker.run(SuiteRunnerWorker.java:95)
	at org.testng.TestNG.runSuitesSequentially(TestNG.java:1274)
	at org.testng.TestNG.runSuitesLocally(TestNG.java:1208)
	at org.testng.TestNG.runSuites(TestNG.java:1112)
	at org.testng.TestNG.run(TestNG.java:1079)
	at org.testng.remote.AbstractRemoteTestNG.run(AbstractRemoteTestNG.java:115)
	at org.testng.remote.RemoteTestNG.initAndRun(RemoteTestNG.java:293)
	at org.testng.remote.RemoteTestNG.main(RemoteTestNG.java:91)
</pre></div></td>
<td>0</td>
<td>Pays.posfinaltesting.CategoriesandItemsTest@753432a2</td></tr>
<tr>
<td title='Pays.posfinaltesting.CategoriesandItemsTest.Modifiers_ClickModifiers()'><b>Modifiers_ClickModifiers</b><br>Test class: Pays.posfinaltesting.CategoriesandItemsTest</td>
<td><div><pre>java.lang.Throwable: Method Pays.posfinaltesting.CategoriesandItemsTest.Modifiers_ClickModifiers() on instance Pays.posfinaltesting.CategoriesandItemsTest@753432a2 depends on not successfully finished methods 
[Pays.posfinaltesting.CategoriesandItemsTest.Categories_CheckIfCategoryIsAdded() on instance Pays.posfinaltesting.CategoriesandItemsTest@753432a2]
	at java.base/java.util.ArrayList.forEach(ArrayList.java:1596)
... Removed 18 stack frames</pre></div><a href='#' onClick='toggleBox("stack-trace1794170438", this, "Click to show all stack frames", "Click to hide stack frames")'>Click to show all stack frames</a>
<div class='stack-trace' id='stack-trace1794170438'><pre>java.lang.Throwable: Method Pays.posfinaltesting.CategoriesandItemsTest.Modifiers_ClickModifiers() on instance Pays.posfinaltesting.CategoriesandItemsTest@753432a2 depends on not successfully finished methods 
[Pays.posfinaltesting.CategoriesandItemsTest.Categories_CheckIfCategoryIsAdded() on instance Pays.posfinaltesting.CategoriesandItemsTest@753432a2]
	at org.testng.internal.invokers.TestInvoker.invokeTestMethods(TestInvoker.java:159)
	at org.testng.internal.invokers.TestMethodWorker.invokeTestMethods(TestMethodWorker.java:154)
	at org.testng.internal.invokers.TestMethodWorker.run(TestMethodWorker.java:134)
	at java.base/java.util.ArrayList.forEach(ArrayList.java:1596)
	at org.testng.TestRunner.privateRun(TestRunner.java:739)
	at org.testng.TestRunner.run(TestRunner.java:614)
	at org.testng.SuiteRunner.runTest(SuiteRunner.java:421)
	at org.testng.SuiteRunner.runSequentially(SuiteRunner.java:413)
	at org.testng.SuiteRunner.privateRun(SuiteRunner.java:373)
	at org.testng.SuiteRunner.run(SuiteRunner.java:312)
	at org.testng.SuiteRunnerWorker.runSuite(SuiteRunnerWorker.java:52)
	at org.testng.SuiteRunnerWorker.run(SuiteRunnerWorker.java:95)
	at org.testng.TestNG.runSuitesSequentially(TestNG.java:1274)
	at org.testng.TestNG.runSuitesLocally(TestNG.java:1208)
	at org.testng.TestNG.runSuites(TestNG.java:1112)
	at org.testng.TestNG.run(TestNG.java:1079)
	at org.testng.remote.AbstractRemoteTestNG.run(AbstractRemoteTestNG.java:115)
	at org.testng.remote.RemoteTestNG.initAndRun(RemoteTestNG.java:293)
	at org.testng.remote.RemoteTestNG.main(RemoteTestNG.java:91)
</pre></div></td>
<td>0</td>
<td>Pays.posfinaltesting.CategoriesandItemsTest@753432a2</td></tr>
<tr>
<td title='Pays.posfinaltesting.CategoriesandItemsTest.Items_SetItem()'><b>Items_SetItem</b><br>Test class: Pays.posfinaltesting.CategoriesandItemsTest</td>
<td><div><pre>java.lang.Throwable: Method Pays.posfinaltesting.CategoriesandItemsTest.Items_SetItem() on instance Pays.posfinaltesting.CategoriesandItemsTest@753432a2 depends on not successfully finished methods 
[Pays.posfinaltesting.CategoriesandItemsTest.Items_AddItems() on instance Pays.posfinaltesting.CategoriesandItemsTest@753432a2]
	at java.base/java.util.ArrayList.forEach(ArrayList.java:1596)
... Removed 18 stack frames</pre></div><a href='#' onClick='toggleBox("stack-trace1869686535", this, "Click to show all stack frames", "Click to hide stack frames")'>Click to show all stack frames</a>
<div class='stack-trace' id='stack-trace1869686535'><pre>java.lang.Throwable: Method Pays.posfinaltesting.CategoriesandItemsTest.Items_SetItem() on instance Pays.posfinaltesting.CategoriesandItemsTest@753432a2 depends on not successfully finished methods 
[Pays.posfinaltesting.CategoriesandItemsTest.Items_AddItems() on instance Pays.posfinaltesting.CategoriesandItemsTest@753432a2]
	at org.testng.internal.invokers.TestInvoker.invokeTestMethods(TestInvoker.java:159)
	at org.testng.internal.invokers.TestMethodWorker.invokeTestMethods(TestMethodWorker.java:154)
	at org.testng.internal.invokers.TestMethodWorker.run(TestMethodWorker.java:134)
	at java.base/java.util.ArrayList.forEach(ArrayList.java:1596)
	at org.testng.TestRunner.privateRun(TestRunner.java:739)
	at org.testng.TestRunner.run(TestRunner.java:614)
	at org.testng.SuiteRunner.runTest(SuiteRunner.java:421)
	at org.testng.SuiteRunner.runSequentially(SuiteRunner.java:413)
	at org.testng.SuiteRunner.privateRun(SuiteRunner.java:373)
	at org.testng.SuiteRunner.run(SuiteRunner.java:312)
	at org.testng.SuiteRunnerWorker.runSuite(SuiteRunnerWorker.java:52)
	at org.testng.SuiteRunnerWorker.run(SuiteRunnerWorker.java:95)
	at org.testng.TestNG.runSuitesSequentially(TestNG.java:1274)
	at org.testng.TestNG.runSuitesLocally(TestNG.java:1208)
	at org.testng.TestNG.runSuites(TestNG.java:1112)
	at org.testng.TestNG.run(TestNG.java:1079)
	at org.testng.remote.AbstractRemoteTestNG.run(AbstractRemoteTestNG.java:115)
	at org.testng.remote.RemoteTestNG.initAndRun(RemoteTestNG.java:293)
	at org.testng.remote.RemoteTestNG.main(RemoteTestNG.java:91)
</pre></div></td>
<td>0</td>
<td>Pays.posfinaltesting.CategoriesandItemsTest@753432a2</td></tr>
<tr>
<td title='Pays.posfinaltesting.CategoriesandItemsTest.Items_Home()'><b>Items_Home</b><br>Test class: Pays.posfinaltesting.CategoriesandItemsTest</td>
<td><div><pre>java.lang.Throwable: Method Pays.posfinaltesting.CategoriesandItemsTest.Items_Home() on instance Pays.posfinaltesting.CategoriesandItemsTest@753432a2 depends on not successfully finished methods 
[Pays.posfinaltesting.CategoriesandItemsTest.Items_SetItem() on instance Pays.posfinaltesting.CategoriesandItemsTest@753432a2]
	at java.base/java.util.ArrayList.forEach(ArrayList.java:1596)
... Removed 18 stack frames</pre></div><a href='#' onClick='toggleBox("stack-trace1802318901", this, "Click to show all stack frames", "Click to hide stack frames")'>Click to show all stack frames</a>
<div class='stack-trace' id='stack-trace1802318901'><pre>java.lang.Throwable: Method Pays.posfinaltesting.CategoriesandItemsTest.Items_Home() on instance Pays.posfinaltesting.CategoriesandItemsTest@753432a2 depends on not successfully finished methods 
[Pays.posfinaltesting.CategoriesandItemsTest.Items_SetItem() on instance Pays.posfinaltesting.CategoriesandItemsTest@753432a2]
	at org.testng.internal.invokers.TestInvoker.invokeTestMethods(TestInvoker.java:159)
	at org.testng.internal.invokers.TestMethodWorker.invokeTestMethods(TestMethodWorker.java:154)
	at org.testng.internal.invokers.TestMethodWorker.run(TestMethodWorker.java:134)
	at java.base/java.util.ArrayList.forEach(ArrayList.java:1596)
	at org.testng.TestRunner.privateRun(TestRunner.java:739)
	at org.testng.TestRunner.run(TestRunner.java:614)
	at org.testng.SuiteRunner.runTest(SuiteRunner.java:421)
	at org.testng.SuiteRunner.runSequentially(SuiteRunner.java:413)
	at org.testng.SuiteRunner.privateRun(SuiteRunner.java:373)
	at org.testng.SuiteRunner.run(SuiteRunner.java:312)
	at org.testng.SuiteRunnerWorker.runSuite(SuiteRunnerWorker.java:52)
	at org.testng.SuiteRunnerWorker.run(SuiteRunnerWorker.java:95)
	at org.testng.TestNG.runSuitesSequentially(TestNG.java:1274)
	at org.testng.TestNG.runSuitesLocally(TestNG.java:1208)
	at org.testng.TestNG.runSuites(TestNG.java:1112)
	at org.testng.TestNG.run(TestNG.java:1079)
	at org.testng.remote.AbstractRemoteTestNG.run(AbstractRemoteTestNG.java:115)
	at org.testng.remote.RemoteTestNG.initAndRun(RemoteTestNG.java:293)
	at org.testng.remote.RemoteTestNG.main(RemoteTestNG.java:91)
</pre></div></td>
<td>0</td>
<td>Pays.posfinaltesting.CategoriesandItemsTest@753432a2</td></tr>
<tr>
<td title='Pays.posfinaltesting.CategoriesandItemsTest.Modifiers_ClickCreate()'><b>Modifiers_ClickCreate</b><br>Test class: Pays.posfinaltesting.CategoriesandItemsTest</td>
<td><div><pre>java.lang.Throwable: Method Pays.posfinaltesting.CategoriesandItemsTest.Modifiers_ClickCreate() on instance Pays.posfinaltesting.CategoriesandItemsTest@753432a2 depends on not successfully finished methods 
[Pays.posfinaltesting.CategoriesandItemsTest.Modifiers_ClickModifiers() on instance Pays.posfinaltesting.CategoriesandItemsTest@753432a2]
	at java.base/java.util.ArrayList.forEach(ArrayList.java:1596)
... Removed 18 stack frames</pre></div><a href='#' onClick='toggleBox("stack-trace742772297", this, "Click to show all stack frames", "Click to hide stack frames")'>Click to show all stack frames</a>
<div class='stack-trace' id='stack-trace742772297'><pre>java.lang.Throwable: Method Pays.posfinaltesting.CategoriesandItemsTest.Modifiers_ClickCreate() on instance Pays.posfinaltesting.CategoriesandItemsTest@753432a2 depends on not successfully finished methods 
[Pays.posfinaltesting.CategoriesandItemsTest.Modifiers_ClickModifiers() on instance Pays.posfinaltesting.CategoriesandItemsTest@753432a2]
	at org.testng.internal.invokers.TestInvoker.invokeTestMethods(TestInvoker.java:159)
	at org.testng.internal.invokers.TestMethodWorker.invokeTestMethods(TestMethodWorker.java:154)
	at org.testng.internal.invokers.TestMethodWorker.run(TestMethodWorker.java:134)
	at java.base/java.util.ArrayList.forEach(ArrayList.java:1596)
	at org.testng.TestRunner.privateRun(TestRunner.java:739)
	at org.testng.TestRunner.run(TestRunner.java:614)
	at org.testng.SuiteRunner.runTest(SuiteRunner.java:421)
	at org.testng.SuiteRunner.runSequentially(SuiteRunner.java:413)
	at org.testng.SuiteRunner.privateRun(SuiteRunner.java:373)
	at org.testng.SuiteRunner.run(SuiteRunner.java:312)
	at org.testng.SuiteRunnerWorker.runSuite(SuiteRunnerWorker.java:52)
	at org.testng.SuiteRunnerWorker.run(SuiteRunnerWorker.java:95)
	at org.testng.TestNG.runSuitesSequentially(TestNG.java:1274)
	at org.testng.TestNG.runSuitesLocally(TestNG.java:1208)
	at org.testng.TestNG.runSuites(TestNG.java:1112)
	at org.testng.TestNG.run(TestNG.java:1079)
	at org.testng.remote.AbstractRemoteTestNG.run(AbstractRemoteTestNG.java:115)
	at org.testng.remote.RemoteTestNG.initAndRun(RemoteTestNG.java:293)
	at org.testng.remote.RemoteTestNG.main(RemoteTestNG.java:91)
</pre></div></td>
<td>0</td>
<td>Pays.posfinaltesting.CategoriesandItemsTest@753432a2</td></tr>
<tr>
<td title='Pays.posfinaltesting.CategoriesandItemsTest.Items_SelectPay()'><b>Items_SelectPay</b><br>Test class: Pays.posfinaltesting.CategoriesandItemsTest</td>
<td><div><pre>java.lang.Throwable: Method Pays.posfinaltesting.CategoriesandItemsTest.Items_SelectPay() on instance Pays.posfinaltesting.CategoriesandItemsTest@753432a2 depends on not successfully finished methods 
[Pays.posfinaltesting.CategoriesandItemsTest.Items_Home() on instance Pays.posfinaltesting.CategoriesandItemsTest@753432a2]
	at java.base/java.util.ArrayList.forEach(ArrayList.java:1596)
... Removed 18 stack frames</pre></div><a href='#' onClick='toggleBox("stack-trace1606023013", this, "Click to show all stack frames", "Click to hide stack frames")'>Click to show all stack frames</a>
<div class='stack-trace' id='stack-trace1606023013'><pre>java.lang.Throwable: Method Pays.posfinaltesting.CategoriesandItemsTest.Items_SelectPay() on instance Pays.posfinaltesting.CategoriesandItemsTest@753432a2 depends on not successfully finished methods 
[Pays.posfinaltesting.CategoriesandItemsTest.Items_Home() on instance Pays.posfinaltesting.CategoriesandItemsTest@753432a2]
	at org.testng.internal.invokers.TestInvoker.invokeTestMethods(TestInvoker.java:159)
	at org.testng.internal.invokers.TestMethodWorker.invokeTestMethods(TestMethodWorker.java:154)
	at org.testng.internal.invokers.TestMethodWorker.run(TestMethodWorker.java:134)
	at java.base/java.util.ArrayList.forEach(ArrayList.java:1596)
	at org.testng.TestRunner.privateRun(TestRunner.java:739)
	at org.testng.TestRunner.run(TestRunner.java:614)
	at org.testng.SuiteRunner.runTest(SuiteRunner.java:421)
	at org.testng.SuiteRunner.runSequentially(SuiteRunner.java:413)
	at org.testng.SuiteRunner.privateRun(SuiteRunner.java:373)
	at org.testng.SuiteRunner.run(SuiteRunner.java:312)
	at org.testng.SuiteRunnerWorker.runSuite(SuiteRunnerWorker.java:52)
	at org.testng.SuiteRunnerWorker.run(SuiteRunnerWorker.java:95)
	at org.testng.TestNG.runSuitesSequentially(TestNG.java:1274)
	at org.testng.TestNG.runSuitesLocally(TestNG.java:1208)
	at org.testng.TestNG.runSuites(TestNG.java:1112)
	at org.testng.TestNG.run(TestNG.java:1079)
	at org.testng.remote.AbstractRemoteTestNG.run(AbstractRemoteTestNG.java:115)
	at org.testng.remote.RemoteTestNG.initAndRun(RemoteTestNG.java:293)
	at org.testng.remote.RemoteTestNG.main(RemoteTestNG.java:91)
</pre></div></td>
<td>0</td>
<td>Pays.posfinaltesting.CategoriesandItemsTest@753432a2</td></tr>
</table><p>
</body>
</html>