<?xml version="1.0" encoding="UTF-8"?>
<!-- Generated by org.testng.reporters.JUnitXMLReporter -->
<testsuite ignored="0" hostname="Pratik" failures="1" tests="14" name="Test 1" time="45.544" errors="0" timestamp="2025-03-05T14:30:50 IST">
  <testcase classname="Pays.posfinaltesting.CategoriesandItemsTest" name="Login" time="7.836"/>
  <testcase classname="Pays.posfinaltesting.CategoriesandItemsTest" name="Categories_Select_Categories" time="9.945"/>
  <testcase classname="Pays.posfinaltesting.CategoriesandItemsTest" name="Categories_CreateCategoriesClick" time="0.243"/>
  <testcase classname="Pays.posfinaltesting.CategoriesandItemsTest" name="Categories_SetCategoryname" time="0.724"/>
  <testcase classname="Pays.posfinaltesting.CategoriesandItemsTest" name="Categories_SaveCategory" time="2.133">
    <failure type="java.lang.AssertionError" message="Category not Created. expected [true] but found [false]">
      <![CDATA[java.lang.AssertionError: Category not Created. expected [true] but found [false]
at Pays.posfinaltesting.pageobject.Categories_ItemsClass.SaveCategory(Categories_ItemsClass.java:139)
at Pays.posfinaltesting.CategoriesandItemsTest.Categories_SaveCategory(CategoriesandItemsTest.java:90)
at java.base/java.util.ArrayList.forEach(ArrayList.java:1596)
... Removed 28 stack frames]]>
    </failure>
  </testcase> <!-- Categories_SaveCategory -->
  <testcase classname="Pays.posfinaltesting.CategoriesandItemsTest" name="Categories_CheckIfCategoryIsAdded" time="0.0">
    <skipped/>
  </testcase> <!-- Categories_CheckIfCategoryIsAdded -->
  <testcase classname="Pays.posfinaltesting.CategoriesandItemsTest" name="Modifiers_ClickModifiers" time="0.0">
    <skipped/>
  </testcase> <!-- Modifiers_ClickModifiers -->
  <testcase classname="Pays.posfinaltesting.CategoriesandItemsTest" name="Modifiers_ClickCreate" time="0.0">
    <skipped/>
  </testcase> <!-- Modifiers_ClickCreate -->
  <testcase classname="Pays.posfinaltesting.CategoriesandItemsTest" name="Modifiers_SetModifiersInfo" time="0.0">
    <skipped/>
  </testcase> <!-- Modifiers_SetModifiersInfo -->
  <testcase classname="Pays.posfinaltesting.CategoriesandItemsTest" name="Items_AddItems" time="0.0">
    <skipped/>
  </testcase> <!-- Items_AddItems -->
  <testcase classname="Pays.posfinaltesting.CategoriesandItemsTest" name="Items_SetItem" time="0.0">
    <skipped/>
  </testcase> <!-- Items_SetItem -->
  <testcase classname="Pays.posfinaltesting.CategoriesandItemsTest" name="Items_Home" time="0.0">
    <skipped/>
  </testcase> <!-- Items_Home -->
  <testcase classname="Pays.posfinaltesting.CategoriesandItemsTest" name="Items_SelectPay" time="0.0">
    <skipped/>
  </testcase> <!-- Items_SelectPay -->
  <testcase classname="Pays.posfinaltesting.CategoriesandItemsTest" name="Items_Transaction" time="0.0">
    <skipped/>
  </testcase> <!-- Items_Transaction -->
</testsuite> <!-- Test 1 -->
