<!DOCTYPE html PUBLIC "-//W3C//DTD XHTML 1.1//EN" "https://www.w3.org/TR/xhtml11/DTD/xhtml11.dtd">
<html xmlns="https://www.w3.org/1999/xhtml">
<head>
<meta http-equiv="content-type" content="text/html; charset=UTF-8"/>
<title>TestNG Report</title>
<style type="text/css">table {margin-bottom:10px;border-collapse:collapse;empty-cells:show}th,td {border:1px solid #009;padding:.25em .5em}th {vertical-align:bottom}td {vertical-align:top}table a {font-weight:bold}.stripe td {background-color: #E6EBF9}.num {text-align:right}.passedodd td {background-color: #3F3}.passedeven td {background-color: #0A0}.skippedodd td {background-color: #DDD}.skippedeven td {background-color: #CCC}.failedodd td,.attn {background-color: #F33}.failedeven td,.stripe .attn {background-color: #D00}.stacktrace {white-space:pre;font-family:monospace}.totop {font-size:85%;text-align:center;border-bottom:2px solid #000}.invisible {display:none}</style>
</head>
<body>
<table>
<tr><th>Test</th><th># Passed</th><th># Skipped</th><th># Retried</th><th># Failed</th><th>Time (ms)</th><th>Included Groups</th><th>Excluded Groups</th></tr>
<tr><th colspan="8">Suite</th></tr>
<tr><td><a href="#t0">Login_Passcode</a></td><td class="num">0</td><td class="num attn">2</td><td class="num">0</td><td class="num">0</td><td class="num">2,366</td><td></td><td></td></tr>
<tr class="stripe"><td><a href="#t1">TakeOut_Card_Refund</a></td><td class="num">0</td><td class="num attn">19</td><td class="num">0</td><td class="num">0</td><td class="num">465</td><td></td><td></td></tr>
<tr><td><a href="#t2">TakeOut_Cash_ItemWiseRefund</a></td><td class="num">0</td><td class="num attn">20</td><td class="num">0</td><td class="num">0</td><td class="num">499</td><td></td><td></td></tr>
<tr class="stripe"><td><a href="#t3">TakeOut_Cash_Refund</a></td><td class="num">0</td><td class="num attn">20</td><td class="num">0</td><td class="num">0</td><td class="num">531</td><td></td><td></td></tr>
<tr><td><a href="#t4">Split PaymentTest</a></td><td class="num">0</td><td class="num attn">20</td><td class="num">0</td><td class="num">0</td><td class="num">562</td><td></td><td></td></tr>
<tr class="stripe"><td><a href="#t5"> CashFull_RefundPaymentTest</a></td><td class="num">0</td><td class="num attn">20</td><td class="num">0</td><td class="num">0</td><td class="num">557</td><td></td><td></td></tr>
<tr><td><a href="#t6"> Cash_ItemwiseRefundPaymentTest</a></td><td class="num">0</td><td class="num attn">19</td><td class="num">0</td><td class="num">0</td><td class="num">563</td><td></td><td></td></tr>
<tr class="stripe"><td><a href="#t7">Card_RefundPaymentTest</a></td><td class="num">0</td><td class="num attn">19</td><td class="num">0</td><td class="num">0</td><td class="num">600</td><td></td><td></td></tr>
<tr><th>Total</th><th class="num">0</th><th class="num attn">139</th><th class="num">0</th><th class="num">0</th><th class="num">6,143</th><th colspan="2"></th></tr>
</table>
<table id='summary'><thead><tr><th>Class</th><th>Method</th><th>Start</th><th>Time (ms)</th></tr></thead><tbody><tr><th colspan="4">Suite</th></tr></tbody><tbody id="t0"><tr><th colspan="4">Login_Passcode &#8212; failed (configuration methods)</th></tr><tr class="failedeven"><td rowspan="1">Pays.posfinaltesting.LoginPasscodeTest</td><td><a href="#m0">ConfigureAppium</a></td><td rowspan="1">1742486635533</td><td rowspan="1">2200</td></tr><tr><th colspan="4">Login_Passcode &#8212; skipped (configuration methods)</th></tr><tr class="skippedeven"><td rowspan="4">Pays.posfinaltesting.LoginPasscodeTest</td><td><a href="#m1">Login_setup</a></td><td rowspan="2">1742486637856</td><td rowspan="2">0</td></tr><tr class="skippedeven"><td><a href="#m2">Login_setup</a></td></tr><tr class="skippedeven"><td><a href="#m3">tearDown</a></td><td rowspan="2">1742486637850</td><td rowspan="2">0</td></tr><tr class="skippedeven"><td><a href="#m4">tearDown</a></td></tr><tr><th colspan="4">Login_Passcode &#8212; skipped</th></tr><tr class="skippedeven"><td rowspan="2">Pays.posfinaltesting.LoginPasscodeTest</td><td><a href="#m5">LogintoApp</a></td><td rowspan="1">1742486637812</td><td rowspan="1">0</td></tr><tr class="skippedeven"><td><a href="#m6">Passcode</a></td><td rowspan="1">1742486637858</td><td rowspan="1">0</td></tr></tbody>
<tbody id="t1"><tr><th colspan="4">TakeOut_Card_Refund &#8212; failed (configuration methods)</th></tr><tr class="failedeven"><td rowspan="1">Pays.posfinaltesting.TakeOutTest</td><td><a href="#m7">ConfigureAppium</a></td><td rowspan="1">1742486638136</td><td rowspan="1">332</td></tr><tr><th colspan="4">TakeOut_Card_Refund &#8212; skipped (configuration methods)</th></tr><tr class="skippedeven"><td rowspan="2">Pays.posfinaltesting.TakeOutTest</td><td><a href="#m8">Login</a></td><td rowspan="1">1742486638490</td><td rowspan="1">0</td></tr><tr class="skippedeven"><td><a href="#m9">tearDown</a></td><td rowspan="1">1742486638500</td><td rowspan="1">0</td></tr><tr><th colspan="4">TakeOut_Card_Refund &#8212; skipped</th></tr><tr class="skippedeven"><td rowspan="19">Pays.posfinaltesting.TakeOutTest</td><td><a href="#m10">TakeOut_AddCustomer</a></td><td rowspan="1">1742486638564</td><td rowspan="1">0</td></tr><tr class="skippedeven"><td><a href="#m11">TakeOut_AddDiscount</a></td><td rowspan="1">1742486638553</td><td rowspan="1">0</td></tr><tr class="skippedeven"><td><a href="#m12">TakeOut_AddManualItems</a></td><td rowspan="1">1742486638512</td><td rowspan="1">0</td></tr><tr class="skippedeven"><td><a href="#m13">TakeOut_AddOrderNote</a></td><td rowspan="1">1742486638547</td><td rowspan="1">0</td></tr><tr class="skippedeven"><td><a href="#m14">TakeOut_AddTip</a></td><td rowspan="1">1742486638577</td><td rowspan="1">0</td></tr><tr class="skippedeven"><td><a href="#m15">TakeOut_AppliedLoyaltyPoint</a></td><td rowspan="1">1742486638568</td><td rowspan="1">0</td></tr><tr class="skippedeven"><td><a href="#m16">TakeOut_Card_FinalWayPayment</a></td><td rowspan="1">1742486638581</td><td rowspan="1">0</td></tr><tr class="skippedeven"><td><a href="#m17">TakeOut_Card_Refund_PrintReceipt</a></td><td rowspan="1">1742486638591</td><td rowspan="1">0</td></tr><tr class="skippedeven"><td><a href="#m18">TakeOut_Card_Refund_SelectRefund</a></td><td rowspan="1">1742486638586</td><td rowspan="1">0</td></tr><tr class="skippedeven"><td><a href="#m19">TakeOut_ChangeOrderType</a></td><td rowspan="1">1742486638558</td><td rowspan="1">0</td></tr><tr class="skippedeven"><td><a href="#m20">TakeOut_CheckOrderType</a></td><td rowspan="1">1742486638536</td><td rowspan="1">0</td></tr><tr class="skippedeven"><td><a href="#m21">TakeOut_ItemSelection</a></td><td rowspan="1">1742486638507</td><td rowspan="1">1</td></tr><tr class="skippedeven"><td><a href="#m22">TakeOut_RemoveItem</a></td><td rowspan="1">1742486638523</td><td rowspan="1">0</td></tr><tr class="skippedeven"><td><a href="#m23">TakeOut_SaveOrder</a></td><td rowspan="1">1742486638530</td><td rowspan="1">0</td></tr><tr class="skippedeven"><td><a href="#m24">TakeOut_SelectTakeout</a></td><td rowspan="1">1742486638503</td><td rowspan="1">0</td></tr><tr class="skippedeven"><td><a href="#m25">TakeOut_Setup</a></td><td rowspan="1">1742486638492</td><td rowspan="1">0</td></tr><tr class="skippedeven"><td><a href="#m26">TakeOut_Transaction</a></td><td rowspan="1">1742486638573</td><td rowspan="1">0</td></tr><tr class="skippedeven"><td><a href="#m27">TakeOut_UpdateItem</a></td><td rowspan="1">1742486638517</td><td rowspan="1">0</td></tr><tr class="skippedeven"><td><a href="#m28">Takeout_UpdateOrder</a></td><td rowspan="1">1742486638542</td><td rowspan="1">0</td></tr></tbody>
<tbody id="t2"><tr><th colspan="4">TakeOut_Cash_ItemWiseRefund &#8212; failed (configuration methods)</th></tr><tr class="failedeven"><td rowspan="1">Pays.posfinaltesting.TakeOutTest</td><td><a href="#m29">ConfigureAppium</a></td><td rowspan="1">1742486638639</td><td rowspan="1">386</td></tr><tr><th colspan="4">TakeOut_Cash_ItemWiseRefund &#8212; skipped (configuration methods)</th></tr><tr class="skippedeven"><td rowspan="2">Pays.posfinaltesting.TakeOutTest</td><td><a href="#m30">Login</a></td><td rowspan="1">1742486639028</td><td rowspan="1">0</td></tr><tr class="skippedeven"><td><a href="#m31">tearDown</a></td><td rowspan="1">1742486639035</td><td rowspan="1">0</td></tr><tr><th colspan="4">TakeOut_Cash_ItemWiseRefund &#8212; skipped</th></tr><tr class="skippedeven"><td rowspan="20">Pays.posfinaltesting.TakeOutTest</td><td><a href="#m32">TakeOut_AddCustomer</a></td><td rowspan="1">1742486639097</td><td rowspan="1">1</td></tr><tr class="skippedeven"><td><a href="#m33">TakeOut_AddDiscount</a></td><td rowspan="1">1742486639087</td><td rowspan="1">0</td></tr><tr class="skippedeven"><td><a href="#m34">TakeOut_AddManualItems</a></td><td rowspan="1">1742486639045</td><td rowspan="1">0</td></tr><tr class="skippedeven"><td><a href="#m35">TakeOut_AddOrderNote</a></td><td rowspan="1">1742486639081</td><td rowspan="1">0</td></tr><tr class="skippedeven"><td><a href="#m36">TakeOut_AddTip</a></td><td rowspan="1">1742486639113</td><td rowspan="1">1</td></tr><tr class="skippedeven"><td><a href="#m37">TakeOut_AppliedLoyaltyPoint</a></td><td rowspan="1">1742486639102</td><td rowspan="1">0</td></tr><tr class="skippedeven"><td><a href="#m38">TakeOut_Cash_RefundItemWise_CheckCashLog</a></td><td rowspan="1">1742486639133</td><td rowspan="1">0</td></tr><tr class="skippedeven"><td><a href="#m39">TakeOut_Cash_RefundItemWise_Payment</a></td><td rowspan="1">1742486639118</td><td rowspan="1">0</td></tr><tr class="skippedeven"><td><a href="#m40">TakeOut_Cash_RefundItemWise_PrintReceipt</a></td><td rowspan="1">1742486639127</td><td rowspan="1">0</td></tr><tr class="skippedeven"><td><a href="#m41">TakeOut_Cash_RefundItemWise_SelectRefund</a></td><td rowspan="1">1742486639123</td><td rowspan="1">0</td></tr><tr class="skippedeven"><td><a href="#m42">TakeOut_ChangeOrderType</a></td><td rowspan="1">1742486639092</td><td rowspan="1">0</td></tr><tr class="skippedeven"><td><a href="#m43">TakeOut_CheckOrderType</a></td><td rowspan="1">1742486639072</td><td rowspan="1">0</td></tr><tr class="skippedeven"><td><a href="#m44">TakeOut_ItemSelection</a></td><td rowspan="1">1742486639042</td><td rowspan="1">0</td></tr><tr class="skippedeven"><td><a href="#m45">TakeOut_RemoveItem</a></td><td rowspan="1">1742486639054</td><td rowspan="1">0</td></tr><tr class="skippedeven"><td><a href="#m46">TakeOut_SaveOrder</a></td><td rowspan="1">1742486639059</td><td rowspan="1">0</td></tr><tr class="skippedeven"><td><a href="#m47">TakeOut_SelectTakeout</a></td><td rowspan="1">1742486639038</td><td rowspan="1">0</td></tr><tr class="skippedeven"><td><a href="#m48">TakeOut_Setup</a></td><td rowspan="1">1742486639030</td><td rowspan="1">0</td></tr><tr class="skippedeven"><td><a href="#m49">TakeOut_Transaction</a></td><td rowspan="1">1742486639107</td><td rowspan="1">0</td></tr><tr class="skippedeven"><td><a href="#m50">TakeOut_UpdateItem</a></td><td rowspan="1">1742486639049</td><td rowspan="1">1</td></tr><tr class="skippedeven"><td><a href="#m51">Takeout_UpdateOrder</a></td><td rowspan="1">1742486639077</td><td rowspan="1">0</td></tr></tbody>
<tbody id="t3"><tr><th colspan="4">TakeOut_Cash_Refund &#8212; failed (configuration methods)</th></tr><tr class="failedeven"><td rowspan="1">Pays.posfinaltesting.TakeOutTest</td><td><a href="#m52">ConfigureAppium</a></td><td rowspan="1">1742486639177</td><td rowspan="1">412</td></tr><tr><th colspan="4">TakeOut_Cash_Refund &#8212; skipped (configuration methods)</th></tr><tr class="skippedeven"><td rowspan="2">Pays.posfinaltesting.TakeOutTest</td><td><a href="#m53">Login</a></td><td rowspan="1">1742486639592</td><td rowspan="1">0</td></tr><tr class="skippedeven"><td><a href="#m54">tearDown</a></td><td rowspan="1">1742486639599</td><td rowspan="1">0</td></tr><tr><th colspan="4">TakeOut_Cash_Refund &#8212; skipped</th></tr><tr class="skippedeven"><td rowspan="20">Pays.posfinaltesting.TakeOutTest</td><td><a href="#m55">TakeOut_AddCustomer</a></td><td rowspan="1">1742486639661</td><td rowspan="1">0</td></tr><tr class="skippedeven"><td><a href="#m56">TakeOut_AddDiscount</a></td><td rowspan="1">1742486639652</td><td rowspan="1">0</td></tr><tr class="skippedeven"><td><a href="#m57">TakeOut_AddManualItems</a></td><td rowspan="1">1742486639613</td><td rowspan="1">0</td></tr><tr class="skippedeven"><td><a href="#m58">TakeOut_AddOrderNote</a></td><td rowspan="1">1742486639645</td><td rowspan="1">0</td></tr><tr class="skippedeven"><td><a href="#m59">TakeOut_AddTip</a></td><td rowspan="1">1742486639676</td><td rowspan="1">0</td></tr><tr class="skippedeven"><td><a href="#m60">TakeOut_AppliedLoyaltyPoint</a></td><td rowspan="1">1742486639666</td><td rowspan="1">0</td></tr><tr class="skippedeven"><td><a href="#m61">TakeOut_Cash_FullRefund_CheckCashLog</a></td><td rowspan="1">1742486639701</td><td rowspan="1">0</td></tr><tr class="skippedeven"><td><a href="#m62">TakeOut_Cash_FullRefund_Payment</a></td><td rowspan="1">1742486639685</td><td rowspan="1">0</td></tr><tr class="skippedeven"><td><a href="#m63">TakeOut_Cash_FullRefund_PrintReceipt</a></td><td rowspan="1">1742486639696</td><td rowspan="1">0</td></tr><tr class="skippedeven"><td><a href="#m64">TakeOut_Cash_FullRefund_SelectRefund</a></td><td rowspan="1">1742486639691</td><td rowspan="1">0</td></tr><tr class="skippedeven"><td><a href="#m65">TakeOut_ChangeOrderType</a></td><td rowspan="1">1742486639656</td><td rowspan="1">0</td></tr><tr class="skippedeven"><td><a href="#m66">TakeOut_CheckOrderType</a></td><td rowspan="1">1742486639634</td><td rowspan="1">0</td></tr><tr class="skippedeven"><td><a href="#m67">TakeOut_ItemSelection</a></td><td rowspan="1">1742486639607</td><td rowspan="1">0</td></tr><tr class="skippedeven"><td><a href="#m68">TakeOut_RemoveItem</a></td><td rowspan="1">1742486639623</td><td rowspan="1">0</td></tr><tr class="skippedeven"><td><a href="#m69">TakeOut_SaveOrder</a></td><td rowspan="1">1742486639628</td><td rowspan="1">0</td></tr><tr class="skippedeven"><td><a href="#m70">TakeOut_SelectTakeout</a></td><td rowspan="1">1742486639601</td><td rowspan="1">0</td></tr><tr class="skippedeven"><td><a href="#m71">TakeOut_Setup</a></td><td rowspan="1">1742486639593</td><td rowspan="1">0</td></tr><tr class="skippedeven"><td><a href="#m72">TakeOut_Transaction</a></td><td rowspan="1">1742486639672</td><td rowspan="1">0</td></tr><tr class="skippedeven"><td><a href="#m73">TakeOut_UpdateItem</a></td><td rowspan="1">1742486639618</td><td rowspan="1">0</td></tr><tr class="skippedeven"><td><a href="#m74">Takeout_UpdateOrder</a></td><td rowspan="1">1742486639638</td><td rowspan="1">0</td></tr></tbody>
<tbody id="t4"><tr><th colspan="4">Split PaymentTest &#8212; failed (configuration methods)</th></tr><tr class="failedeven"><td rowspan="1">Pays.posfinaltesting.OpenOderTest</td><td><a href="#m75">ConfigureAppium</a></td><td rowspan="1">1742486639748</td><td rowspan="1">439</td></tr><tr><th colspan="4">Split PaymentTest &#8212; skipped (configuration methods)</th></tr><tr class="skippedeven"><td rowspan="2">Pays.posfinaltesting.OpenOderTest</td><td><a href="#m76">Login</a></td><td rowspan="1">1742486640210</td><td rowspan="1">0</td></tr><tr class="skippedeven"><td><a href="#m77">tearDown</a></td><td rowspan="1">1742486640220</td><td rowspan="1">0</td></tr><tr><th colspan="4">Split PaymentTest &#8212; skipped</th></tr><tr class="skippedeven"><td rowspan="20">Pays.posfinaltesting.OpenOderTest</td><td><a href="#m78">OpenOrder_AddCustomer</a></td><td rowspan="1">1742486640267</td><td rowspan="1">0</td></tr><tr class="skippedeven"><td><a href="#m79">OpenOrder_AddDiscount</a></td><td rowspan="1">1742486640258</td><td rowspan="1">0</td></tr><tr class="skippedeven"><td><a href="#m80">OpenOrder_AddManualItems</a></td><td rowspan="1">1742486640230</td><td rowspan="1">0</td></tr><tr class="skippedeven"><td><a href="#m81">OpenOrder_AddOrderNote</a></td><td rowspan="1">1742486640254</td><td rowspan="1">0</td></tr><tr class="skippedeven"><td><a href="#m82">OpenOrder_ChangeOrderType</a></td><td rowspan="1">1742486640263</td><td rowspan="1">0</td></tr><tr class="skippedeven"><td><a href="#m83">OpenOrder_CheckOrderType</a></td><td rowspan="1">1742486640247</td><td rowspan="1">0</td></tr><tr class="skippedeven"><td><a href="#m84">OpenOrder_ItemSelection</a></td><td rowspan="1">1742486640226</td><td rowspan="1">0</td></tr><tr class="skippedeven"><td><a href="#m85">OpenOrder_RemoveItem</a></td><td rowspan="1">1742486640239</td><td rowspan="1">0</td></tr><tr class="skippedeven"><td><a href="#m86">OpenOrder_SaveOrder</a></td><td rowspan="1">1742486640243</td><td rowspan="1">0</td></tr><tr class="skippedeven"><td><a href="#m87">OpenOrder_SelectOpenOrder</a></td><td rowspan="1">1742486640222</td><td rowspan="1">0</td></tr><tr class="skippedeven"><td><a href="#m88">OpenOrder_Setup</a></td><td rowspan="1">1742486640212</td><td rowspan="1">0</td></tr><tr class="skippedeven"><td><a href="#m89">OpenOrder_Split_FinalWayPayment</a></td><td rowspan="1">1742486640293</td><td rowspan="1">0</td></tr><tr class="skippedeven"><td><a href="#m90">OpenOrder_Split_Refund_PrintReceipt</a></td><td rowspan="1">1742486640302</td><td rowspan="1">0</td></tr><tr class="skippedeven"><td><a href="#m91">OpenOrder_Split_Refund_SelectRefund</a></td><td rowspan="1">1742486640297</td><td rowspan="1">0</td></tr><tr class="skippedeven"><td><a href="#m92">OpenOrder_Split_SelectCash</a></td><td rowspan="1">1742486640283</td><td rowspan="1">0</td></tr><tr class="skippedeven"><td><a href="#m93">OpenOrder_Split_SelectNextPayment</a></td><td rowspan="1">1742486640289</td><td rowspan="1">0</td></tr><tr class="skippedeven"><td><a href="#m94">OpenOrder_Split_SelectSplit</a></td><td rowspan="1">1742486640277</td><td rowspan="1">1</td></tr><tr class="skippedeven"><td><a href="#m95">OpenOrder_Transaction</a></td><td rowspan="1">1742486640273</td><td rowspan="1">0</td></tr><tr class="skippedeven"><td><a href="#m96">OpenOrder_UpdateItem</a></td><td rowspan="1">1742486640234</td><td rowspan="1">0</td></tr><tr class="skippedeven"><td><a href="#m97">OpenOrder_UpdateOrder</a></td><td rowspan="1">1742486640250</td><td rowspan="1">0</td></tr></tbody>
<tbody id="t5"><tr><th colspan="4"> CashFull_RefundPaymentTest &#8212; failed (configuration methods)</th></tr><tr class="failedeven"><td rowspan="1">Pays.posfinaltesting.OpenOderTest</td><td><a href="#m98">ConfigureAppium</a></td><td rowspan="1">1742486640350</td><td rowspan="1">441</td></tr><tr><th colspan="4"> CashFull_RefundPaymentTest &#8212; skipped (configuration methods)</th></tr><tr class="skippedeven"><td rowspan="2">Pays.posfinaltesting.OpenOderTest</td><td><a href="#m99">Login</a></td><td rowspan="1">1742486640796</td><td rowspan="1">0</td></tr><tr class="skippedeven"><td><a href="#m100">tearDown</a></td><td rowspan="1">1742486640803</td><td rowspan="1">0</td></tr><tr><th colspan="4"> CashFull_RefundPaymentTest &#8212; skipped</th></tr><tr class="skippedeven"><td rowspan="20">Pays.posfinaltesting.OpenOderTest</td><td><a href="#m101">OpenOrder_AddCustomer</a></td><td rowspan="1">1742486640864</td><td rowspan="1">0</td></tr><tr class="skippedeven"><td><a href="#m102">OpenOrder_AddDiscount</a></td><td rowspan="1">1742486640853</td><td rowspan="1">0</td></tr><tr class="skippedeven"><td><a href="#m103">OpenOrder_AddManualItems</a></td><td rowspan="1">1742486640814</td><td rowspan="1">0</td></tr><tr class="skippedeven"><td><a href="#m104">OpenOrder_AddOrderNote</a></td><td rowspan="1">1742486640847</td><td rowspan="1">1</td></tr><tr class="skippedeven"><td><a href="#m105">OpenOrder_Cash_FullRefund_CheckCashLog</a></td><td rowspan="1">1742486640900</td><td rowspan="1">0</td></tr><tr class="skippedeven"><td><a href="#m106">OpenOrder_Cash_FullRefund_Payment</a></td><td rowspan="1">1742486640883</td><td rowspan="1">0</td></tr><tr class="skippedeven"><td><a href="#m107">OpenOrder_Cash_FullRefund_PrintReceipt</a></td><td rowspan="1">1742486640893</td><td rowspan="1">0</td></tr><tr class="skippedeven"><td><a href="#m108">OpenOrder_Cash_FullRefund_SelectRefund</a></td><td rowspan="1">1742486640888</td><td rowspan="1">0</td></tr><tr class="skippedeven"><td><a href="#m109">OpenOrder_ChangeOrderType</a></td><td rowspan="1">1742486640859</td><td rowspan="1">0</td></tr><tr class="skippedeven"><td><a href="#m110">OpenOrder_CheckOrderType</a></td><td rowspan="1">1742486640835</td><td rowspan="1">0</td></tr><tr class="skippedeven"><td><a href="#m111">OpenOrder_ItemSelection</a></td><td rowspan="1">1742486640809</td><td rowspan="1">0</td></tr><tr class="skippedeven"><td><a href="#m112">OpenOrder_Loyalty_AppliedLoyaltyPoint</a></td><td rowspan="1">1742486640869</td><td rowspan="1">0</td></tr><tr class="skippedeven"><td><a href="#m113">OpenOrder_RemoveItem</a></td><td rowspan="1">1742486640823</td><td rowspan="1">0</td></tr><tr class="skippedeven"><td><a href="#m114">OpenOrder_SaveOrder</a></td><td rowspan="1">1742486640831</td><td rowspan="1">0</td></tr><tr class="skippedeven"><td><a href="#m115">OpenOrder_SelectOpenOrder</a></td><td rowspan="1">1742486640805</td><td rowspan="1">0</td></tr><tr class="skippedeven"><td><a href="#m116">OpenOrder_Setup</a></td><td rowspan="1">1742486640798</td><td rowspan="1">0</td></tr><tr class="skippedeven"><td><a href="#m117">OpenOrder_Tip_AddTip</a></td><td rowspan="1">1742486640878</td><td rowspan="1">0</td></tr><tr class="skippedeven"><td><a href="#m118">OpenOrder_Transaction</a></td><td rowspan="1">1742486640873</td><td rowspan="1">0</td></tr><tr class="skippedeven"><td><a href="#m119">OpenOrder_UpdateItem</a></td><td rowspan="1">1742486640818</td><td rowspan="1">0</td></tr><tr class="skippedeven"><td><a href="#m120">OpenOrder_UpdateOrder</a></td><td rowspan="1">1742486640843</td><td rowspan="1">0</td></tr></tbody>
<tbody id="t6"><tr><th colspan="4"> Cash_ItemwiseRefundPaymentTest &#8212; failed (configuration methods)</th></tr><tr class="failedeven"><td rowspan="1">Pays.posfinaltesting.OpenOderTest</td><td><a href="#m121">ConfigureAppium</a></td><td rowspan="1">1742486640967</td><td rowspan="1">459</td></tr><tr><th colspan="4"> Cash_ItemwiseRefundPaymentTest &#8212; skipped (configuration methods)</th></tr><tr class="skippedeven"><td rowspan="2">Pays.posfinaltesting.OpenOderTest</td><td><a href="#m122">Login</a></td><td rowspan="1">1742486641428</td><td rowspan="1">0</td></tr><tr class="skippedeven"><td><a href="#m123">tearDown</a></td><td rowspan="1">1742486641434</td><td rowspan="1">0</td></tr><tr><th colspan="4"> Cash_ItemwiseRefundPaymentTest &#8212; skipped</th></tr><tr class="skippedeven"><td rowspan="19">Pays.posfinaltesting.OpenOderTest</td><td><a href="#m124">OpenOrder_AddCustomer</a></td><td rowspan="1">1742486641486</td><td rowspan="1">0</td></tr><tr class="skippedeven"><td><a href="#m125">OpenOrder_AddDiscount</a></td><td rowspan="1">1742486641476</td><td rowspan="1">0</td></tr><tr class="skippedeven"><td><a href="#m126">OpenOrder_AddManualItems</a></td><td rowspan="1">1742486641444</td><td rowspan="1">0</td></tr><tr class="skippedeven"><td><a href="#m127">OpenOrder_AddOrderNote</a></td><td rowspan="1">1742486641472</td><td rowspan="1">0</td></tr><tr class="skippedeven"><td><a href="#m128">OpenOrder_Cash_RefundItemWise_CheckCashLog</a></td><td rowspan="1">1742486641518</td><td rowspan="1">0</td></tr><tr class="skippedeven"><td><a href="#m129">OpenOrder_Cash_RefundItemWise_Payment</a></td><td rowspan="1">1742486641503</td><td rowspan="1">0</td></tr><tr class="skippedeven"><td><a href="#m130">OpenOrder_Cash_RefundItemWise_PrintReceipt</a></td><td rowspan="1">1742486641512</td><td rowspan="1">0</td></tr><tr class="skippedeven"><td><a href="#m131">OpenOrder_Cash_RefundItemWise_SelectRefund</a></td><td rowspan="1">1742486641507</td><td rowspan="1">1</td></tr><tr class="skippedeven"><td><a href="#m132">OpenOrder_ChangeOrderType</a></td><td rowspan="1">1742486641480</td><td rowspan="1">0</td></tr><tr class="skippedeven"><td><a href="#m133">OpenOrder_CheckOrderType</a></td><td rowspan="1">1742486641463</td><td rowspan="1">0</td></tr><tr class="skippedeven"><td><a href="#m134">OpenOrder_ItemSelection</a></td><td rowspan="1">1742486641440</td><td rowspan="1">0</td></tr><tr class="skippedeven"><td><a href="#m135">OpenOrder_RemoveItem</a></td><td rowspan="1">1742486641455</td><td rowspan="1">0</td></tr><tr class="skippedeven"><td><a href="#m136">OpenOrder_SaveOrder</a></td><td rowspan="1">1742486641459</td><td rowspan="1">0</td></tr><tr class="skippedeven"><td><a href="#m137">OpenOrder_SelectOpenOrder</a></td><td rowspan="1">1742486641436</td><td rowspan="1">0</td></tr><tr class="skippedeven"><td><a href="#m138">OpenOrder_Setup</a></td><td rowspan="1">1742486641431</td><td rowspan="1">0</td></tr><tr class="skippedeven"><td><a href="#m139">OpenOrder_Tip_AddTip</a></td><td rowspan="1">1742486641497</td><td rowspan="1">0</td></tr><tr class="skippedeven"><td><a href="#m140">OpenOrder_Transaction</a></td><td rowspan="1">1742486641490</td><td rowspan="1">0</td></tr><tr class="skippedeven"><td><a href="#m141">OpenOrder_UpdateItem</a></td><td rowspan="1">1742486641449</td><td rowspan="1">0</td></tr><tr class="skippedeven"><td><a href="#m142">OpenOrder_UpdateOrder</a></td><td rowspan="1">1742486641468</td><td rowspan="1">0</td></tr></tbody>
<tbody id="t7"><tr><th colspan="4">Card_RefundPaymentTest &#8212; failed (configuration methods)</th></tr><tr class="failedeven"><td rowspan="1">Pays.posfinaltesting.OpenOderTest</td><td><a href="#m143">ConfigureAppium</a></td><td rowspan="1">1742486641570</td><td rowspan="1">484</td></tr><tr><th colspan="4">Card_RefundPaymentTest &#8212; skipped (configuration methods)</th></tr><tr class="skippedeven"><td rowspan="2">Pays.posfinaltesting.OpenOderTest</td><td><a href="#m144">Login</a></td><td rowspan="1">1742486642062</td><td rowspan="1">0</td></tr><tr class="skippedeven"><td><a href="#m145">tearDown</a></td><td rowspan="1">1742486642070</td><td rowspan="1">0</td></tr><tr><th colspan="4">Card_RefundPaymentTest &#8212; skipped</th></tr><tr class="skippedeven"><td rowspan="19">Pays.posfinaltesting.OpenOderTest</td><td><a href="#m146">OpenOrder_AddCustomer</a></td><td rowspan="1">1742486642135</td><td rowspan="1">0</td></tr><tr class="skippedeven"><td><a href="#m147">OpenOrder_AddDiscount</a></td><td rowspan="1">1742486642122</td><td rowspan="1">0</td></tr><tr class="skippedeven"><td><a href="#m148">OpenOrder_AddManualItems</a></td><td rowspan="1">1742486642084</td><td rowspan="1">0</td></tr><tr class="skippedeven"><td><a href="#m149">OpenOrder_AddOrderNote</a></td><td rowspan="1">1742486642117</td><td rowspan="1">0</td></tr><tr class="skippedeven"><td><a href="#m150">OpenOrder_Card_FinalWayPayment</a></td><td rowspan="1">1742486642152</td><td rowspan="1">0</td></tr><tr class="skippedeven"><td><a href="#m151">OpenOrder_Card_Refund_PrintReceipt</a></td><td rowspan="1">1742486642160</td><td rowspan="1">1</td></tr><tr class="skippedeven"><td><a href="#m152">OpenOrder_Card_Refund_SelectRefund</a></td><td rowspan="1">1742486642156</td><td rowspan="1">0</td></tr><tr class="skippedeven"><td><a href="#m153">OpenOrder_ChangeOrderType</a></td><td rowspan="1">1742486642129</td><td rowspan="1">0</td></tr><tr class="skippedeven"><td><a href="#m154">OpenOrder_CheckOrderType</a></td><td rowspan="1">1742486642104</td><td rowspan="1">0</td></tr><tr class="skippedeven"><td><a href="#m155">OpenOrder_ItemSelection</a></td><td rowspan="1">1742486642079</td><td rowspan="1">0</td></tr><tr class="skippedeven"><td><a href="#m156">OpenOrder_Loyalty_AppliedLoyaltyPoint</a></td><td rowspan="1">1742486642139</td><td rowspan="1">0</td></tr><tr class="skippedeven"><td><a href="#m157">OpenOrder_RemoveItem</a></td><td rowspan="1">1742486642094</td><td rowspan="1">0</td></tr><tr class="skippedeven"><td><a href="#m158">OpenOrder_SaveOrder</a></td><td rowspan="1">1742486642098</td><td rowspan="1">0</td></tr><tr class="skippedeven"><td><a href="#m159">OpenOrder_SelectOpenOrder</a></td><td rowspan="1">1742486642073</td><td rowspan="1">0</td></tr><tr class="skippedeven"><td><a href="#m160">OpenOrder_Setup</a></td><td rowspan="1">1742486642065</td><td rowspan="1">0</td></tr><tr class="skippedeven"><td><a href="#m161">OpenOrder_Tip_AddTip</a></td><td rowspan="1">1742486642148</td><td rowspan="1">0</td></tr><tr class="skippedeven"><td><a href="#m162">OpenOrder_Transaction</a></td><td rowspan="1">1742486642144</td><td rowspan="1">0</td></tr><tr class="skippedeven"><td><a href="#m163">OpenOrder_UpdateItem</a></td><td rowspan="1">1742486642088</td><td rowspan="1">0</td></tr><tr class="skippedeven"><td><a href="#m164">OpenOrder_UpdateOrder</a></td><td rowspan="1">1742486642112</td><td rowspan="1">0</td></tr></tbody>
</table>
<h2>Login_Passcode</h2><h3 id="m0">Pays.posfinaltesting.LoginPasscodeTest#ConfigureAppium</h3><table class="result"><tr><th>Exception</th></tr><tr><td><div class="stacktrace">org.openqa.selenium.SessionNotCreatedException: Could not start a new session. Response code 500. Message: An unknown server-side error occurred while processing the command. Original error: Error getting device API level. Original error: Error executing adbExec. Original error: &apos;Command &apos;C:\\Users\\prati\\AppData\\Local\\Android\\Sdk\\platform-tools\\adb.exe -P 5037 -s 2290080791 shell getprop ro.build.version.sdk&apos; exited with code 255&apos;; Command output: &lt;empty&gt; 
Host info: host: &apos;PRATIK&apos;, ip: &apos;192.168.0.234&apos;
Build info: version: &apos;4.29.0&apos;, revision: &apos;5fc1ec94cb&apos;
System info: os.name: &apos;Windows 11&apos;, os.arch: &apos;amd64&apos;, os.version: &apos;10.0&apos;, java.version: &apos;21.0.6&apos;
Driver info: io.appium.java_client.android.AndroidDriver
Command: [null, newSession {capabilities=[Capabilities {appium:app: E:\EclipseWorkspace\posfina..., appium:appActivity: com.pays.pos.ui.activities...., appium:appPackage: com.pays.pos, appium:autoGrantPermissions: true, appium:automationName: UIAutomator2, appium:deviceName: LANDI C20pro, appium:newCommandTimeout: 10000, platformName: ANDROID}]}]
Capabilities {appium:app: E:\EclipseWorkspace\posfina..., appium:appActivity: com.pays.pos.ui.activities...., appium:appPackage: com.pays.pos, appium:autoGrantPermissions: true, appium:automationName: UIAutomator2, appium:deviceName: LANDI C20pro, appium:newCommandTimeout: 10000, platformName: ANDROID}
	at org.openqa.selenium.remote.ProtocolHandshake.createSession(ProtocolHandshake.java:114)
	at org.openqa.selenium.remote.ProtocolHandshake.createSession(ProtocolHandshake.java:75)
	at org.openqa.selenium.remote.ProtocolHandshake.createSession(ProtocolHandshake.java:61)
	at io.appium.java_client.remote.AppiumCommandExecutor.createSession(AppiumCommandExecutor.java:178)
	at io.appium.java_client.remote.AppiumCommandExecutor.execute(AppiumCommandExecutor.java:243)
	at org.openqa.selenium.remote.RemoteWebDriver.execute(RemoteWebDriver.java:545)
	at io.appium.java_client.AppiumDriver.startSession(AppiumDriver.java:313)
	at org.openqa.selenium.remote.RemoteWebDriver.&lt;init&gt;(RemoteWebDriver.java:174)
	at io.appium.java_client.AppiumDriver.&lt;init&gt;(AppiumDriver.java:101)
	at io.appium.java_client.AppiumDriver.&lt;init&gt;(AppiumDriver.java:113)
	at io.appium.java_client.android.AndroidDriver.&lt;init&gt;(AndroidDriver.java:109)
	at Pays.posfinaltesting.BaseTest.ConfigureAppium(BaseTest.java:54)
	at java.base/java.util.ArrayList.forEach(ArrayList.java:1596)
... Removed 23 stack frames</div></td></tr></table><p class="totop"><a href="#summary">back to summary</a></p>
<h3 id="m1">Pays.posfinaltesting.LoginPasscodeTest#Login_setup</h3><table class="result"><tr><th class="invisible"/></tr></table><p class="totop"><a href="#summary">back to summary</a></p>
<h3 id="m2">Pays.posfinaltesting.LoginPasscodeTest#Login_setup</h3><table class="result"><tr><th class="invisible"/></tr></table><p class="totop"><a href="#summary">back to summary</a></p>
<h3 id="m3">Pays.posfinaltesting.LoginPasscodeTest#tearDown</h3><table class="result"><tr><th class="invisible"/></tr></table><p class="totop"><a href="#summary">back to summary</a></p>
<h3 id="m4">Pays.posfinaltesting.LoginPasscodeTest#tearDown</h3><table class="result"><tr><th class="invisible"/></tr></table><p class="totop"><a href="#summary">back to summary</a></p>
<h3 id="m5">Pays.posfinaltesting.LoginPasscodeTest#LogintoApp</h3><table class="result"><tr><th>Exception</th></tr><tr><td><div class="stacktrace">org.openqa.selenium.SessionNotCreatedException: Could not start a new session. Response code 500. Message: An unknown server-side error occurred while processing the command. Original error: Error getting device API level. Original error: Error executing adbExec. Original error: &apos;Command &apos;C:\\Users\\prati\\AppData\\Local\\Android\\Sdk\\platform-tools\\adb.exe -P 5037 -s 2290080791 shell getprop ro.build.version.sdk&apos; exited with code 255&apos;; Command output: &lt;empty&gt; 
Host info: host: &apos;PRATIK&apos;, ip: &apos;192.168.0.234&apos;
Build info: version: &apos;4.29.0&apos;, revision: &apos;5fc1ec94cb&apos;
System info: os.name: &apos;Windows 11&apos;, os.arch: &apos;amd64&apos;, os.version: &apos;10.0&apos;, java.version: &apos;21.0.6&apos;
Driver info: io.appium.java_client.android.AndroidDriver
Command: [null, newSession {capabilities=[Capabilities {appium:app: E:\EclipseWorkspace\posfina..., appium:appActivity: com.pays.pos.ui.activities...., appium:appPackage: com.pays.pos, appium:autoGrantPermissions: true, appium:automationName: UIAutomator2, appium:deviceName: LANDI C20pro, appium:newCommandTimeout: 10000, platformName: ANDROID}]}]
Capabilities {appium:app: E:\EclipseWorkspace\posfina..., appium:appActivity: com.pays.pos.ui.activities...., appium:appPackage: com.pays.pos, appium:autoGrantPermissions: true, appium:automationName: UIAutomator2, appium:deviceName: LANDI C20pro, appium:newCommandTimeout: 10000, platformName: ANDROID}
	at org.openqa.selenium.remote.ProtocolHandshake.createSession(ProtocolHandshake.java:114)
	at org.openqa.selenium.remote.ProtocolHandshake.createSession(ProtocolHandshake.java:75)
	at org.openqa.selenium.remote.ProtocolHandshake.createSession(ProtocolHandshake.java:61)
	at io.appium.java_client.remote.AppiumCommandExecutor.createSession(AppiumCommandExecutor.java:178)
	at io.appium.java_client.remote.AppiumCommandExecutor.execute(AppiumCommandExecutor.java:243)
	at org.openqa.selenium.remote.RemoteWebDriver.execute(RemoteWebDriver.java:545)
	at io.appium.java_client.AppiumDriver.startSession(AppiumDriver.java:313)
	at org.openqa.selenium.remote.RemoteWebDriver.&lt;init&gt;(RemoteWebDriver.java:174)
	at io.appium.java_client.AppiumDriver.&lt;init&gt;(AppiumDriver.java:101)
	at io.appium.java_client.AppiumDriver.&lt;init&gt;(AppiumDriver.java:113)
	at io.appium.java_client.android.AndroidDriver.&lt;init&gt;(AndroidDriver.java:109)
	at Pays.posfinaltesting.BaseTest.ConfigureAppium(BaseTest.java:54)
	at java.base/java.util.ArrayList.forEach(ArrayList.java:1596)
... Removed 23 stack frames</div></td></tr></table><p class="totop"><a href="#summary">back to summary</a></p>
<h3 id="m6">Pays.posfinaltesting.LoginPasscodeTest#Passcode</h3><table class="result"><tr><th>Exception</th></tr><tr><td><div class="stacktrace">org.openqa.selenium.SessionNotCreatedException: Could not start a new session. Response code 500. Message: An unknown server-side error occurred while processing the command. Original error: Error getting device API level. Original error: Error executing adbExec. Original error: &apos;Command &apos;C:\\Users\\prati\\AppData\\Local\\Android\\Sdk\\platform-tools\\adb.exe -P 5037 -s 2290080791 shell getprop ro.build.version.sdk&apos; exited with code 255&apos;; Command output: &lt;empty&gt; 
Host info: host: &apos;PRATIK&apos;, ip: &apos;192.168.0.234&apos;
Build info: version: &apos;4.29.0&apos;, revision: &apos;5fc1ec94cb&apos;
System info: os.name: &apos;Windows 11&apos;, os.arch: &apos;amd64&apos;, os.version: &apos;10.0&apos;, java.version: &apos;21.0.6&apos;
Driver info: io.appium.java_client.android.AndroidDriver
Command: [null, newSession {capabilities=[Capabilities {appium:app: E:\EclipseWorkspace\posfina..., appium:appActivity: com.pays.pos.ui.activities...., appium:appPackage: com.pays.pos, appium:autoGrantPermissions: true, appium:automationName: UIAutomator2, appium:deviceName: LANDI C20pro, appium:newCommandTimeout: 10000, platformName: ANDROID}]}]
Capabilities {appium:app: E:\EclipseWorkspace\posfina..., appium:appActivity: com.pays.pos.ui.activities...., appium:appPackage: com.pays.pos, appium:autoGrantPermissions: true, appium:automationName: UIAutomator2, appium:deviceName: LANDI C20pro, appium:newCommandTimeout: 10000, platformName: ANDROID}
	at org.openqa.selenium.remote.ProtocolHandshake.createSession(ProtocolHandshake.java:114)
	at org.openqa.selenium.remote.ProtocolHandshake.createSession(ProtocolHandshake.java:75)
	at org.openqa.selenium.remote.ProtocolHandshake.createSession(ProtocolHandshake.java:61)
	at io.appium.java_client.remote.AppiumCommandExecutor.createSession(AppiumCommandExecutor.java:178)
	at io.appium.java_client.remote.AppiumCommandExecutor.execute(AppiumCommandExecutor.java:243)
	at org.openqa.selenium.remote.RemoteWebDriver.execute(RemoteWebDriver.java:545)
	at io.appium.java_client.AppiumDriver.startSession(AppiumDriver.java:313)
	at org.openqa.selenium.remote.RemoteWebDriver.&lt;init&gt;(RemoteWebDriver.java:174)
	at io.appium.java_client.AppiumDriver.&lt;init&gt;(AppiumDriver.java:101)
	at io.appium.java_client.AppiumDriver.&lt;init&gt;(AppiumDriver.java:113)
	at io.appium.java_client.android.AndroidDriver.&lt;init&gt;(AndroidDriver.java:109)
	at Pays.posfinaltesting.BaseTest.ConfigureAppium(BaseTest.java:54)
	at java.base/java.util.ArrayList.forEach(ArrayList.java:1596)
... Removed 23 stack frames</div></td></tr></table><p class="totop"><a href="#summary">back to summary</a></p>
<h2>TakeOut_Card_Refund</h2><h3 id="m7">Pays.posfinaltesting.TakeOutTest#ConfigureAppium</h3><table class="result"><tr><th>Exception</th></tr><tr><td><div class="stacktrace">org.openqa.selenium.SessionNotCreatedException: Could not start a new session. Response code 500. Message: An unknown server-side error occurred while processing the command. Original error: Error getting device API level. Original error: Error executing adbExec. Original error: &apos;Command &apos;C:\\Users\\prati\\AppData\\Local\\Android\\Sdk\\platform-tools\\adb.exe -P 5037 -s 2290080791 shell getprop ro.build.version.sdk&apos; exited with code 255&apos;; Command output: &lt;empty&gt; 
Host info: host: &apos;PRATIK&apos;, ip: &apos;192.168.0.234&apos;
Build info: version: &apos;4.29.0&apos;, revision: &apos;5fc1ec94cb&apos;
System info: os.name: &apos;Windows 11&apos;, os.arch: &apos;amd64&apos;, os.version: &apos;10.0&apos;, java.version: &apos;21.0.6&apos;
Driver info: io.appium.java_client.android.AndroidDriver
Command: [null, newSession {capabilities=[Capabilities {appium:app: E:\EclipseWorkspace\posfina..., appium:appActivity: com.pays.pos.ui.activities...., appium:appPackage: com.pays.pos, appium:autoGrantPermissions: true, appium:automationName: UIAutomator2, appium:deviceName: LANDI C20pro, appium:newCommandTimeout: 10000, platformName: ANDROID}]}]
Capabilities {appium:app: E:\EclipseWorkspace\posfina..., appium:appActivity: com.pays.pos.ui.activities...., appium:appPackage: com.pays.pos, appium:autoGrantPermissions: true, appium:automationName: UIAutomator2, appium:deviceName: LANDI C20pro, appium:newCommandTimeout: 10000, platformName: ANDROID}
	at org.openqa.selenium.remote.ProtocolHandshake.createSession(ProtocolHandshake.java:114)
	at org.openqa.selenium.remote.ProtocolHandshake.createSession(ProtocolHandshake.java:75)
	at org.openqa.selenium.remote.ProtocolHandshake.createSession(ProtocolHandshake.java:61)
	at io.appium.java_client.remote.AppiumCommandExecutor.createSession(AppiumCommandExecutor.java:178)
	at io.appium.java_client.remote.AppiumCommandExecutor.execute(AppiumCommandExecutor.java:243)
	at org.openqa.selenium.remote.RemoteWebDriver.execute(RemoteWebDriver.java:545)
	at io.appium.java_client.AppiumDriver.startSession(AppiumDriver.java:313)
	at org.openqa.selenium.remote.RemoteWebDriver.&lt;init&gt;(RemoteWebDriver.java:174)
	at io.appium.java_client.AppiumDriver.&lt;init&gt;(AppiumDriver.java:101)
	at io.appium.java_client.AppiumDriver.&lt;init&gt;(AppiumDriver.java:113)
	at io.appium.java_client.android.AndroidDriver.&lt;init&gt;(AndroidDriver.java:109)
	at Pays.posfinaltesting.BaseTest.ConfigureAppium(BaseTest.java:54)
	at java.base/java.util.ArrayList.forEach(ArrayList.java:1596)
... Removed 23 stack frames</div></td></tr></table><p class="totop"><a href="#summary">back to summary</a></p>
<h3 id="m8">Pays.posfinaltesting.TakeOutTest#Login</h3><table class="result"><tr><th class="invisible"/></tr></table><p class="totop"><a href="#summary">back to summary</a></p>
<h3 id="m9">Pays.posfinaltesting.TakeOutTest#tearDown</h3><table class="result"><tr><th class="invisible"/></tr></table><p class="totop"><a href="#summary">back to summary</a></p>
<h3 id="m10">Pays.posfinaltesting.TakeOutTest#TakeOut_AddCustomer</h3><table class="result"><tr><th>Exception</th></tr><tr><td><div class="stacktrace">java.lang.Throwable: Method Pays.posfinaltesting.TakeOutTest.TakeOut_AddCustomer() on instance Pays.posfinaltesting.TakeOutTest@101639ae depends on not successfully finished methods 
[Pays.posfinaltesting.TakeOutTest.TakeOut_ChangeOrderType() on instance Pays.posfinaltesting.TakeOutTest@101639ae]
	at java.base/java.util.ArrayList.forEach(ArrayList.java:1596)
... Removed 18 stack frames</div></td></tr></table><p class="totop"><a href="#summary">back to summary</a></p>
<h3 id="m11">Pays.posfinaltesting.TakeOutTest#TakeOut_AddDiscount</h3><table class="result"><tr><th>Exception</th></tr><tr><td><div class="stacktrace">java.lang.Throwable: Method Pays.posfinaltesting.TakeOutTest.TakeOut_AddDiscount() on instance Pays.posfinaltesting.TakeOutTest@101639ae depends on not successfully finished methods 
[Pays.posfinaltesting.TakeOutTest.TakeOut_AddOrderNote() on instance Pays.posfinaltesting.TakeOutTest@101639ae]
	at java.base/java.util.ArrayList.forEach(ArrayList.java:1596)
... Removed 18 stack frames</div></td></tr></table><p class="totop"><a href="#summary">back to summary</a></p>
<h3 id="m12">Pays.posfinaltesting.TakeOutTest#TakeOut_AddManualItems</h3><table class="result"><tr><th>Exception</th></tr><tr><td><div class="stacktrace">java.lang.Throwable: Method Pays.posfinaltesting.TakeOutTest.TakeOut_AddManualItems() on instance Pays.posfinaltesting.TakeOutTest@101639ae depends on not successfully finished methods 
[Pays.posfinaltesting.TakeOutTest.TakeOut_ItemSelection() on instance Pays.posfinaltesting.TakeOutTest@101639ae]
	at java.base/java.util.ArrayList.forEach(ArrayList.java:1596)
... Removed 18 stack frames</div></td></tr></table><p class="totop"><a href="#summary">back to summary</a></p>
<h3 id="m13">Pays.posfinaltesting.TakeOutTest#TakeOut_AddOrderNote</h3><table class="result"><tr><th>Exception</th></tr><tr><td><div class="stacktrace">java.lang.Throwable: Method Pays.posfinaltesting.TakeOutTest.TakeOut_AddOrderNote() on instance Pays.posfinaltesting.TakeOutTest@101639ae depends on not successfully finished methods 
[Pays.posfinaltesting.TakeOutTest.Takeout_UpdateOrder() on instance Pays.posfinaltesting.TakeOutTest@101639ae]
	at java.base/java.util.ArrayList.forEach(ArrayList.java:1596)
... Removed 18 stack frames</div></td></tr></table><p class="totop"><a href="#summary">back to summary</a></p>
<h3 id="m14">Pays.posfinaltesting.TakeOutTest#TakeOut_AddTip</h3><table class="result"><tr><th>Exception</th></tr><tr><td><div class="stacktrace">java.lang.Throwable: Method Pays.posfinaltesting.TakeOutTest.TakeOut_AddTip() on instance Pays.posfinaltesting.TakeOutTest@101639ae depends on not successfully finished methods 
[Pays.posfinaltesting.TakeOutTest.TakeOut_Transaction() on instance Pays.posfinaltesting.TakeOutTest@101639ae]
	at java.base/java.util.ArrayList.forEach(ArrayList.java:1596)
... Removed 18 stack frames</div></td></tr></table><p class="totop"><a href="#summary">back to summary</a></p>
<h3 id="m15">Pays.posfinaltesting.TakeOutTest#TakeOut_AppliedLoyaltyPoint</h3><table class="result"><tr><th>Exception</th></tr><tr><td><div class="stacktrace">java.lang.Throwable: Method Pays.posfinaltesting.TakeOutTest.TakeOut_AppliedLoyaltyPoint() on instance Pays.posfinaltesting.TakeOutTest@101639ae depends on not successfully finished methods 
[Pays.posfinaltesting.TakeOutTest.TakeOut_AddCustomer() on instance Pays.posfinaltesting.TakeOutTest@101639ae]
	at java.base/java.util.ArrayList.forEach(ArrayList.java:1596)
... Removed 18 stack frames</div></td></tr></table><p class="totop"><a href="#summary">back to summary</a></p>
<h3 id="m16">Pays.posfinaltesting.TakeOutTest#TakeOut_Card_FinalWayPayment</h3><table class="result"><tr><th>Exception</th></tr><tr><td><div class="stacktrace">java.lang.Throwable: Method Pays.posfinaltesting.TakeOutTest.TakeOut_Card_FinalWayPayment() on instance Pays.posfinaltesting.TakeOutTest@101639ae depends on not successfully finished methods 
[Pays.posfinaltesting.TakeOutTest.TakeOut_AddTip() on instance Pays.posfinaltesting.TakeOutTest@101639ae]
	at java.base/java.util.ArrayList.forEach(ArrayList.java:1596)
... Removed 18 stack frames</div></td></tr></table><p class="totop"><a href="#summary">back to summary</a></p>
<h3 id="m17">Pays.posfinaltesting.TakeOutTest#TakeOut_Card_Refund_PrintReceipt</h3><table class="result"><tr><th>Exception</th></tr><tr><td><div class="stacktrace">java.lang.Throwable: Method Pays.posfinaltesting.TakeOutTest.TakeOut_Card_Refund_PrintReceipt() on instance Pays.posfinaltesting.TakeOutTest@101639ae depends on not successfully finished methods 
[Pays.posfinaltesting.TakeOutTest.TakeOut_Card_Refund_SelectRefund() on instance Pays.posfinaltesting.TakeOutTest@101639ae]
	at java.base/java.util.ArrayList.forEach(ArrayList.java:1596)
... Removed 18 stack frames</div></td></tr></table><p class="totop"><a href="#summary">back to summary</a></p>
<h3 id="m18">Pays.posfinaltesting.TakeOutTest#TakeOut_Card_Refund_SelectRefund</h3><table class="result"><tr><th>Exception</th></tr><tr><td><div class="stacktrace">java.lang.Throwable: Method Pays.posfinaltesting.TakeOutTest.TakeOut_Card_Refund_SelectRefund() on instance Pays.posfinaltesting.TakeOutTest@101639ae depends on not successfully finished methods 
[Pays.posfinaltesting.TakeOutTest.TakeOut_Card_FinalWayPayment() on instance Pays.posfinaltesting.TakeOutTest@101639ae]
	at java.base/java.util.ArrayList.forEach(ArrayList.java:1596)
... Removed 18 stack frames</div></td></tr></table><p class="totop"><a href="#summary">back to summary</a></p>
<h3 id="m19">Pays.posfinaltesting.TakeOutTest#TakeOut_ChangeOrderType</h3><table class="result"><tr><th>Exception</th></tr><tr><td><div class="stacktrace">java.lang.Throwable: Method Pays.posfinaltesting.TakeOutTest.TakeOut_ChangeOrderType() on instance Pays.posfinaltesting.TakeOutTest@101639ae depends on not successfully finished methods 
[Pays.posfinaltesting.TakeOutTest.TakeOut_AddOrderNote() on instance Pays.posfinaltesting.TakeOutTest@101639ae]
	at java.base/java.util.ArrayList.forEach(ArrayList.java:1596)
... Removed 18 stack frames</div></td></tr></table><p class="totop"><a href="#summary">back to summary</a></p>
<h3 id="m20">Pays.posfinaltesting.TakeOutTest#TakeOut_CheckOrderType</h3><table class="result"><tr><th>Exception</th></tr><tr><td><div class="stacktrace">java.lang.Throwable: Method Pays.posfinaltesting.TakeOutTest.TakeOut_CheckOrderType() on instance Pays.posfinaltesting.TakeOutTest@101639ae depends on not successfully finished methods 
[Pays.posfinaltesting.TakeOutTest.TakeOut_SaveOrder() on instance Pays.posfinaltesting.TakeOutTest@101639ae]
	at java.base/java.util.ArrayList.forEach(ArrayList.java:1596)
... Removed 18 stack frames</div></td></tr></table><p class="totop"><a href="#summary">back to summary</a></p>
<h3 id="m21">Pays.posfinaltesting.TakeOutTest#TakeOut_ItemSelection</h3><table class="result"><tr><th>Exception</th></tr><tr><td><div class="stacktrace">java.lang.Throwable: Method Pays.posfinaltesting.TakeOutTest.TakeOut_ItemSelection() on instance Pays.posfinaltesting.TakeOutTest@101639ae depends on not successfully finished methods 
[Pays.posfinaltesting.TakeOutTest.TakeOut_SelectTakeout() on instance Pays.posfinaltesting.TakeOutTest@101639ae]
	at java.base/java.util.ArrayList.forEach(ArrayList.java:1596)
... Removed 18 stack frames</div></td></tr></table><p class="totop"><a href="#summary">back to summary</a></p>
<h3 id="m22">Pays.posfinaltesting.TakeOutTest#TakeOut_RemoveItem</h3><table class="result"><tr><th>Exception</th></tr><tr><td><div class="stacktrace">java.lang.Throwable: Method Pays.posfinaltesting.TakeOutTest.TakeOut_RemoveItem() on instance Pays.posfinaltesting.TakeOutTest@101639ae depends on not successfully finished methods 
[Pays.posfinaltesting.TakeOutTest.TakeOut_UpdateItem() on instance Pays.posfinaltesting.TakeOutTest@101639ae]
	at java.base/java.util.ArrayList.forEach(ArrayList.java:1596)
... Removed 18 stack frames</div></td></tr></table><p class="totop"><a href="#summary">back to summary</a></p>
<h3 id="m23">Pays.posfinaltesting.TakeOutTest#TakeOut_SaveOrder</h3><table class="result"><tr><th>Exception</th></tr><tr><td><div class="stacktrace">java.lang.Throwable: Method Pays.posfinaltesting.TakeOutTest.TakeOut_SaveOrder() on instance Pays.posfinaltesting.TakeOutTest@101639ae depends on not successfully finished methods 
[Pays.posfinaltesting.TakeOutTest.TakeOut_UpdateItem() on instance Pays.posfinaltesting.TakeOutTest@101639ae]
	at java.base/java.util.ArrayList.forEach(ArrayList.java:1596)
... Removed 18 stack frames</div></td></tr></table><p class="totop"><a href="#summary">back to summary</a></p>
<h3 id="m24">Pays.posfinaltesting.TakeOutTest#TakeOut_SelectTakeout</h3><table class="result"><tr><th>Exception</th></tr><tr><td><div class="stacktrace">java.lang.Throwable: Method Pays.posfinaltesting.TakeOutTest.TakeOut_SelectTakeout() on instance Pays.posfinaltesting.TakeOutTest@101639ae depends on not successfully finished methods 
[Pays.posfinaltesting.TakeOutTest.TakeOut_Setup() on instance Pays.posfinaltesting.TakeOutTest@101639ae]
	at java.base/java.util.ArrayList.forEach(ArrayList.java:1596)
... Removed 18 stack frames</div></td></tr></table><p class="totop"><a href="#summary">back to summary</a></p>
<h3 id="m25">Pays.posfinaltesting.TakeOutTest#TakeOut_Setup</h3><table class="result"><tr><th>Exception</th></tr><tr><td><div class="stacktrace">org.openqa.selenium.SessionNotCreatedException: Could not start a new session. Response code 500. Message: An unknown server-side error occurred while processing the command. Original error: Error getting device API level. Original error: Error executing adbExec. Original error: &apos;Command &apos;C:\\Users\\prati\\AppData\\Local\\Android\\Sdk\\platform-tools\\adb.exe -P 5037 -s 2290080791 shell getprop ro.build.version.sdk&apos; exited with code 255&apos;; Command output: &lt;empty&gt; 
Host info: host: &apos;PRATIK&apos;, ip: &apos;192.168.0.234&apos;
Build info: version: &apos;4.29.0&apos;, revision: &apos;5fc1ec94cb&apos;
System info: os.name: &apos;Windows 11&apos;, os.arch: &apos;amd64&apos;, os.version: &apos;10.0&apos;, java.version: &apos;21.0.6&apos;
Driver info: io.appium.java_client.android.AndroidDriver
Command: [null, newSession {capabilities=[Capabilities {appium:app: E:\EclipseWorkspace\posfina..., appium:appActivity: com.pays.pos.ui.activities...., appium:appPackage: com.pays.pos, appium:autoGrantPermissions: true, appium:automationName: UIAutomator2, appium:deviceName: LANDI C20pro, appium:newCommandTimeout: 10000, platformName: ANDROID}]}]
Capabilities {appium:app: E:\EclipseWorkspace\posfina..., appium:appActivity: com.pays.pos.ui.activities...., appium:appPackage: com.pays.pos, appium:autoGrantPermissions: true, appium:automationName: UIAutomator2, appium:deviceName: LANDI C20pro, appium:newCommandTimeout: 10000, platformName: ANDROID}
	at org.openqa.selenium.remote.ProtocolHandshake.createSession(ProtocolHandshake.java:114)
	at org.openqa.selenium.remote.ProtocolHandshake.createSession(ProtocolHandshake.java:75)
	at org.openqa.selenium.remote.ProtocolHandshake.createSession(ProtocolHandshake.java:61)
	at io.appium.java_client.remote.AppiumCommandExecutor.createSession(AppiumCommandExecutor.java:178)
	at io.appium.java_client.remote.AppiumCommandExecutor.execute(AppiumCommandExecutor.java:243)
	at org.openqa.selenium.remote.RemoteWebDriver.execute(RemoteWebDriver.java:545)
	at io.appium.java_client.AppiumDriver.startSession(AppiumDriver.java:313)
	at org.openqa.selenium.remote.RemoteWebDriver.&lt;init&gt;(RemoteWebDriver.java:174)
	at io.appium.java_client.AppiumDriver.&lt;init&gt;(AppiumDriver.java:101)
	at io.appium.java_client.AppiumDriver.&lt;init&gt;(AppiumDriver.java:113)
	at io.appium.java_client.android.AndroidDriver.&lt;init&gt;(AndroidDriver.java:109)
	at Pays.posfinaltesting.BaseTest.ConfigureAppium(BaseTest.java:54)
	at java.base/java.util.ArrayList.forEach(ArrayList.java:1596)
... Removed 23 stack frames</div></td></tr></table><p class="totop"><a href="#summary">back to summary</a></p>
<h3 id="m26">Pays.posfinaltesting.TakeOutTest#TakeOut_Transaction</h3><table class="result"><tr><th>Exception</th></tr><tr><td><div class="stacktrace">java.lang.Throwable: Method Pays.posfinaltesting.TakeOutTest.TakeOut_Transaction() on instance Pays.posfinaltesting.TakeOutTest@101639ae depends on not successfully finished methods 
[Pays.posfinaltesting.TakeOutTest.TakeOut_AppliedLoyaltyPoint() on instance Pays.posfinaltesting.TakeOutTest@101639ae]
	at java.base/java.util.ArrayList.forEach(ArrayList.java:1596)
... Removed 18 stack frames</div></td></tr></table><p class="totop"><a href="#summary">back to summary</a></p>
<h3 id="m27">Pays.posfinaltesting.TakeOutTest#TakeOut_UpdateItem</h3><table class="result"><tr><th>Exception</th></tr><tr><td><div class="stacktrace">java.lang.Throwable: Method Pays.posfinaltesting.TakeOutTest.TakeOut_UpdateItem() on instance Pays.posfinaltesting.TakeOutTest@101639ae depends on not successfully finished methods 
[Pays.posfinaltesting.TakeOutTest.TakeOut_AddManualItems() on instance Pays.posfinaltesting.TakeOutTest@101639ae]
	at java.base/java.util.ArrayList.forEach(ArrayList.java:1596)
... Removed 18 stack frames</div></td></tr></table><p class="totop"><a href="#summary">back to summary</a></p>
<h3 id="m28">Pays.posfinaltesting.TakeOutTest#Takeout_UpdateOrder</h3><table class="result"><tr><th>Exception</th></tr><tr><td><div class="stacktrace">java.lang.Throwable: Method Pays.posfinaltesting.TakeOutTest.Takeout_UpdateOrder() on instance Pays.posfinaltesting.TakeOutTest@101639ae depends on not successfully finished methods 
[Pays.posfinaltesting.TakeOutTest.TakeOut_CheckOrderType() on instance Pays.posfinaltesting.TakeOutTest@101639ae]
	at java.base/java.util.ArrayList.forEach(ArrayList.java:1596)
... Removed 18 stack frames</div></td></tr></table><p class="totop"><a href="#summary">back to summary</a></p>
<h2>TakeOut_Cash_ItemWiseRefund</h2><h3 id="m29">Pays.posfinaltesting.TakeOutTest#ConfigureAppium</h3><table class="result"><tr><th>Exception</th></tr><tr><td><div class="stacktrace">org.openqa.selenium.SessionNotCreatedException: Could not start a new session. Response code 500. Message: An unknown server-side error occurred while processing the command. Original error: Error getting device API level. Original error: Error executing adbExec. Original error: &apos;Command &apos;C:\\Users\\prati\\AppData\\Local\\Android\\Sdk\\platform-tools\\adb.exe -P 5037 -s 2290080791 shell getprop ro.build.version.sdk&apos; exited with code 255&apos;; Command output: &lt;empty&gt; 
Host info: host: &apos;PRATIK&apos;, ip: &apos;192.168.0.234&apos;
Build info: version: &apos;4.29.0&apos;, revision: &apos;5fc1ec94cb&apos;
System info: os.name: &apos;Windows 11&apos;, os.arch: &apos;amd64&apos;, os.version: &apos;10.0&apos;, java.version: &apos;21.0.6&apos;
Driver info: io.appium.java_client.android.AndroidDriver
Command: [null, newSession {capabilities=[Capabilities {appium:app: E:\EclipseWorkspace\posfina..., appium:appActivity: com.pays.pos.ui.activities...., appium:appPackage: com.pays.pos, appium:autoGrantPermissions: true, appium:automationName: UIAutomator2, appium:deviceName: LANDI C20pro, appium:newCommandTimeout: 10000, platformName: ANDROID}]}]
Capabilities {appium:app: E:\EclipseWorkspace\posfina..., appium:appActivity: com.pays.pos.ui.activities...., appium:appPackage: com.pays.pos, appium:autoGrantPermissions: true, appium:automationName: UIAutomator2, appium:deviceName: LANDI C20pro, appium:newCommandTimeout: 10000, platformName: ANDROID}
	at org.openqa.selenium.remote.ProtocolHandshake.createSession(ProtocolHandshake.java:114)
	at org.openqa.selenium.remote.ProtocolHandshake.createSession(ProtocolHandshake.java:75)
	at org.openqa.selenium.remote.ProtocolHandshake.createSession(ProtocolHandshake.java:61)
	at io.appium.java_client.remote.AppiumCommandExecutor.createSession(AppiumCommandExecutor.java:178)
	at io.appium.java_client.remote.AppiumCommandExecutor.execute(AppiumCommandExecutor.java:243)
	at org.openqa.selenium.remote.RemoteWebDriver.execute(RemoteWebDriver.java:545)
	at io.appium.java_client.AppiumDriver.startSession(AppiumDriver.java:313)
	at org.openqa.selenium.remote.RemoteWebDriver.&lt;init&gt;(RemoteWebDriver.java:174)
	at io.appium.java_client.AppiumDriver.&lt;init&gt;(AppiumDriver.java:101)
	at io.appium.java_client.AppiumDriver.&lt;init&gt;(AppiumDriver.java:113)
	at io.appium.java_client.android.AndroidDriver.&lt;init&gt;(AndroidDriver.java:109)
	at Pays.posfinaltesting.BaseTest.ConfigureAppium(BaseTest.java:54)
	at java.base/java.util.ArrayList.forEach(ArrayList.java:1596)
... Removed 23 stack frames</div></td></tr></table><p class="totop"><a href="#summary">back to summary</a></p>
<h3 id="m30">Pays.posfinaltesting.TakeOutTest#Login</h3><table class="result"><tr><th class="invisible"/></tr></table><p class="totop"><a href="#summary">back to summary</a></p>
<h3 id="m31">Pays.posfinaltesting.TakeOutTest#tearDown</h3><table class="result"><tr><th class="invisible"/></tr></table><p class="totop"><a href="#summary">back to summary</a></p>
<h3 id="m32">Pays.posfinaltesting.TakeOutTest#TakeOut_AddCustomer</h3><table class="result"><tr><th>Exception</th></tr><tr><td><div class="stacktrace">java.lang.Throwable: Method Pays.posfinaltesting.TakeOutTest.TakeOut_AddCustomer() on instance Pays.posfinaltesting.TakeOutTest@3d97a632 depends on not successfully finished methods 
[Pays.posfinaltesting.TakeOutTest.TakeOut_ChangeOrderType() on instance Pays.posfinaltesting.TakeOutTest@3d97a632]
	at java.base/java.util.ArrayList.forEach(ArrayList.java:1596)
... Removed 18 stack frames</div></td></tr></table><p class="totop"><a href="#summary">back to summary</a></p>
<h3 id="m33">Pays.posfinaltesting.TakeOutTest#TakeOut_AddDiscount</h3><table class="result"><tr><th>Exception</th></tr><tr><td><div class="stacktrace">java.lang.Throwable: Method Pays.posfinaltesting.TakeOutTest.TakeOut_AddDiscount() on instance Pays.posfinaltesting.TakeOutTest@3d97a632 depends on not successfully finished methods 
[Pays.posfinaltesting.TakeOutTest.TakeOut_AddOrderNote() on instance Pays.posfinaltesting.TakeOutTest@3d97a632]
	at java.base/java.util.ArrayList.forEach(ArrayList.java:1596)
... Removed 18 stack frames</div></td></tr></table><p class="totop"><a href="#summary">back to summary</a></p>
<h3 id="m34">Pays.posfinaltesting.TakeOutTest#TakeOut_AddManualItems</h3><table class="result"><tr><th>Exception</th></tr><tr><td><div class="stacktrace">java.lang.Throwable: Method Pays.posfinaltesting.TakeOutTest.TakeOut_AddManualItems() on instance Pays.posfinaltesting.TakeOutTest@3d97a632 depends on not successfully finished methods 
[Pays.posfinaltesting.TakeOutTest.TakeOut_ItemSelection() on instance Pays.posfinaltesting.TakeOutTest@3d97a632]
	at java.base/java.util.ArrayList.forEach(ArrayList.java:1596)
... Removed 18 stack frames</div></td></tr></table><p class="totop"><a href="#summary">back to summary</a></p>
<h3 id="m35">Pays.posfinaltesting.TakeOutTest#TakeOut_AddOrderNote</h3><table class="result"><tr><th>Exception</th></tr><tr><td><div class="stacktrace">java.lang.Throwable: Method Pays.posfinaltesting.TakeOutTest.TakeOut_AddOrderNote() on instance Pays.posfinaltesting.TakeOutTest@3d97a632 depends on not successfully finished methods 
[Pays.posfinaltesting.TakeOutTest.Takeout_UpdateOrder() on instance Pays.posfinaltesting.TakeOutTest@3d97a632]
	at java.base/java.util.ArrayList.forEach(ArrayList.java:1596)
... Removed 18 stack frames</div></td></tr></table><p class="totop"><a href="#summary">back to summary</a></p>
<h3 id="m36">Pays.posfinaltesting.TakeOutTest#TakeOut_AddTip</h3><table class="result"><tr><th>Exception</th></tr><tr><td><div class="stacktrace">java.lang.Throwable: Method Pays.posfinaltesting.TakeOutTest.TakeOut_AddTip() on instance Pays.posfinaltesting.TakeOutTest@3d97a632 depends on not successfully finished methods 
[Pays.posfinaltesting.TakeOutTest.TakeOut_Transaction() on instance Pays.posfinaltesting.TakeOutTest@3d97a632]
	at java.base/java.util.ArrayList.forEach(ArrayList.java:1596)
... Removed 18 stack frames</div></td></tr></table><p class="totop"><a href="#summary">back to summary</a></p>
<h3 id="m37">Pays.posfinaltesting.TakeOutTest#TakeOut_AppliedLoyaltyPoint</h3><table class="result"><tr><th>Exception</th></tr><tr><td><div class="stacktrace">java.lang.Throwable: Method Pays.posfinaltesting.TakeOutTest.TakeOut_AppliedLoyaltyPoint() on instance Pays.posfinaltesting.TakeOutTest@3d97a632 depends on not successfully finished methods 
[Pays.posfinaltesting.TakeOutTest.TakeOut_AddCustomer() on instance Pays.posfinaltesting.TakeOutTest@3d97a632]
	at java.base/java.util.ArrayList.forEach(ArrayList.java:1596)
... Removed 18 stack frames</div></td></tr></table><p class="totop"><a href="#summary">back to summary</a></p>
<h3 id="m38">Pays.posfinaltesting.TakeOutTest#TakeOut_Cash_RefundItemWise_CheckCashLog</h3><table class="result"><tr><th>Exception</th></tr><tr><td><div class="stacktrace">java.lang.Throwable: Method Pays.posfinaltesting.TakeOutTest.TakeOut_Cash_RefundItemWise_CheckCashLog() on instance Pays.posfinaltesting.TakeOutTest@3d97a632 depends on not successfully finished methods 
[Pays.posfinaltesting.TakeOutTest.TakeOut_Cash_RefundItemWise_PrintReceipt() on instance Pays.posfinaltesting.TakeOutTest@3d97a632]
	at java.base/java.util.ArrayList.forEach(ArrayList.java:1596)
... Removed 18 stack frames</div></td></tr></table><p class="totop"><a href="#summary">back to summary</a></p>
<h3 id="m39">Pays.posfinaltesting.TakeOutTest#TakeOut_Cash_RefundItemWise_Payment</h3><table class="result"><tr><th>Exception</th></tr><tr><td><div class="stacktrace">java.lang.Throwable: Method Pays.posfinaltesting.TakeOutTest.TakeOut_Cash_RefundItemWise_Payment() on instance Pays.posfinaltesting.TakeOutTest@3d97a632 depends on not successfully finished methods 
[Pays.posfinaltesting.TakeOutTest.TakeOut_AddTip() on instance Pays.posfinaltesting.TakeOutTest@3d97a632]
	at java.base/java.util.ArrayList.forEach(ArrayList.java:1596)
... Removed 18 stack frames</div></td></tr></table><p class="totop"><a href="#summary">back to summary</a></p>
<h3 id="m40">Pays.posfinaltesting.TakeOutTest#TakeOut_Cash_RefundItemWise_PrintReceipt</h3><table class="result"><tr><th>Exception</th></tr><tr><td><div class="stacktrace">java.lang.Throwable: Method Pays.posfinaltesting.TakeOutTest.TakeOut_Cash_RefundItemWise_PrintReceipt() on instance Pays.posfinaltesting.TakeOutTest@3d97a632 depends on not successfully finished methods 
[Pays.posfinaltesting.TakeOutTest.TakeOut_Cash_RefundItemWise_SelectRefund() on instance Pays.posfinaltesting.TakeOutTest@3d97a632]
	at java.base/java.util.ArrayList.forEach(ArrayList.java:1596)
... Removed 18 stack frames</div></td></tr></table><p class="totop"><a href="#summary">back to summary</a></p>
<h3 id="m41">Pays.posfinaltesting.TakeOutTest#TakeOut_Cash_RefundItemWise_SelectRefund</h3><table class="result"><tr><th>Exception</th></tr><tr><td><div class="stacktrace">java.lang.Throwable: Method Pays.posfinaltesting.TakeOutTest.TakeOut_Cash_RefundItemWise_SelectRefund() on instance Pays.posfinaltesting.TakeOutTest@3d97a632 depends on not successfully finished methods 
[Pays.posfinaltesting.TakeOutTest.TakeOut_Cash_RefundItemWise_Payment() on instance Pays.posfinaltesting.TakeOutTest@3d97a632]
	at java.base/java.util.ArrayList.forEach(ArrayList.java:1596)
... Removed 18 stack frames</div></td></tr></table><p class="totop"><a href="#summary">back to summary</a></p>
<h3 id="m42">Pays.posfinaltesting.TakeOutTest#TakeOut_ChangeOrderType</h3><table class="result"><tr><th>Exception</th></tr><tr><td><div class="stacktrace">java.lang.Throwable: Method Pays.posfinaltesting.TakeOutTest.TakeOut_ChangeOrderType() on instance Pays.posfinaltesting.TakeOutTest@3d97a632 depends on not successfully finished methods 
[Pays.posfinaltesting.TakeOutTest.TakeOut_AddOrderNote() on instance Pays.posfinaltesting.TakeOutTest@3d97a632]
	at java.base/java.util.ArrayList.forEach(ArrayList.java:1596)
... Removed 18 stack frames</div></td></tr></table><p class="totop"><a href="#summary">back to summary</a></p>
<h3 id="m43">Pays.posfinaltesting.TakeOutTest#TakeOut_CheckOrderType</h3><table class="result"><tr><th>Exception</th></tr><tr><td><div class="stacktrace">java.lang.Throwable: Method Pays.posfinaltesting.TakeOutTest.TakeOut_CheckOrderType() on instance Pays.posfinaltesting.TakeOutTest@3d97a632 depends on not successfully finished methods 
[Pays.posfinaltesting.TakeOutTest.TakeOut_SaveOrder() on instance Pays.posfinaltesting.TakeOutTest@3d97a632]
	at java.base/java.util.ArrayList.forEach(ArrayList.java:1596)
... Removed 18 stack frames</div></td></tr></table><p class="totop"><a href="#summary">back to summary</a></p>
<h3 id="m44">Pays.posfinaltesting.TakeOutTest#TakeOut_ItemSelection</h3><table class="result"><tr><th>Exception</th></tr><tr><td><div class="stacktrace">java.lang.Throwable: Method Pays.posfinaltesting.TakeOutTest.TakeOut_ItemSelection() on instance Pays.posfinaltesting.TakeOutTest@3d97a632 depends on not successfully finished methods 
[Pays.posfinaltesting.TakeOutTest.TakeOut_SelectTakeout() on instance Pays.posfinaltesting.TakeOutTest@3d97a632]
	at java.base/java.util.ArrayList.forEach(ArrayList.java:1596)
... Removed 18 stack frames</div></td></tr></table><p class="totop"><a href="#summary">back to summary</a></p>
<h3 id="m45">Pays.posfinaltesting.TakeOutTest#TakeOut_RemoveItem</h3><table class="result"><tr><th>Exception</th></tr><tr><td><div class="stacktrace">java.lang.Throwable: Method Pays.posfinaltesting.TakeOutTest.TakeOut_RemoveItem() on instance Pays.posfinaltesting.TakeOutTest@3d97a632 depends on not successfully finished methods 
[Pays.posfinaltesting.TakeOutTest.TakeOut_UpdateItem() on instance Pays.posfinaltesting.TakeOutTest@3d97a632]
	at java.base/java.util.ArrayList.forEach(ArrayList.java:1596)
... Removed 18 stack frames</div></td></tr></table><p class="totop"><a href="#summary">back to summary</a></p>
<h3 id="m46">Pays.posfinaltesting.TakeOutTest#TakeOut_SaveOrder</h3><table class="result"><tr><th>Exception</th></tr><tr><td><div class="stacktrace">java.lang.Throwable: Method Pays.posfinaltesting.TakeOutTest.TakeOut_SaveOrder() on instance Pays.posfinaltesting.TakeOutTest@3d97a632 depends on not successfully finished methods 
[Pays.posfinaltesting.TakeOutTest.TakeOut_UpdateItem() on instance Pays.posfinaltesting.TakeOutTest@3d97a632]
	at java.base/java.util.ArrayList.forEach(ArrayList.java:1596)
... Removed 18 stack frames</div></td></tr></table><p class="totop"><a href="#summary">back to summary</a></p>
<h3 id="m47">Pays.posfinaltesting.TakeOutTest#TakeOut_SelectTakeout</h3><table class="result"><tr><th>Exception</th></tr><tr><td><div class="stacktrace">java.lang.Throwable: Method Pays.posfinaltesting.TakeOutTest.TakeOut_SelectTakeout() on instance Pays.posfinaltesting.TakeOutTest@3d97a632 depends on not successfully finished methods 
[Pays.posfinaltesting.TakeOutTest.TakeOut_Setup() on instance Pays.posfinaltesting.TakeOutTest@3d97a632]
	at java.base/java.util.ArrayList.forEach(ArrayList.java:1596)
... Removed 18 stack frames</div></td></tr></table><p class="totop"><a href="#summary">back to summary</a></p>
<h3 id="m48">Pays.posfinaltesting.TakeOutTest#TakeOut_Setup</h3><table class="result"><tr><th>Exception</th></tr><tr><td><div class="stacktrace">org.openqa.selenium.SessionNotCreatedException: Could not start a new session. Response code 500. Message: An unknown server-side error occurred while processing the command. Original error: Error getting device API level. Original error: Error executing adbExec. Original error: &apos;Command &apos;C:\\Users\\prati\\AppData\\Local\\Android\\Sdk\\platform-tools\\adb.exe -P 5037 -s 2290080791 shell getprop ro.build.version.sdk&apos; exited with code 255&apos;; Command output: &lt;empty&gt; 
Host info: host: &apos;PRATIK&apos;, ip: &apos;192.168.0.234&apos;
Build info: version: &apos;4.29.0&apos;, revision: &apos;5fc1ec94cb&apos;
System info: os.name: &apos;Windows 11&apos;, os.arch: &apos;amd64&apos;, os.version: &apos;10.0&apos;, java.version: &apos;21.0.6&apos;
Driver info: io.appium.java_client.android.AndroidDriver
Command: [null, newSession {capabilities=[Capabilities {appium:app: E:\EclipseWorkspace\posfina..., appium:appActivity: com.pays.pos.ui.activities...., appium:appPackage: com.pays.pos, appium:autoGrantPermissions: true, appium:automationName: UIAutomator2, appium:deviceName: LANDI C20pro, appium:newCommandTimeout: 10000, platformName: ANDROID}]}]
Capabilities {appium:app: E:\EclipseWorkspace\posfina..., appium:appActivity: com.pays.pos.ui.activities...., appium:appPackage: com.pays.pos, appium:autoGrantPermissions: true, appium:automationName: UIAutomator2, appium:deviceName: LANDI C20pro, appium:newCommandTimeout: 10000, platformName: ANDROID}
	at org.openqa.selenium.remote.ProtocolHandshake.createSession(ProtocolHandshake.java:114)
	at org.openqa.selenium.remote.ProtocolHandshake.createSession(ProtocolHandshake.java:75)
	at org.openqa.selenium.remote.ProtocolHandshake.createSession(ProtocolHandshake.java:61)
	at io.appium.java_client.remote.AppiumCommandExecutor.createSession(AppiumCommandExecutor.java:178)
	at io.appium.java_client.remote.AppiumCommandExecutor.execute(AppiumCommandExecutor.java:243)
	at org.openqa.selenium.remote.RemoteWebDriver.execute(RemoteWebDriver.java:545)
	at io.appium.java_client.AppiumDriver.startSession(AppiumDriver.java:313)
	at org.openqa.selenium.remote.RemoteWebDriver.&lt;init&gt;(RemoteWebDriver.java:174)
	at io.appium.java_client.AppiumDriver.&lt;init&gt;(AppiumDriver.java:101)
	at io.appium.java_client.AppiumDriver.&lt;init&gt;(AppiumDriver.java:113)
	at io.appium.java_client.android.AndroidDriver.&lt;init&gt;(AndroidDriver.java:109)
	at Pays.posfinaltesting.BaseTest.ConfigureAppium(BaseTest.java:54)
	at java.base/java.util.ArrayList.forEach(ArrayList.java:1596)
... Removed 23 stack frames</div></td></tr></table><p class="totop"><a href="#summary">back to summary</a></p>
<h3 id="m49">Pays.posfinaltesting.TakeOutTest#TakeOut_Transaction</h3><table class="result"><tr><th>Exception</th></tr><tr><td><div class="stacktrace">java.lang.Throwable: Method Pays.posfinaltesting.TakeOutTest.TakeOut_Transaction() on instance Pays.posfinaltesting.TakeOutTest@3d97a632 depends on not successfully finished methods 
[Pays.posfinaltesting.TakeOutTest.TakeOut_AppliedLoyaltyPoint() on instance Pays.posfinaltesting.TakeOutTest@3d97a632]
	at java.base/java.util.ArrayList.forEach(ArrayList.java:1596)
... Removed 18 stack frames</div></td></tr></table><p class="totop"><a href="#summary">back to summary</a></p>
<h3 id="m50">Pays.posfinaltesting.TakeOutTest#TakeOut_UpdateItem</h3><table class="result"><tr><th>Exception</th></tr><tr><td><div class="stacktrace">java.lang.Throwable: Method Pays.posfinaltesting.TakeOutTest.TakeOut_UpdateItem() on instance Pays.posfinaltesting.TakeOutTest@3d97a632 depends on not successfully finished methods 
[Pays.posfinaltesting.TakeOutTest.TakeOut_AddManualItems() on instance Pays.posfinaltesting.TakeOutTest@3d97a632]
	at java.base/java.util.ArrayList.forEach(ArrayList.java:1596)
... Removed 18 stack frames</div></td></tr></table><p class="totop"><a href="#summary">back to summary</a></p>
<h3 id="m51">Pays.posfinaltesting.TakeOutTest#Takeout_UpdateOrder</h3><table class="result"><tr><th>Exception</th></tr><tr><td><div class="stacktrace">java.lang.Throwable: Method Pays.posfinaltesting.TakeOutTest.Takeout_UpdateOrder() on instance Pays.posfinaltesting.TakeOutTest@3d97a632 depends on not successfully finished methods 
[Pays.posfinaltesting.TakeOutTest.TakeOut_CheckOrderType() on instance Pays.posfinaltesting.TakeOutTest@3d97a632]
	at java.base/java.util.ArrayList.forEach(ArrayList.java:1596)
... Removed 18 stack frames</div></td></tr></table><p class="totop"><a href="#summary">back to summary</a></p>
<h2>TakeOut_Cash_Refund</h2><h3 id="m52">Pays.posfinaltesting.TakeOutTest#ConfigureAppium</h3><table class="result"><tr><th>Exception</th></tr><tr><td><div class="stacktrace">org.openqa.selenium.SessionNotCreatedException: Could not start a new session. Response code 500. Message: An unknown server-side error occurred while processing the command. Original error: Error getting device API level. Original error: Error executing adbExec. Original error: &apos;Command &apos;C:\\Users\\prati\\AppData\\Local\\Android\\Sdk\\platform-tools\\adb.exe -P 5037 -s 2290080791 shell getprop ro.build.version.sdk&apos; exited with code 255&apos;; Command output: &lt;empty&gt; 
Host info: host: &apos;PRATIK&apos;, ip: &apos;192.168.0.234&apos;
Build info: version: &apos;4.29.0&apos;, revision: &apos;5fc1ec94cb&apos;
System info: os.name: &apos;Windows 11&apos;, os.arch: &apos;amd64&apos;, os.version: &apos;10.0&apos;, java.version: &apos;21.0.6&apos;
Driver info: io.appium.java_client.android.AndroidDriver
Command: [null, newSession {capabilities=[Capabilities {appium:app: E:\EclipseWorkspace\posfina..., appium:appActivity: com.pays.pos.ui.activities...., appium:appPackage: com.pays.pos, appium:autoGrantPermissions: true, appium:automationName: UIAutomator2, appium:deviceName: LANDI C20pro, appium:newCommandTimeout: 10000, platformName: ANDROID}]}]
Capabilities {appium:app: E:\EclipseWorkspace\posfina..., appium:appActivity: com.pays.pos.ui.activities...., appium:appPackage: com.pays.pos, appium:autoGrantPermissions: true, appium:automationName: UIAutomator2, appium:deviceName: LANDI C20pro, appium:newCommandTimeout: 10000, platformName: ANDROID}
	at org.openqa.selenium.remote.ProtocolHandshake.createSession(ProtocolHandshake.java:114)
	at org.openqa.selenium.remote.ProtocolHandshake.createSession(ProtocolHandshake.java:75)
	at org.openqa.selenium.remote.ProtocolHandshake.createSession(ProtocolHandshake.java:61)
	at io.appium.java_client.remote.AppiumCommandExecutor.createSession(AppiumCommandExecutor.java:178)
	at io.appium.java_client.remote.AppiumCommandExecutor.execute(AppiumCommandExecutor.java:243)
	at org.openqa.selenium.remote.RemoteWebDriver.execute(RemoteWebDriver.java:545)
	at io.appium.java_client.AppiumDriver.startSession(AppiumDriver.java:313)
	at org.openqa.selenium.remote.RemoteWebDriver.&lt;init&gt;(RemoteWebDriver.java:174)
	at io.appium.java_client.AppiumDriver.&lt;init&gt;(AppiumDriver.java:101)
	at io.appium.java_client.AppiumDriver.&lt;init&gt;(AppiumDriver.java:113)
	at io.appium.java_client.android.AndroidDriver.&lt;init&gt;(AndroidDriver.java:109)
	at Pays.posfinaltesting.BaseTest.ConfigureAppium(BaseTest.java:54)
	at java.base/java.util.ArrayList.forEach(ArrayList.java:1596)
... Removed 23 stack frames</div></td></tr></table><p class="totop"><a href="#summary">back to summary</a></p>
<h3 id="m53">Pays.posfinaltesting.TakeOutTest#Login</h3><table class="result"><tr><th class="invisible"/></tr></table><p class="totop"><a href="#summary">back to summary</a></p>
<h3 id="m54">Pays.posfinaltesting.TakeOutTest#tearDown</h3><table class="result"><tr><th class="invisible"/></tr></table><p class="totop"><a href="#summary">back to summary</a></p>
<h3 id="m55">Pays.posfinaltesting.TakeOutTest#TakeOut_AddCustomer</h3><table class="result"><tr><th>Exception</th></tr><tr><td><div class="stacktrace">java.lang.Throwable: Method Pays.posfinaltesting.TakeOutTest.TakeOut_AddCustomer() on instance Pays.posfinaltesting.TakeOutTest@7e5d9a50 depends on not successfully finished methods 
[Pays.posfinaltesting.TakeOutTest.TakeOut_ChangeOrderType() on instance Pays.posfinaltesting.TakeOutTest@7e5d9a50]
	at java.base/java.util.ArrayList.forEach(ArrayList.java:1596)
... Removed 18 stack frames</div></td></tr></table><p class="totop"><a href="#summary">back to summary</a></p>
<h3 id="m56">Pays.posfinaltesting.TakeOutTest#TakeOut_AddDiscount</h3><table class="result"><tr><th>Exception</th></tr><tr><td><div class="stacktrace">java.lang.Throwable: Method Pays.posfinaltesting.TakeOutTest.TakeOut_AddDiscount() on instance Pays.posfinaltesting.TakeOutTest@7e5d9a50 depends on not successfully finished methods 
[Pays.posfinaltesting.TakeOutTest.TakeOut_AddOrderNote() on instance Pays.posfinaltesting.TakeOutTest@7e5d9a50]
	at java.base/java.util.ArrayList.forEach(ArrayList.java:1596)
... Removed 18 stack frames</div></td></tr></table><p class="totop"><a href="#summary">back to summary</a></p>
<h3 id="m57">Pays.posfinaltesting.TakeOutTest#TakeOut_AddManualItems</h3><table class="result"><tr><th>Exception</th></tr><tr><td><div class="stacktrace">java.lang.Throwable: Method Pays.posfinaltesting.TakeOutTest.TakeOut_AddManualItems() on instance Pays.posfinaltesting.TakeOutTest@7e5d9a50 depends on not successfully finished methods 
[Pays.posfinaltesting.TakeOutTest.TakeOut_ItemSelection() on instance Pays.posfinaltesting.TakeOutTest@7e5d9a50]
	at java.base/java.util.ArrayList.forEach(ArrayList.java:1596)
... Removed 18 stack frames</div></td></tr></table><p class="totop"><a href="#summary">back to summary</a></p>
<h3 id="m58">Pays.posfinaltesting.TakeOutTest#TakeOut_AddOrderNote</h3><table class="result"><tr><th>Exception</th></tr><tr><td><div class="stacktrace">java.lang.Throwable: Method Pays.posfinaltesting.TakeOutTest.TakeOut_AddOrderNote() on instance Pays.posfinaltesting.TakeOutTest@7e5d9a50 depends on not successfully finished methods 
[Pays.posfinaltesting.TakeOutTest.Takeout_UpdateOrder() on instance Pays.posfinaltesting.TakeOutTest@7e5d9a50]
	at java.base/java.util.ArrayList.forEach(ArrayList.java:1596)
... Removed 18 stack frames</div></td></tr></table><p class="totop"><a href="#summary">back to summary</a></p>
<h3 id="m59">Pays.posfinaltesting.TakeOutTest#TakeOut_AddTip</h3><table class="result"><tr><th>Exception</th></tr><tr><td><div class="stacktrace">java.lang.Throwable: Method Pays.posfinaltesting.TakeOutTest.TakeOut_AddTip() on instance Pays.posfinaltesting.TakeOutTest@7e5d9a50 depends on not successfully finished methods 
[Pays.posfinaltesting.TakeOutTest.TakeOut_Transaction() on instance Pays.posfinaltesting.TakeOutTest@7e5d9a50]
	at java.base/java.util.ArrayList.forEach(ArrayList.java:1596)
... Removed 18 stack frames</div></td></tr></table><p class="totop"><a href="#summary">back to summary</a></p>
<h3 id="m60">Pays.posfinaltesting.TakeOutTest#TakeOut_AppliedLoyaltyPoint</h3><table class="result"><tr><th>Exception</th></tr><tr><td><div class="stacktrace">java.lang.Throwable: Method Pays.posfinaltesting.TakeOutTest.TakeOut_AppliedLoyaltyPoint() on instance Pays.posfinaltesting.TakeOutTest@7e5d9a50 depends on not successfully finished methods 
[Pays.posfinaltesting.TakeOutTest.TakeOut_AddCustomer() on instance Pays.posfinaltesting.TakeOutTest@7e5d9a50]
	at java.base/java.util.ArrayList.forEach(ArrayList.java:1596)
... Removed 18 stack frames</div></td></tr></table><p class="totop"><a href="#summary">back to summary</a></p>
<h3 id="m61">Pays.posfinaltesting.TakeOutTest#TakeOut_Cash_FullRefund_CheckCashLog</h3><table class="result"><tr><th>Exception</th></tr><tr><td><div class="stacktrace">java.lang.Throwable: Method Pays.posfinaltesting.TakeOutTest.TakeOut_Cash_FullRefund_CheckCashLog() on instance Pays.posfinaltesting.TakeOutTest@7e5d9a50 depends on not successfully finished methods 
[Pays.posfinaltesting.TakeOutTest.TakeOut_Cash_FullRefund_PrintReceipt() on instance Pays.posfinaltesting.TakeOutTest@7e5d9a50]
	at java.base/java.util.ArrayList.forEach(ArrayList.java:1596)
... Removed 18 stack frames</div></td></tr></table><p class="totop"><a href="#summary">back to summary</a></p>
<h3 id="m62">Pays.posfinaltesting.TakeOutTest#TakeOut_Cash_FullRefund_Payment</h3><table class="result"><tr><th>Exception</th></tr><tr><td><div class="stacktrace">java.lang.Throwable: Method Pays.posfinaltesting.TakeOutTest.TakeOut_Cash_FullRefund_Payment() on instance Pays.posfinaltesting.TakeOutTest@7e5d9a50 depends on not successfully finished methods 
[Pays.posfinaltesting.TakeOutTest.TakeOut_AddTip() on instance Pays.posfinaltesting.TakeOutTest@7e5d9a50]
	at java.base/java.util.ArrayList.forEach(ArrayList.java:1596)
... Removed 18 stack frames</div></td></tr></table><p class="totop"><a href="#summary">back to summary</a></p>
<h3 id="m63">Pays.posfinaltesting.TakeOutTest#TakeOut_Cash_FullRefund_PrintReceipt</h3><table class="result"><tr><th>Exception</th></tr><tr><td><div class="stacktrace">java.lang.Throwable: Method Pays.posfinaltesting.TakeOutTest.TakeOut_Cash_FullRefund_PrintReceipt() on instance Pays.posfinaltesting.TakeOutTest@7e5d9a50 depends on not successfully finished methods 
[Pays.posfinaltesting.TakeOutTest.TakeOut_Cash_FullRefund_SelectRefund() on instance Pays.posfinaltesting.TakeOutTest@7e5d9a50]
	at java.base/java.util.ArrayList.forEach(ArrayList.java:1596)
... Removed 18 stack frames</div></td></tr></table><p class="totop"><a href="#summary">back to summary</a></p>
<h3 id="m64">Pays.posfinaltesting.TakeOutTest#TakeOut_Cash_FullRefund_SelectRefund</h3><table class="result"><tr><th>Exception</th></tr><tr><td><div class="stacktrace">java.lang.Throwable: Method Pays.posfinaltesting.TakeOutTest.TakeOut_Cash_FullRefund_SelectRefund() on instance Pays.posfinaltesting.TakeOutTest@7e5d9a50 depends on not successfully finished methods 
[Pays.posfinaltesting.TakeOutTest.TakeOut_Cash_FullRefund_Payment() on instance Pays.posfinaltesting.TakeOutTest@7e5d9a50]
	at java.base/java.util.ArrayList.forEach(ArrayList.java:1596)
... Removed 18 stack frames</div></td></tr></table><p class="totop"><a href="#summary">back to summary</a></p>
<h3 id="m65">Pays.posfinaltesting.TakeOutTest#TakeOut_ChangeOrderType</h3><table class="result"><tr><th>Exception</th></tr><tr><td><div class="stacktrace">java.lang.Throwable: Method Pays.posfinaltesting.TakeOutTest.TakeOut_ChangeOrderType() on instance Pays.posfinaltesting.TakeOutTest@7e5d9a50 depends on not successfully finished methods 
[Pays.posfinaltesting.TakeOutTest.TakeOut_AddOrderNote() on instance Pays.posfinaltesting.TakeOutTest@7e5d9a50]
	at java.base/java.util.ArrayList.forEach(ArrayList.java:1596)
... Removed 18 stack frames</div></td></tr></table><p class="totop"><a href="#summary">back to summary</a></p>
<h3 id="m66">Pays.posfinaltesting.TakeOutTest#TakeOut_CheckOrderType</h3><table class="result"><tr><th>Exception</th></tr><tr><td><div class="stacktrace">java.lang.Throwable: Method Pays.posfinaltesting.TakeOutTest.TakeOut_CheckOrderType() on instance Pays.posfinaltesting.TakeOutTest@7e5d9a50 depends on not successfully finished methods 
[Pays.posfinaltesting.TakeOutTest.TakeOut_SaveOrder() on instance Pays.posfinaltesting.TakeOutTest@7e5d9a50]
	at java.base/java.util.ArrayList.forEach(ArrayList.java:1596)
... Removed 18 stack frames</div></td></tr></table><p class="totop"><a href="#summary">back to summary</a></p>
<h3 id="m67">Pays.posfinaltesting.TakeOutTest#TakeOut_ItemSelection</h3><table class="result"><tr><th>Exception</th></tr><tr><td><div class="stacktrace">java.lang.Throwable: Method Pays.posfinaltesting.TakeOutTest.TakeOut_ItemSelection() on instance Pays.posfinaltesting.TakeOutTest@7e5d9a50 depends on not successfully finished methods 
[Pays.posfinaltesting.TakeOutTest.TakeOut_SelectTakeout() on instance Pays.posfinaltesting.TakeOutTest@7e5d9a50]
	at java.base/java.util.ArrayList.forEach(ArrayList.java:1596)
... Removed 18 stack frames</div></td></tr></table><p class="totop"><a href="#summary">back to summary</a></p>
<h3 id="m68">Pays.posfinaltesting.TakeOutTest#TakeOut_RemoveItem</h3><table class="result"><tr><th>Exception</th></tr><tr><td><div class="stacktrace">java.lang.Throwable: Method Pays.posfinaltesting.TakeOutTest.TakeOut_RemoveItem() on instance Pays.posfinaltesting.TakeOutTest@7e5d9a50 depends on not successfully finished methods 
[Pays.posfinaltesting.TakeOutTest.TakeOut_UpdateItem() on instance Pays.posfinaltesting.TakeOutTest@7e5d9a50]
	at java.base/java.util.ArrayList.forEach(ArrayList.java:1596)
... Removed 18 stack frames</div></td></tr></table><p class="totop"><a href="#summary">back to summary</a></p>
<h3 id="m69">Pays.posfinaltesting.TakeOutTest#TakeOut_SaveOrder</h3><table class="result"><tr><th>Exception</th></tr><tr><td><div class="stacktrace">java.lang.Throwable: Method Pays.posfinaltesting.TakeOutTest.TakeOut_SaveOrder() on instance Pays.posfinaltesting.TakeOutTest@7e5d9a50 depends on not successfully finished methods 
[Pays.posfinaltesting.TakeOutTest.TakeOut_UpdateItem() on instance Pays.posfinaltesting.TakeOutTest@7e5d9a50]
	at java.base/java.util.ArrayList.forEach(ArrayList.java:1596)
... Removed 18 stack frames</div></td></tr></table><p class="totop"><a href="#summary">back to summary</a></p>
<h3 id="m70">Pays.posfinaltesting.TakeOutTest#TakeOut_SelectTakeout</h3><table class="result"><tr><th>Exception</th></tr><tr><td><div class="stacktrace">java.lang.Throwable: Method Pays.posfinaltesting.TakeOutTest.TakeOut_SelectTakeout() on instance Pays.posfinaltesting.TakeOutTest@7e5d9a50 depends on not successfully finished methods 
[Pays.posfinaltesting.TakeOutTest.TakeOut_Setup() on instance Pays.posfinaltesting.TakeOutTest@7e5d9a50]
	at java.base/java.util.ArrayList.forEach(ArrayList.java:1596)
... Removed 18 stack frames</div></td></tr></table><p class="totop"><a href="#summary">back to summary</a></p>
<h3 id="m71">Pays.posfinaltesting.TakeOutTest#TakeOut_Setup</h3><table class="result"><tr><th>Exception</th></tr><tr><td><div class="stacktrace">org.openqa.selenium.SessionNotCreatedException: Could not start a new session. Response code 500. Message: An unknown server-side error occurred while processing the command. Original error: Error getting device API level. Original error: Error executing adbExec. Original error: &apos;Command &apos;C:\\Users\\prati\\AppData\\Local\\Android\\Sdk\\platform-tools\\adb.exe -P 5037 -s 2290080791 shell getprop ro.build.version.sdk&apos; exited with code 255&apos;; Command output: &lt;empty&gt; 
Host info: host: &apos;PRATIK&apos;, ip: &apos;192.168.0.234&apos;
Build info: version: &apos;4.29.0&apos;, revision: &apos;5fc1ec94cb&apos;
System info: os.name: &apos;Windows 11&apos;, os.arch: &apos;amd64&apos;, os.version: &apos;10.0&apos;, java.version: &apos;21.0.6&apos;
Driver info: io.appium.java_client.android.AndroidDriver
Command: [null, newSession {capabilities=[Capabilities {appium:app: E:\EclipseWorkspace\posfina..., appium:appActivity: com.pays.pos.ui.activities...., appium:appPackage: com.pays.pos, appium:autoGrantPermissions: true, appium:automationName: UIAutomator2, appium:deviceName: LANDI C20pro, appium:newCommandTimeout: 10000, platformName: ANDROID}]}]
Capabilities {appium:app: E:\EclipseWorkspace\posfina..., appium:appActivity: com.pays.pos.ui.activities...., appium:appPackage: com.pays.pos, appium:autoGrantPermissions: true, appium:automationName: UIAutomator2, appium:deviceName: LANDI C20pro, appium:newCommandTimeout: 10000, platformName: ANDROID}
	at org.openqa.selenium.remote.ProtocolHandshake.createSession(ProtocolHandshake.java:114)
	at org.openqa.selenium.remote.ProtocolHandshake.createSession(ProtocolHandshake.java:75)
	at org.openqa.selenium.remote.ProtocolHandshake.createSession(ProtocolHandshake.java:61)
	at io.appium.java_client.remote.AppiumCommandExecutor.createSession(AppiumCommandExecutor.java:178)
	at io.appium.java_client.remote.AppiumCommandExecutor.execute(AppiumCommandExecutor.java:243)
	at org.openqa.selenium.remote.RemoteWebDriver.execute(RemoteWebDriver.java:545)
	at io.appium.java_client.AppiumDriver.startSession(AppiumDriver.java:313)
	at org.openqa.selenium.remote.RemoteWebDriver.&lt;init&gt;(RemoteWebDriver.java:174)
	at io.appium.java_client.AppiumDriver.&lt;init&gt;(AppiumDriver.java:101)
	at io.appium.java_client.AppiumDriver.&lt;init&gt;(AppiumDriver.java:113)
	at io.appium.java_client.android.AndroidDriver.&lt;init&gt;(AndroidDriver.java:109)
	at Pays.posfinaltesting.BaseTest.ConfigureAppium(BaseTest.java:54)
	at java.base/java.util.ArrayList.forEach(ArrayList.java:1596)
... Removed 23 stack frames</div></td></tr></table><p class="totop"><a href="#summary">back to summary</a></p>
<h3 id="m72">Pays.posfinaltesting.TakeOutTest#TakeOut_Transaction</h3><table class="result"><tr><th>Exception</th></tr><tr><td><div class="stacktrace">java.lang.Throwable: Method Pays.posfinaltesting.TakeOutTest.TakeOut_Transaction() on instance Pays.posfinaltesting.TakeOutTest@7e5d9a50 depends on not successfully finished methods 
[Pays.posfinaltesting.TakeOutTest.TakeOut_AppliedLoyaltyPoint() on instance Pays.posfinaltesting.TakeOutTest@7e5d9a50]
	at java.base/java.util.ArrayList.forEach(ArrayList.java:1596)
... Removed 18 stack frames</div></td></tr></table><p class="totop"><a href="#summary">back to summary</a></p>
<h3 id="m73">Pays.posfinaltesting.TakeOutTest#TakeOut_UpdateItem</h3><table class="result"><tr><th>Exception</th></tr><tr><td><div class="stacktrace">java.lang.Throwable: Method Pays.posfinaltesting.TakeOutTest.TakeOut_UpdateItem() on instance Pays.posfinaltesting.TakeOutTest@7e5d9a50 depends on not successfully finished methods 
[Pays.posfinaltesting.TakeOutTest.TakeOut_AddManualItems() on instance Pays.posfinaltesting.TakeOutTest@7e5d9a50]
	at java.base/java.util.ArrayList.forEach(ArrayList.java:1596)
... Removed 18 stack frames</div></td></tr></table><p class="totop"><a href="#summary">back to summary</a></p>
<h3 id="m74">Pays.posfinaltesting.TakeOutTest#Takeout_UpdateOrder</h3><table class="result"><tr><th>Exception</th></tr><tr><td><div class="stacktrace">java.lang.Throwable: Method Pays.posfinaltesting.TakeOutTest.Takeout_UpdateOrder() on instance Pays.posfinaltesting.TakeOutTest@7e5d9a50 depends on not successfully finished methods 
[Pays.posfinaltesting.TakeOutTest.TakeOut_CheckOrderType() on instance Pays.posfinaltesting.TakeOutTest@7e5d9a50]
	at java.base/java.util.ArrayList.forEach(ArrayList.java:1596)
... Removed 18 stack frames</div></td></tr></table><p class="totop"><a href="#summary">back to summary</a></p>
<h2>Split PaymentTest</h2><h3 id="m75">Pays.posfinaltesting.OpenOderTest#ConfigureAppium</h3><table class="result"><tr><th>Exception</th></tr><tr><td><div class="stacktrace">org.openqa.selenium.SessionNotCreatedException: Could not start a new session. Response code 500. Message: An unknown server-side error occurred while processing the command. Original error: Error getting device API level. Original error: Error executing adbExec. Original error: &apos;Command &apos;C:\\Users\\prati\\AppData\\Local\\Android\\Sdk\\platform-tools\\adb.exe -P 5037 -s 2290080791 shell getprop ro.build.version.sdk&apos; exited with code 255&apos;; Command output: &lt;empty&gt; 
Host info: host: &apos;PRATIK&apos;, ip: &apos;192.168.0.234&apos;
Build info: version: &apos;4.29.0&apos;, revision: &apos;5fc1ec94cb&apos;
System info: os.name: &apos;Windows 11&apos;, os.arch: &apos;amd64&apos;, os.version: &apos;10.0&apos;, java.version: &apos;21.0.6&apos;
Driver info: io.appium.java_client.android.AndroidDriver
Command: [null, newSession {capabilities=[Capabilities {appium:app: E:\EclipseWorkspace\posfina..., appium:appActivity: com.pays.pos.ui.activities...., appium:appPackage: com.pays.pos, appium:autoGrantPermissions: true, appium:automationName: UIAutomator2, appium:deviceName: LANDI C20pro, appium:newCommandTimeout: 10000, platformName: ANDROID}]}]
Capabilities {appium:app: E:\EclipseWorkspace\posfina..., appium:appActivity: com.pays.pos.ui.activities...., appium:appPackage: com.pays.pos, appium:autoGrantPermissions: true, appium:automationName: UIAutomator2, appium:deviceName: LANDI C20pro, appium:newCommandTimeout: 10000, platformName: ANDROID}
	at org.openqa.selenium.remote.ProtocolHandshake.createSession(ProtocolHandshake.java:114)
	at org.openqa.selenium.remote.ProtocolHandshake.createSession(ProtocolHandshake.java:75)
	at org.openqa.selenium.remote.ProtocolHandshake.createSession(ProtocolHandshake.java:61)
	at io.appium.java_client.remote.AppiumCommandExecutor.createSession(AppiumCommandExecutor.java:178)
	at io.appium.java_client.remote.AppiumCommandExecutor.execute(AppiumCommandExecutor.java:243)
	at org.openqa.selenium.remote.RemoteWebDriver.execute(RemoteWebDriver.java:545)
	at io.appium.java_client.AppiumDriver.startSession(AppiumDriver.java:313)
	at org.openqa.selenium.remote.RemoteWebDriver.&lt;init&gt;(RemoteWebDriver.java:174)
	at io.appium.java_client.AppiumDriver.&lt;init&gt;(AppiumDriver.java:101)
	at io.appium.java_client.AppiumDriver.&lt;init&gt;(AppiumDriver.java:113)
	at io.appium.java_client.android.AndroidDriver.&lt;init&gt;(AndroidDriver.java:109)
	at Pays.posfinaltesting.BaseTest.ConfigureAppium(BaseTest.java:54)
	at java.base/java.util.ArrayList.forEach(ArrayList.java:1596)
... Removed 23 stack frames</div></td></tr></table><p class="totop"><a href="#summary">back to summary</a></p>
<h3 id="m76">Pays.posfinaltesting.OpenOderTest#Login</h3><table class="result"><tr><th class="invisible"/></tr></table><p class="totop"><a href="#summary">back to summary</a></p>
<h3 id="m77">Pays.posfinaltesting.OpenOderTest#tearDown</h3><table class="result"><tr><th class="invisible"/></tr></table><p class="totop"><a href="#summary">back to summary</a></p>
<h3 id="m78">Pays.posfinaltesting.OpenOderTest#OpenOrder_AddCustomer</h3><table class="result"><tr><th>Exception</th></tr><tr><td><div class="stacktrace">java.lang.Throwable: Method Pays.posfinaltesting.OpenOderTest.OpenOrder_AddCustomer() on instance Pays.posfinaltesting.OpenOderTest@7c1e2a2d depends on not successfully finished methods 
[Pays.posfinaltesting.OpenOderTest.OpenOrder_ChangeOrderType() on instance Pays.posfinaltesting.OpenOderTest@7c1e2a2d]
	at java.base/java.util.ArrayList.forEach(ArrayList.java:1596)
... Removed 18 stack frames</div></td></tr></table><p class="totop"><a href="#summary">back to summary</a></p>
<h3 id="m79">Pays.posfinaltesting.OpenOderTest#OpenOrder_AddDiscount</h3><table class="result"><tr><th>Exception</th></tr><tr><td><div class="stacktrace">java.lang.Throwable: Method Pays.posfinaltesting.OpenOderTest.OpenOrder_AddDiscount() on instance Pays.posfinaltesting.OpenOderTest@7c1e2a2d depends on not successfully finished methods 
[Pays.posfinaltesting.OpenOderTest.OpenOrder_AddOrderNote() on instance Pays.posfinaltesting.OpenOderTest@7c1e2a2d]
	at java.base/java.util.ArrayList.forEach(ArrayList.java:1596)
... Removed 18 stack frames</div></td></tr></table><p class="totop"><a href="#summary">back to summary</a></p>
<h3 id="m80">Pays.posfinaltesting.OpenOderTest#OpenOrder_AddManualItems</h3><table class="result"><tr><th>Exception</th></tr><tr><td><div class="stacktrace">java.lang.Throwable: Method Pays.posfinaltesting.OpenOderTest.OpenOrder_AddManualItems() on instance Pays.posfinaltesting.OpenOderTest@7c1e2a2d depends on not successfully finished methods 
[Pays.posfinaltesting.OpenOderTest.OpenOrder_ItemSelection() on instance Pays.posfinaltesting.OpenOderTest@7c1e2a2d]
	at java.base/java.util.ArrayList.forEach(ArrayList.java:1596)
... Removed 18 stack frames</div></td></tr></table><p class="totop"><a href="#summary">back to summary</a></p>
<h3 id="m81">Pays.posfinaltesting.OpenOderTest#OpenOrder_AddOrderNote</h3><table class="result"><tr><th>Exception</th></tr><tr><td><div class="stacktrace">java.lang.Throwable: Method Pays.posfinaltesting.OpenOderTest.OpenOrder_AddOrderNote() on instance Pays.posfinaltesting.OpenOderTest@7c1e2a2d depends on not successfully finished methods 
[Pays.posfinaltesting.OpenOderTest.OpenOrder_UpdateOrder() on instance Pays.posfinaltesting.OpenOderTest@7c1e2a2d]
	at java.base/java.util.ArrayList.forEach(ArrayList.java:1596)
... Removed 18 stack frames</div></td></tr></table><p class="totop"><a href="#summary">back to summary</a></p>
<h3 id="m82">Pays.posfinaltesting.OpenOderTest#OpenOrder_ChangeOrderType</h3><table class="result"><tr><th>Exception</th></tr><tr><td><div class="stacktrace">java.lang.Throwable: Method Pays.posfinaltesting.OpenOderTest.OpenOrder_ChangeOrderType() on instance Pays.posfinaltesting.OpenOderTest@7c1e2a2d depends on not successfully finished methods 
[Pays.posfinaltesting.OpenOderTest.OpenOrder_AddDiscount() on instance Pays.posfinaltesting.OpenOderTest@7c1e2a2d]
	at java.base/java.util.ArrayList.forEach(ArrayList.java:1596)
... Removed 18 stack frames</div></td></tr></table><p class="totop"><a href="#summary">back to summary</a></p>
<h3 id="m83">Pays.posfinaltesting.OpenOderTest#OpenOrder_CheckOrderType</h3><table class="result"><tr><th>Exception</th></tr><tr><td><div class="stacktrace">java.lang.Throwable: Method Pays.posfinaltesting.OpenOderTest.OpenOrder_CheckOrderType() on instance Pays.posfinaltesting.OpenOderTest@7c1e2a2d depends on not successfully finished methods 
[Pays.posfinaltesting.OpenOderTest.OpenOrder_SaveOrder() on instance Pays.posfinaltesting.OpenOderTest@7c1e2a2d]
	at java.base/java.util.ArrayList.forEach(ArrayList.java:1596)
... Removed 18 stack frames</div></td></tr></table><p class="totop"><a href="#summary">back to summary</a></p>
<h3 id="m84">Pays.posfinaltesting.OpenOderTest#OpenOrder_ItemSelection</h3><table class="result"><tr><th>Exception</th></tr><tr><td><div class="stacktrace">java.lang.Throwable: Method Pays.posfinaltesting.OpenOderTest.OpenOrder_ItemSelection() on instance Pays.posfinaltesting.OpenOderTest@7c1e2a2d depends on not successfully finished methods 
[Pays.posfinaltesting.OpenOderTest.OpenOrder_SelectOpenOrder() on instance Pays.posfinaltesting.OpenOderTest@7c1e2a2d]
	at java.base/java.util.ArrayList.forEach(ArrayList.java:1596)
... Removed 18 stack frames</div></td></tr></table><p class="totop"><a href="#summary">back to summary</a></p>
<h3 id="m85">Pays.posfinaltesting.OpenOderTest#OpenOrder_RemoveItem</h3><table class="result"><tr><th>Exception</th></tr><tr><td><div class="stacktrace">java.lang.Throwable: Method Pays.posfinaltesting.OpenOderTest.OpenOrder_RemoveItem() on instance Pays.posfinaltesting.OpenOderTest@7c1e2a2d depends on not successfully finished methods 
[Pays.posfinaltesting.OpenOderTest.OpenOrder_UpdateItem() on instance Pays.posfinaltesting.OpenOderTest@7c1e2a2d]
	at java.base/java.util.ArrayList.forEach(ArrayList.java:1596)
... Removed 18 stack frames</div></td></tr></table><p class="totop"><a href="#summary">back to summary</a></p>
<h3 id="m86">Pays.posfinaltesting.OpenOderTest#OpenOrder_SaveOrder</h3><table class="result"><tr><th>Exception</th></tr><tr><td><div class="stacktrace">java.lang.Throwable: Method Pays.posfinaltesting.OpenOderTest.OpenOrder_SaveOrder() on instance Pays.posfinaltesting.OpenOderTest@7c1e2a2d depends on not successfully finished methods 
[Pays.posfinaltesting.OpenOderTest.OpenOrder_RemoveItem() on instance Pays.posfinaltesting.OpenOderTest@7c1e2a2d]
	at java.base/java.util.ArrayList.forEach(ArrayList.java:1596)
... Removed 18 stack frames</div></td></tr></table><p class="totop"><a href="#summary">back to summary</a></p>
<h3 id="m87">Pays.posfinaltesting.OpenOderTest#OpenOrder_SelectOpenOrder</h3><table class="result"><tr><th>Exception</th></tr><tr><td><div class="stacktrace">java.lang.Throwable: Method Pays.posfinaltesting.OpenOderTest.OpenOrder_SelectOpenOrder() on instance Pays.posfinaltesting.OpenOderTest@7c1e2a2d depends on not successfully finished methods 
[Pays.posfinaltesting.OpenOderTest.OpenOrder_Setup() on instance Pays.posfinaltesting.OpenOderTest@7c1e2a2d]
	at java.base/java.util.ArrayList.forEach(ArrayList.java:1596)
... Removed 18 stack frames</div></td></tr></table><p class="totop"><a href="#summary">back to summary</a></p>
<h3 id="m88">Pays.posfinaltesting.OpenOderTest#OpenOrder_Setup</h3><table class="result"><tr><th>Exception</th></tr><tr><td><div class="stacktrace">org.openqa.selenium.SessionNotCreatedException: Could not start a new session. Response code 500. Message: An unknown server-side error occurred while processing the command. Original error: Error getting device API level. Original error: Error executing adbExec. Original error: &apos;Command &apos;C:\\Users\\prati\\AppData\\Local\\Android\\Sdk\\platform-tools\\adb.exe -P 5037 -s 2290080791 shell getprop ro.build.version.sdk&apos; exited with code 255&apos;; Command output: &lt;empty&gt; 
Host info: host: &apos;PRATIK&apos;, ip: &apos;192.168.0.234&apos;
Build info: version: &apos;4.29.0&apos;, revision: &apos;5fc1ec94cb&apos;
System info: os.name: &apos;Windows 11&apos;, os.arch: &apos;amd64&apos;, os.version: &apos;10.0&apos;, java.version: &apos;21.0.6&apos;
Driver info: io.appium.java_client.android.AndroidDriver
Command: [null, newSession {capabilities=[Capabilities {appium:app: E:\EclipseWorkspace\posfina..., appium:appActivity: com.pays.pos.ui.activities...., appium:appPackage: com.pays.pos, appium:autoGrantPermissions: true, appium:automationName: UIAutomator2, appium:deviceName: LANDI C20pro, appium:newCommandTimeout: 10000, platformName: ANDROID}]}]
Capabilities {appium:app: E:\EclipseWorkspace\posfina..., appium:appActivity: com.pays.pos.ui.activities...., appium:appPackage: com.pays.pos, appium:autoGrantPermissions: true, appium:automationName: UIAutomator2, appium:deviceName: LANDI C20pro, appium:newCommandTimeout: 10000, platformName: ANDROID}
	at org.openqa.selenium.remote.ProtocolHandshake.createSession(ProtocolHandshake.java:114)
	at org.openqa.selenium.remote.ProtocolHandshake.createSession(ProtocolHandshake.java:75)
	at org.openqa.selenium.remote.ProtocolHandshake.createSession(ProtocolHandshake.java:61)
	at io.appium.java_client.remote.AppiumCommandExecutor.createSession(AppiumCommandExecutor.java:178)
	at io.appium.java_client.remote.AppiumCommandExecutor.execute(AppiumCommandExecutor.java:243)
	at org.openqa.selenium.remote.RemoteWebDriver.execute(RemoteWebDriver.java:545)
	at io.appium.java_client.AppiumDriver.startSession(AppiumDriver.java:313)
	at org.openqa.selenium.remote.RemoteWebDriver.&lt;init&gt;(RemoteWebDriver.java:174)
	at io.appium.java_client.AppiumDriver.&lt;init&gt;(AppiumDriver.java:101)
	at io.appium.java_client.AppiumDriver.&lt;init&gt;(AppiumDriver.java:113)
	at io.appium.java_client.android.AndroidDriver.&lt;init&gt;(AndroidDriver.java:109)
	at Pays.posfinaltesting.BaseTest.ConfigureAppium(BaseTest.java:54)
	at java.base/java.util.ArrayList.forEach(ArrayList.java:1596)
... Removed 23 stack frames</div></td></tr></table><p class="totop"><a href="#summary">back to summary</a></p>
<h3 id="m89">Pays.posfinaltesting.OpenOderTest#OpenOrder_Split_FinalWayPayment</h3><table class="result"><tr><th>Exception</th></tr><tr><td><div class="stacktrace">java.lang.Throwable: Method Pays.posfinaltesting.OpenOderTest.OpenOrder_Split_FinalWayPayment() on instance Pays.posfinaltesting.OpenOderTest@7c1e2a2d depends on not successfully finished methods 
[Pays.posfinaltesting.OpenOderTest.OpenOrder_Split_SelectNextPayment() on instance Pays.posfinaltesting.OpenOderTest@7c1e2a2d]
	at java.base/java.util.ArrayList.forEach(ArrayList.java:1596)
... Removed 18 stack frames</div></td></tr></table><p class="totop"><a href="#summary">back to summary</a></p>
<h3 id="m90">Pays.posfinaltesting.OpenOderTest#OpenOrder_Split_Refund_PrintReceipt</h3><table class="result"><tr><th>Exception</th></tr><tr><td><div class="stacktrace">java.lang.Throwable: Method Pays.posfinaltesting.OpenOderTest.OpenOrder_Split_Refund_PrintReceipt() on instance Pays.posfinaltesting.OpenOderTest@7c1e2a2d depends on not successfully finished methods 
[Pays.posfinaltesting.OpenOderTest.OpenOrder_Split_Refund_SelectRefund() on instance Pays.posfinaltesting.OpenOderTest@7c1e2a2d]
	at java.base/java.util.ArrayList.forEach(ArrayList.java:1596)
... Removed 18 stack frames</div></td></tr></table><p class="totop"><a href="#summary">back to summary</a></p>
<h3 id="m91">Pays.posfinaltesting.OpenOderTest#OpenOrder_Split_Refund_SelectRefund</h3><table class="result"><tr><th>Exception</th></tr><tr><td><div class="stacktrace">java.lang.Throwable: Method Pays.posfinaltesting.OpenOderTest.OpenOrder_Split_Refund_SelectRefund() on instance Pays.posfinaltesting.OpenOderTest@7c1e2a2d depends on not successfully finished methods 
[Pays.posfinaltesting.OpenOderTest.OpenOrder_Split_FinalWayPayment() on instance Pays.posfinaltesting.OpenOderTest@7c1e2a2d]
	at java.base/java.util.ArrayList.forEach(ArrayList.java:1596)
... Removed 18 stack frames</div></td></tr></table><p class="totop"><a href="#summary">back to summary</a></p>
<h3 id="m92">Pays.posfinaltesting.OpenOderTest#OpenOrder_Split_SelectCash</h3><table class="result"><tr><th>Exception</th></tr><tr><td><div class="stacktrace">java.lang.Throwable: Method Pays.posfinaltesting.OpenOderTest.OpenOrder_Split_SelectCash() on instance Pays.posfinaltesting.OpenOderTest@7c1e2a2d depends on not successfully finished methods 
[Pays.posfinaltesting.OpenOderTest.OpenOrder_Split_SelectSplit() on instance Pays.posfinaltesting.OpenOderTest@7c1e2a2d]
	at java.base/java.util.ArrayList.forEach(ArrayList.java:1596)
... Removed 18 stack frames</div></td></tr></table><p class="totop"><a href="#summary">back to summary</a></p>
<h3 id="m93">Pays.posfinaltesting.OpenOderTest#OpenOrder_Split_SelectNextPayment</h3><table class="result"><tr><th>Exception</th></tr><tr><td><div class="stacktrace">java.lang.Throwable: Method Pays.posfinaltesting.OpenOderTest.OpenOrder_Split_SelectNextPayment() on instance Pays.posfinaltesting.OpenOderTest@7c1e2a2d depends on not successfully finished methods 
[Pays.posfinaltesting.OpenOderTest.OpenOrder_Split_SelectCash() on instance Pays.posfinaltesting.OpenOderTest@7c1e2a2d]
	at java.base/java.util.ArrayList.forEach(ArrayList.java:1596)
... Removed 18 stack frames</div></td></tr></table><p class="totop"><a href="#summary">back to summary</a></p>
<h3 id="m94">Pays.posfinaltesting.OpenOderTest#OpenOrder_Split_SelectSplit</h3><table class="result"><tr><th>Exception</th></tr><tr><td><div class="stacktrace">java.lang.Throwable: Method Pays.posfinaltesting.OpenOderTest.OpenOrder_Split_SelectSplit() on instance Pays.posfinaltesting.OpenOderTest@7c1e2a2d depends on not successfully finished methods 
[Pays.posfinaltesting.OpenOderTest.OpenOrder_Transaction() on instance Pays.posfinaltesting.OpenOderTest@7c1e2a2d]
	at java.base/java.util.ArrayList.forEach(ArrayList.java:1596)
... Removed 18 stack frames</div></td></tr></table><p class="totop"><a href="#summary">back to summary</a></p>
<h3 id="m95">Pays.posfinaltesting.OpenOderTest#OpenOrder_Transaction</h3><table class="result"><tr><th>Exception</th></tr><tr><td><div class="stacktrace">java.lang.Throwable: Method Pays.posfinaltesting.OpenOderTest.OpenOrder_Transaction() on instance Pays.posfinaltesting.OpenOderTest@7c1e2a2d depends on not successfully finished methods 
[Pays.posfinaltesting.OpenOderTest.OpenOrder_AddCustomer() on instance Pays.posfinaltesting.OpenOderTest@7c1e2a2d]
	at java.base/java.util.ArrayList.forEach(ArrayList.java:1596)
... Removed 18 stack frames</div></td></tr></table><p class="totop"><a href="#summary">back to summary</a></p>
<h3 id="m96">Pays.posfinaltesting.OpenOderTest#OpenOrder_UpdateItem</h3><table class="result"><tr><th>Exception</th></tr><tr><td><div class="stacktrace">java.lang.Throwable: Method Pays.posfinaltesting.OpenOderTest.OpenOrder_UpdateItem() on instance Pays.posfinaltesting.OpenOderTest@7c1e2a2d depends on not successfully finished methods 
[Pays.posfinaltesting.OpenOderTest.OpenOrder_AddManualItems() on instance Pays.posfinaltesting.OpenOderTest@7c1e2a2d]
	at java.base/java.util.ArrayList.forEach(ArrayList.java:1596)
... Removed 18 stack frames</div></td></tr></table><p class="totop"><a href="#summary">back to summary</a></p>
<h3 id="m97">Pays.posfinaltesting.OpenOderTest#OpenOrder_UpdateOrder</h3><table class="result"><tr><th>Exception</th></tr><tr><td><div class="stacktrace">java.lang.Throwable: Method Pays.posfinaltesting.OpenOderTest.OpenOrder_UpdateOrder() on instance Pays.posfinaltesting.OpenOderTest@7c1e2a2d depends on not successfully finished methods 
[Pays.posfinaltesting.OpenOderTest.OpenOrder_CheckOrderType() on instance Pays.posfinaltesting.OpenOderTest@7c1e2a2d]
	at java.base/java.util.ArrayList.forEach(ArrayList.java:1596)
... Removed 18 stack frames</div></td></tr></table><p class="totop"><a href="#summary">back to summary</a></p>
<h2> CashFull_RefundPaymentTest</h2><h3 id="m98">Pays.posfinaltesting.OpenOderTest#ConfigureAppium</h3><table class="result"><tr><th>Exception</th></tr><tr><td><div class="stacktrace">org.openqa.selenium.SessionNotCreatedException: Could not start a new session. Response code 500. Message: An unknown server-side error occurred while processing the command. Original error: Error getting device API level. Original error: Error executing adbExec. Original error: &apos;Command &apos;C:\\Users\\prati\\AppData\\Local\\Android\\Sdk\\platform-tools\\adb.exe -P 5037 -s 2290080791 shell getprop ro.build.version.sdk&apos; exited with code 255&apos;; Command output: &lt;empty&gt; 
Host info: host: &apos;PRATIK&apos;, ip: &apos;192.168.0.234&apos;
Build info: version: &apos;4.29.0&apos;, revision: &apos;5fc1ec94cb&apos;
System info: os.name: &apos;Windows 11&apos;, os.arch: &apos;amd64&apos;, os.version: &apos;10.0&apos;, java.version: &apos;21.0.6&apos;
Driver info: io.appium.java_client.android.AndroidDriver
Command: [null, newSession {capabilities=[Capabilities {appium:app: E:\EclipseWorkspace\posfina..., appium:appActivity: com.pays.pos.ui.activities...., appium:appPackage: com.pays.pos, appium:autoGrantPermissions: true, appium:automationName: UIAutomator2, appium:deviceName: LANDI C20pro, appium:newCommandTimeout: 10000, platformName: ANDROID}]}]
Capabilities {appium:app: E:\EclipseWorkspace\posfina..., appium:appActivity: com.pays.pos.ui.activities...., appium:appPackage: com.pays.pos, appium:autoGrantPermissions: true, appium:automationName: UIAutomator2, appium:deviceName: LANDI C20pro, appium:newCommandTimeout: 10000, platformName: ANDROID}
	at org.openqa.selenium.remote.ProtocolHandshake.createSession(ProtocolHandshake.java:114)
	at org.openqa.selenium.remote.ProtocolHandshake.createSession(ProtocolHandshake.java:75)
	at org.openqa.selenium.remote.ProtocolHandshake.createSession(ProtocolHandshake.java:61)
	at io.appium.java_client.remote.AppiumCommandExecutor.createSession(AppiumCommandExecutor.java:178)
	at io.appium.java_client.remote.AppiumCommandExecutor.execute(AppiumCommandExecutor.java:243)
	at org.openqa.selenium.remote.RemoteWebDriver.execute(RemoteWebDriver.java:545)
	at io.appium.java_client.AppiumDriver.startSession(AppiumDriver.java:313)
	at org.openqa.selenium.remote.RemoteWebDriver.&lt;init&gt;(RemoteWebDriver.java:174)
	at io.appium.java_client.AppiumDriver.&lt;init&gt;(AppiumDriver.java:101)
	at io.appium.java_client.AppiumDriver.&lt;init&gt;(AppiumDriver.java:113)
	at io.appium.java_client.android.AndroidDriver.&lt;init&gt;(AndroidDriver.java:109)
	at Pays.posfinaltesting.BaseTest.ConfigureAppium(BaseTest.java:54)
	at java.base/java.util.ArrayList.forEach(ArrayList.java:1596)
... Removed 23 stack frames</div></td></tr></table><p class="totop"><a href="#summary">back to summary</a></p>
<h3 id="m99">Pays.posfinaltesting.OpenOderTest#Login</h3><table class="result"><tr><th class="invisible"/></tr></table><p class="totop"><a href="#summary">back to summary</a></p>
<h3 id="m100">Pays.posfinaltesting.OpenOderTest#tearDown</h3><table class="result"><tr><th class="invisible"/></tr></table><p class="totop"><a href="#summary">back to summary</a></p>
<h3 id="m101">Pays.posfinaltesting.OpenOderTest#OpenOrder_AddCustomer</h3><table class="result"><tr><th>Exception</th></tr><tr><td><div class="stacktrace">java.lang.Throwable: Method Pays.posfinaltesting.OpenOderTest.OpenOrder_AddCustomer() on instance Pays.posfinaltesting.OpenOderTest@2cc3ad05 depends on not successfully finished methods 
[Pays.posfinaltesting.OpenOderTest.OpenOrder_ChangeOrderType() on instance Pays.posfinaltesting.OpenOderTest@2cc3ad05]
	at java.base/java.util.ArrayList.forEach(ArrayList.java:1596)
... Removed 18 stack frames</div></td></tr></table><p class="totop"><a href="#summary">back to summary</a></p>
<h3 id="m102">Pays.posfinaltesting.OpenOderTest#OpenOrder_AddDiscount</h3><table class="result"><tr><th>Exception</th></tr><tr><td><div class="stacktrace">java.lang.Throwable: Method Pays.posfinaltesting.OpenOderTest.OpenOrder_AddDiscount() on instance Pays.posfinaltesting.OpenOderTest@2cc3ad05 depends on not successfully finished methods 
[Pays.posfinaltesting.OpenOderTest.OpenOrder_AddOrderNote() on instance Pays.posfinaltesting.OpenOderTest@2cc3ad05]
	at java.base/java.util.ArrayList.forEach(ArrayList.java:1596)
... Removed 18 stack frames</div></td></tr></table><p class="totop"><a href="#summary">back to summary</a></p>
<h3 id="m103">Pays.posfinaltesting.OpenOderTest#OpenOrder_AddManualItems</h3><table class="result"><tr><th>Exception</th></tr><tr><td><div class="stacktrace">java.lang.Throwable: Method Pays.posfinaltesting.OpenOderTest.OpenOrder_AddManualItems() on instance Pays.posfinaltesting.OpenOderTest@2cc3ad05 depends on not successfully finished methods 
[Pays.posfinaltesting.OpenOderTest.OpenOrder_ItemSelection() on instance Pays.posfinaltesting.OpenOderTest@2cc3ad05]
	at java.base/java.util.ArrayList.forEach(ArrayList.java:1596)
... Removed 18 stack frames</div></td></tr></table><p class="totop"><a href="#summary">back to summary</a></p>
<h3 id="m104">Pays.posfinaltesting.OpenOderTest#OpenOrder_AddOrderNote</h3><table class="result"><tr><th>Exception</th></tr><tr><td><div class="stacktrace">java.lang.Throwable: Method Pays.posfinaltesting.OpenOderTest.OpenOrder_AddOrderNote() on instance Pays.posfinaltesting.OpenOderTest@2cc3ad05 depends on not successfully finished methods 
[Pays.posfinaltesting.OpenOderTest.OpenOrder_UpdateOrder() on instance Pays.posfinaltesting.OpenOderTest@2cc3ad05]
	at java.base/java.util.ArrayList.forEach(ArrayList.java:1596)
... Removed 18 stack frames</div></td></tr></table><p class="totop"><a href="#summary">back to summary</a></p>
<h3 id="m105">Pays.posfinaltesting.OpenOderTest#OpenOrder_Cash_FullRefund_CheckCashLog</h3><table class="result"><tr><th>Exception</th></tr><tr><td><div class="stacktrace">java.lang.Throwable: Method Pays.posfinaltesting.OpenOderTest.OpenOrder_Cash_FullRefund_CheckCashLog() on instance Pays.posfinaltesting.OpenOderTest@2cc3ad05 depends on not successfully finished methods 
[Pays.posfinaltesting.OpenOderTest.OpenOrder_Cash_FullRefund_PrintReceipt() on instance Pays.posfinaltesting.OpenOderTest@2cc3ad05]
	at java.base/java.util.ArrayList.forEach(ArrayList.java:1596)
... Removed 18 stack frames</div></td></tr></table><p class="totop"><a href="#summary">back to summary</a></p>
<h3 id="m106">Pays.posfinaltesting.OpenOderTest#OpenOrder_Cash_FullRefund_Payment</h3><table class="result"><tr><th>Exception</th></tr><tr><td><div class="stacktrace">java.lang.Throwable: Method Pays.posfinaltesting.OpenOderTest.OpenOrder_Cash_FullRefund_Payment() on instance Pays.posfinaltesting.OpenOderTest@2cc3ad05 depends on not successfully finished methods 
[Pays.posfinaltesting.OpenOderTest.OpenOrder_Tip_AddTip() on instance Pays.posfinaltesting.OpenOderTest@2cc3ad05]
	at java.base/java.util.ArrayList.forEach(ArrayList.java:1596)
... Removed 18 stack frames</div></td></tr></table><p class="totop"><a href="#summary">back to summary</a></p>
<h3 id="m107">Pays.posfinaltesting.OpenOderTest#OpenOrder_Cash_FullRefund_PrintReceipt</h3><table class="result"><tr><th>Exception</th></tr><tr><td><div class="stacktrace">java.lang.Throwable: Method Pays.posfinaltesting.OpenOderTest.OpenOrder_Cash_FullRefund_PrintReceipt() on instance Pays.posfinaltesting.OpenOderTest@2cc3ad05 depends on not successfully finished methods 
[Pays.posfinaltesting.OpenOderTest.OpenOrder_Cash_FullRefund_SelectRefund() on instance Pays.posfinaltesting.OpenOderTest@2cc3ad05]
	at java.base/java.util.ArrayList.forEach(ArrayList.java:1596)
... Removed 18 stack frames</div></td></tr></table><p class="totop"><a href="#summary">back to summary</a></p>
<h3 id="m108">Pays.posfinaltesting.OpenOderTest#OpenOrder_Cash_FullRefund_SelectRefund</h3><table class="result"><tr><th>Exception</th></tr><tr><td><div class="stacktrace">java.lang.Throwable: Method Pays.posfinaltesting.OpenOderTest.OpenOrder_Cash_FullRefund_SelectRefund() on instance Pays.posfinaltesting.OpenOderTest@2cc3ad05 depends on not successfully finished methods 
[Pays.posfinaltesting.OpenOderTest.OpenOrder_Cash_FullRefund_Payment() on instance Pays.posfinaltesting.OpenOderTest@2cc3ad05]
	at java.base/java.util.ArrayList.forEach(ArrayList.java:1596)
... Removed 18 stack frames</div></td></tr></table><p class="totop"><a href="#summary">back to summary</a></p>
<h3 id="m109">Pays.posfinaltesting.OpenOderTest#OpenOrder_ChangeOrderType</h3><table class="result"><tr><th>Exception</th></tr><tr><td><div class="stacktrace">java.lang.Throwable: Method Pays.posfinaltesting.OpenOderTest.OpenOrder_ChangeOrderType() on instance Pays.posfinaltesting.OpenOderTest@2cc3ad05 depends on not successfully finished methods 
[Pays.posfinaltesting.OpenOderTest.OpenOrder_AddDiscount() on instance Pays.posfinaltesting.OpenOderTest@2cc3ad05]
	at java.base/java.util.ArrayList.forEach(ArrayList.java:1596)
... Removed 18 stack frames</div></td></tr></table><p class="totop"><a href="#summary">back to summary</a></p>
<h3 id="m110">Pays.posfinaltesting.OpenOderTest#OpenOrder_CheckOrderType</h3><table class="result"><tr><th>Exception</th></tr><tr><td><div class="stacktrace">java.lang.Throwable: Method Pays.posfinaltesting.OpenOderTest.OpenOrder_CheckOrderType() on instance Pays.posfinaltesting.OpenOderTest@2cc3ad05 depends on not successfully finished methods 
[Pays.posfinaltesting.OpenOderTest.OpenOrder_SaveOrder() on instance Pays.posfinaltesting.OpenOderTest@2cc3ad05]
	at java.base/java.util.ArrayList.forEach(ArrayList.java:1596)
... Removed 18 stack frames</div></td></tr></table><p class="totop"><a href="#summary">back to summary</a></p>
<h3 id="m111">Pays.posfinaltesting.OpenOderTest#OpenOrder_ItemSelection</h3><table class="result"><tr><th>Exception</th></tr><tr><td><div class="stacktrace">java.lang.Throwable: Method Pays.posfinaltesting.OpenOderTest.OpenOrder_ItemSelection() on instance Pays.posfinaltesting.OpenOderTest@2cc3ad05 depends on not successfully finished methods 
[Pays.posfinaltesting.OpenOderTest.OpenOrder_SelectOpenOrder() on instance Pays.posfinaltesting.OpenOderTest@2cc3ad05]
	at java.base/java.util.ArrayList.forEach(ArrayList.java:1596)
... Removed 18 stack frames</div></td></tr></table><p class="totop"><a href="#summary">back to summary</a></p>
<h3 id="m112">Pays.posfinaltesting.OpenOderTest#OpenOrder_Loyalty_AppliedLoyaltyPoint</h3><table class="result"><tr><th>Exception</th></tr><tr><td><div class="stacktrace">java.lang.Throwable: Method Pays.posfinaltesting.OpenOderTest.OpenOrder_Loyalty_AppliedLoyaltyPoint() on instance Pays.posfinaltesting.OpenOderTest@2cc3ad05 depends on not successfully finished methods 
[Pays.posfinaltesting.OpenOderTest.OpenOrder_AddCustomer() on instance Pays.posfinaltesting.OpenOderTest@2cc3ad05]
	at java.base/java.util.ArrayList.forEach(ArrayList.java:1596)
... Removed 18 stack frames</div></td></tr></table><p class="totop"><a href="#summary">back to summary</a></p>
<h3 id="m113">Pays.posfinaltesting.OpenOderTest#OpenOrder_RemoveItem</h3><table class="result"><tr><th>Exception</th></tr><tr><td><div class="stacktrace">java.lang.Throwable: Method Pays.posfinaltesting.OpenOderTest.OpenOrder_RemoveItem() on instance Pays.posfinaltesting.OpenOderTest@2cc3ad05 depends on not successfully finished methods 
[Pays.posfinaltesting.OpenOderTest.OpenOrder_UpdateItem() on instance Pays.posfinaltesting.OpenOderTest@2cc3ad05]
	at java.base/java.util.ArrayList.forEach(ArrayList.java:1596)
... Removed 18 stack frames</div></td></tr></table><p class="totop"><a href="#summary">back to summary</a></p>
<h3 id="m114">Pays.posfinaltesting.OpenOderTest#OpenOrder_SaveOrder</h3><table class="result"><tr><th>Exception</th></tr><tr><td><div class="stacktrace">java.lang.Throwable: Method Pays.posfinaltesting.OpenOderTest.OpenOrder_SaveOrder() on instance Pays.posfinaltesting.OpenOderTest@2cc3ad05 depends on not successfully finished methods 
[Pays.posfinaltesting.OpenOderTest.OpenOrder_RemoveItem() on instance Pays.posfinaltesting.OpenOderTest@2cc3ad05]
	at java.base/java.util.ArrayList.forEach(ArrayList.java:1596)
... Removed 18 stack frames</div></td></tr></table><p class="totop"><a href="#summary">back to summary</a></p>
<h3 id="m115">Pays.posfinaltesting.OpenOderTest#OpenOrder_SelectOpenOrder</h3><table class="result"><tr><th>Exception</th></tr><tr><td><div class="stacktrace">java.lang.Throwable: Method Pays.posfinaltesting.OpenOderTest.OpenOrder_SelectOpenOrder() on instance Pays.posfinaltesting.OpenOderTest@2cc3ad05 depends on not successfully finished methods 
[Pays.posfinaltesting.OpenOderTest.OpenOrder_Setup() on instance Pays.posfinaltesting.OpenOderTest@2cc3ad05]
	at java.base/java.util.ArrayList.forEach(ArrayList.java:1596)
... Removed 18 stack frames</div></td></tr></table><p class="totop"><a href="#summary">back to summary</a></p>
<h3 id="m116">Pays.posfinaltesting.OpenOderTest#OpenOrder_Setup</h3><table class="result"><tr><th>Exception</th></tr><tr><td><div class="stacktrace">org.openqa.selenium.SessionNotCreatedException: Could not start a new session. Response code 500. Message: An unknown server-side error occurred while processing the command. Original error: Error getting device API level. Original error: Error executing adbExec. Original error: &apos;Command &apos;C:\\Users\\prati\\AppData\\Local\\Android\\Sdk\\platform-tools\\adb.exe -P 5037 -s 2290080791 shell getprop ro.build.version.sdk&apos; exited with code 255&apos;; Command output: &lt;empty&gt; 
Host info: host: &apos;PRATIK&apos;, ip: &apos;192.168.0.234&apos;
Build info: version: &apos;4.29.0&apos;, revision: &apos;5fc1ec94cb&apos;
System info: os.name: &apos;Windows 11&apos;, os.arch: &apos;amd64&apos;, os.version: &apos;10.0&apos;, java.version: &apos;21.0.6&apos;
Driver info: io.appium.java_client.android.AndroidDriver
Command: [null, newSession {capabilities=[Capabilities {appium:app: E:\EclipseWorkspace\posfina..., appium:appActivity: com.pays.pos.ui.activities...., appium:appPackage: com.pays.pos, appium:autoGrantPermissions: true, appium:automationName: UIAutomator2, appium:deviceName: LANDI C20pro, appium:newCommandTimeout: 10000, platformName: ANDROID}]}]
Capabilities {appium:app: E:\EclipseWorkspace\posfina..., appium:appActivity: com.pays.pos.ui.activities...., appium:appPackage: com.pays.pos, appium:autoGrantPermissions: true, appium:automationName: UIAutomator2, appium:deviceName: LANDI C20pro, appium:newCommandTimeout: 10000, platformName: ANDROID}
	at org.openqa.selenium.remote.ProtocolHandshake.createSession(ProtocolHandshake.java:114)
	at org.openqa.selenium.remote.ProtocolHandshake.createSession(ProtocolHandshake.java:75)
	at org.openqa.selenium.remote.ProtocolHandshake.createSession(ProtocolHandshake.java:61)
	at io.appium.java_client.remote.AppiumCommandExecutor.createSession(AppiumCommandExecutor.java:178)
	at io.appium.java_client.remote.AppiumCommandExecutor.execute(AppiumCommandExecutor.java:243)
	at org.openqa.selenium.remote.RemoteWebDriver.execute(RemoteWebDriver.java:545)
	at io.appium.java_client.AppiumDriver.startSession(AppiumDriver.java:313)
	at org.openqa.selenium.remote.RemoteWebDriver.&lt;init&gt;(RemoteWebDriver.java:174)
	at io.appium.java_client.AppiumDriver.&lt;init&gt;(AppiumDriver.java:101)
	at io.appium.java_client.AppiumDriver.&lt;init&gt;(AppiumDriver.java:113)
	at io.appium.java_client.android.AndroidDriver.&lt;init&gt;(AndroidDriver.java:109)
	at Pays.posfinaltesting.BaseTest.ConfigureAppium(BaseTest.java:54)
	at java.base/java.util.ArrayList.forEach(ArrayList.java:1596)
... Removed 23 stack frames</div></td></tr></table><p class="totop"><a href="#summary">back to summary</a></p>
<h3 id="m117">Pays.posfinaltesting.OpenOderTest#OpenOrder_Tip_AddTip</h3><table class="result"><tr><th>Exception</th></tr><tr><td><div class="stacktrace">java.lang.Throwable: Method Pays.posfinaltesting.OpenOderTest.OpenOrder_Tip_AddTip() on instance Pays.posfinaltesting.OpenOderTest@2cc3ad05 depends on not successfully finished methods 
[Pays.posfinaltesting.OpenOderTest.OpenOrder_Transaction() on instance Pays.posfinaltesting.OpenOderTest@2cc3ad05]
	at java.base/java.util.ArrayList.forEach(ArrayList.java:1596)
... Removed 18 stack frames</div></td></tr></table><p class="totop"><a href="#summary">back to summary</a></p>
<h3 id="m118">Pays.posfinaltesting.OpenOderTest#OpenOrder_Transaction</h3><table class="result"><tr><th>Exception</th></tr><tr><td><div class="stacktrace">java.lang.Throwable: Method Pays.posfinaltesting.OpenOderTest.OpenOrder_Transaction() on instance Pays.posfinaltesting.OpenOderTest@2cc3ad05 depends on not successfully finished methods 
[Pays.posfinaltesting.OpenOderTest.OpenOrder_AddCustomer() on instance Pays.posfinaltesting.OpenOderTest@2cc3ad05]
	at java.base/java.util.ArrayList.forEach(ArrayList.java:1596)
... Removed 18 stack frames</div></td></tr></table><p class="totop"><a href="#summary">back to summary</a></p>
<h3 id="m119">Pays.posfinaltesting.OpenOderTest#OpenOrder_UpdateItem</h3><table class="result"><tr><th>Exception</th></tr><tr><td><div class="stacktrace">java.lang.Throwable: Method Pays.posfinaltesting.OpenOderTest.OpenOrder_UpdateItem() on instance Pays.posfinaltesting.OpenOderTest@2cc3ad05 depends on not successfully finished methods 
[Pays.posfinaltesting.OpenOderTest.OpenOrder_AddManualItems() on instance Pays.posfinaltesting.OpenOderTest@2cc3ad05]
	at java.base/java.util.ArrayList.forEach(ArrayList.java:1596)
... Removed 18 stack frames</div></td></tr></table><p class="totop"><a href="#summary">back to summary</a></p>
<h3 id="m120">Pays.posfinaltesting.OpenOderTest#OpenOrder_UpdateOrder</h3><table class="result"><tr><th>Exception</th></tr><tr><td><div class="stacktrace">java.lang.Throwable: Method Pays.posfinaltesting.OpenOderTest.OpenOrder_UpdateOrder() on instance Pays.posfinaltesting.OpenOderTest@2cc3ad05 depends on not successfully finished methods 
[Pays.posfinaltesting.OpenOderTest.OpenOrder_CheckOrderType() on instance Pays.posfinaltesting.OpenOderTest@2cc3ad05]
	at java.base/java.util.ArrayList.forEach(ArrayList.java:1596)
... Removed 18 stack frames</div></td></tr></table><p class="totop"><a href="#summary">back to summary</a></p>
<h2> Cash_ItemwiseRefundPaymentTest</h2><h3 id="m121">Pays.posfinaltesting.OpenOderTest#ConfigureAppium</h3><table class="result"><tr><th>Exception</th></tr><tr><td><div class="stacktrace">org.openqa.selenium.SessionNotCreatedException: Could not start a new session. Response code 500. Message: An unknown server-side error occurred while processing the command. Original error: Error getting device API level. Original error: Error executing adbExec. Original error: &apos;Command &apos;C:\\Users\\prati\\AppData\\Local\\Android\\Sdk\\platform-tools\\adb.exe -P 5037 -s 2290080791 shell getprop ro.build.version.sdk&apos; exited with code 255&apos;; Command output: &lt;empty&gt; 
Host info: host: &apos;PRATIK&apos;, ip: &apos;192.168.0.234&apos;
Build info: version: &apos;4.29.0&apos;, revision: &apos;5fc1ec94cb&apos;
System info: os.name: &apos;Windows 11&apos;, os.arch: &apos;amd64&apos;, os.version: &apos;10.0&apos;, java.version: &apos;21.0.6&apos;
Driver info: io.appium.java_client.android.AndroidDriver
Command: [null, newSession {capabilities=[Capabilities {appium:app: E:\EclipseWorkspace\posfina..., appium:appActivity: com.pays.pos.ui.activities...., appium:appPackage: com.pays.pos, appium:autoGrantPermissions: true, appium:automationName: UIAutomator2, appium:deviceName: LANDI C20pro, appium:newCommandTimeout: 10000, platformName: ANDROID}]}]
Capabilities {appium:app: E:\EclipseWorkspace\posfina..., appium:appActivity: com.pays.pos.ui.activities...., appium:appPackage: com.pays.pos, appium:autoGrantPermissions: true, appium:automationName: UIAutomator2, appium:deviceName: LANDI C20pro, appium:newCommandTimeout: 10000, platformName: ANDROID}
	at org.openqa.selenium.remote.ProtocolHandshake.createSession(ProtocolHandshake.java:114)
	at org.openqa.selenium.remote.ProtocolHandshake.createSession(ProtocolHandshake.java:75)
	at org.openqa.selenium.remote.ProtocolHandshake.createSession(ProtocolHandshake.java:61)
	at io.appium.java_client.remote.AppiumCommandExecutor.createSession(AppiumCommandExecutor.java:178)
	at io.appium.java_client.remote.AppiumCommandExecutor.execute(AppiumCommandExecutor.java:243)
	at org.openqa.selenium.remote.RemoteWebDriver.execute(RemoteWebDriver.java:545)
	at io.appium.java_client.AppiumDriver.startSession(AppiumDriver.java:313)
	at org.openqa.selenium.remote.RemoteWebDriver.&lt;init&gt;(RemoteWebDriver.java:174)
	at io.appium.java_client.AppiumDriver.&lt;init&gt;(AppiumDriver.java:101)
	at io.appium.java_client.AppiumDriver.&lt;init&gt;(AppiumDriver.java:113)
	at io.appium.java_client.android.AndroidDriver.&lt;init&gt;(AndroidDriver.java:109)
	at Pays.posfinaltesting.BaseTest.ConfigureAppium(BaseTest.java:54)
	at java.base/java.util.ArrayList.forEach(ArrayList.java:1596)
... Removed 23 stack frames</div></td></tr></table><p class="totop"><a href="#summary">back to summary</a></p>
<h3 id="m122">Pays.posfinaltesting.OpenOderTest#Login</h3><table class="result"><tr><th class="invisible"/></tr></table><p class="totop"><a href="#summary">back to summary</a></p>
<h3 id="m123">Pays.posfinaltesting.OpenOderTest#tearDown</h3><table class="result"><tr><th class="invisible"/></tr></table><p class="totop"><a href="#summary">back to summary</a></p>
<h3 id="m124">Pays.posfinaltesting.OpenOderTest#OpenOrder_AddCustomer</h3><table class="result"><tr><th>Exception</th></tr><tr><td><div class="stacktrace">java.lang.Throwable: Method Pays.posfinaltesting.OpenOderTest.OpenOrder_AddCustomer() on instance Pays.posfinaltesting.OpenOderTest@c055c54 depends on not successfully finished methods 
[Pays.posfinaltesting.OpenOderTest.OpenOrder_ChangeOrderType() on instance Pays.posfinaltesting.OpenOderTest@c055c54]
	at java.base/java.util.ArrayList.forEach(ArrayList.java:1596)
... Removed 18 stack frames</div></td></tr></table><p class="totop"><a href="#summary">back to summary</a></p>
<h3 id="m125">Pays.posfinaltesting.OpenOderTest#OpenOrder_AddDiscount</h3><table class="result"><tr><th>Exception</th></tr><tr><td><div class="stacktrace">java.lang.Throwable: Method Pays.posfinaltesting.OpenOderTest.OpenOrder_AddDiscount() on instance Pays.posfinaltesting.OpenOderTest@c055c54 depends on not successfully finished methods 
[Pays.posfinaltesting.OpenOderTest.OpenOrder_AddOrderNote() on instance Pays.posfinaltesting.OpenOderTest@c055c54]
	at java.base/java.util.ArrayList.forEach(ArrayList.java:1596)
... Removed 18 stack frames</div></td></tr></table><p class="totop"><a href="#summary">back to summary</a></p>
<h3 id="m126">Pays.posfinaltesting.OpenOderTest#OpenOrder_AddManualItems</h3><table class="result"><tr><th>Exception</th></tr><tr><td><div class="stacktrace">java.lang.Throwable: Method Pays.posfinaltesting.OpenOderTest.OpenOrder_AddManualItems() on instance Pays.posfinaltesting.OpenOderTest@c055c54 depends on not successfully finished methods 
[Pays.posfinaltesting.OpenOderTest.OpenOrder_ItemSelection() on instance Pays.posfinaltesting.OpenOderTest@c055c54]
	at java.base/java.util.ArrayList.forEach(ArrayList.java:1596)
... Removed 18 stack frames</div></td></tr></table><p class="totop"><a href="#summary">back to summary</a></p>
<h3 id="m127">Pays.posfinaltesting.OpenOderTest#OpenOrder_AddOrderNote</h3><table class="result"><tr><th>Exception</th></tr><tr><td><div class="stacktrace">java.lang.Throwable: Method Pays.posfinaltesting.OpenOderTest.OpenOrder_AddOrderNote() on instance Pays.posfinaltesting.OpenOderTest@c055c54 depends on not successfully finished methods 
[Pays.posfinaltesting.OpenOderTest.OpenOrder_UpdateOrder() on instance Pays.posfinaltesting.OpenOderTest@c055c54]
	at java.base/java.util.ArrayList.forEach(ArrayList.java:1596)
... Removed 18 stack frames</div></td></tr></table><p class="totop"><a href="#summary">back to summary</a></p>
<h3 id="m128">Pays.posfinaltesting.OpenOderTest#OpenOrder_Cash_RefundItemWise_CheckCashLog</h3><table class="result"><tr><th>Exception</th></tr><tr><td><div class="stacktrace">java.lang.Throwable: Method Pays.posfinaltesting.OpenOderTest.OpenOrder_Cash_RefundItemWise_CheckCashLog() on instance Pays.posfinaltesting.OpenOderTest@c055c54 depends on not successfully finished methods 
[Pays.posfinaltesting.OpenOderTest.OpenOrder_Cash_RefundItemWise_PrintReceipt() on instance Pays.posfinaltesting.OpenOderTest@c055c54]
	at java.base/java.util.ArrayList.forEach(ArrayList.java:1596)
... Removed 18 stack frames</div></td></tr></table><p class="totop"><a href="#summary">back to summary</a></p>
<h3 id="m129">Pays.posfinaltesting.OpenOderTest#OpenOrder_Cash_RefundItemWise_Payment</h3><table class="result"><tr><th>Exception</th></tr><tr><td><div class="stacktrace">java.lang.Throwable: Method Pays.posfinaltesting.OpenOderTest.OpenOrder_Cash_RefundItemWise_Payment() on instance Pays.posfinaltesting.OpenOderTest@c055c54 depends on not successfully finished methods 
[Pays.posfinaltesting.OpenOderTest.OpenOrder_Tip_AddTip() on instance Pays.posfinaltesting.OpenOderTest@c055c54]
	at java.base/java.util.ArrayList.forEach(ArrayList.java:1596)
... Removed 18 stack frames</div></td></tr></table><p class="totop"><a href="#summary">back to summary</a></p>
<h3 id="m130">Pays.posfinaltesting.OpenOderTest#OpenOrder_Cash_RefundItemWise_PrintReceipt</h3><table class="result"><tr><th>Exception</th></tr><tr><td><div class="stacktrace">java.lang.Throwable: Method Pays.posfinaltesting.OpenOderTest.OpenOrder_Cash_RefundItemWise_PrintReceipt() on instance Pays.posfinaltesting.OpenOderTest@c055c54 depends on not successfully finished methods 
[Pays.posfinaltesting.OpenOderTest.OpenOrder_Cash_RefundItemWise_SelectRefund() on instance Pays.posfinaltesting.OpenOderTest@c055c54]
	at java.base/java.util.ArrayList.forEach(ArrayList.java:1596)
... Removed 18 stack frames</div></td></tr></table><p class="totop"><a href="#summary">back to summary</a></p>
<h3 id="m131">Pays.posfinaltesting.OpenOderTest#OpenOrder_Cash_RefundItemWise_SelectRefund</h3><table class="result"><tr><th>Exception</th></tr><tr><td><div class="stacktrace">java.lang.Throwable: Method Pays.posfinaltesting.OpenOderTest.OpenOrder_Cash_RefundItemWise_SelectRefund() on instance Pays.posfinaltesting.OpenOderTest@c055c54 depends on not successfully finished methods 
[Pays.posfinaltesting.OpenOderTest.OpenOrder_Cash_RefundItemWise_Payment() on instance Pays.posfinaltesting.OpenOderTest@c055c54]
	at java.base/java.util.ArrayList.forEach(ArrayList.java:1596)
... Removed 18 stack frames</div></td></tr></table><p class="totop"><a href="#summary">back to summary</a></p>
<h3 id="m132">Pays.posfinaltesting.OpenOderTest#OpenOrder_ChangeOrderType</h3><table class="result"><tr><th>Exception</th></tr><tr><td><div class="stacktrace">java.lang.Throwable: Method Pays.posfinaltesting.OpenOderTest.OpenOrder_ChangeOrderType() on instance Pays.posfinaltesting.OpenOderTest@c055c54 depends on not successfully finished methods 
[Pays.posfinaltesting.OpenOderTest.OpenOrder_AddDiscount() on instance Pays.posfinaltesting.OpenOderTest@c055c54]
	at java.base/java.util.ArrayList.forEach(ArrayList.java:1596)
... Removed 18 stack frames</div></td></tr></table><p class="totop"><a href="#summary">back to summary</a></p>
<h3 id="m133">Pays.posfinaltesting.OpenOderTest#OpenOrder_CheckOrderType</h3><table class="result"><tr><th>Exception</th></tr><tr><td><div class="stacktrace">java.lang.Throwable: Method Pays.posfinaltesting.OpenOderTest.OpenOrder_CheckOrderType() on instance Pays.posfinaltesting.OpenOderTest@c055c54 depends on not successfully finished methods 
[Pays.posfinaltesting.OpenOderTest.OpenOrder_SaveOrder() on instance Pays.posfinaltesting.OpenOderTest@c055c54]
	at java.base/java.util.ArrayList.forEach(ArrayList.java:1596)
... Removed 18 stack frames</div></td></tr></table><p class="totop"><a href="#summary">back to summary</a></p>
<h3 id="m134">Pays.posfinaltesting.OpenOderTest#OpenOrder_ItemSelection</h3><table class="result"><tr><th>Exception</th></tr><tr><td><div class="stacktrace">java.lang.Throwable: Method Pays.posfinaltesting.OpenOderTest.OpenOrder_ItemSelection() on instance Pays.posfinaltesting.OpenOderTest@c055c54 depends on not successfully finished methods 
[Pays.posfinaltesting.OpenOderTest.OpenOrder_SelectOpenOrder() on instance Pays.posfinaltesting.OpenOderTest@c055c54]
	at java.base/java.util.ArrayList.forEach(ArrayList.java:1596)
... Removed 18 stack frames</div></td></tr></table><p class="totop"><a href="#summary">back to summary</a></p>
<h3 id="m135">Pays.posfinaltesting.OpenOderTest#OpenOrder_RemoveItem</h3><table class="result"><tr><th>Exception</th></tr><tr><td><div class="stacktrace">java.lang.Throwable: Method Pays.posfinaltesting.OpenOderTest.OpenOrder_RemoveItem() on instance Pays.posfinaltesting.OpenOderTest@c055c54 depends on not successfully finished methods 
[Pays.posfinaltesting.OpenOderTest.OpenOrder_UpdateItem() on instance Pays.posfinaltesting.OpenOderTest@c055c54]
	at java.base/java.util.ArrayList.forEach(ArrayList.java:1596)
... Removed 18 stack frames</div></td></tr></table><p class="totop"><a href="#summary">back to summary</a></p>
<h3 id="m136">Pays.posfinaltesting.OpenOderTest#OpenOrder_SaveOrder</h3><table class="result"><tr><th>Exception</th></tr><tr><td><div class="stacktrace">java.lang.Throwable: Method Pays.posfinaltesting.OpenOderTest.OpenOrder_SaveOrder() on instance Pays.posfinaltesting.OpenOderTest@c055c54 depends on not successfully finished methods 
[Pays.posfinaltesting.OpenOderTest.OpenOrder_RemoveItem() on instance Pays.posfinaltesting.OpenOderTest@c055c54]
	at java.base/java.util.ArrayList.forEach(ArrayList.java:1596)
... Removed 18 stack frames</div></td></tr></table><p class="totop"><a href="#summary">back to summary</a></p>
<h3 id="m137">Pays.posfinaltesting.OpenOderTest#OpenOrder_SelectOpenOrder</h3><table class="result"><tr><th>Exception</th></tr><tr><td><div class="stacktrace">java.lang.Throwable: Method Pays.posfinaltesting.OpenOderTest.OpenOrder_SelectOpenOrder() on instance Pays.posfinaltesting.OpenOderTest@c055c54 depends on not successfully finished methods 
[Pays.posfinaltesting.OpenOderTest.OpenOrder_Setup() on instance Pays.posfinaltesting.OpenOderTest@c055c54]
	at java.base/java.util.ArrayList.forEach(ArrayList.java:1596)
... Removed 18 stack frames</div></td></tr></table><p class="totop"><a href="#summary">back to summary</a></p>
<h3 id="m138">Pays.posfinaltesting.OpenOderTest#OpenOrder_Setup</h3><table class="result"><tr><th>Exception</th></tr><tr><td><div class="stacktrace">org.openqa.selenium.SessionNotCreatedException: Could not start a new session. Response code 500. Message: An unknown server-side error occurred while processing the command. Original error: Error getting device API level. Original error: Error executing adbExec. Original error: &apos;Command &apos;C:\\Users\\prati\\AppData\\Local\\Android\\Sdk\\platform-tools\\adb.exe -P 5037 -s 2290080791 shell getprop ro.build.version.sdk&apos; exited with code 255&apos;; Command output: &lt;empty&gt; 
Host info: host: &apos;PRATIK&apos;, ip: &apos;192.168.0.234&apos;
Build info: version: &apos;4.29.0&apos;, revision: &apos;5fc1ec94cb&apos;
System info: os.name: &apos;Windows 11&apos;, os.arch: &apos;amd64&apos;, os.version: &apos;10.0&apos;, java.version: &apos;21.0.6&apos;
Driver info: io.appium.java_client.android.AndroidDriver
Command: [null, newSession {capabilities=[Capabilities {appium:app: E:\EclipseWorkspace\posfina..., appium:appActivity: com.pays.pos.ui.activities...., appium:appPackage: com.pays.pos, appium:autoGrantPermissions: true, appium:automationName: UIAutomator2, appium:deviceName: LANDI C20pro, appium:newCommandTimeout: 10000, platformName: ANDROID}]}]
Capabilities {appium:app: E:\EclipseWorkspace\posfina..., appium:appActivity: com.pays.pos.ui.activities...., appium:appPackage: com.pays.pos, appium:autoGrantPermissions: true, appium:automationName: UIAutomator2, appium:deviceName: LANDI C20pro, appium:newCommandTimeout: 10000, platformName: ANDROID}
	at org.openqa.selenium.remote.ProtocolHandshake.createSession(ProtocolHandshake.java:114)
	at org.openqa.selenium.remote.ProtocolHandshake.createSession(ProtocolHandshake.java:75)
	at org.openqa.selenium.remote.ProtocolHandshake.createSession(ProtocolHandshake.java:61)
	at io.appium.java_client.remote.AppiumCommandExecutor.createSession(AppiumCommandExecutor.java:178)
	at io.appium.java_client.remote.AppiumCommandExecutor.execute(AppiumCommandExecutor.java:243)
	at org.openqa.selenium.remote.RemoteWebDriver.execute(RemoteWebDriver.java:545)
	at io.appium.java_client.AppiumDriver.startSession(AppiumDriver.java:313)
	at org.openqa.selenium.remote.RemoteWebDriver.&lt;init&gt;(RemoteWebDriver.java:174)
	at io.appium.java_client.AppiumDriver.&lt;init&gt;(AppiumDriver.java:101)
	at io.appium.java_client.AppiumDriver.&lt;init&gt;(AppiumDriver.java:113)
	at io.appium.java_client.android.AndroidDriver.&lt;init&gt;(AndroidDriver.java:109)
	at Pays.posfinaltesting.BaseTest.ConfigureAppium(BaseTest.java:54)
	at java.base/java.util.ArrayList.forEach(ArrayList.java:1596)
... Removed 23 stack frames</div></td></tr></table><p class="totop"><a href="#summary">back to summary</a></p>
<h3 id="m139">Pays.posfinaltesting.OpenOderTest#OpenOrder_Tip_AddTip</h3><table class="result"><tr><th>Exception</th></tr><tr><td><div class="stacktrace">java.lang.Throwable: Method Pays.posfinaltesting.OpenOderTest.OpenOrder_Tip_AddTip() on instance Pays.posfinaltesting.OpenOderTest@c055c54 depends on not successfully finished methods 
[Pays.posfinaltesting.OpenOderTest.OpenOrder_Transaction() on instance Pays.posfinaltesting.OpenOderTest@c055c54]
	at java.base/java.util.ArrayList.forEach(ArrayList.java:1596)
... Removed 18 stack frames</div></td></tr></table><p class="totop"><a href="#summary">back to summary</a></p>
<h3 id="m140">Pays.posfinaltesting.OpenOderTest#OpenOrder_Transaction</h3><table class="result"><tr><th>Exception</th></tr><tr><td><div class="stacktrace">java.lang.Throwable: Method Pays.posfinaltesting.OpenOderTest.OpenOrder_Transaction() on instance Pays.posfinaltesting.OpenOderTest@c055c54 depends on not successfully finished methods 
[Pays.posfinaltesting.OpenOderTest.OpenOrder_AddCustomer() on instance Pays.posfinaltesting.OpenOderTest@c055c54]
	at java.base/java.util.ArrayList.forEach(ArrayList.java:1596)
... Removed 18 stack frames</div></td></tr></table><p class="totop"><a href="#summary">back to summary</a></p>
<h3 id="m141">Pays.posfinaltesting.OpenOderTest#OpenOrder_UpdateItem</h3><table class="result"><tr><th>Exception</th></tr><tr><td><div class="stacktrace">java.lang.Throwable: Method Pays.posfinaltesting.OpenOderTest.OpenOrder_UpdateItem() on instance Pays.posfinaltesting.OpenOderTest@c055c54 depends on not successfully finished methods 
[Pays.posfinaltesting.OpenOderTest.OpenOrder_AddManualItems() on instance Pays.posfinaltesting.OpenOderTest@c055c54]
	at java.base/java.util.ArrayList.forEach(ArrayList.java:1596)
... Removed 18 stack frames</div></td></tr></table><p class="totop"><a href="#summary">back to summary</a></p>
<h3 id="m142">Pays.posfinaltesting.OpenOderTest#OpenOrder_UpdateOrder</h3><table class="result"><tr><th>Exception</th></tr><tr><td><div class="stacktrace">java.lang.Throwable: Method Pays.posfinaltesting.OpenOderTest.OpenOrder_UpdateOrder() on instance Pays.posfinaltesting.OpenOderTest@c055c54 depends on not successfully finished methods 
[Pays.posfinaltesting.OpenOderTest.OpenOrder_CheckOrderType() on instance Pays.posfinaltesting.OpenOderTest@c055c54]
	at java.base/java.util.ArrayList.forEach(ArrayList.java:1596)
... Removed 18 stack frames</div></td></tr></table><p class="totop"><a href="#summary">back to summary</a></p>
<h2>Card_RefundPaymentTest</h2><h3 id="m143">Pays.posfinaltesting.OpenOderTest#ConfigureAppium</h3><table class="result"><tr><th>Exception</th></tr><tr><td><div class="stacktrace">org.openqa.selenium.SessionNotCreatedException: Could not start a new session. Response code 500. Message: An unknown server-side error occurred while processing the command. Original error: Error getting device API level. Original error: Error executing adbExec. Original error: &apos;Command &apos;C:\\Users\\prati\\AppData\\Local\\Android\\Sdk\\platform-tools\\adb.exe -P 5037 -s 2290080791 shell getprop ro.build.version.sdk&apos; exited with code 255&apos;; Command output: &lt;empty&gt; 
Host info: host: &apos;PRATIK&apos;, ip: &apos;192.168.0.234&apos;
Build info: version: &apos;4.29.0&apos;, revision: &apos;5fc1ec94cb&apos;
System info: os.name: &apos;Windows 11&apos;, os.arch: &apos;amd64&apos;, os.version: &apos;10.0&apos;, java.version: &apos;21.0.6&apos;
Driver info: io.appium.java_client.android.AndroidDriver
Command: [null, newSession {capabilities=[Capabilities {appium:app: E:\EclipseWorkspace\posfina..., appium:appActivity: com.pays.pos.ui.activities...., appium:appPackage: com.pays.pos, appium:autoGrantPermissions: true, appium:automationName: UIAutomator2, appium:deviceName: LANDI C20pro, appium:newCommandTimeout: 10000, platformName: ANDROID}]}]
Capabilities {appium:app: E:\EclipseWorkspace\posfina..., appium:appActivity: com.pays.pos.ui.activities...., appium:appPackage: com.pays.pos, appium:autoGrantPermissions: true, appium:automationName: UIAutomator2, appium:deviceName: LANDI C20pro, appium:newCommandTimeout: 10000, platformName: ANDROID}
	at org.openqa.selenium.remote.ProtocolHandshake.createSession(ProtocolHandshake.java:114)
	at org.openqa.selenium.remote.ProtocolHandshake.createSession(ProtocolHandshake.java:75)
	at org.openqa.selenium.remote.ProtocolHandshake.createSession(ProtocolHandshake.java:61)
	at io.appium.java_client.remote.AppiumCommandExecutor.createSession(AppiumCommandExecutor.java:178)
	at io.appium.java_client.remote.AppiumCommandExecutor.execute(AppiumCommandExecutor.java:243)
	at org.openqa.selenium.remote.RemoteWebDriver.execute(RemoteWebDriver.java:545)
	at io.appium.java_client.AppiumDriver.startSession(AppiumDriver.java:313)
	at org.openqa.selenium.remote.RemoteWebDriver.&lt;init&gt;(RemoteWebDriver.java:174)
	at io.appium.java_client.AppiumDriver.&lt;init&gt;(AppiumDriver.java:101)
	at io.appium.java_client.AppiumDriver.&lt;init&gt;(AppiumDriver.java:113)
	at io.appium.java_client.android.AndroidDriver.&lt;init&gt;(AndroidDriver.java:109)
	at Pays.posfinaltesting.BaseTest.ConfigureAppium(BaseTest.java:54)
	at java.base/java.util.ArrayList.forEach(ArrayList.java:1596)
... Removed 23 stack frames</div></td></tr></table><p class="totop"><a href="#summary">back to summary</a></p>
<h3 id="m144">Pays.posfinaltesting.OpenOderTest#Login</h3><table class="result"><tr><th class="invisible"/></tr></table><p class="totop"><a href="#summary">back to summary</a></p>
<h3 id="m145">Pays.posfinaltesting.OpenOderTest#tearDown</h3><table class="result"><tr><th class="invisible"/></tr></table><p class="totop"><a href="#summary">back to summary</a></p>
<h3 id="m146">Pays.posfinaltesting.OpenOderTest#OpenOrder_AddCustomer</h3><table class="result"><tr><th>Exception</th></tr><tr><td><div class="stacktrace">java.lang.Throwable: Method Pays.posfinaltesting.OpenOderTest.OpenOrder_AddCustomer() on instance Pays.posfinaltesting.OpenOderTest@55562aa9 depends on not successfully finished methods 
[Pays.posfinaltesting.OpenOderTest.OpenOrder_ChangeOrderType() on instance Pays.posfinaltesting.OpenOderTest@55562aa9]
	at java.base/java.util.ArrayList.forEach(ArrayList.java:1596)
... Removed 18 stack frames</div></td></tr></table><p class="totop"><a href="#summary">back to summary</a></p>
<h3 id="m147">Pays.posfinaltesting.OpenOderTest#OpenOrder_AddDiscount</h3><table class="result"><tr><th>Exception</th></tr><tr><td><div class="stacktrace">java.lang.Throwable: Method Pays.posfinaltesting.OpenOderTest.OpenOrder_AddDiscount() on instance Pays.posfinaltesting.OpenOderTest@55562aa9 depends on not successfully finished methods 
[Pays.posfinaltesting.OpenOderTest.OpenOrder_AddOrderNote() on instance Pays.posfinaltesting.OpenOderTest@55562aa9]
	at java.base/java.util.ArrayList.forEach(ArrayList.java:1596)
... Removed 18 stack frames</div></td></tr></table><p class="totop"><a href="#summary">back to summary</a></p>
<h3 id="m148">Pays.posfinaltesting.OpenOderTest#OpenOrder_AddManualItems</h3><table class="result"><tr><th>Exception</th></tr><tr><td><div class="stacktrace">java.lang.Throwable: Method Pays.posfinaltesting.OpenOderTest.OpenOrder_AddManualItems() on instance Pays.posfinaltesting.OpenOderTest@55562aa9 depends on not successfully finished methods 
[Pays.posfinaltesting.OpenOderTest.OpenOrder_ItemSelection() on instance Pays.posfinaltesting.OpenOderTest@55562aa9]
	at java.base/java.util.ArrayList.forEach(ArrayList.java:1596)
... Removed 18 stack frames</div></td></tr></table><p class="totop"><a href="#summary">back to summary</a></p>
<h3 id="m149">Pays.posfinaltesting.OpenOderTest#OpenOrder_AddOrderNote</h3><table class="result"><tr><th>Exception</th></tr><tr><td><div class="stacktrace">java.lang.Throwable: Method Pays.posfinaltesting.OpenOderTest.OpenOrder_AddOrderNote() on instance Pays.posfinaltesting.OpenOderTest@55562aa9 depends on not successfully finished methods 
[Pays.posfinaltesting.OpenOderTest.OpenOrder_UpdateOrder() on instance Pays.posfinaltesting.OpenOderTest@55562aa9]
	at java.base/java.util.ArrayList.forEach(ArrayList.java:1596)
... Removed 18 stack frames</div></td></tr></table><p class="totop"><a href="#summary">back to summary</a></p>
<h3 id="m150">Pays.posfinaltesting.OpenOderTest#OpenOrder_Card_FinalWayPayment</h3><table class="result"><tr><th>Exception</th></tr><tr><td><div class="stacktrace">java.lang.Throwable: Method Pays.posfinaltesting.OpenOderTest.OpenOrder_Card_FinalWayPayment() on instance Pays.posfinaltesting.OpenOderTest@55562aa9 depends on not successfully finished methods 
[Pays.posfinaltesting.OpenOderTest.OpenOrder_Tip_AddTip() on instance Pays.posfinaltesting.OpenOderTest@55562aa9]
	at java.base/java.util.ArrayList.forEach(ArrayList.java:1596)
... Removed 18 stack frames</div></td></tr></table><p class="totop"><a href="#summary">back to summary</a></p>
<h3 id="m151">Pays.posfinaltesting.OpenOderTest#OpenOrder_Card_Refund_PrintReceipt</h3><table class="result"><tr><th>Exception</th></tr><tr><td><div class="stacktrace">java.lang.Throwable: Method Pays.posfinaltesting.OpenOderTest.OpenOrder_Card_Refund_PrintReceipt() on instance Pays.posfinaltesting.OpenOderTest@55562aa9 depends on not successfully finished methods 
[Pays.posfinaltesting.OpenOderTest.OpenOrder_Card_Refund_SelectRefund() on instance Pays.posfinaltesting.OpenOderTest@55562aa9]
	at java.base/java.util.ArrayList.forEach(ArrayList.java:1596)
... Removed 18 stack frames</div></td></tr></table><p class="totop"><a href="#summary">back to summary</a></p>
<h3 id="m152">Pays.posfinaltesting.OpenOderTest#OpenOrder_Card_Refund_SelectRefund</h3><table class="result"><tr><th>Exception</th></tr><tr><td><div class="stacktrace">java.lang.Throwable: Method Pays.posfinaltesting.OpenOderTest.OpenOrder_Card_Refund_SelectRefund() on instance Pays.posfinaltesting.OpenOderTest@55562aa9 depends on not successfully finished methods 
[Pays.posfinaltesting.OpenOderTest.OpenOrder_Card_FinalWayPayment() on instance Pays.posfinaltesting.OpenOderTest@55562aa9]
	at java.base/java.util.ArrayList.forEach(ArrayList.java:1596)
... Removed 18 stack frames</div></td></tr></table><p class="totop"><a href="#summary">back to summary</a></p>
<h3 id="m153">Pays.posfinaltesting.OpenOderTest#OpenOrder_ChangeOrderType</h3><table class="result"><tr><th>Exception</th></tr><tr><td><div class="stacktrace">java.lang.Throwable: Method Pays.posfinaltesting.OpenOderTest.OpenOrder_ChangeOrderType() on instance Pays.posfinaltesting.OpenOderTest@55562aa9 depends on not successfully finished methods 
[Pays.posfinaltesting.OpenOderTest.OpenOrder_AddDiscount() on instance Pays.posfinaltesting.OpenOderTest@55562aa9]
	at java.base/java.util.ArrayList.forEach(ArrayList.java:1596)
... Removed 18 stack frames</div></td></tr></table><p class="totop"><a href="#summary">back to summary</a></p>
<h3 id="m154">Pays.posfinaltesting.OpenOderTest#OpenOrder_CheckOrderType</h3><table class="result"><tr><th>Exception</th></tr><tr><td><div class="stacktrace">java.lang.Throwable: Method Pays.posfinaltesting.OpenOderTest.OpenOrder_CheckOrderType() on instance Pays.posfinaltesting.OpenOderTest@55562aa9 depends on not successfully finished methods 
[Pays.posfinaltesting.OpenOderTest.OpenOrder_SaveOrder() on instance Pays.posfinaltesting.OpenOderTest@55562aa9]
	at java.base/java.util.ArrayList.forEach(ArrayList.java:1596)
... Removed 18 stack frames</div></td></tr></table><p class="totop"><a href="#summary">back to summary</a></p>
<h3 id="m155">Pays.posfinaltesting.OpenOderTest#OpenOrder_ItemSelection</h3><table class="result"><tr><th>Exception</th></tr><tr><td><div class="stacktrace">java.lang.Throwable: Method Pays.posfinaltesting.OpenOderTest.OpenOrder_ItemSelection() on instance Pays.posfinaltesting.OpenOderTest@55562aa9 depends on not successfully finished methods 
[Pays.posfinaltesting.OpenOderTest.OpenOrder_SelectOpenOrder() on instance Pays.posfinaltesting.OpenOderTest@55562aa9]
	at java.base/java.util.ArrayList.forEach(ArrayList.java:1596)
... Removed 18 stack frames</div></td></tr></table><p class="totop"><a href="#summary">back to summary</a></p>
<h3 id="m156">Pays.posfinaltesting.OpenOderTest#OpenOrder_Loyalty_AppliedLoyaltyPoint</h3><table class="result"><tr><th>Exception</th></tr><tr><td><div class="stacktrace">java.lang.Throwable: Method Pays.posfinaltesting.OpenOderTest.OpenOrder_Loyalty_AppliedLoyaltyPoint() on instance Pays.posfinaltesting.OpenOderTest@55562aa9 depends on not successfully finished methods 
[Pays.posfinaltesting.OpenOderTest.OpenOrder_AddCustomer() on instance Pays.posfinaltesting.OpenOderTest@55562aa9]
	at java.base/java.util.ArrayList.forEach(ArrayList.java:1596)
... Removed 18 stack frames</div></td></tr></table><p class="totop"><a href="#summary">back to summary</a></p>
<h3 id="m157">Pays.posfinaltesting.OpenOderTest#OpenOrder_RemoveItem</h3><table class="result"><tr><th>Exception</th></tr><tr><td><div class="stacktrace">java.lang.Throwable: Method Pays.posfinaltesting.OpenOderTest.OpenOrder_RemoveItem() on instance Pays.posfinaltesting.OpenOderTest@55562aa9 depends on not successfully finished methods 
[Pays.posfinaltesting.OpenOderTest.OpenOrder_UpdateItem() on instance Pays.posfinaltesting.OpenOderTest@55562aa9]
	at java.base/java.util.ArrayList.forEach(ArrayList.java:1596)
... Removed 18 stack frames</div></td></tr></table><p class="totop"><a href="#summary">back to summary</a></p>
<h3 id="m158">Pays.posfinaltesting.OpenOderTest#OpenOrder_SaveOrder</h3><table class="result"><tr><th>Exception</th></tr><tr><td><div class="stacktrace">java.lang.Throwable: Method Pays.posfinaltesting.OpenOderTest.OpenOrder_SaveOrder() on instance Pays.posfinaltesting.OpenOderTest@55562aa9 depends on not successfully finished methods 
[Pays.posfinaltesting.OpenOderTest.OpenOrder_RemoveItem() on instance Pays.posfinaltesting.OpenOderTest@55562aa9]
	at java.base/java.util.ArrayList.forEach(ArrayList.java:1596)
... Removed 18 stack frames</div></td></tr></table><p class="totop"><a href="#summary">back to summary</a></p>
<h3 id="m159">Pays.posfinaltesting.OpenOderTest#OpenOrder_SelectOpenOrder</h3><table class="result"><tr><th>Exception</th></tr><tr><td><div class="stacktrace">java.lang.Throwable: Method Pays.posfinaltesting.OpenOderTest.OpenOrder_SelectOpenOrder() on instance Pays.posfinaltesting.OpenOderTest@55562aa9 depends on not successfully finished methods 
[Pays.posfinaltesting.OpenOderTest.OpenOrder_Setup() on instance Pays.posfinaltesting.OpenOderTest@55562aa9]
	at java.base/java.util.ArrayList.forEach(ArrayList.java:1596)
... Removed 18 stack frames</div></td></tr></table><p class="totop"><a href="#summary">back to summary</a></p>
<h3 id="m160">Pays.posfinaltesting.OpenOderTest#OpenOrder_Setup</h3><table class="result"><tr><th>Exception</th></tr><tr><td><div class="stacktrace">org.openqa.selenium.SessionNotCreatedException: Could not start a new session. Response code 500. Message: An unknown server-side error occurred while processing the command. Original error: Error getting device API level. Original error: Error executing adbExec. Original error: &apos;Command &apos;C:\\Users\\prati\\AppData\\Local\\Android\\Sdk\\platform-tools\\adb.exe -P 5037 -s 2290080791 shell getprop ro.build.version.sdk&apos; exited with code 255&apos;; Command output: &lt;empty&gt; 
Host info: host: &apos;PRATIK&apos;, ip: &apos;192.168.0.234&apos;
Build info: version: &apos;4.29.0&apos;, revision: &apos;5fc1ec94cb&apos;
System info: os.name: &apos;Windows 11&apos;, os.arch: &apos;amd64&apos;, os.version: &apos;10.0&apos;, java.version: &apos;21.0.6&apos;
Driver info: io.appium.java_client.android.AndroidDriver
Command: [null, newSession {capabilities=[Capabilities {appium:app: E:\EclipseWorkspace\posfina..., appium:appActivity: com.pays.pos.ui.activities...., appium:appPackage: com.pays.pos, appium:autoGrantPermissions: true, appium:automationName: UIAutomator2, appium:deviceName: LANDI C20pro, appium:newCommandTimeout: 10000, platformName: ANDROID}]}]
Capabilities {appium:app: E:\EclipseWorkspace\posfina..., appium:appActivity: com.pays.pos.ui.activities...., appium:appPackage: com.pays.pos, appium:autoGrantPermissions: true, appium:automationName: UIAutomator2, appium:deviceName: LANDI C20pro, appium:newCommandTimeout: 10000, platformName: ANDROID}
	at org.openqa.selenium.remote.ProtocolHandshake.createSession(ProtocolHandshake.java:114)
	at org.openqa.selenium.remote.ProtocolHandshake.createSession(ProtocolHandshake.java:75)
	at org.openqa.selenium.remote.ProtocolHandshake.createSession(ProtocolHandshake.java:61)
	at io.appium.java_client.remote.AppiumCommandExecutor.createSession(AppiumCommandExecutor.java:178)
	at io.appium.java_client.remote.AppiumCommandExecutor.execute(AppiumCommandExecutor.java:243)
	at org.openqa.selenium.remote.RemoteWebDriver.execute(RemoteWebDriver.java:545)
	at io.appium.java_client.AppiumDriver.startSession(AppiumDriver.java:313)
	at org.openqa.selenium.remote.RemoteWebDriver.&lt;init&gt;(RemoteWebDriver.java:174)
	at io.appium.java_client.AppiumDriver.&lt;init&gt;(AppiumDriver.java:101)
	at io.appium.java_client.AppiumDriver.&lt;init&gt;(AppiumDriver.java:113)
	at io.appium.java_client.android.AndroidDriver.&lt;init&gt;(AndroidDriver.java:109)
	at Pays.posfinaltesting.BaseTest.ConfigureAppium(BaseTest.java:54)
	at java.base/java.util.ArrayList.forEach(ArrayList.java:1596)
... Removed 23 stack frames</div></td></tr></table><p class="totop"><a href="#summary">back to summary</a></p>
<h3 id="m161">Pays.posfinaltesting.OpenOderTest#OpenOrder_Tip_AddTip</h3><table class="result"><tr><th>Exception</th></tr><tr><td><div class="stacktrace">java.lang.Throwable: Method Pays.posfinaltesting.OpenOderTest.OpenOrder_Tip_AddTip() on instance Pays.posfinaltesting.OpenOderTest@55562aa9 depends on not successfully finished methods 
[Pays.posfinaltesting.OpenOderTest.OpenOrder_Transaction() on instance Pays.posfinaltesting.OpenOderTest@55562aa9]
	at java.base/java.util.ArrayList.forEach(ArrayList.java:1596)
... Removed 18 stack frames</div></td></tr></table><p class="totop"><a href="#summary">back to summary</a></p>
<h3 id="m162">Pays.posfinaltesting.OpenOderTest#OpenOrder_Transaction</h3><table class="result"><tr><th>Exception</th></tr><tr><td><div class="stacktrace">java.lang.Throwable: Method Pays.posfinaltesting.OpenOderTest.OpenOrder_Transaction() on instance Pays.posfinaltesting.OpenOderTest@55562aa9 depends on not successfully finished methods 
[Pays.posfinaltesting.OpenOderTest.OpenOrder_AddCustomer() on instance Pays.posfinaltesting.OpenOderTest@55562aa9]
	at java.base/java.util.ArrayList.forEach(ArrayList.java:1596)
... Removed 18 stack frames</div></td></tr></table><p class="totop"><a href="#summary">back to summary</a></p>
<h3 id="m163">Pays.posfinaltesting.OpenOderTest#OpenOrder_UpdateItem</h3><table class="result"><tr><th>Exception</th></tr><tr><td><div class="stacktrace">java.lang.Throwable: Method Pays.posfinaltesting.OpenOderTest.OpenOrder_UpdateItem() on instance Pays.posfinaltesting.OpenOderTest@55562aa9 depends on not successfully finished methods 
[Pays.posfinaltesting.OpenOderTest.OpenOrder_AddManualItems() on instance Pays.posfinaltesting.OpenOderTest@55562aa9]
	at java.base/java.util.ArrayList.forEach(ArrayList.java:1596)
... Removed 18 stack frames</div></td></tr></table><p class="totop"><a href="#summary">back to summary</a></p>
<h3 id="m164">Pays.posfinaltesting.OpenOderTest#OpenOrder_UpdateOrder</h3><table class="result"><tr><th>Exception</th></tr><tr><td><div class="stacktrace">java.lang.Throwable: Method Pays.posfinaltesting.OpenOderTest.OpenOrder_UpdateOrder() on instance Pays.posfinaltesting.OpenOderTest@55562aa9 depends on not successfully finished methods 
[Pays.posfinaltesting.OpenOderTest.OpenOrder_CheckOrderType() on instance Pays.posfinaltesting.OpenOderTest@55562aa9]
	at java.base/java.util.ArrayList.forEach(ArrayList.java:1596)
... Removed 18 stack frames</div></td></tr></table><p class="totop"><a href="#summary">back to summary</a></p>
</body>
</html>
