<?xml version="1.0" encoding="UTF-8"?>
<!-- Generated by org.testng.reporters.JUnitReportReporter -->
<testsuite hostname="Pratik" failures="1" tests="14" name="Pays.posfinaltesting.CategoriesandItemsTest" time="35.021" errors="0" timestamp="2025-03-16T12:54:10 IST" skipped="9">
  <testcase classname="Pays.posfinaltesting.CategoriesandItemsTest" name="Modifiers_SetModifiersInfo" time="0.568">
    <skipped/>
  </testcase> <!-- Modifiers_SetModifiersInfo -->
  <testcase classname="Pays.posfinaltesting.CategoriesandItemsTest" name="Modifiers_ClickCreate" time="0.834">
    <skipped/>
  </testcase> <!-- Modifiers_ClickCreate -->
  <testcase classname="Pays.posfinaltesting.CategoriesandItemsTest" name="Login" time="16.656"/>
  <testcase classname="Pays.posfinaltesting.CategoriesandItemsTest" name="Categories_SaveCategory" time="4.254">
    <failure message="Category not Created. expected [true] but found [false]" type="java.lang.AssertionError">
      <![CDATA[java.lang.AssertionError: Category not Created. expected [true] but found [false]
at org.testng.Assert.fail(Assert.java:111)
at org.testng.Assert.failNotEquals(Assert.java:1578)
at org.testng.Assert.assertTrue(Assert.java:57)
at Pays.posfinaltesting.actions.Categories_ItemsClass.SaveCategory(Categories_ItemsClass.java:139)
at Pays.posfinaltesting.CategoriesandItemsTest.Categories_SaveCategory(CategoriesandItemsTest.java:90)
at java.base/jdk.internal.reflect.DirectMethodHandleAccessor.invoke(DirectMethodHandleAccessor.java:103)
at java.base/java.lang.reflect.Method.invoke(Method.java:580)
at org.testng.internal.invokers.MethodInvocationHelper.invokeMethod(MethodInvocationHelper.java:141)
at org.testng.internal.invokers.TestInvoker.invokeMethod(TestInvoker.java:686)
at org.testng.internal.invokers.TestInvoker.invokeTestMethod(TestInvoker.java:230)
at org.testng.internal.invokers.MethodRunner.runInSequence(MethodRunner.java:63)
at org.testng.internal.invokers.TestInvoker$MethodInvocationAgent.invoke(TestInvoker.java:992)
at org.testng.internal.invokers.TestInvoker.invokeTestMethods(TestInvoker.java:203)
at org.testng.internal.invokers.TestMethodWorker.invokeTestMethods(TestMethodWorker.java:154)
at org.testng.internal.invokers.TestMethodWorker.run(TestMethodWorker.java:134)
at java.base/java.util.ArrayList.forEach(ArrayList.java:1596)
at org.testng.TestRunner.privateRun(TestRunner.java:739)
at org.testng.TestRunner.run(TestRunner.java:614)
at org.testng.SuiteRunner.runTest(SuiteRunner.java:421)
at org.testng.SuiteRunner.runSequentially(SuiteRunner.java:413)
at org.testng.SuiteRunner.privateRun(SuiteRunner.java:373)
at org.testng.SuiteRunner.run(SuiteRunner.java:312)
at org.testng.SuiteRunnerWorker.runSuite(SuiteRunnerWorker.java:52)
at org.testng.SuiteRunnerWorker.run(SuiteRunnerWorker.java:95)
at org.testng.TestNG.runSuitesSequentially(TestNG.java:1274)
at org.testng.TestNG.runSuitesLocally(TestNG.java:1208)
at org.testng.TestNG.runSuites(TestNG.java:1112)
at org.testng.TestNG.run(TestNG.java:1079)
at org.testng.remote.AbstractRemoteTestNG.run(AbstractRemoteTestNG.java:115)
at org.testng.remote.RemoteTestNG.initAndRun(RemoteTestNG.java:293)
at org.testng.remote.RemoteTestNG.main(RemoteTestNG.java:91)
]]>
    </failure>
  </testcase> <!-- Categories_SaveCategory -->
  <testcase classname="Pays.posfinaltesting.CategoriesandItemsTest" name="Categories_CheckIfCategoryIsAdded" time="0.690">
    <skipped/>
  </testcase> <!-- Categories_CheckIfCategoryIsAdded -->
  <testcase classname="Pays.posfinaltesting.CategoriesandItemsTest" name="Items_AddItems" time="0.000">
    <skipped/>
  </testcase> <!-- Items_AddItems -->
  <testcase classname="Pays.posfinaltesting.CategoriesandItemsTest" name="Items_Transaction" time="0.000">
    <skipped/>
  </testcase> <!-- Items_Transaction -->
  <testcase classname="Pays.posfinaltesting.CategoriesandItemsTest" name="Modifiers_ClickModifiers" time="0.000">
    <skipped/>
  </testcase> <!-- Modifiers_ClickModifiers -->
  <testcase classname="Pays.posfinaltesting.CategoriesandItemsTest" name="Items_SetItem" time="0.000">
    <skipped/>
  </testcase> <!-- Items_SetItem -->
  <testcase classname="Pays.posfinaltesting.CategoriesandItemsTest" name="Items_Home" time="0.000">
    <skipped/>
  </testcase> <!-- Items_Home -->
  <testcase classname="Pays.posfinaltesting.CategoriesandItemsTest" name="Categories_SetCategoryname" time="0.733"/>
  <testcase classname="Pays.posfinaltesting.CategoriesandItemsTest" name="Items_SelectPay" time="0.000">
    <skipped/>
  </testcase> <!-- Items_SelectPay -->
  <testcase classname="Pays.posfinaltesting.CategoriesandItemsTest" name="Categories_Select_Categories" time="11.042"/>
  <testcase classname="Pays.posfinaltesting.CategoriesandItemsTest" name="Categories_CreateCategoriesClick" time="0.244"/>
</testsuite> <!-- Pays.posfinaltesting.CategoriesandItemsTest -->
