<?xml version="1.0" encoding="UTF-8"?>
<!-- Generated by org.testng.reporters.JUnitReportReporter -->
<testsuite hostname="Pratik" failures="0" tests="19" name="Pays.posfinaltesting.OpenOderTest" time="160.197" errors="1" timestamp="2025-03-21T11:10:26 IST" skipped="8">
  <testcase classname="Pays.posfinaltesting.OpenOderTest" name="OpenOrder_SaveOrder" time="1.462"/>
  <testcase classname="Pays.posfinaltesting.OpenOderTest" name="OpenOrder_AddManualItems" time="18.448"/>
  <testcase classname="Pays.posfinaltesting.OpenOderTest" name="OpenOrder_AddOrderNote" time="4.882"/>
  <testcase classname="Pays.posfinaltesting.OpenOderTest" name="OpenOrder_Card_FinalWayPayment" time="0.001">
    <skipped/>
  </testcase> <!-- OpenOrder_Card_FinalWayPayment -->
  <testcase classname="Pays.posfinaltesting.OpenOderTest" name="OpenOrder_Transaction" time="0.004">
    <skipped/>
  </testcase> <!-- OpenOrder_Transaction -->
  <testcase classname="Pays.posfinaltesting.OpenOderTest" name="OpenOrder_Card_Refund_SelectRefund" time="0.006">
    <skipped/>
  </testcase> <!-- OpenOrder_Card_Refund_SelectRefund -->
  <testcase classname="Pays.posfinaltesting.OpenOderTest" name="OpenOrder_Setup" time="4.520"/>
  <testcase classname="Pays.posfinaltesting.OpenOderTest" name="OpenOrder_UpdateOrder" time="3.377"/>
  <testcase classname="Pays.posfinaltesting.OpenOderTest" name="OpenOrder_ItemSelection" time="71.616"/>
  <testcase classname="Pays.posfinaltesting.OpenOderTest" name="OpenOrder_Loyalty_AppliedLoyaltyPoint" time="0.001">
    <skipped/>
  </testcase> <!-- OpenOrder_Loyalty_AppliedLoyaltyPoint -->
  <testcase classname="Pays.posfinaltesting.OpenOderTest" name="OpenOrder_RemoveItem" time="28.394"/>
  <testcase classname="Pays.posfinaltesting.OpenOderTest" name="OpenOrder_UpdateItem" time="9.019"/>
  <testcase classname="Pays.posfinaltesting.OpenOderTest" name="OpenOrder_AddDiscount" time="0.128">
    <error message="An unknown server-side error occurred while processing the command. Original error: &#039;POST /element&#039; cannot be proxied to UiAutomator2 server because the instrumentation process is not running (probably crashed). Check the server log and/or the logcat output for more details
Build info: version: &#039;4.29.0&#039;, revision: &#039;5fc1ec94cb&#039;
System info: os.name: &#039;Windows 11&#039;, os.arch: &#039;amd64&#039;, os.version: &#039;10.0&#039;, java.version: &#039;21.0.6&#039;
Driver info: io.appium.java_client.android.AndroidDriver
Command: [91603bf0-d6ee-46b4-97df-8f3987b9be90, findElement {using=id, value=com.pays.pos:id/txtSubTotal}]
Capabilities {appium:app: E:\EclipseWorkspace\posfina..., appium:appActivity: com.pays.pos.ui.activities...., appium:appPackage: com.pays.pos, appium:autoGrantPermissions: true, appium:automationName: UIAutomator2, appium:databaseEnabled: false, appium:desired: {app: E:\EclipseWorkspace\posfina..., appActivity: com.pays.pos.ui.activities...., appPackage: com.pays.pos, autoGrantPermissions: true, automationName: UIAutomator2, deviceName: LANDI C20pro, newCommandTimeout: 10000, platformName: ANDROID}, appium:deviceApiLevel: 28, appium:deviceManufacturer: SUNMI, appium:deviceModel: T2s, appium:deviceName: TS43223941452, appium:deviceScreenDensity: 230, appium:deviceScreenSize: 1920x1080, appium:deviceUDID: TS43223941452, appium:javascriptEnabled: true, appium:locationContextEnabled: false, appium:networkConnectionEnabled: true, appium:newCommandTimeout: 10000, appium:pixelRatio: 1.4375, appium:platformVersion: 9, appium:statBarHeight: 0, appium:takesScreenshot: true, appium:viewportRect: {height: 1080, left: 0, top: 0, width: 1920}, appium:warnings: {}, appium:webStorageEnabled: false, platformName: ANDROID}
Session ID: 91603bf0-d6ee-46b4-97df-8f3987b9be90" type="org.openqa.selenium.WebDriverException">
      <![CDATA[org.openqa.selenium.WebDriverException: An unknown server-side error occurred while processing the command. Original error: 'POST /element' cannot be proxied to UiAutomator2 server because the instrumentation process is not running (probably crashed). Check the server log and/or the logcat output for more details
Build info: version: '4.29.0', revision: '5fc1ec94cb'
System info: os.name: 'Windows 11', os.arch: 'amd64', os.version: '10.0', java.version: '21.0.6'
Driver info: io.appium.java_client.android.AndroidDriver
Command: [91603bf0-d6ee-46b4-97df-8f3987b9be90, findElement {using=id, value=com.pays.pos:id/txtSubTotal}]
Capabilities {appium:app: E:\EclipseWorkspace\posfina..., appium:appActivity: com.pays.pos.ui.activities...., appium:appPackage: com.pays.pos, appium:autoGrantPermissions: true, appium:automationName: UIAutomator2, appium:databaseEnabled: false, appium:desired: {app: E:\EclipseWorkspace\posfina..., appActivity: com.pays.pos.ui.activities...., appPackage: com.pays.pos, autoGrantPermissions: true, automationName: UIAutomator2, deviceName: LANDI C20pro, newCommandTimeout: 10000, platformName: ANDROID}, appium:deviceApiLevel: 28, appium:deviceManufacturer: SUNMI, appium:deviceModel: T2s, appium:deviceName: TS43223941452, appium:deviceScreenDensity: 230, appium:deviceScreenSize: 1920x1080, appium:deviceUDID: TS43223941452, appium:javascriptEnabled: true, appium:locationContextEnabled: false, appium:networkConnectionEnabled: true, appium:newCommandTimeout: 10000, appium:pixelRatio: 1.4375, appium:platformVersion: 9, appium:statBarHeight: 0, appium:takesScreenshot: true, appium:viewportRect: {height: 1080, left: 0, top: 0, width: 1920}, appium:warnings: {}, appium:webStorageEnabled: false, platformName: ANDROID}
Session ID: 91603bf0-d6ee-46b4-97df-8f3987b9be90
at java.base/jdk.internal.reflect.DirectConstructorHandleAccessor.newInstance(DirectConstructorHandleAccessor.java:62)
at java.base/java.lang.reflect.Constructor.newInstanceWithCaller(Constructor.java:502)
at java.base/java.lang.reflect.Constructor.newInstance(Constructor.java:486)
at org.openqa.selenium.remote.ErrorCodec.decode(ErrorCodec.java:167)
at org.openqa.selenium.remote.codec.w3c.W3CHttpResponseCodec.decode(W3CHttpResponseCodec.java:138)
at org.openqa.selenium.remote.codec.w3c.W3CHttpResponseCodec.decode(W3CHttpResponseCodec.java:50)
at org.openqa.selenium.remote.HttpCommandExecutor.execute(HttpCommandExecutor.java:215)
at io.appium.java_client.remote.AppiumCommandExecutor.execute(AppiumCommandExecutor.java:243)
at org.openqa.selenium.remote.RemoteWebDriver.execute(RemoteWebDriver.java:545)
at org.openqa.selenium.remote.ElementLocation$ElementFinder$2.findElement(ElementLocation.java:165)
at org.openqa.selenium.remote.ElementLocation.findElement(ElementLocation.java:59)
at org.openqa.selenium.remote.RemoteWebDriver.findElement(RemoteWebDriver.java:368)
at org.openqa.selenium.remote.RemoteWebDriver.findElement(RemoteWebDriver.java:362)
at io.appium.java_client.pagefactory.bys.builder.ByChained.lambda$getSearchingFunction$0(ByChained.java:41)
at org.openqa.selenium.support.ui.FluentWait.until(FluentWait.java:203)
at io.appium.java_client.pagefactory.bys.builder.ByChained.findElement(ByChained.java:72)
at org.openqa.selenium.remote.ElementLocation$ElementFinder$1.findElement(ElementLocation.java:139)
at org.openqa.selenium.remote.ElementLocation.findElement(ElementLocation.java:59)
at org.openqa.selenium.remote.RemoteWebDriver.findElement(RemoteWebDriver.java:368)
at org.openqa.selenium.remote.RemoteWebDriver.findElement(RemoteWebDriver.java:362)
at io.appium.java_client.pagefactory.bys.ContentMappedBy.findElement(ContentMappedBy.java:54)
at org.openqa.selenium.remote.ElementLocation$ElementFinder$1.findElement(ElementLocation.java:139)
at org.openqa.selenium.remote.ElementLocation.findElement(ElementLocation.java:59)
at org.openqa.selenium.remote.RemoteWebDriver.findElement(RemoteWebDriver.java:368)
at org.openqa.selenium.remote.RemoteWebDriver.findElement(RemoteWebDriver.java:362)
at io.appium.java_client.pagefactory.AppiumElementLocator.lambda$findElement$1(AppiumElementLocator.java:160)
at io.appium.java_client.pagefactory.AppiumElementLocator$WaitingFunction.apply(AppiumElementLocator.java:217)
at io.appium.java_client.pagefactory.AppiumElementLocator$WaitingFunction.apply(AppiumElementLocator.java:210)
at org.openqa.selenium.support.ui.FluentWait.until(FluentWait.java:203)
at io.appium.java_client.pagefactory.AppiumElementLocator.waitFor(AppiumElementLocator.java:135)
at io.appium.java_client.pagefactory.AppiumElementLocator.findElement(AppiumElementLocator.java:160)
at io.appium.java_client.pagefactory.interceptors.InterceptorOfASingleElement.call(InterceptorOfASingleElement.java:75)
at io.appium.java_client.proxy.Interceptor.intercept(Interceptor.java:78)
at org.openqa.selenium.remote.RemoteWebElement$ByteBuddy$HqtrNaFF.isDisplayed(Unknown Source)
at org.openqa.selenium.support.ui.ExpectedConditions.elementIfVisible(ExpectedConditions.java:304)
at org.openqa.selenium.support.ui.ExpectedConditions$10.apply(ExpectedConditions.java:290)
at org.openqa.selenium.support.ui.ExpectedConditions$10.apply(ExpectedConditions.java:287)
at org.openqa.selenium.support.ui.FluentWait.until(FluentWait.java:203)
at Pays.posfinaltesting.actions.TransactionClass.getFormattedValue(TransactionClass.java:202)
at Pays.posfinaltesting.actions.SetupClass.getSubtotal(SetupClass.java:426)
at Pays.posfinaltesting.OpenOderTest.OpenOrder_AddDiscount(OpenOderTest.java:176)
at java.base/jdk.internal.reflect.DirectMethodHandleAccessor.invoke(DirectMethodHandleAccessor.java:103)
at java.base/java.lang.reflect.Method.invoke(Method.java:580)
at org.testng.internal.invokers.MethodInvocationHelper.invokeMethod(MethodInvocationHelper.java:141)
at org.testng.internal.invokers.TestInvoker.invokeMethod(TestInvoker.java:686)
at org.testng.internal.invokers.TestInvoker.invokeTestMethod(TestInvoker.java:230)
at org.testng.internal.invokers.MethodRunner.runInSequence(MethodRunner.java:63)
at org.testng.internal.invokers.TestInvoker$MethodInvocationAgent.invoke(TestInvoker.java:992)
at org.testng.internal.invokers.TestInvoker.invokeTestMethods(TestInvoker.java:203)
at org.testng.internal.invokers.TestMethodWorker.invokeTestMethods(TestMethodWorker.java:154)
at org.testng.internal.invokers.TestMethodWorker.run(TestMethodWorker.java:134)
at java.base/java.util.ArrayList.forEach(ArrayList.java:1596)
at org.testng.TestRunner.privateRun(TestRunner.java:739)
at org.testng.TestRunner.run(TestRunner.java:614)
at org.testng.SuiteRunner.runTest(SuiteRunner.java:421)
at org.testng.SuiteRunner.runSequentially(SuiteRunner.java:413)
at org.testng.SuiteRunner.privateRun(SuiteRunner.java:373)
at org.testng.SuiteRunner.run(SuiteRunner.java:312)
at org.testng.SuiteRunnerWorker.runSuite(SuiteRunnerWorker.java:52)
at org.testng.SuiteRunnerWorker.run(SuiteRunnerWorker.java:95)
at org.testng.TestNG.runSuitesSequentially(TestNG.java:1274)
at org.testng.TestNG.runSuitesLocally(TestNG.java:1208)
at org.testng.TestNG.runSuites(TestNG.java:1112)
at org.testng.TestNG.run(TestNG.java:1079)
at org.testng.remote.AbstractRemoteTestNG.run(AbstractRemoteTestNG.java:115)
at org.testng.remote.RemoteTestNG.initAndRun(RemoteTestNG.java:293)
at org.testng.remote.RemoteTestNG.main(RemoteTestNG.java:91)
]]>
    </error>
  </testcase> <!-- OpenOrder_AddDiscount -->
  <testcase classname="Pays.posfinaltesting.OpenOderTest" name="OpenOrder_ChangeOrderType" time="0.000">
    <skipped/>
  </testcase> <!-- OpenOrder_ChangeOrderType -->
  <testcase classname="Pays.posfinaltesting.OpenOderTest" name="OpenOrder_SelectOpenOrder" time="10.155"/>
  <testcase classname="Pays.posfinaltesting.OpenOderTest" name="OpenOrder_CheckOrderType" time="8.182"/>
  <testcase classname="Pays.posfinaltesting.OpenOderTest" name="OpenOrder_AddCustomer" time="0.000">
    <skipped/>
  </testcase> <!-- OpenOrder_AddCustomer -->
  <testcase classname="Pays.posfinaltesting.OpenOderTest" name="OpenOrder_Tip_AddTip" time="0.000">
    <skipped/>
  </testcase> <!-- OpenOrder_Tip_AddTip -->
  <testcase classname="Pays.posfinaltesting.OpenOderTest" name="OpenOrder_Card_Refund_PrintReceipt" time="0.002">
    <skipped/>
  </testcase> <!-- OpenOrder_Card_Refund_PrintReceipt -->
</testsuite> <!-- Pays.posfinaltesting.OpenOderTest -->
