<?xml version="1.0" encoding="UTF-8"?>
<!-- Generated by org.testng.reporters.JUnitReportReporter -->
<testsuite hostname="Pratik" failures="0" tests="59" name="Pays.posfinaltesting.TakeOutTest" time="513.008" errors="3" timestamp="2025-04-03T21:08:45 IST" skipped="26">
  <testcase classname="Pays.posfinaltesting.TakeOutTest" name="TakeOut_AppliedLoyaltyPoint" time="25.418">
    <skipped/>
  </testcase> <!-- TakeOut_AppliedLoyaltyPoint -->
  <testcase classname="Pays.posfinaltesting.TakeOutTest" name="TakeOut_UpdateItem" time="19.449"/>
  <testcase classname="Pays.posfinaltesting.TakeOutTest" name="TakeOut_SelectTakeout" time="35.159"/>
  <testcase classname="Pays.posfinaltesting.TakeOutTest" name="TakeOut_AddCustomer" time="0.001">
    <skipped/>
  </testcase> <!-- TakeOut_AddCustomer -->
  <testcase classname="Pays.posfinaltesting.TakeOutTest" name="TakeOut_AddCustomer" time="95.336">
    <error message="Expected condition failed: waiting for presence of element located by: AppiumBy.androidUIAutomator: new UiScrollable(new UiSelector().scrollable(true)).scrollIntoView(new UiSelector().resourceId(&quot;com.pays.pos:id/txtPhone&quot;).text(&quot;(292) 119-7050&quot;)) (tried for 10 second(s) with 500 milliseconds interval)" type="org.openqa.selenium.TimeoutException">
      <![CDATA[org.openqa.selenium.TimeoutException: Expected condition failed: waiting for presence of element located by: AppiumBy.androidUIAutomator: new UiScrollable(new UiSelector().scrollable(true)).scrollIntoView(new UiSelector().resourceId("com.pays.pos:id/txtPhone").text("(292) 119-7050")) (tried for 10 second(s) with 500 milliseconds interval)
at org.openqa.selenium.support.ui.WebDriverWait.timeoutException(WebDriverWait.java:84)
at org.openqa.selenium.support.ui.FluentWait.until(FluentWait.java:228)
at Pays.posfinaltesting.actions.TakeOutClass.scrollToPhoneNumberAndClick(TakeOutClass.java:42)
at Pays.posfinaltesting.TakeOutTest.TakeOut_AddCustomer(TakeOutTest.java:224)
at java.base/jdk.internal.reflect.DirectMethodHandleAccessor.invoke(DirectMethodHandleAccessor.java:103)
at java.base/java.lang.reflect.Method.invoke(Method.java:580)
at org.testng.internal.invokers.MethodInvocationHelper.invokeMethod(MethodInvocationHelper.java:141)
at org.testng.internal.invokers.TestInvoker.invokeMethod(TestInvoker.java:686)
at org.testng.internal.invokers.TestInvoker.invokeTestMethod(TestInvoker.java:230)
at org.testng.internal.invokers.MethodRunner.runInSequence(MethodRunner.java:63)
at org.testng.internal.invokers.TestInvoker$MethodInvocationAgent.invoke(TestInvoker.java:992)
at org.testng.internal.invokers.TestInvoker.invokeTestMethods(TestInvoker.java:203)
at org.testng.internal.invokers.TestMethodWorker.invokeTestMethods(TestMethodWorker.java:154)
at org.testng.internal.invokers.TestMethodWorker.run(TestMethodWorker.java:134)
at java.base/java.util.ArrayList.forEach(ArrayList.java:1596)
at org.testng.TestRunner.privateRun(TestRunner.java:739)
at org.testng.TestRunner.run(TestRunner.java:614)
at org.testng.SuiteRunner.runTest(SuiteRunner.java:421)
at org.testng.SuiteRunner.runSequentially(SuiteRunner.java:413)
at org.testng.SuiteRunner.privateRun(SuiteRunner.java:373)
at org.testng.SuiteRunner.run(SuiteRunner.java:312)
at org.testng.SuiteRunnerWorker.runSuite(SuiteRunnerWorker.java:52)
at org.testng.SuiteRunnerWorker.run(SuiteRunnerWorker.java:95)
at org.testng.TestNG.runSuitesSequentially(TestNG.java:1274)
at org.testng.TestNG.runSuitesLocally(TestNG.java:1208)
at org.testng.TestNG.runSuites(TestNG.java:1112)
at org.testng.TestNG.run(TestNG.java:1079)
at org.testng.remote.AbstractRemoteTestNG.run(AbstractRemoteTestNG.java:115)
at org.testng.remote.RemoteTestNG.initAndRun(RemoteTestNG.java:293)
at org.testng.remote.RemoteTestNG.main(RemoteTestNG.java:91)
Caused by: org.openqa.selenium.NoSuchElementException: An element could not be located on the page using the given search parameters.
For documentation on this error, please visit: https://www.selenium.dev/documentation/webdriver/troubleshooting/errors#no-such-element-exception
Build info: version: '4.30.0', revision: '509c7f17cc*'
System info: os.name: 'Windows 11', os.arch: 'amd64', os.version: '10.0', java.version: '21.0.6'
Driver info: io.appium.java_client.android.AndroidDriver
Command: [87872b71-e265-4b9b-9b80-d0128dd69790, findElement {using=-android uiautomator, value=new UiScrollable(new UiSelector().scrollable(true)).scrollIntoView(new UiSelector().resourceId("com.pays.pos:id/txtPhone").text("(292) 119-7050"))}]
Capabilities {appium:app: E:\EclipseWorkspace\posfina..., appium:appActivity: com.pays.pos.ui.activities...., appium:appPackage: com.pays.pos, appium:autoGrantPermissions: true, appium:automationName: UIAutomator2, appium:databaseEnabled: false, appium:desired: {app: E:\EclipseWorkspace\posfina..., appActivity: com.pays.pos.ui.activities...., appPackage: com.pays.pos, autoGrantPermissions: true, automationName: UIAutomator2, deviceName: LANDI C20pro, newCommandTimeout: 10000, platformName: ANDROID}, appium:deviceApiLevel: 33, appium:deviceManufacturer: Google, appium:deviceModel: sdk_gphone64_x86_64, appium:deviceName: emulator-5554, appium:deviceScreenDensity: 320, appium:deviceScreenSize: 2560x1600, appium:deviceUDID: emulator-5554, appium:javascriptEnabled: true, appium:locationContextEnabled: false, appium:networkConnectionEnabled: true, appium:newCommandTimeout: 10000, appium:pixelRatio: 2, appium:platformVersion: 13, appium:statBarHeight: 48, appium:takesScreenshot: true, appium:viewportRect: {height: 1552, left: 0, top: 48, width: 2560}, appium:warnings: {}, appium:webStorageEnabled: false, platformName: ANDROID}
Session ID: 87872b71-e265-4b9b-9b80-d0128dd69790
at java.base/jdk.internal.reflect.DirectConstructorHandleAccessor.newInstance(DirectConstructorHandleAccessor.java:62)
at java.base/java.lang.reflect.Constructor.newInstanceWithCaller(Constructor.java:502)
at java.base/java.lang.reflect.Constructor.newInstance(Constructor.java:486)
at org.openqa.selenium.remote.ErrorCodec.decode(ErrorCodec.java:167)
at org.openqa.selenium.remote.codec.w3c.W3CHttpResponseCodec.decode(W3CHttpResponseCodec.java:138)
at org.openqa.selenium.remote.codec.w3c.W3CHttpResponseCodec.decode(W3CHttpResponseCodec.java:50)
at org.openqa.selenium.remote.HttpCommandExecutor.execute(HttpCommandExecutor.java:215)
at io.appium.java_client.remote.AppiumCommandExecutor.execute(AppiumCommandExecutor.java:243)
at org.openqa.selenium.remote.RemoteWebDriver.execute(RemoteWebDriver.java:545)
at org.openqa.selenium.remote.ElementLocation$ElementFinder$2.findElement(ElementLocation.java:165)
at org.openqa.selenium.remote.ElementLocation.findElement(ElementLocation.java:59)
at org.openqa.selenium.remote.RemoteWebDriver.findElement(RemoteWebDriver.java:368)
at org.openqa.selenium.remote.RemoteWebDriver.findElement(RemoteWebDriver.java:362)
at org.openqa.selenium.support.ui.ExpectedConditions$6.apply(ExpectedConditions.java:171)
at org.openqa.selenium.support.ui.ExpectedConditions$6.apply(ExpectedConditions.java:168)
at org.openqa.selenium.support.ui.FluentWait.until(FluentWait.java:203)
... 28 more
]]>
    </error>
  </testcase> <!-- TakeOut_AddCustomer -->
  <testcase classname="Pays.posfinaltesting.TakeOutTest" name="TakeOut_Card_Refund_SelectRefund" time="0.001">
    <skipped/>
  </testcase> <!-- TakeOut_Card_Refund_SelectRefund -->
  <testcase classname="Pays.posfinaltesting.TakeOutTest" name="TakeOut_Card_Refund_PrintReceipt" time="0.001">
    <skipped/>
  </testcase> <!-- TakeOut_Card_Refund_PrintReceipt -->
  <testcase classname="Pays.posfinaltesting.TakeOutTest" name="TakeOut_Cash_RefundItemWise_PrintReceipt" time="0.002">
    <skipped/>
  </testcase> <!-- TakeOut_Cash_RefundItemWise_PrintReceipt -->
  <testcase classname="Pays.posfinaltesting.TakeOutTest" name="TakeOut_CheckOrderType" time="5.341"/>
  <testcase classname="Pays.posfinaltesting.TakeOutTest" name="TakeOut_UpdateItem" time="18.718"/>
  <testcase classname="Pays.posfinaltesting.TakeOutTest" name="TakeOut_AddOrderNote" time="15.867">
    <error message="Expected condition failed: waiting for presence of element located by: By.xpath: //androidx.recyclerview.widget.RecyclerView[@resource-id=&#039;com.pays.pos:id/rvNotes&#039;]/androidx.appcompat.widget.LinearLayoutCompat[4]/androidx.appcompat.widget.LinearLayoutCompat (tried for 10 second(s) with 500 milliseconds interval)" type="org.openqa.selenium.TimeoutException">
      <![CDATA[org.openqa.selenium.TimeoutException: Expected condition failed: waiting for presence of element located by: By.xpath: //androidx.recyclerview.widget.RecyclerView[@resource-id='com.pays.pos:id/rvNotes']/androidx.appcompat.widget.LinearLayoutCompat[4]/androidx.appcompat.widget.LinearLayoutCompat (tried for 10 second(s) with 500 milliseconds interval)
at org.openqa.selenium.support.ui.WebDriverWait.timeoutException(WebDriverWait.java:84)
at org.openqa.selenium.support.ui.FluentWait.until(FluentWait.java:228)
at Pays.posfinaltesting.actions.SetupClass.SelectONote(SetupClass.java:624)
at Pays.posfinaltesting.TakeOutTest.TakeOut_AddOrderNote(TakeOutTest.java:187)
at java.base/jdk.internal.reflect.DirectMethodHandleAccessor.invoke(DirectMethodHandleAccessor.java:103)
at java.base/java.lang.reflect.Method.invoke(Method.java:580)
at org.testng.internal.invokers.MethodInvocationHelper.invokeMethod(MethodInvocationHelper.java:141)
at org.testng.internal.invokers.TestInvoker.invokeMethod(TestInvoker.java:686)
at org.testng.internal.invokers.TestInvoker.invokeTestMethod(TestInvoker.java:230)
at org.testng.internal.invokers.MethodRunner.runInSequence(MethodRunner.java:63)
at org.testng.internal.invokers.TestInvoker$MethodInvocationAgent.invoke(TestInvoker.java:992)
at org.testng.internal.invokers.TestInvoker.invokeTestMethods(TestInvoker.java:203)
at org.testng.internal.invokers.TestMethodWorker.invokeTestMethods(TestMethodWorker.java:154)
at org.testng.internal.invokers.TestMethodWorker.run(TestMethodWorker.java:134)
at java.base/java.util.ArrayList.forEach(ArrayList.java:1596)
at org.testng.TestRunner.privateRun(TestRunner.java:739)
at org.testng.TestRunner.run(TestRunner.java:614)
at org.testng.SuiteRunner.runTest(SuiteRunner.java:421)
at org.testng.SuiteRunner.runSequentially(SuiteRunner.java:413)
at org.testng.SuiteRunner.privateRun(SuiteRunner.java:373)
at org.testng.SuiteRunner.run(SuiteRunner.java:312)
at org.testng.SuiteRunnerWorker.runSuite(SuiteRunnerWorker.java:52)
at org.testng.SuiteRunnerWorker.run(SuiteRunnerWorker.java:95)
at org.testng.TestNG.runSuitesSequentially(TestNG.java:1274)
at org.testng.TestNG.runSuitesLocally(TestNG.java:1208)
at org.testng.TestNG.runSuites(TestNG.java:1112)
at org.testng.TestNG.run(TestNG.java:1079)
at org.testng.remote.AbstractRemoteTestNG.run(AbstractRemoteTestNG.java:115)
at org.testng.remote.RemoteTestNG.initAndRun(RemoteTestNG.java:293)
at org.testng.remote.RemoteTestNG.main(RemoteTestNG.java:91)
Caused by: org.openqa.selenium.NoSuchElementException: An element could not be located on the page using the given search parameters.
For documentation on this error, please visit: https://www.selenium.dev/documentation/webdriver/troubleshooting/errors#no-such-element-exception
Build info: version: '4.30.0', revision: '509c7f17cc*'
System info: os.name: 'Windows 11', os.arch: 'amd64', os.version: '10.0', java.version: '21.0.6'
Driver info: io.appium.java_client.android.AndroidDriver
Command: [a1aed8b6-b698-4b02-8fad-a44db789504a, findElement {using=xpath, value=//androidx.recyclerview.widget.RecyclerView[@resource-id='com.pays.pos:id/rvNotes']/androidx.appcompat.widget.LinearLayoutCompat[4]/androidx.appcompat.widget.LinearLayoutCompat}]
Capabilities {appium:app: E:\EclipseWorkspace\posfina..., appium:appActivity: com.pays.pos.ui.activities...., appium:appPackage: com.pays.pos, appium:autoGrantPermissions: true, appium:automationName: UIAutomator2, appium:databaseEnabled: false, appium:desired: {app: E:\EclipseWorkspace\posfina..., appActivity: com.pays.pos.ui.activities...., appPackage: com.pays.pos, autoGrantPermissions: true, automationName: UIAutomator2, deviceName: LANDI C20pro, newCommandTimeout: 10000, platformName: ANDROID}, appium:deviceApiLevel: 33, appium:deviceManufacturer: Google, appium:deviceModel: sdk_gphone64_x86_64, appium:deviceName: emulator-5554, appium:deviceScreenDensity: 320, appium:deviceScreenSize: 2560x1600, appium:deviceUDID: emulator-5554, appium:javascriptEnabled: true, appium:locationContextEnabled: false, appium:networkConnectionEnabled: true, appium:newCommandTimeout: 10000, appium:pixelRatio: 2, appium:platformVersion: 13, appium:statBarHeight: 48, appium:takesScreenshot: true, appium:viewportRect: {height: 1552, left: 0, top: 48, width: 2560}, appium:warnings: {}, appium:webStorageEnabled: false, platformName: ANDROID}
Session ID: a1aed8b6-b698-4b02-8fad-a44db789504a
at java.base/jdk.internal.reflect.DirectConstructorHandleAccessor.newInstance(DirectConstructorHandleAccessor.java:62)
at java.base/java.lang.reflect.Constructor.newInstanceWithCaller(Constructor.java:502)
at java.base/java.lang.reflect.Constructor.newInstance(Constructor.java:486)
at org.openqa.selenium.remote.ErrorCodec.decode(ErrorCodec.java:167)
at org.openqa.selenium.remote.codec.w3c.W3CHttpResponseCodec.decode(W3CHttpResponseCodec.java:138)
at org.openqa.selenium.remote.codec.w3c.W3CHttpResponseCodec.decode(W3CHttpResponseCodec.java:50)
at org.openqa.selenium.remote.HttpCommandExecutor.execute(HttpCommandExecutor.java:215)
at io.appium.java_client.remote.AppiumCommandExecutor.execute(AppiumCommandExecutor.java:243)
at org.openqa.selenium.remote.RemoteWebDriver.execute(RemoteWebDriver.java:545)
at org.openqa.selenium.remote.ElementLocation$ElementFinder$2.findElement(ElementLocation.java:165)
at org.openqa.selenium.remote.ElementLocation.findElement(ElementLocation.java:59)
at org.openqa.selenium.remote.RemoteWebDriver.findElement(RemoteWebDriver.java:368)
at org.openqa.selenium.remote.RemoteWebDriver.findElement(RemoteWebDriver.java:362)
at org.openqa.selenium.support.ui.ExpectedConditions$6.apply(ExpectedConditions.java:171)
at org.openqa.selenium.support.ui.ExpectedConditions$6.apply(ExpectedConditions.java:168)
at org.openqa.selenium.support.ui.FluentWait.until(FluentWait.java:203)
... 28 more
]]>
    </error>
  </testcase> <!-- TakeOut_AddOrderNote -->
  <testcase classname="Pays.posfinaltesting.TakeOutTest" name="TakeOut_SaveOrder" time="2.298"/>
  <testcase classname="Pays.posfinaltesting.TakeOutTest" name="TakeOut_AddOrderNote" time="8.524"/>
  <testcase classname="Pays.posfinaltesting.TakeOutTest" name="TakeOut_AddManualItems" time="15.478"/>
  <testcase classname="Pays.posfinaltesting.TakeOutTest" name="Takeout_UpdateOrder" time="2.685"/>
  <testcase classname="Pays.posfinaltesting.TakeOutTest" name="TakeOut_Cash_FullRefund_SelectRefund" time="0.000">
    <skipped/>
  </testcase> <!-- TakeOut_Cash_FullRefund_SelectRefund -->
  <testcase classname="Pays.posfinaltesting.TakeOutTest" name="TakeOut_Cash_FullRefund_PrintReceipt" time="0.001">
    <skipped/>
  </testcase> <!-- TakeOut_Cash_FullRefund_PrintReceipt -->
  <testcase classname="Pays.posfinaltesting.TakeOutTest" name="TakeOut_ItemSelection" time="39.308"/>
  <testcase classname="Pays.posfinaltesting.TakeOutTest" name="TakeOut_SaveOrder" time="2.599"/>
  <testcase classname="Pays.posfinaltesting.TakeOutTest" name="TakeOut_SaveOrder" time="1.916"/>
  <testcase classname="Pays.posfinaltesting.TakeOutTest" name="TakeOut_AddManualItems" time="14.811"/>
  <testcase classname="Pays.posfinaltesting.TakeOutTest" name="TakeOut_AddTip" time="0.001">
    <skipped/>
  </testcase> <!-- TakeOut_AddTip -->
  <testcase classname="Pays.posfinaltesting.TakeOutTest" name="TakeOut_RemoveItem" time="5.004"/>
  <testcase classname="Pays.posfinaltesting.TakeOutTest" name="TakeOut_AddDiscount" time="11.386"/>
  <testcase classname="Pays.posfinaltesting.TakeOutTest" name="TakeOut_Cash_RefundItemWise_SelectRefund" time="0.001">
    <skipped/>
  </testcase> <!-- TakeOut_Cash_RefundItemWise_SelectRefund -->
  <testcase classname="Pays.posfinaltesting.TakeOutTest" name="TakeOut_SelectTakeout" time="10.216"/>
  <testcase classname="Pays.posfinaltesting.TakeOutTest" name="TakeOut_Cash_FullRefund_Payment" time="0.000">
    <skipped/>
  </testcase> <!-- TakeOut_Cash_FullRefund_Payment -->
  <testcase classname="Pays.posfinaltesting.TakeOutTest" name="TakeOut_ChangeOrderType" time="8.119"/>
  <testcase classname="Pays.posfinaltesting.TakeOutTest" name="TakeOut_ItemSelection" time="78.315"/>
  <testcase classname="Pays.posfinaltesting.TakeOutTest" name="TakeOut_AddTip" time="0.000">
    <skipped/>
  </testcase> <!-- TakeOut_AddTip -->
  <testcase classname="Pays.posfinaltesting.TakeOutTest" name="TakeOut_ItemSelection" time="14.924"/>
  <testcase classname="Pays.posfinaltesting.TakeOutTest" name="TakeOut_RemoveItem" time="5.302"/>
  <testcase classname="Pays.posfinaltesting.TakeOutTest" name="TakeOut_Cash_RefundItemWise_CheckCashLog" time="0.001">
    <skipped/>
  </testcase> <!-- TakeOut_Cash_RefundItemWise_CheckCashLog -->
  <testcase classname="Pays.posfinaltesting.TakeOutTest" name="TakeOut_AddTip" time="0.001">
    <skipped/>
  </testcase> <!-- TakeOut_AddTip -->
  <testcase classname="Pays.posfinaltesting.TakeOutTest" name="TakeOut_AddManualItems" time="13.990"/>
  <testcase classname="Pays.posfinaltesting.TakeOutTest" name="TakeOut_UpdateItem" time="15.355"/>
  <testcase classname="Pays.posfinaltesting.TakeOutTest" name="TakeOut_ChangeOrderType" time="0.000">
    <skipped/>
  </testcase> <!-- TakeOut_ChangeOrderType -->
  <testcase classname="Pays.posfinaltesting.TakeOutTest" name="TakeOut_SelectTakeout" time="9.913"/>
  <testcase classname="Pays.posfinaltesting.TakeOutTest" name="TakeOut_Cash_FullRefund_CheckCashLog" time="0.000">
    <skipped/>
  </testcase> <!-- TakeOut_Cash_FullRefund_CheckCashLog -->
  <testcase classname="Pays.posfinaltesting.TakeOutTest" name="TakeOut_AppliedLoyaltyPoint" time="0.000">
    <skipped/>
  </testcase> <!-- TakeOut_AppliedLoyaltyPoint -->
  <testcase classname="Pays.posfinaltesting.TakeOutTest" name="TakeOut_Setup" time="0.321"/>
  <testcase classname="Pays.posfinaltesting.TakeOutTest" name="TakeOut_Setup" time="0.230"/>
  <testcase classname="Pays.posfinaltesting.TakeOutTest" name="TakeOut_AddOrderNote" time="16.264">
    <error message="Expected condition failed: waiting for presence of element located by: By.xpath: //androidx.recyclerview.widget.RecyclerView[@resource-id=&#039;com.pays.pos:id/rvNotes&#039;]/androidx.appcompat.widget.LinearLayoutCompat[4]/androidx.appcompat.widget.LinearLayoutCompat (tried for 10 second(s) with 500 milliseconds interval)" type="org.openqa.selenium.TimeoutException">
      <![CDATA[org.openqa.selenium.TimeoutException: Expected condition failed: waiting for presence of element located by: By.xpath: //androidx.recyclerview.widget.RecyclerView[@resource-id='com.pays.pos:id/rvNotes']/androidx.appcompat.widget.LinearLayoutCompat[4]/androidx.appcompat.widget.LinearLayoutCompat (tried for 10 second(s) with 500 milliseconds interval)
at org.openqa.selenium.support.ui.WebDriverWait.timeoutException(WebDriverWait.java:84)
at org.openqa.selenium.support.ui.FluentWait.until(FluentWait.java:228)
at Pays.posfinaltesting.actions.SetupClass.SelectONote(SetupClass.java:624)
at Pays.posfinaltesting.TakeOutTest.TakeOut_AddOrderNote(TakeOutTest.java:187)
at java.base/jdk.internal.reflect.DirectMethodHandleAccessor.invoke(DirectMethodHandleAccessor.java:103)
at java.base/java.lang.reflect.Method.invoke(Method.java:580)
at org.testng.internal.invokers.MethodInvocationHelper.invokeMethod(MethodInvocationHelper.java:141)
at org.testng.internal.invokers.TestInvoker.invokeMethod(TestInvoker.java:686)
at org.testng.internal.invokers.TestInvoker.invokeTestMethod(TestInvoker.java:230)
at org.testng.internal.invokers.MethodRunner.runInSequence(MethodRunner.java:63)
at org.testng.internal.invokers.TestInvoker$MethodInvocationAgent.invoke(TestInvoker.java:992)
at org.testng.internal.invokers.TestInvoker.invokeTestMethods(TestInvoker.java:203)
at org.testng.internal.invokers.TestMethodWorker.invokeTestMethods(TestMethodWorker.java:154)
at org.testng.internal.invokers.TestMethodWorker.run(TestMethodWorker.java:134)
at java.base/java.util.ArrayList.forEach(ArrayList.java:1596)
at org.testng.TestRunner.privateRun(TestRunner.java:739)
at org.testng.TestRunner.run(TestRunner.java:614)
at org.testng.SuiteRunner.runTest(SuiteRunner.java:421)
at org.testng.SuiteRunner.runSequentially(SuiteRunner.java:413)
at org.testng.SuiteRunner.privateRun(SuiteRunner.java:373)
at org.testng.SuiteRunner.run(SuiteRunner.java:312)
at org.testng.SuiteRunnerWorker.runSuite(SuiteRunnerWorker.java:52)
at org.testng.SuiteRunnerWorker.run(SuiteRunnerWorker.java:95)
at org.testng.TestNG.runSuitesSequentially(TestNG.java:1274)
at org.testng.TestNG.runSuitesLocally(TestNG.java:1208)
at org.testng.TestNG.runSuites(TestNG.java:1112)
at org.testng.TestNG.run(TestNG.java:1079)
at org.testng.remote.AbstractRemoteTestNG.run(AbstractRemoteTestNG.java:115)
at org.testng.remote.RemoteTestNG.initAndRun(RemoteTestNG.java:293)
at org.testng.remote.RemoteTestNG.main(RemoteTestNG.java:91)
Caused by: org.openqa.selenium.NoSuchElementException: An element could not be located on the page using the given search parameters.
For documentation on this error, please visit: https://www.selenium.dev/documentation/webdriver/troubleshooting/errors#no-such-element-exception
Build info: version: '4.30.0', revision: '509c7f17cc*'
System info: os.name: 'Windows 11', os.arch: 'amd64', os.version: '10.0', java.version: '21.0.6'
Driver info: io.appium.java_client.android.AndroidDriver
Command: [cf1f5a2f-a70e-45e3-b3d2-c1bb804cd444, findElement {using=xpath, value=//androidx.recyclerview.widget.RecyclerView[@resource-id='com.pays.pos:id/rvNotes']/androidx.appcompat.widget.LinearLayoutCompat[4]/androidx.appcompat.widget.LinearLayoutCompat}]
Capabilities {appium:app: E:\EclipseWorkspace\posfina..., appium:appActivity: com.pays.pos.ui.activities...., appium:appPackage: com.pays.pos, appium:autoGrantPermissions: true, appium:automationName: UIAutomator2, appium:databaseEnabled: false, appium:desired: {app: E:\EclipseWorkspace\posfina..., appActivity: com.pays.pos.ui.activities...., appPackage: com.pays.pos, autoGrantPermissions: true, automationName: UIAutomator2, deviceName: LANDI C20pro, newCommandTimeout: 10000, platformName: ANDROID}, appium:deviceApiLevel: 33, appium:deviceManufacturer: Google, appium:deviceModel: sdk_gphone64_x86_64, appium:deviceName: emulator-5554, appium:deviceScreenDensity: 320, appium:deviceScreenSize: 2560x1600, appium:deviceUDID: emulator-5554, appium:javascriptEnabled: true, appium:locationContextEnabled: false, appium:networkConnectionEnabled: true, appium:newCommandTimeout: 10000, appium:pixelRatio: 2, appium:platformVersion: 13, appium:statBarHeight: 48, appium:takesScreenshot: true, appium:viewportRect: {height: 1552, left: 0, top: 48, width: 2560}, appium:warnings: {}, appium:webStorageEnabled: false, platformName: ANDROID}
Session ID: cf1f5a2f-a70e-45e3-b3d2-c1bb804cd444
at java.base/jdk.internal.reflect.DirectConstructorHandleAccessor.newInstance(DirectConstructorHandleAccessor.java:62)
at java.base/java.lang.reflect.Constructor.newInstanceWithCaller(Constructor.java:502)
at java.base/java.lang.reflect.Constructor.newInstance(Constructor.java:486)
at org.openqa.selenium.remote.ErrorCodec.decode(ErrorCodec.java:167)
at org.openqa.selenium.remote.codec.w3c.W3CHttpResponseCodec.decode(W3CHttpResponseCodec.java:138)
at org.openqa.selenium.remote.codec.w3c.W3CHttpResponseCodec.decode(W3CHttpResponseCodec.java:50)
at org.openqa.selenium.remote.HttpCommandExecutor.execute(HttpCommandExecutor.java:215)
at io.appium.java_client.remote.AppiumCommandExecutor.execute(AppiumCommandExecutor.java:243)
at org.openqa.selenium.remote.RemoteWebDriver.execute(RemoteWebDriver.java:545)
at org.openqa.selenium.remote.ElementLocation$ElementFinder$2.findElement(ElementLocation.java:165)
at org.openqa.selenium.remote.ElementLocation.findElement(ElementLocation.java:59)
at org.openqa.selenium.remote.RemoteWebDriver.findElement(RemoteWebDriver.java:368)
at org.openqa.selenium.remote.RemoteWebDriver.findElement(RemoteWebDriver.java:362)
at org.openqa.selenium.support.ui.ExpectedConditions$6.apply(ExpectedConditions.java:171)
at org.openqa.selenium.support.ui.ExpectedConditions$6.apply(ExpectedConditions.java:168)
at org.openqa.selenium.support.ui.FluentWait.until(FluentWait.java:203)
... 28 more
]]>
    </error>
  </testcase> <!-- TakeOut_AddOrderNote -->
  <testcase classname="Pays.posfinaltesting.TakeOutTest" name="TakeOut_Card_FinalWayPayment" time="0.000">
    <skipped/>
  </testcase> <!-- TakeOut_Card_FinalWayPayment -->
  <testcase classname="Pays.posfinaltesting.TakeOutTest" name="TakeOut_AddDiscount" time="0.001">
    <skipped/>
  </testcase> <!-- TakeOut_AddDiscount -->
  <testcase classname="Pays.posfinaltesting.TakeOutTest" name="TakeOut_RemoveItem" time="4.111"/>
  <testcase classname="Pays.posfinaltesting.TakeOutTest" name="TakeOut_AddDiscount" time="0.000">
    <skipped/>
  </testcase> <!-- TakeOut_AddDiscount -->
  <testcase classname="Pays.posfinaltesting.TakeOutTest" name="TakeOut_Cash_RefundItemWise_Payment" time="0.001">
    <skipped/>
  </testcase> <!-- TakeOut_Cash_RefundItemWise_Payment -->
  <testcase classname="Pays.posfinaltesting.TakeOutTest" name="TakeOut_ChangeOrderType" time="0.000">
    <skipped/>
  </testcase> <!-- TakeOut_ChangeOrderType -->
  <testcase classname="Pays.posfinaltesting.TakeOutTest" name="Takeout_UpdateOrder" time="2.439"/>
  <testcase classname="Pays.posfinaltesting.TakeOutTest" name="Takeout_UpdateOrder" time="2.786"/>
  <testcase classname="Pays.posfinaltesting.TakeOutTest" name="TakeOut_AddCustomer" time="0.000">
    <skipped/>
  </testcase> <!-- TakeOut_AddCustomer -->
  <testcase classname="Pays.posfinaltesting.TakeOutTest" name="TakeOut_Transaction" time="0.000">
    <skipped/>
  </testcase> <!-- TakeOut_Transaction -->
  <testcase classname="Pays.posfinaltesting.TakeOutTest" name="TakeOut_CheckOrderType" time="5.788"/>
  <testcase classname="Pays.posfinaltesting.TakeOutTest" name="TakeOut_CheckOrderType" time="5.446"/>
  <testcase classname="Pays.posfinaltesting.TakeOutTest" name="TakeOut_Setup" time="0.180"/>
  <testcase classname="Pays.posfinaltesting.TakeOutTest" name="TakeOut_AppliedLoyaltyPoint" time="0.000">
    <skipped/>
  </testcase> <!-- TakeOut_AppliedLoyaltyPoint -->
  <testcase classname="Pays.posfinaltesting.TakeOutTest" name="TakeOut_Transaction" time="0.000">
    <skipped/>
  </testcase> <!-- TakeOut_Transaction -->
  <testcase classname="Pays.posfinaltesting.TakeOutTest" name="TakeOut_Transaction" time="0.000">
    <skipped/>
  </testcase> <!-- TakeOut_Transaction -->
</testsuite> <!-- Pays.posfinaltesting.TakeOutTest -->
